39743c52-8e86-43b1-987e-cc5d848ecce7,OpsManager,2023-05-01T10:43:25.016262Z,Microsoft-Windows-Sysmon,Microsoft-Windows-Sysmon/Operational,win10-2,4,Information,"<Param>Attack=T1059,Technique=Visual Basic,Tactic=Execution,DS=Process: Process Creation,UEBA=Suspicious WSCRIPT Command Line,Risk=50</Param><Param>2023-05-01 10:43:25.013</Param><Param>{D5540B43-97CD-644F-B802-000000000700}</Param><Param>976</Param><Param>C:\Windows\System32\cscript.exe</Param><Param>5.812.10240.16384</Param><Param>Microsoft ® Console Based Script Host</Param><Param>Microsoft ® Windows Script Host</Param><Param>Microsoft Corporation</Param><Param>cscript.exe</Param><Param>""C:\Windows\system32\cscript.exe"" /nologo ""MonitorKnowledgeDiscovery.vbs""</Param><Param>C:\Program Files\Microsoft Monitoring Agent\Agent\Health Service State\Monitoring Host Temporary Files 1\32\</Param><Param>NT AUTHORITY\SYSTEM</Param><Param>{D5540B43-8DB6-644F-E703-000000000000}</Param><Param>0x3e7</Param><Param>0</Param><Param>System</Param><Param>SHA1=CDFE517D07F18623778829AA98D6BBADD3F294CD,MD5=24590BF74BBBBFD7D7AC070F4E3C44FD,SHA256=AE37FD1B642E797B36B9FFCEC8A6E986732D011681061800C6B74426C28A9D03,IMPHASH=2B44D2206B9865383429E9C1524F1CAC</Param><Param>{D5540B43-93CA-644F-6B02-000000000700}</Param><Param>5364</Param><Param>C:\Program Files\Microsoft Monitoring Agent\Agent\MonitoringHost.exe</Param><Param>""C:\Program Files\Microsoft Monitoring Agent\Agent\MonitoringHost.exe"" -Embedding</Param><Param>NT AUTHORITY\SYSTEM</Param>","<DataItem type=""System.XmlData"" time=""2023-05-01T10:43:25.0162620+00:00"" sourceHealthServiceId=""CF1209A0-2624-0566-5F2A-730DF513CC05""><EventData xmlns=""http://schemas.microsoft.com/win/2004/08/events/event""><Data Name=""RuleName"">Attack=T1059,Technique=Visual Basic,Tactic=Execution,DS=Process: Process Creation,UEBA=Suspicious WSCRIPT Command Line,Risk=50</Data><Data Name=""UtcTime"">2023-05-01 10:43:25.013</Data><Data Name=""ProcessGuid"">{d5540b43-97cd-644f-b802-000000000700}</Data><Data Name=""ProcessId"">976</Data><Data Name=""Image"">C:\Windows\System32\cscript.exe</Data><Data Name=""FileVersion"">5.812.10240.16384</Data><Data Name=""Description"">Microsoft ® Console Based Script Host</Data><Data Name=""Product"">Microsoft ® Windows Script Host</Data><Data Name=""Company"">Microsoft Corporation</Data><Data Name=""OriginalFileName"">cscript.exe</Data><Data Name=""CommandLine"">""C:\Windows\system32\cscript.exe"" /nologo ""MonitorKnowledgeDiscovery.vbs""</Data><Data Name=""CurrentDirectory"">C:\Program Files\Microsoft Monitoring Agent\Agent\Health Service State\Monitoring Host Temporary Files 1\32\</Data><Data Name=""User"">NT AUTHORITY\SYSTEM</Data><Data Name=""LogonGuid"">{d5540b43-8db6-644f-e703-000000000000}</Data><Data Name=""LogonId"">0x3e7</Data><Data Name=""TerminalSessionId"">0</Data><Data Name=""IntegrityLevel"">System</Data><Data Name=""Hashes"">SHA1=CDFE517D07F18623778829AA98D6BBADD3F294CD,MD5=24590BF74BBBBFD7D7AC070F4E3C44FD,SHA256=AE37FD1B642E797B36B9FFCEC8A6E986732D011681061800C6B74426C28A9D03,IMPHASH=2B44D2206B9865383429E9C1524F1CAC</Data><Data Name=""ParentProcessGuid"">{d5540b43-93ca-644f-6b02-000000000700}</Data><Data Name=""ParentProcessId"">5364</Data><Data Name=""ParentImage"">C:\Program Files\Microsoft Monitoring Agent\Agent\MonitoringHost.exe</Data><Data Name=""ParentCommandLine"">""C:\Program Files\Microsoft Monitoring Agent\Agent\MonitoringHost.exe"" -Embedding</Data><Data Name=""ParentUser"">NT AUTHORITY\SYSTEM</Data></EventData></DataItem>",1,"Process Create: RuleName: Attack=T1059,Technique=Visual Basic,Tactic=Execution,DS=Process: Process Creation,UEBA=Suspicious WSCRIPT Command Line,Risk=50 UtcTime: 2023-05-01 10:43:25.013 ProcessGuid: {D5540B43-97CD-644F-B802-000000000700} ProcessId: 976 Image: C:\Windows\System32\cscript.exe FileVersion: 5.812.10240.16384 Description: Microsoft ® Console Based Script Host Product: Microsoft ® Windows Script Host Company: Microsoft Corporation OriginalFileName: cscript.exe CommandLine: ""C:\Windows\system32\cscript.exe"" /nologo ""MonitorKnowledgeDiscovery.vbs"" CurrentDirectory: C:\Program Files\Microsoft Monitoring Agent\Agent\Health Service State\Monitoring Host Temporary Files 1\32\ User: NT AUTHORITY\SYSTEM LogonGuid: {D5540B43-8DB6-644F-E703-000000000000} LogonId: 0x3e7 TerminalSessionId: 0 IntegrityLevel: System Hashes: SHA1=CDFE517D07F18623778829AA98D6BBADD3F294CD,MD5=24590BF74BBBBFD7D7AC070F4E3C44FD,SHA256=AE37FD1B642E797B36B9FFCEC8A6E986732D011681061800C6B74426C28A9D03,IMPHASH=2B44D2206B9865383429E9C1524F1CAC ParentProcessGuid: {D5540B43-93CA-644F-6B02-000000000700} ParentProcessId: 5364 ParentImage: C:\Program Files\Microsoft Monitoring Agent\Agent\MonitoringHost.exe ParentCommandLine: ""C:\Program Files\Microsoft Monitoring Agent\Agent\MonitoringHost.exe"" -Embedding ParentUser: NT AUTHORITY\SYSTEM ",,,1,NT AUTHORITY\SYSTEM,,00000000-0000-0000-0000-000000000001,AOI-39743c52-8e86-43b1-987e-cc5d848ecce7,Event,/subscriptions/9ecb8278-6c96-45d4-a456-c17f6976425f/resourcegroups/test_1/providers/microsoft.compute/virtualmachines/win10-2
39743c52-8e86-43b1-987e-cc5d848ecce7,OpsManager,2023-05-01T10:43:25.1636985Z,Microsoft-Windows-Sysmon,Microsoft-Windows-Sysmon/Operational,win10-2,4,Information,"<Param>Attack=None,Technique=None,Tactic=None,DS=Module: Module Load,Level=0,Desc=Powershell Not Loading AMSI.dll</Param><Param>2023-05-01 10:43:25.152</Param><Param>{D5540B43-97CD-644F-B802-000000000700}</Param><Param>976</Param><Param>C:\Windows\System32\cscript.exe</Param><Param>C:\Windows\System32\amsi.dll</Param><Param>10.0.19041.2075 (WinBuild.160101.0800)</Param><Param>Anti-Malware Scan Interface</Param><Param>Microsoft® Windows® Operating System</Param><Param>Microsoft Corporation</Param><Param>amsi.dll</Param><Param>SHA1=B6A0B7755F49B1678F16550A14E7D6DB3840097A,MD5=31A4B9E4D7F90542E09F4A6393567CD7,SHA256=F45D7BD641694B1351B1F003B95586F5456F3BCC508CF8AE323DE95115557C07,IMPHASH=C414C6B76EBCEEF67B5B752A7E51D4D2</Param><Param>true</Param><Param>Microsoft Windows</Param><Param>Valid</Param><Param>NT AUTHORITY\SYSTEM</Param>","<DataItem type=""System.XmlData"" time=""2023-05-01T10:43:25.1636985+00:00"" sourceHealthServiceId=""CF1209A0-2624-0566-5F2A-730DF513CC05""><EventData xmlns=""http://schemas.microsoft.com/win/2004/08/events/event""><Data Name=""RuleName"">Attack=None,Technique=None,Tactic=None,DS=Module: Module Load,Level=0,Desc=Powershell Not Loading AMSI.dll</Data><Data Name=""UtcTime"">2023-05-01 10:43:25.152</Data><Data Name=""ProcessGuid"">{d5540b43-97cd-644f-b802-000000000700}</Data><Data Name=""ProcessId"">976</Data><Data Name=""Image"">C:\Windows\System32\cscript.exe</Data><Data Name=""ImageLoaded"">C:\Windows\System32\amsi.dll</Data><Data Name=""FileVersion"">10.0.19041.2075 (WinBuild.160101.0800)</Data><Data Name=""Description"">Anti-Malware Scan Interface</Data><Data Name=""Product"">Microsoft® Windows® Operating System</Data><Data Name=""Company"">Microsoft Corporation</Data><Data Name=""OriginalFileName"">amsi.dll</Data><Data Name=""Hashes"">SHA1=B6A0B7755F49B1678F16550A14E7D6DB3840097A,MD5=31A4B9E4D7F90542E09F4A6393567CD7,SHA256=F45D7BD641694B1351B1F003B95586F5456F3BCC508CF8AE323DE95115557C07,IMPHASH=C414C6B76EBCEEF67B5B752A7E51D4D2</Data><Data Name=""Signed"">true</Data><Data Name=""Signature"">Microsoft Windows</Data><Data Name=""SignatureStatus"">Valid</Data><Data Name=""User"">NT AUTHORITY\SYSTEM</Data></EventData></DataItem>",7,"Image loaded: RuleName: Attack=None,Technique=None,Tactic=None,DS=Module: Module Load,Level=0,Desc=Powershell Not Loading AMSI.dll UtcTime: 2023-05-01 10:43:25.152 ProcessGuid: {D5540B43-97CD-644F-B802-000000000700} ProcessId: 976 Image: C:\Windows\System32\cscript.exe ImageLoaded: C:\Windows\System32\amsi.dll FileVersion: 10.0.19041.2075 (WinBuild.160101.0800) Description: Anti-Malware Scan Interface Product: Microsoft® Windows® Operating System Company: Microsoft Corporation OriginalFileName: amsi.dll Hashes: SHA1=B6A0B7755F49B1678F16550A14E7D6DB3840097A,MD5=31A4B9E4D7F90542E09F4A6393567CD7,SHA256=F45D7BD641694B1351B1F003B95586F5456F3BCC508CF8AE323DE95115557C07,IMPHASH=C414C6B76EBCEEF67B5B752A7E51D4D2 Signed: true Signature: Microsoft Windows SignatureStatus: Valid User: NT AUTHORITY\SYSTEM ",,,7,NT AUTHORITY\SYSTEM,,00000000-0000-0000-0000-000000000001,AOI-39743c52-8e86-43b1-987e-cc5d848ecce7,Event,/subscriptions/9ecb8278-6c96-45d4-a456-c17f6976425f/resourcegroups/test_1/providers/microsoft.compute/virtualmachines/win10-2
39743c52-8e86-43b1-987e-cc5d848ecce7,OpsManager,2023-05-01T10:43:25.2127149Z,Microsoft-Windows-Sysmon,Microsoft-Windows-Sysmon/Operational,win10-2,4,Information,"<Param>RG=Image Load Includes</Param><Param>2023-05-01 10:43:25.199</Param><Param>{D5540B43-97CD-644F-B802-000000000700}</Param><Param>976</Param><Param>C:\Windows\System32\cscript.exe</Param><Param>C:\Windows\System32\scrobj.dll</Param><Param>5.812.10240.16384</Param><Param>Windows ® Script Component Runtime</Param><Param>Microsoft ® Windows ® Script Component Runtime</Param><Param>Microsoft Corporation</Param><Param>scrobj.dll</Param><Param>SHA1=35CACF1ADA899882019C97BBF044E3B011EBA987,MD5=3BAC5E5C39B9787E3672ACBFABE438D1,SHA256=164EA0913EF910084147CAB550C12B8F12C710A3F1BADF4A26C6691517A031C4,IMPHASH=C928D4D30D6B6FC0A3B011AA381044CA</Param><Param>true</Param><Param>Microsoft Windows</Param><Param>Valid</Param><Param>NT AUTHORITY\SYSTEM</Param>","<DataItem type=""System.XmlData"" time=""2023-05-01T10:43:25.2127149+00:00"" sourceHealthServiceId=""CF1209A0-2624-0566-5F2A-730DF513CC05""><EventData xmlns=""http://schemas.microsoft.com/win/2004/08/events/event""><Data Name=""RuleName"">RG=Image Load Includes</Data><Data Name=""UtcTime"">2023-05-01 10:43:25.199</Data><Data Name=""ProcessGuid"">{d5540b43-97cd-644f-b802-000000000700}</Data><Data Name=""ProcessId"">976</Data><Data Name=""Image"">C:\Windows\System32\cscript.exe</Data><Data Name=""ImageLoaded"">C:\Windows\System32\scrobj.dll</Data><Data Name=""FileVersion"">5.812.10240.16384</Data><Data Name=""Description"">Windows ® Script Component Runtime</Data><Data Name=""Product"">Microsoft ® Windows ® Script Component Runtime</Data><Data Name=""Company"">Microsoft Corporation</Data><Data Name=""OriginalFileName"">scrobj.dll</Data><Data Name=""Hashes"">SHA1=35CACF1ADA899882019C97BBF044E3B011EBA987,MD5=3BAC5E5C39B9787E3672ACBFABE438D1,SHA256=164EA0913EF910084147CAB550C12B8F12C710A3F1BADF4A26C6691517A031C4,IMPHASH=C928D4D30D6B6FC0A3B011AA381044CA</Data><Data Name=""Signed"">true</Data><Data Name=""Signature"">Microsoft Windows</Data><Data Name=""SignatureStatus"">Valid</Data><Data Name=""User"">NT AUTHORITY\SYSTEM</Data></EventData></DataItem>",7,"Image loaded: RuleName: RG=Image Load Includes UtcTime: 2023-05-01 10:43:25.199 ProcessGuid: {D5540B43-97CD-644F-B802-000000000700} ProcessId: 976 Image: C:\Windows\System32\cscript.exe ImageLoaded: C:\Windows\System32\scrobj.dll FileVersion: 5.812.10240.16384 Description: Windows ® Script Component Runtime Product: Microsoft ® Windows ® Script Component Runtime Company: Microsoft Corporation OriginalFileName: scrobj.dll Hashes: SHA1=35CACF1ADA899882019C97BBF044E3B011EBA987,MD5=3BAC5E5C39B9787E3672ACBFABE438D1,SHA256=164EA0913EF910084147CAB550C12B8F12C710A3F1BADF4A26C6691517A031C4,IMPHASH=C928D4D30D6B6FC0A3B011AA381044CA Signed: true Signature: Microsoft Windows SignatureStatus: Valid User: NT AUTHORITY\SYSTEM ",,,7,NT AUTHORITY\SYSTEM,,00000000-0000-0000-0000-000000000001,AOI-39743c52-8e86-43b1-987e-cc5d848ecce7,Event,/subscriptions/9ecb8278-6c96-45d4-a456-c17f6976425f/resourcegroups/test_1/providers/microsoft.compute/virtualmachines/win10-2
39743c52-8e86-43b1-987e-cc5d848ecce7,OpsManager,2023-05-01T10:43:25.2743628Z,Microsoft-Windows-Sysmon,Microsoft-Windows-Sysmon/Operational,win10-2,4,Information,"<Param>Attack=None,Technique=None,Tactic=None,DS=Process: Process Termination,Level=0,Desc=Process Termination Events in Windows Directory</Param><Param>2023-05-01 10:43:25.261</Param><Param>{D5540B43-97CD-644F-B802-000000000700}</Param><Param>976</Param><Param>C:\Windows\System32\cscript.exe</Param><Param>NT AUTHORITY\SYSTEM</Param>","<DataItem type=""System.XmlData"" time=""2023-05-01T10:43:25.2743628+00:00"" sourceHealthServiceId=""CF1209A0-2624-0566-5F2A-730DF513CC05""><EventData xmlns=""http://schemas.microsoft.com/win/2004/08/events/event""><Data Name=""RuleName"">Attack=None,Technique=None,Tactic=None,DS=Process: Process Termination,Level=0,Desc=Process Termination Events in Windows Directory</Data><Data Name=""UtcTime"">2023-05-01 10:43:25.261</Data><Data Name=""ProcessGuid"">{d5540b43-97cd-644f-b802-000000000700}</Data><Data Name=""ProcessId"">976</Data><Data Name=""Image"">C:\Windows\System32\cscript.exe</Data><Data Name=""User"">NT AUTHORITY\SYSTEM</Data></EventData></DataItem>",5,"Process terminated: RuleName: Attack=None,Technique=None,Tactic=None,DS=Process: Process Termination,Level=0,Desc=Process Termination Events in Windows Directory UtcTime: 2023-05-01 10:43:25.261 ProcessGuid: {D5540B43-97CD-644F-B802-000000000700} ProcessId: 976 Image: C:\Windows\System32\cscript.exe User: NT AUTHORITY\SYSTEM ",,,5,NT AUTHORITY\SYSTEM,,00000000-0000-0000-0000-000000000001,AOI-39743c52-8e86-43b1-987e-cc5d848ecce7,Event,/subscriptions/9ecb8278-6c96-45d4-a456-c17f6976425f/resourcegroups/test_1/providers/microsoft.compute/virtualmachines/win10-2
39743c52-8e86-43b1-987e-cc5d848ecce7,OpsManager,2023-05-01T10:43:25.2762267Z,Microsoft-Windows-Sysmon,Microsoft-Windows-Sysmon/Operational,win10-2,4,Information,"<Param>Attack=None,Technique=None,Tactic=None,DS=Process: Process Termination,Level=0,Desc=Process Termination Events in Windows Directory</Param><Param>2023-05-01 10:43:25.261</Param><Param>{D5540B43-97CD-644F-B902-000000000700}</Param><Param>1884</Param><Param>C:\Windows\System32\conhost.exe</Param><Param>NT AUTHORITY\SYSTEM</Param>","<DataItem type=""System.XmlData"" time=""2023-05-01T10:43:25.2762267+00:00"" sourceHealthServiceId=""CF1209A0-2624-0566-5F2A-730DF513CC05""><EventData xmlns=""http://schemas.microsoft.com/win/2004/08/events/event""><Data Name=""RuleName"">Attack=None,Technique=None,Tactic=None,DS=Process: Process Termination,Level=0,Desc=Process Termination Events in Windows Directory</Data><Data Name=""UtcTime"">2023-05-01 10:43:25.261</Data><Data Name=""ProcessGuid"">{d5540b43-97cd-644f-b902-000000000700}</Data><Data Name=""ProcessId"">1884</Data><Data Name=""Image"">C:\Windows\System32\conhost.exe</Data><Data Name=""User"">NT AUTHORITY\SYSTEM</Data></EventData></DataItem>",5,"Process terminated: RuleName: Attack=None,Technique=None,Tactic=None,DS=Process: Process Termination,Level=0,Desc=Process Termination Events in Windows Directory UtcTime: 2023-05-01 10:43:25.261 ProcessGuid: {D5540B43-97CD-644F-B902-000000000700} ProcessId: 1884 Image: C:\Windows\System32\conhost.exe User: NT AUTHORITY\SYSTEM ",,,5,NT AUTHORITY\SYSTEM,,00000000-0000-0000-0000-000000000001,AOI-39743c52-8e86-43b1-987e-cc5d848ecce7,Event,/subscriptions/9ecb8278-6c96-45d4-a456-c17f6976425f/resourcegroups/test_1/providers/microsoft.compute/virtualmachines/win10-2
39743c52-8e86-43b1-987e-cc5d848ecce7,OpsManager,2023-05-01T10:43:25.7312245Z,Microsoft-Windows-Sysmon,Microsoft-Windows-Sysmon/Operational,win10-2,4,Information,"<Param>Attack=None,Technique=None,Tactic=None,DS=Network Traffic: Network Connection Creation,Level=0,Desc=Non-Browsers Accessing HTTP</Param><Param>2023-05-01 10:43:23.499</Param><Param>{D5540B43-8E4F-644F-0D01-000000000700}</Param><Param>8576</Param><Param>C:\WindowsAzure\GuestAgent_2.7.41491.1083_2023-05-01_100201\WaAppAgent.exe</Param><Param>NT AUTHORITY\SYSTEM</Param><Param>tcp</Param><Param>TRUE</Param><Param>FALSE</Param><Param>10.0.0.12</Param><Param>win10-2.n2lktqibtimupkzgx0j3ic54pc.hx.internal.cloudapp.net</Param><Param>50327</Param><Param>-</Param><Param>FALSE</Param><Param>168.63.129.16</Param><Param>-</Param><Param>80</Param><Param>http</Param>","<DataItem type=""System.XmlData"" time=""2023-05-01T10:43:25.7312245+00:00"" sourceHealthServiceId=""CF1209A0-2624-0566-5F2A-730DF513CC05""><EventData xmlns=""http://schemas.microsoft.com/win/2004/08/events/event""><Data Name=""RuleName"">Attack=None,Technique=None,Tactic=None,DS=Network Traffic: Network Connection Creation,Level=0,Desc=Non-Browsers Accessing HTTP</Data><Data Name=""UtcTime"">2023-05-01 10:43:23.499</Data><Data Name=""ProcessGuid"">{d5540b43-8e4f-644f-0d01-000000000700}</Data><Data Name=""ProcessId"">8576</Data><Data Name=""Image"">C:\WindowsAzure\GuestAgent_2.7.41491.1083_2023-05-01_100201\WaAppAgent.exe</Data><Data Name=""User"">NT AUTHORITY\SYSTEM</Data><Data Name=""Protocol"">tcp</Data><Data Name=""Initiated"">true</Data><Data Name=""SourceIsIpv6"">false</Data><Data Name=""SourceIp"">10.0.0.12</Data><Data Name=""SourceHostname"">win10-2.n2lktqibtimupkzgx0j3ic54pc.hx.internal.cloudapp.net</Data><Data Name=""SourcePort"">50327</Data><Data Name=""SourcePortName"">-</Data><Data Name=""DestinationIsIpv6"">false</Data><Data Name=""DestinationIp"">168.63.129.16</Data><Data Name=""DestinationHostname"">-</Data><Data Name=""DestinationPort"">80</Data><Data Name=""DestinationPortName"">http</Data></EventData></DataItem>",3,"Network connection detected: RuleName: Attack=None,Technique=None,Tactic=None,DS=Network Traffic: Network Connection Creation,Level=0,Desc=Non-Browsers Accessing HTTP UtcTime: 2023-05-01 10:43:23.499 ProcessGuid: {D5540B43-8E4F-644F-0D01-000000000700} ProcessId: 8576 Image: C:\WindowsAzure\GuestAgent_2.7.41491.1083_2023-05-01_100201\WaAppAgent.exe User: NT AUTHORITY\SYSTEM Protocol: tcp Initiated: TRUE SourceIsIpv6: FALSE SourceIp: 10.0.0.12 SourceHostname: win10-2.n2lktqibtimupkzgx0j3ic54pc.hx.internal.cloudapp.net SourcePort: 50327 SourcePortName: - DestinationIsIpv6: FALSE DestinationIp: 168.63.129.16 DestinationHostname: - DestinationPort: 80 DestinationPortName: http ",,,3,NT AUTHORITY\SYSTEM,,00000000-0000-0000-0000-000000000001,AOI-39743c52-8e86-43b1-987e-cc5d848ecce7,Event,/subscriptions/9ecb8278-6c96-45d4-a456-c17f6976425f/resourcegroups/test_1/providers/microsoft.compute/virtualmachines/win10-2
39743c52-8e86-43b1-987e-cc5d848ecce7,OpsManager,2023-05-01T10:43:43.6008006Z,Microsoft-Windows-Sysmon,Microsoft-Windows-Sysmon/Operational,win10-2,4,Information,<Param>RG=FileCreate Include Group</Param><Param>2023-05-01 10:43:43.593</Param><Param>{D5540B43-8E51-644F-1B01-000000000700}</Param><Param>5248</Param><Param>C:\WindowsAzure\GuestAgent_2.7.41491.1083_2023-05-01_100201\WindowsAzureGuestAgent.exe</Param><Param>C:\WindowsAzure\Logs\AggregateStatus\aggregatestatus.json</Param><Param>2023-05-01 10:02:30.767</Param><Param>NT AUTHORITY\SYSTEM</Param>,"<DataItem type=""System.XmlData"" time=""2023-05-01T10:43:43.6008006+00:00"" sourceHealthServiceId=""CF1209A0-2624-0566-5F2A-730DF513CC05""><EventData xmlns=""http://schemas.microsoft.com/win/2004/08/events/event""><Data Name=""RuleName"">RG=FileCreate Include Group</Data><Data Name=""UtcTime"">2023-05-01 10:43:43.593</Data><Data Name=""ProcessGuid"">{d5540b43-8e51-644f-1b01-000000000700}</Data><Data Name=""ProcessId"">5248</Data><Data Name=""Image"">C:\WindowsAzure\GuestAgent_2.7.41491.1083_2023-05-01_100201\WindowsAzureGuestAgent.exe</Data><Data Name=""TargetFilename"">C:\WindowsAzure\Logs\AggregateStatus\aggregatestatus.json</Data><Data Name=""CreationUtcTime"">2023-05-01 10:02:30.767</Data><Data Name=""User"">NT AUTHORITY\SYSTEM</Data></EventData></DataItem>",11,File created: RuleName: RG=FileCreate Include Group UtcTime: 2023-05-01 10:43:43.593 ProcessGuid: {D5540B43-8E51-644F-1B01-000000000700} ProcessId: 5248 Image: C:\WindowsAzure\GuestAgent_2.7.41491.1083_2023-05-01_100201\WindowsAzureGuestAgent.exe TargetFilename: C:\WindowsAzure\Logs\AggregateStatus\aggregatestatus.json CreationUtcTime: 2023-05-01 10:02:30.767 User: NT AUTHORITY\SYSTEM ,,,11,NT AUTHORITY\SYSTEM,,00000000-0000-0000-0000-000000000001,AOI-39743c52-8e86-43b1-987e-cc5d848ecce7,Event,/subscriptions/9ecb8278-6c96-45d4-a456-c17f6976425f/resourcegroups/test_1/providers/microsoft.compute/virtualmachines/win10-2
39743c52-8e86-43b1-987e-cc5d848ecce7,OpsManager,2023-05-01T10:43:44.7571971Z,Microsoft-Windows-Sysmon,Microsoft-Windows-Sysmon/Operational,win10-2,4,Information,"<Param>Attack=None,Technique=None,Tactic=None,DS=Network Traffic: Network Connection Creation,Level=0,Desc=Non-Browsers Accessing HTTP</Param><Param>2023-05-01 10:43:42.574</Param><Param>{D5540B43-8E51-644F-1B01-000000000700}</Param><Param>5248</Param><Param>C:\WindowsAzure\GuestAgent_2.7.41491.1083_2023-05-01_100201\WindowsAzureGuestAgent.exe</Param><Param>NT AUTHORITY\SYSTEM</Param><Param>tcp</Param><Param>TRUE</Param><Param>FALSE</Param><Param>10.0.0.12</Param><Param>win10-2.n2lktqibtimupkzgx0j3ic54pc.hx.internal.cloudapp.net</Param><Param>50329</Param><Param>-</Param><Param>FALSE</Param><Param>168.63.129.16</Param><Param>-</Param><Param>80</Param><Param>http</Param>","<DataItem type=""System.XmlData"" time=""2023-05-01T10:43:44.7571971+00:00"" sourceHealthServiceId=""CF1209A0-2624-0566-5F2A-730DF513CC05""><EventData xmlns=""http://schemas.microsoft.com/win/2004/08/events/event""><Data Name=""RuleName"">Attack=None,Technique=None,Tactic=None,DS=Network Traffic: Network Connection Creation,Level=0,Desc=Non-Browsers Accessing HTTP</Data><Data Name=""UtcTime"">2023-05-01 10:43:42.574</Data><Data Name=""ProcessGuid"">{d5540b43-8e51-644f-1b01-000000000700}</Data><Data Name=""ProcessId"">5248</Data><Data Name=""Image"">C:\WindowsAzure\GuestAgent_2.7.41491.1083_2023-05-01_100201\WindowsAzureGuestAgent.exe</Data><Data Name=""User"">NT AUTHORITY\SYSTEM</Data><Data Name=""Protocol"">tcp</Data><Data Name=""Initiated"">true</Data><Data Name=""SourceIsIpv6"">false</Data><Data Name=""SourceIp"">10.0.0.12</Data><Data Name=""SourceHostname"">win10-2.n2lktqibtimupkzgx0j3ic54pc.hx.internal.cloudapp.net</Data><Data Name=""SourcePort"">50329</Data><Data Name=""SourcePortName"">-</Data><Data Name=""DestinationIsIpv6"">false</Data><Data Name=""DestinationIp"">168.63.129.16</Data><Data Name=""DestinationHostname"">-</Data><Data Name=""DestinationPort"">80</Data><Data Name=""DestinationPortName"">http</Data></EventData></DataItem>",3,"Network connection detected: RuleName: Attack=None,Technique=None,Tactic=None,DS=Network Traffic: Network Connection Creation,Level=0,Desc=Non-Browsers Accessing HTTP UtcTime: 2023-05-01 10:43:42.574 ProcessGuid: {D5540B43-8E51-644F-1B01-000000000700} ProcessId: 5248 Image: C:\WindowsAzure\GuestAgent_2.7.41491.1083_2023-05-01_100201\WindowsAzureGuestAgent.exe User: NT AUTHORITY\SYSTEM Protocol: tcp Initiated: TRUE SourceIsIpv6: FALSE SourceIp: 10.0.0.12 SourceHostname: win10-2.n2lktqibtimupkzgx0j3ic54pc.hx.internal.cloudapp.net SourcePort: 50329 SourcePortName: - DestinationIsIpv6: FALSE DestinationIp: 168.63.129.16 DestinationHostname: - DestinationPort: 80 DestinationPortName: http ",,,3,NT AUTHORITY\SYSTEM,,00000000-0000-0000-0000-000000000001,AOI-39743c52-8e86-43b1-987e-cc5d848ecce7,Event,/subscriptions/9ecb8278-6c96-45d4-a456-c17f6976425f/resourcegroups/test_1/providers/microsoft.compute/virtualmachines/win10-2
39743c52-8e86-43b1-987e-cc5d848ecce7,OpsManager,2023-05-01T10:43:58.6280026Z,Microsoft-Windows-Sysmon,Microsoft-Windows-Sysmon/Operational,win10-2,4,Information,<Param>RG=FileCreate Include Group</Param><Param>2023-05-01 10:43:58.621</Param><Param>{D5540B43-8E51-644F-1B01-000000000700}</Param><Param>5248</Param><Param>C:\WindowsAzure\GuestAgent_2.7.41491.1083_2023-05-01_100201\WindowsAzureGuestAgent.exe</Param><Param>C:\WindowsAzure\Logs\AggregateStatus\aggregatestatus.json</Param><Param>2023-05-01 10:02:30.767</Param><Param>NT AUTHORITY\SYSTEM</Param>,"<DataItem type=""System.XmlData"" time=""2023-05-01T10:43:58.6280026+00:00"" sourceHealthServiceId=""CF1209A0-2624-0566-5F2A-730DF513CC05""><EventData xmlns=""http://schemas.microsoft.com/win/2004/08/events/event""><Data Name=""RuleName"">RG=FileCreate Include Group</Data><Data Name=""UtcTime"">2023-05-01 10:43:58.621</Data><Data Name=""ProcessGuid"">{d5540b43-8e51-644f-1b01-000000000700}</Data><Data Name=""ProcessId"">5248</Data><Data Name=""Image"">C:\WindowsAzure\GuestAgent_2.7.41491.1083_2023-05-01_100201\WindowsAzureGuestAgent.exe</Data><Data Name=""TargetFilename"">C:\WindowsAzure\Logs\AggregateStatus\aggregatestatus.json</Data><Data Name=""CreationUtcTime"">2023-05-01 10:02:30.767</Data><Data Name=""User"">NT AUTHORITY\SYSTEM</Data></EventData></DataItem>",11,File created: RuleName: RG=FileCreate Include Group UtcTime: 2023-05-01 10:43:58.621 ProcessGuid: {D5540B43-8E51-644F-1B01-000000000700} ProcessId: 5248 Image: C:\WindowsAzure\GuestAgent_2.7.41491.1083_2023-05-01_100201\WindowsAzureGuestAgent.exe TargetFilename: C:\WindowsAzure\Logs\AggregateStatus\aggregatestatus.json CreationUtcTime: 2023-05-01 10:02:30.767 User: NT AUTHORITY\SYSTEM ,,,11,NT AUTHORITY\SYSTEM,,00000000-0000-0000-0000-000000000001,AOI-39743c52-8e86-43b1-987e-cc5d848ecce7,Event,/subscriptions/9ecb8278-6c96-45d4-a456-c17f6976425f/resourcegroups/test_1/providers/microsoft.compute/virtualmachines/win10-2
39743c52-8e86-43b1-987e-cc5d848ecce7,OpsManager,2023-05-01T10:43:59.5326487Z,Microsoft-Windows-Sysmon,Microsoft-Windows-Sysmon/Operational,win10-2,4,Information,"<Param>Attack=None,Technique=None,Tactic=None,DS=Network Traffic: Network Connection Creation,Level=0,Desc=Non-Browsers Accessing HTTP</Param><Param>2023-05-01 10:43:57.582</Param><Param>{D5540B43-8E51-644F-1B01-000000000700}</Param><Param>5248</Param><Param>C:\WindowsAzure\GuestAgent_2.7.41491.1083_2023-05-01_100201\WindowsAzureGuestAgent.exe</Param><Param>NT AUTHORITY\SYSTEM</Param><Param>tcp</Param><Param>TRUE</Param><Param>FALSE</Param><Param>10.0.0.12</Param><Param>win10-2.n2lktqibtimupkzgx0j3ic54pc.hx.internal.cloudapp.net</Param><Param>50330</Param><Param>-</Param><Param>FALSE</Param><Param>168.63.129.16</Param><Param>-</Param><Param>80</Param><Param>http</Param>","<DataItem type=""System.XmlData"" time=""2023-05-01T10:43:59.5326487+00:00"" sourceHealthServiceId=""CF1209A0-2624-0566-5F2A-730DF513CC05""><EventData xmlns=""http://schemas.microsoft.com/win/2004/08/events/event""><Data Name=""RuleName"">Attack=None,Technique=None,Tactic=None,DS=Network Traffic: Network Connection Creation,Level=0,Desc=Non-Browsers Accessing HTTP</Data><Data Name=""UtcTime"">2023-05-01 10:43:57.582</Data><Data Name=""ProcessGuid"">{d5540b43-8e51-644f-1b01-000000000700}</Data><Data Name=""ProcessId"">5248</Data><Data Name=""Image"">C:\WindowsAzure\GuestAgent_2.7.41491.1083_2023-05-01_100201\WindowsAzureGuestAgent.exe</Data><Data Name=""User"">NT AUTHORITY\SYSTEM</Data><Data Name=""Protocol"">tcp</Data><Data Name=""Initiated"">true</Data><Data Name=""SourceIsIpv6"">false</Data><Data Name=""SourceIp"">10.0.0.12</Data><Data Name=""SourceHostname"">win10-2.n2lktqibtimupkzgx0j3ic54pc.hx.internal.cloudapp.net</Data><Data Name=""SourcePort"">50330</Data><Data Name=""SourcePortName"">-</Data><Data Name=""DestinationIsIpv6"">false</Data><Data Name=""DestinationIp"">168.63.129.16</Data><Data Name=""DestinationHostname"">-</Data><Data Name=""DestinationPort"">80</Data><Data Name=""DestinationPortName"">http</Data></EventData></DataItem>",3,"Network connection detected: RuleName: Attack=None,Technique=None,Tactic=None,DS=Network Traffic: Network Connection Creation,Level=0,Desc=Non-Browsers Accessing HTTP UtcTime: 2023-05-01 10:43:57.582 ProcessGuid: {D5540B43-8E51-644F-1B01-000000000700} ProcessId: 5248 Image: C:\WindowsAzure\GuestAgent_2.7.41491.1083_2023-05-01_100201\WindowsAzureGuestAgent.exe User: NT AUTHORITY\SYSTEM Protocol: tcp Initiated: TRUE SourceIsIpv6: FALSE SourceIp: 10.0.0.12 SourceHostname: win10-2.n2lktqibtimupkzgx0j3ic54pc.hx.internal.cloudapp.net SourcePort: 50330 SourcePortName: - DestinationIsIpv6: FALSE DestinationIp: 168.63.129.16 DestinationHostname: - DestinationPort: 80 DestinationPortName: http ",,,3,NT AUTHORITY\SYSTEM,,00000000-0000-0000-0000-000000000001,AOI-39743c52-8e86-43b1-987e-cc5d848ecce7,Event,/subscriptions/9ecb8278-6c96-45d4-a456-c17f6976425f/resourcegroups/test_1/providers/microsoft.compute/virtualmachines/win10-2
39743c52-8e86-43b1-987e-cc5d848ecce7,OpsManager,2023-05-01T10:44:08.9585379Z,Microsoft-Windows-Sysmon,Microsoft-Windows-Sysmon/Operational,win10-2,4,Information,<Param>RG=FileCreate Include Group</Param><Param>2023-05-01 10:44:08.951</Param><Param>{D5540B43-93C0-644F-6A02-000000000700}</Param><Param>7612</Param><Param>C:\Packages\Plugins\Microsoft.EnterpriseCloud.Monitoring.MicrosoftMonitoringAgent\1.0.18067.0\MMAExtensionHeartbeatService.exe</Param><Param>C:\Packages\Plugins\Microsoft.EnterpriseCloud.Monitoring.MicrosoftMonitoringAgent\1.0.18067.0\Status\HeartBeat.Json</Param><Param>2023-05-01 10:25:35.363</Param><Param>NT AUTHORITY\SYSTEM</Param>,"<DataItem type=""System.XmlData"" time=""2023-05-01T10:44:08.9585379+00:00"" sourceHealthServiceId=""CF1209A0-2624-0566-5F2A-730DF513CC05""><EventData xmlns=""http://schemas.microsoft.com/win/2004/08/events/event""><Data Name=""RuleName"">RG=FileCreate Include Group</Data><Data Name=""UtcTime"">2023-05-01 10:44:08.951</Data><Data Name=""ProcessGuid"">{d5540b43-93c0-644f-6a02-000000000700}</Data><Data Name=""ProcessId"">7612</Data><Data Name=""Image"">C:\Packages\Plugins\Microsoft.EnterpriseCloud.Monitoring.MicrosoftMonitoringAgent\1.0.18067.0\MMAExtensionHeartbeatService.exe</Data><Data Name=""TargetFilename"">C:\Packages\Plugins\Microsoft.EnterpriseCloud.Monitoring.MicrosoftMonitoringAgent\1.0.18067.0\Status\HeartBeat.Json</Data><Data Name=""CreationUtcTime"">2023-05-01 10:25:35.363</Data><Data Name=""User"">NT AUTHORITY\SYSTEM</Data></EventData></DataItem>",11,File created: RuleName: RG=FileCreate Include Group UtcTime: 2023-05-01 10:44:08.951 ProcessGuid: {D5540B43-93C0-644F-6A02-000000000700} ProcessId: 7612 Image: C:\Packages\Plugins\Microsoft.EnterpriseCloud.Monitoring.MicrosoftMonitoringAgent\1.0.18067.0\MMAExtensionHeartbeatService.exe TargetFilename: C:\Packages\Plugins\Microsoft.EnterpriseCloud.Monitoring.MicrosoftMonitoringAgent\1.0.18067.0\Status\HeartBeat.Json CreationUtcTime: 2023-05-01 10:25:35.363 User: NT AUTHORITY\SYSTEM ,,,11,NT AUTHORITY\SYSTEM,,00000000-0000-0000-0000-000000000001,AOI-39743c52-8e86-43b1-987e-cc5d848ecce7,Event,/subscriptions/9ecb8278-6c96-45d4-a456-c17f6976425f/resourcegroups/test_1/providers/microsoft.compute/virtualmachines/win10-2
39743c52-8e86-43b1-987e-cc5d848ecce7,OpsManager,2023-05-01T10:44:14.8483584Z,Microsoft-Windows-Sysmon,Microsoft-Windows-Sysmon/Operational,win10-2,4,Information,"<Param>Attack=None,Technique=None,Tactic=None,DS=Network Traffic: Network Connection Creation,Level=0,Desc=Non-Browsers Accessing HTTP</Param><Param>2023-05-01 10:44:12.589</Param><Param>{D5540B43-8E51-644F-1B01-000000000700}</Param><Param>5248</Param><Param>C:\WindowsAzure\GuestAgent_2.7.41491.1083_2023-05-01_100201\WindowsAzureGuestAgent.exe</Param><Param>NT AUTHORITY\SYSTEM</Param><Param>tcp</Param><Param>TRUE</Param><Param>FALSE</Param><Param>10.0.0.12</Param><Param>win10-2.n2lktqibtimupkzgx0j3ic54pc.hx.internal.cloudapp.net</Param><Param>50331</Param><Param>-</Param><Param>FALSE</Param><Param>168.63.129.16</Param><Param>-</Param><Param>80</Param><Param>http</Param>","<DataItem type=""System.XmlData"" time=""2023-05-01T10:44:14.8483584+00:00"" sourceHealthServiceId=""CF1209A0-2624-0566-5F2A-730DF513CC05""><EventData xmlns=""http://schemas.microsoft.com/win/2004/08/events/event""><Data Name=""RuleName"">Attack=None,Technique=None,Tactic=None,DS=Network Traffic: Network Connection Creation,Level=0,Desc=Non-Browsers Accessing HTTP</Data><Data Name=""UtcTime"">2023-05-01 10:44:12.589</Data><Data Name=""ProcessGuid"">{d5540b43-8e51-644f-1b01-000000000700}</Data><Data Name=""ProcessId"">5248</Data><Data Name=""Image"">C:\WindowsAzure\GuestAgent_2.7.41491.1083_2023-05-01_100201\WindowsAzureGuestAgent.exe</Data><Data Name=""User"">NT AUTHORITY\SYSTEM</Data><Data Name=""Protocol"">tcp</Data><Data Name=""Initiated"">true</Data><Data Name=""SourceIsIpv6"">false</Data><Data Name=""SourceIp"">10.0.0.12</Data><Data Name=""SourceHostname"">win10-2.n2lktqibtimupkzgx0j3ic54pc.hx.internal.cloudapp.net</Data><Data Name=""SourcePort"">50331</Data><Data Name=""SourcePortName"">-</Data><Data Name=""DestinationIsIpv6"">false</Data><Data Name=""DestinationIp"">168.63.129.16</Data><Data Name=""DestinationHostname"">-</Data><Data Name=""DestinationPort"">80</Data><Data Name=""DestinationPortName"">http</Data></EventData></DataItem>",3,"Network connection detected: RuleName: Attack=None,Technique=None,Tactic=None,DS=Network Traffic: Network Connection Creation,Level=0,Desc=Non-Browsers Accessing HTTP UtcTime: 2023-05-01 10:44:12.589 ProcessGuid: {D5540B43-8E51-644F-1B01-000000000700} ProcessId: 5248 Image: C:\WindowsAzure\GuestAgent_2.7.41491.1083_2023-05-01_100201\WindowsAzureGuestAgent.exe User: NT AUTHORITY\SYSTEM Protocol: tcp Initiated: TRUE SourceIsIpv6: FALSE SourceIp: 10.0.0.12 SourceHostname: win10-2.n2lktqibtimupkzgx0j3ic54pc.hx.internal.cloudapp.net SourcePort: 50331 SourcePortName: - DestinationIsIpv6: FALSE DestinationIp: 168.63.129.16 DestinationHostname: - DestinationPort: 80 DestinationPortName: http ",,,3,NT AUTHORITY\SYSTEM,,00000000-0000-0000-0000-000000000001,AOI-39743c52-8e86-43b1-987e-cc5d848ecce7,Event,/subscriptions/9ecb8278-6c96-45d4-a456-c17f6976425f/resourcegroups/test_1/providers/microsoft.compute/virtualmachines/win10-2
39743c52-8e86-43b1-987e-cc5d848ecce7,OpsManager,2023-05-01T10:44:13.6298439Z,Microsoft-Windows-Sysmon,Microsoft-Windows-Sysmon/Operational,win10-2,4,Information,<Param>RG=FileCreate Include Group</Param><Param>2023-05-01 10:44:13.622</Param><Param>{D5540B43-8E51-644F-1B01-000000000700}</Param><Param>5248</Param><Param>C:\WindowsAzure\GuestAgent_2.7.41491.1083_2023-05-01_100201\WindowsAzureGuestAgent.exe</Param><Param>C:\WindowsAzure\Logs\AggregateStatus\aggregatestatus.json</Param><Param>2023-05-01 10:02:30.767</Param><Param>NT AUTHORITY\SYSTEM</Param>,"<DataItem type=""System.XmlData"" time=""2023-05-01T10:44:13.6298439+00:00"" sourceHealthServiceId=""CF1209A0-2624-0566-5F2A-730DF513CC05""><EventData xmlns=""http://schemas.microsoft.com/win/2004/08/events/event""><Data Name=""RuleName"">RG=FileCreate Include Group</Data><Data Name=""UtcTime"">2023-05-01 10:44:13.622</Data><Data Name=""ProcessGuid"">{d5540b43-8e51-644f-1b01-000000000700}</Data><Data Name=""ProcessId"">5248</Data><Data Name=""Image"">C:\WindowsAzure\GuestAgent_2.7.41491.1083_2023-05-01_100201\WindowsAzureGuestAgent.exe</Data><Data Name=""TargetFilename"">C:\WindowsAzure\Logs\AggregateStatus\aggregatestatus.json</Data><Data Name=""CreationUtcTime"">2023-05-01 10:02:30.767</Data><Data Name=""User"">NT AUTHORITY\SYSTEM</Data></EventData></DataItem>",11,File created: RuleName: RG=FileCreate Include Group UtcTime: 2023-05-01 10:44:13.622 ProcessGuid: {D5540B43-8E51-644F-1B01-000000000700} ProcessId: 5248 Image: C:\WindowsAzure\GuestAgent_2.7.41491.1083_2023-05-01_100201\WindowsAzureGuestAgent.exe TargetFilename: C:\WindowsAzure\Logs\AggregateStatus\aggregatestatus.json CreationUtcTime: 2023-05-01 10:02:30.767 User: NT AUTHORITY\SYSTEM ,,,11,NT AUTHORITY\SYSTEM,,00000000-0000-0000-0000-000000000001,AOI-39743c52-8e86-43b1-987e-cc5d848ecce7,Event,/subscriptions/9ecb8278-6c96-45d4-a456-c17f6976425f/resourcegroups/test_1/providers/microsoft.compute/virtualmachines/win10-2
39743c52-8e86-43b1-987e-cc5d848ecce7,OpsManager,2023-05-01T10:44:23.2127748Z,Microsoft-Windows-Sysmon,Microsoft-Windows-Sysmon/Operational,win10-2,4,Information,"<Param>Attack=None,Technique=None,Tactic=None,DS=Network Traffic: Network Connection Creation,Level=0,Desc=Non-Browsers Accessing HTTPS</Param><Param>2023-05-01 10:44:20.999</Param><Param>{D5540B43-93BE-644F-5E02-000000000700}</Param><Param>5044</Param><Param>C:\Program Files\Microsoft Monitoring Agent\Agent\HealthService.exe</Param><Param>NT AUTHORITY\SYSTEM</Param><Param>tcp</Param><Param>TRUE</Param><Param>FALSE</Param><Param>10.0.0.12</Param><Param>win10-2.n2lktqibtimupkzgx0j3ic54pc.hx.internal.cloudapp.net</Param><Param>50332</Param><Param>-</Param><Param>FALSE</Param><Param>20.205.86.1</Param><Param>-</Param><Param>443</Param><Param>https</Param>","<DataItem type=""System.XmlData"" time=""2023-05-01T10:44:23.2127748+00:00"" sourceHealthServiceId=""CF1209A0-2624-0566-5F2A-730DF513CC05""><EventData xmlns=""http://schemas.microsoft.com/win/2004/08/events/event""><Data Name=""RuleName"">Attack=None,Technique=None,Tactic=None,DS=Network Traffic: Network Connection Creation,Level=0,Desc=Non-Browsers Accessing HTTPS</Data><Data Name=""UtcTime"">2023-05-01 10:44:20.999</Data><Data Name=""ProcessGuid"">{d5540b43-93be-644f-5e02-000000000700}</Data><Data Name=""ProcessId"">5044</Data><Data Name=""Image"">C:\Program Files\Microsoft Monitoring Agent\Agent\HealthService.exe</Data><Data Name=""User"">NT AUTHORITY\SYSTEM</Data><Data Name=""Protocol"">tcp</Data><Data Name=""Initiated"">true</Data><Data Name=""SourceIsIpv6"">false</Data><Data Name=""SourceIp"">10.0.0.12</Data><Data Name=""SourceHostname"">win10-2.n2lktqibtimupkzgx0j3ic54pc.hx.internal.cloudapp.net</Data><Data Name=""SourcePort"">50332</Data><Data Name=""SourcePortName"">-</Data><Data Name=""DestinationIsIpv6"">false</Data><Data Name=""DestinationIp"">20.205.86.1</Data><Data Name=""DestinationHostname"">-</Data><Data Name=""DestinationPort"">443</Data><Data Name=""DestinationPortName"">https</Data></EventData></DataItem>",3,"Network connection detected: RuleName: Attack=None,Technique=None,Tactic=None,DS=Network Traffic: Network Connection Creation,Level=0,Desc=Non-Browsers Accessing HTTPS UtcTime: 2023-05-01 10:44:20.999 ProcessGuid: {D5540B43-93BE-644F-5E02-000000000700} ProcessId: 5044 Image: C:\Program Files\Microsoft Monitoring Agent\Agent\HealthService.exe User: NT AUTHORITY\SYSTEM Protocol: tcp Initiated: TRUE SourceIsIpv6: FALSE SourceIp: 10.0.0.12 SourceHostname: win10-2.n2lktqibtimupkzgx0j3ic54pc.hx.internal.cloudapp.net SourcePort: 50332 SourcePortName: - DestinationIsIpv6: FALSE DestinationIp: 20.205.86.1 DestinationHostname: - DestinationPort: 443 DestinationPortName: https ",,,3,NT AUTHORITY\SYSTEM,,00000000-0000-0000-0000-000000000001,AOI-39743c52-8e86-43b1-987e-cc5d848ecce7,Event,/subscriptions/9ecb8278-6c96-45d4-a456-c17f6976425f/resourcegroups/test_1/providers/microsoft.compute/virtualmachines/win10-2
39743c52-8e86-43b1-987e-cc5d848ecce7,OpsManager,2023-05-01T10:44:26.3486593Z,Microsoft-Windows-Sysmon,Microsoft-Windows-Sysmon/Operational,win10-2,4,Information,"<Param>Attack=T1053.005,Technique=Scheduled Task/Job: Scheduled Task,Tactic=Execution,DS=Process: Process Creation,Level=0,Desc=Scheduled Task Started,Risk=0</Param><Param>2023-05-01 10:44:26.338</Param><Param>{D5540B43-980A-644F-BC02-000000000700}</Param><Param>10188</Param><Param>C:\Windows\System32\rundll32.exe</Param><Param>10.0.19041.746 (WinBuild.160101.0800)</Param><Param>Windows host process (Rundll32)</Param><Param>Microsoft® Windows® Operating System</Param><Param>Microsoft Corporation</Param><Param>RUNDLL32.EXE</Param><Param>""C:\Windows\system32\rundll32.exe"" /d acproxy.dll,PerformAutochkOperations</Param><Param>C:\Windows\system32\</Param><Param>NT AUTHORITY\SYSTEM</Param><Param>{D5540B43-8DB6-644F-E703-000000000000}</Param><Param>0x3e7</Param><Param>0</Param><Param>System</Param><Param>SHA1=DD399AE46303343F9F0DA189AEE11C67BD868222,MD5=EF3179D498793BF4234F708D3BE28633,SHA256=B53F3C0CD32D7F20849850768DA6431E5F876B7BFA61DB0AA0700B02873393FA,IMPHASH=4DB27267734D1576D75C991DC70F68AC</Param><Param>{D5540B43-8DB6-644F-1A00-000000000700}</Param><Param>1264</Param><Param>C:\Windows\System32\svchost.exe</Param><Param>C:\Windows\system32\svchost.exe -k netsvcs -p -s Schedule</Param><Param>NT AUTHORITY\SYSTEM</Param>","<DataItem type=""System.XmlData"" time=""2023-05-01T10:44:26.3486593+00:00"" sourceHealthServiceId=""CF1209A0-2624-0566-5F2A-730DF513CC05""><EventData xmlns=""http://schemas.microsoft.com/win/2004/08/events/event""><Data Name=""RuleName"">Attack=T1053.005,Technique=Scheduled Task/Job: Scheduled Task,Tactic=Execution,DS=Process: Process Creation,Level=0,Desc=Scheduled Task Started,Risk=0</Data><Data Name=""UtcTime"">2023-05-01 10:44:26.338</Data><Data Name=""ProcessGuid"">{d5540b43-980a-644f-bc02-000000000700}</Data><Data Name=""ProcessId"">10188</Data><Data Name=""Image"">C:\Windows\System32\rundll32.exe</Data><Data Name=""FileVersion"">10.0.19041.746 (WinBuild.160101.0800)</Data><Data Name=""Description"">Windows host process (Rundll32)</Data><Data Name=""Product"">Microsoft® Windows® Operating System</Data><Data Name=""Company"">Microsoft Corporation</Data><Data Name=""OriginalFileName"">RUNDLL32.EXE</Data><Data Name=""CommandLine"">""C:\Windows\system32\rundll32.exe"" /d acproxy.dll,PerformAutochkOperations</Data><Data Name=""CurrentDirectory"">C:\Windows\system32\</Data><Data Name=""User"">NT AUTHORITY\SYSTEM</Data><Data Name=""LogonGuid"">{d5540b43-8db6-644f-e703-000000000000}</Data><Data Name=""LogonId"">0x3e7</Data><Data Name=""TerminalSessionId"">0</Data><Data Name=""IntegrityLevel"">System</Data><Data Name=""Hashes"">SHA1=DD399AE46303343F9F0DA189AEE11C67BD868222,MD5=EF3179D498793BF4234F708D3BE28633,SHA256=B53F3C0CD32D7F20849850768DA6431E5F876B7BFA61DB0AA0700B02873393FA,IMPHASH=4DB27267734D1576D75C991DC70F68AC</Data><Data Name=""ParentProcessGuid"">{d5540b43-8db6-644f-1a00-000000000700}</Data><Data Name=""ParentProcessId"">1264</Data><Data Name=""ParentImage"">C:\Windows\System32\svchost.exe</Data><Data Name=""ParentCommandLine"">C:\Windows\system32\svchost.exe -k netsvcs -p -s Schedule</Data><Data Name=""ParentUser"">NT AUTHORITY\SYSTEM</Data></EventData></DataItem>",1,"Process Create: RuleName: Attack=T1053.005,Technique=Scheduled Task/Job: Scheduled Task,Tactic=Execution,DS=Process: Process Creation,Level=0,Desc=Scheduled Task Started,Risk=0 UtcTime: 2023-05-01 10:44:26.338 ProcessGuid: {D5540B43-980A-644F-BC02-000000000700} ProcessId: 10188 Image: C:\Windows\System32\rundll32.exe FileVersion: 10.0.19041.746 (WinBuild.160101.0800) Description: Windows host process (Rundll32) Product: Microsoft® Windows® Operating System Company: Microsoft Corporation OriginalFileName: RUNDLL32.EXE CommandLine: ""C:\Windows\system32\rundll32.exe"" /d acproxy.dll,PerformAutochkOperations CurrentDirectory: C:\Windows\system32\ User: NT AUTHORITY\SYSTEM LogonGuid: {D5540B43-8DB6-644F-E703-000000000000} LogonId: 0x3e7 TerminalSessionId: 0 IntegrityLevel: System Hashes: SHA1=DD399AE46303343F9F0DA189AEE11C67BD868222,MD5=EF3179D498793BF4234F708D3BE28633,SHA256=B53F3C0CD32D7F20849850768DA6431E5F876B7BFA61DB0AA0700B02873393FA,IMPHASH=4DB27267734D1576D75C991DC70F68AC ParentProcessGuid: {D5540B43-8DB6-644F-1A00-000000000700} ParentProcessId: 1264 ParentImage: C:\Windows\System32\svchost.exe ParentCommandLine: C:\Windows\system32\svchost.exe -k netsvcs -p -s Schedule ParentUser: NT AUTHORITY\SYSTEM ",,,1,NT AUTHORITY\SYSTEM,,00000000-0000-0000-0000-000000000001,AOI-39743c52-8e86-43b1-987e-cc5d848ecce7,Event,/subscriptions/9ecb8278-6c96-45d4-a456-c17f6976425f/resourcegroups/test_1/providers/microsoft.compute/virtualmachines/win10-2
39743c52-8e86-43b1-987e-cc5d848ecce7,OpsManager,2023-05-01T10:44:26.3522475Z,Microsoft-Windows-Sysmon,Microsoft-Windows-Sysmon/Operational,win10-2,4,Information,"<Param>Attack=T1053.005,Technique=Scheduled Task/Job: Scheduled Task,Tactic=Execution,DS=Process: Process Creation,Level=0,Desc=Scheduled Task Started,Risk=0</Param><Param>2023-05-01 10:44:26.342</Param><Param>{D5540B43-980A-644F-BD02-000000000700}</Param><Param>4536</Param><Param>C:\Windows\System32\taskhostw.exe</Param><Param>10.0.19041.1865 (WinBuild.160101.0800)</Param><Param>Host Process for Windows Tasks</Param><Param>Microsoft® Windows® Operating System</Param><Param>Microsoft Corporation</Param><Param>taskhostw.exe</Param><Param>taskhostw.exe</Param><Param>C:\Windows\system32\</Param><Param>win10-2\azureuser</Param><Param>{D5540B43-8DF1-644F-2DB9-060000000000}</Param><Param>0x6b92d</Param><Param>2</Param><Param>High</Param><Param>SHA1=9B77E09375790EA1EA0A9CA9FC1D69E8E32FE597,MD5=A00BF82660835224CD6606A248321C5D,SHA256=E63709209D09BC0247E785F075DDB28A98C348206109E2B8BA321AD958402728,IMPHASH=3A0C6863CDE566AF997DB2DEFFF9D924</Param><Param>{D5540B43-8DB6-644F-1A00-000000000700}</Param><Param>1264</Param><Param>C:\Windows\System32\svchost.exe</Param><Param>C:\Windows\system32\svchost.exe -k netsvcs -p -s Schedule</Param><Param>NT AUTHORITY\SYSTEM</Param>","<DataItem type=""System.XmlData"" time=""2023-05-01T10:44:26.3522475+00:00"" sourceHealthServiceId=""CF1209A0-2624-0566-5F2A-730DF513CC05""><EventData xmlns=""http://schemas.microsoft.com/win/2004/08/events/event""><Data Name=""RuleName"">Attack=T1053.005,Technique=Scheduled Task/Job: Scheduled Task,Tactic=Execution,DS=Process: Process Creation,Level=0,Desc=Scheduled Task Started,Risk=0</Data><Data Name=""UtcTime"">2023-05-01 10:44:26.342</Data><Data Name=""ProcessGuid"">{d5540b43-980a-644f-bd02-000000000700}</Data><Data Name=""ProcessId"">4536</Data><Data Name=""Image"">C:\Windows\System32\taskhostw.exe</Data><Data Name=""FileVersion"">10.0.19041.1865 (WinBuild.160101.0800)</Data><Data Name=""Description"">Host Process for Windows Tasks</Data><Data Name=""Product"">Microsoft® Windows® Operating System</Data><Data Name=""Company"">Microsoft Corporation</Data><Data Name=""OriginalFileName"">taskhostw.exe</Data><Data Name=""CommandLine"">taskhostw.exe</Data><Data Name=""CurrentDirectory"">C:\Windows\system32\</Data><Data Name=""User"">win10-2\azureuser</Data><Data Name=""LogonGuid"">{d5540b43-8df1-644f-2db9-060000000000}</Data><Data Name=""LogonId"">0x6b92d</Data><Data Name=""TerminalSessionId"">2</Data><Data Name=""IntegrityLevel"">High</Data><Data Name=""Hashes"">SHA1=9B77E09375790EA1EA0A9CA9FC1D69E8E32FE597,MD5=A00BF82660835224CD6606A248321C5D,SHA256=E63709209D09BC0247E785F075DDB28A98C348206109E2B8BA321AD958402728,IMPHASH=3A0C6863CDE566AF997DB2DEFFF9D924</Data><Data Name=""ParentProcessGuid"">{d5540b43-8db6-644f-1a00-000000000700}</Data><Data Name=""ParentProcessId"">1264</Data><Data Name=""ParentImage"">C:\Windows\System32\svchost.exe</Data><Data Name=""ParentCommandLine"">C:\Windows\system32\svchost.exe -k netsvcs -p -s Schedule</Data><Data Name=""ParentUser"">NT AUTHORITY\SYSTEM</Data></EventData></DataItem>",1,"Process Create: RuleName: Attack=T1053.005,Technique=Scheduled Task/Job: Scheduled Task,Tactic=Execution,DS=Process: Process Creation,Level=0,Desc=Scheduled Task Started,Risk=0 UtcTime: 2023-05-01 10:44:26.342 ProcessGuid: {D5540B43-980A-644F-BD02-000000000700} ProcessId: 4536 Image: C:\Windows\System32\taskhostw.exe FileVersion: 10.0.19041.1865 (WinBuild.160101.0800) Description: Host Process for Windows Tasks Product: Microsoft® Windows® Operating System Company: Microsoft Corporation OriginalFileName: taskhostw.exe CommandLine: taskhostw.exe CurrentDirectory: C:\Windows\system32\ User: win10-2\azureuser LogonGuid: {D5540B43-8DF1-644F-2DB9-060000000000} LogonId: 0x6b92d TerminalSessionId: 2 IntegrityLevel: High Hashes: SHA1=9B77E09375790EA1EA0A9CA9FC1D69E8E32FE597,MD5=A00BF82660835224CD6606A248321C5D,SHA256=E63709209D09BC0247E785F075DDB28A98C348206109E2B8BA321AD958402728,IMPHASH=3A0C6863CDE566AF997DB2DEFFF9D924 ParentProcessGuid: {D5540B43-8DB6-644F-1A00-000000000700} ParentProcessId: 1264 ParentImage: C:\Windows\System32\svchost.exe ParentCommandLine: C:\Windows\system32\svchost.exe -k netsvcs -p -s Schedule ParentUser: NT AUTHORITY\SYSTEM ",,,1,NT AUTHORITY\SYSTEM,,00000000-0000-0000-0000-000000000001,AOI-39743c52-8e86-43b1-987e-cc5d848ecce7,Event,/subscriptions/9ecb8278-6c96-45d4-a456-c17f6976425f/resourcegroups/test_1/providers/microsoft.compute/virtualmachines/win10-2
39743c52-8e86-43b1-987e-cc5d848ecce7,OpsManager,2023-05-01T10:44:26.5064287Z,Microsoft-Windows-Sysmon,Microsoft-Windows-Sysmon/Operational,win10-2,4,Information,"<Param>Attack=None,Technique=None,Tactic=None,DS=Process: Process Termination,Level=0,Desc=Process Termination Events in Windows Directory</Param><Param>2023-05-01 10:44:26.501</Param><Param>{D5540B43-980A-644F-BD02-000000000700}</Param><Param>4536</Param><Param>C:\Windows\System32\taskhostw.exe</Param><Param>win10-2\azureuser</Param>","<DataItem type=""System.XmlData"" time=""2023-05-01T10:44:26.5064287+00:00"" sourceHealthServiceId=""CF1209A0-2624-0566-5F2A-730DF513CC05""><EventData xmlns=""http://schemas.microsoft.com/win/2004/08/events/event""><Data Name=""RuleName"">Attack=None,Technique=None,Tactic=None,DS=Process: Process Termination,Level=0,Desc=Process Termination Events in Windows Directory</Data><Data Name=""UtcTime"">2023-05-01 10:44:26.501</Data><Data Name=""ProcessGuid"">{d5540b43-980a-644f-bd02-000000000700}</Data><Data Name=""ProcessId"">4536</Data><Data Name=""Image"">C:\Windows\System32\taskhostw.exe</Data><Data Name=""User"">win10-2\azureuser</Data></EventData></DataItem>",5,"Process terminated: RuleName: Attack=None,Technique=None,Tactic=None,DS=Process: Process Termination,Level=0,Desc=Process Termination Events in Windows Directory UtcTime: 2023-05-01 10:44:26.501 ProcessGuid: {D5540B43-980A-644F-BD02-000000000700} ProcessId: 4536 Image: C:\Windows\System32\taskhostw.exe User: win10-2\azureuser ",,,5,NT AUTHORITY\SYSTEM,,00000000-0000-0000-0000-000000000001,AOI-39743c52-8e86-43b1-987e-cc5d848ecce7,Event,/subscriptions/9ecb8278-6c96-45d4-a456-c17f6976425f/resourcegroups/test_1/providers/microsoft.compute/virtualmachines/win10-2
