39743c52-8e86-43b1-987e-cc5d848ecce7,OpsManager,2023-05-01T10:33:40.1286474Z,Microsoft-Windows-Sysmon,Microsoft-Windows-Sysmon/Operational,win10-2,4,Information,"<Param>Attack=T1021.003,Technique=Distributed Component Object Model,Tactic=Lateral Movement,DS=Process: Process Creation,Level=0,Desc=DCOM Launch</Param><Param>2023-05-01 10:33:40.121</Param><Param>{D5540B43-9584-644F-9702-000000000700}</Param><Param>5128</Param><Param>C:\Windows\System32\backgroundTaskHost.exe</Param><Param>10.0.19041.546 (WinBuild.160101.0800)</Param><Param>Background Task Host</Param><Param>Microsoft® Windows® Operating System</Param><Param>Microsoft Corporation</Param><Param>backgroundTaskHost.exe</Param><Param>""C:\Windows\system32\backgroundTaskHost.exe"" -ServerName:App.AppXsqpbawq1jx69hhfyy1dr9y35whgstkrr.mca</Param><Param>C:\Program Files\WindowsApps\Microsoft.XboxGameOverlay_1.46.11001.0_x64__8wekyb3d8bbwe\</Param><Param>win10-2\azureuser</Param><Param>{D5540B43-8DF1-644F-2DB9-060000000000}</Param><Param>0x6b92d</Param><Param>2</Param><Param>AppContainer</Param><Param>SHA1=C6E63C7AAE9C4E07E15C1717872C0C73F3D4FB09,MD5=DA7063B17DBB8BBB3015351016868006,SHA256=20330D3CA71D58F4AEB432676CB6A3D5B97005954E45132FB083E90782EFDD50,IMPHASH=D2ACF1CBC4A6DB14A34C687B9362D66B</Param><Param>{D5540B43-8DB6-644F-0D00-000000000700}</Param><Param>840</Param><Param>C:\Windows\System32\svchost.exe</Param><Param>C:\Windows\system32\svchost.exe -k DcomLaunch -p</Param><Param>NT AUTHORITY\SYSTEM</Param>","<DataItem type=""System.XmlData"" time=""2023-05-01T10:33:40.1286474+00:00"" sourceHealthServiceId=""CF1209A0-2624-0566-5F2A-730DF513CC05""><EventData xmlns=""http://schemas.microsoft.com/win/2004/08/events/event""><Data Name=""RuleName"">Attack=T1021.003,Technique=Distributed Component Object Model,Tactic=Lateral Movement,DS=Process: Process Creation,Level=0,Desc=DCOM Launch</Data><Data Name=""UtcTime"">2023-05-01 10:33:40.121</Data><Data Name=""ProcessGuid"">{d5540b43-9584-644f-9702-000000000700}</Data><Data Name=""ProcessId"">5128</Data><Data Name=""Image"">C:\Windows\System32\backgroundTaskHost.exe</Data><Data Name=""FileVersion"">10.0.19041.546 (WinBuild.160101.0800)</Data><Data Name=""Description"">Background Task Host</Data><Data Name=""Product"">Microsoft® Windows® Operating System</Data><Data Name=""Company"">Microsoft Corporation</Data><Data Name=""OriginalFileName"">backgroundTaskHost.exe</Data><Data Name=""CommandLine"">""C:\Windows\system32\backgroundTaskHost.exe"" -ServerName:App.AppXsqpbawq1jx69hhfyy1dr9y35whgstkrr.mca</Data><Data Name=""CurrentDirectory"">C:\Program Files\WindowsApps\Microsoft.XboxGameOverlay_1.46.11001.0_x64__8wekyb3d8bbwe\</Data><Data Name=""User"">win10-2\azureuser</Data><Data Name=""LogonGuid"">{d5540b43-8df1-644f-2db9-060000000000}</Data><Data Name=""LogonId"">0x6b92d</Data><Data Name=""TerminalSessionId"">2</Data><Data Name=""IntegrityLevel"">AppContainer</Data><Data Name=""Hashes"">SHA1=C6E63C7AAE9C4E07E15C1717872C0C73F3D4FB09,MD5=DA7063B17DBB8BBB3015351016868006,SHA256=20330D3CA71D58F4AEB432676CB6A3D5B97005954E45132FB083E90782EFDD50,IMPHASH=D2ACF1CBC4A6DB14A34C687B9362D66B</Data><Data Name=""ParentProcessGuid"">{d5540b43-8db6-644f-0d00-000000000700}</Data><Data Name=""ParentProcessId"">840</Data><Data Name=""ParentImage"">C:\Windows\System32\svchost.exe</Data><Data Name=""ParentCommandLine"">C:\Windows\system32\svchost.exe -k DcomLaunch -p</Data><Data Name=""ParentUser"">NT AUTHORITY\SYSTEM</Data></EventData></DataItem>",1,"Process Create: RuleName: Attack=T1021.003,Technique=Distributed Component Object Model,Tactic=Lateral Movement,DS=Process: Process Creation,Level=0,Desc=DCOM Launch UtcTime: 2023-05-01 10:33:40.121 ProcessGuid: {D5540B43-9584-644F-9702-000000000700} ProcessId: 5128 Image: C:\Windows\System32\backgroundTaskHost.exe FileVersion: 10.0.19041.546 (WinBuild.160101.0800) Description: Background Task Host Product: Microsoft® Windows® Operating System Company: Microsoft Corporation OriginalFileName: backgroundTaskHost.exe CommandLine: ""C:\Windows\system32\backgroundTaskHost.exe"" -ServerName:App.AppXsqpbawq1jx69hhfyy1dr9y35whgstkrr.mca CurrentDirectory: C:\Program Files\WindowsApps\Microsoft.XboxGameOverlay_1.46.11001.0_x64__8wekyb3d8bbwe\ User: win10-2\azureuser LogonGuid: {D5540B43-8DF1-644F-2DB9-060000000000} LogonId: 0x6b92d TerminalSessionId: 2 IntegrityLevel: AppContainer Hashes: SHA1=C6E63C7AAE9C4E07E15C1717872C0C73F3D4FB09,MD5=DA7063B17DBB8BBB3015351016868006,SHA256=20330D3CA71D58F4AEB432676CB6A3D5B97005954E45132FB083E90782EFDD50,IMPHASH=D2ACF1CBC4A6DB14A34C687B9362D66B ParentProcessGuid: {D5540B43-8DB6-644F-0D00-000000000700} ParentProcessId: 840 ParentImage: C:\Windows\System32\svchost.exe ParentCommandLine: C:\Windows\system32\svchost.exe -k DcomLaunch -p ParentUser: NT AUTHORITY\SYSTEM ",,,1,NT AUTHORITY\SYSTEM,,00000000-0000-0000-0000-000000000001,AOI-39743c52-8e86-43b1-987e-cc5d848ecce7,Event,/subscriptions/9ecb8278-6c96-45d4-a456-c17f6976425f/resourcegroups/test_1/providers/microsoft.compute/virtualmachines/win10-2
39743c52-8e86-43b1-987e-cc5d848ecce7,OpsManager,2023-05-01T10:33:40.4105733Z,Microsoft-Windows-Sysmon,Microsoft-Windows-Sysmon/Operational,win10-2,4,Information,"<Param>Attack=None,Technique=None,Tactic=None,DS=Module: Module Load,Level=1,Desc=Monitor logoncli.dll dll loads for injection - potential qbot activity</Param><Param>2023-05-01 10:33:40.405</Param><Param>{D5540B43-91DE-644F-1802-000000000700}</Param><Param>7120</Param><Param>C:\Program Files\WindowsApps\Microsoft.SkypeApp_14.53.77.0_x64__kzf8qxf38zg5c\SkypeApp.exe</Param><Param>C:\Windows\System32\logoncli.dll</Param><Param>10.0.19041.2193 (WinBuild.160101.0800)</Param><Param>Net Logon Client DLL</Param><Param>Microsoft® Windows® Operating System</Param><Param>Microsoft Corporation</Param><Param>LOGONCLI.DLL</Param><Param>SHA1=D7522EA3290CD3DBB6CC13CC5CB455FF23F7E7B0,MD5=1388369BFDB27C8D16173B789150F64B,SHA256=C53D928A6FE5E280300DDA1A072CBB56644A65EDCD8F2A437ED028803362779D,IMPHASH=5D0DB85893A29647E8977F5AB3D29DFF</Param><Param>true</Param><Param>Microsoft Windows</Param><Param>Valid</Param><Param>win10-2\azureuser</Param>","<DataItem type=""System.XmlData"" time=""2023-05-01T10:33:40.4105733+00:00"" sourceHealthServiceId=""CF1209A0-2624-0566-5F2A-730DF513CC05""><EventData xmlns=""http://schemas.microsoft.com/win/2004/08/events/event""><Data Name=""RuleName"">Attack=None,Technique=None,Tactic=None,DS=Module: Module Load,Level=1,Desc=Monitor logoncli.dll dll loads for injection - potential qbot activity</Data><Data Name=""UtcTime"">2023-05-01 10:33:40.405</Data><Data Name=""ProcessGuid"">{d5540b43-91de-644f-1802-000000000700}</Data><Data Name=""ProcessId"">7120</Data><Data Name=""Image"">C:\Program Files\WindowsApps\Microsoft.SkypeApp_14.53.77.0_x64__kzf8qxf38zg5c\SkypeApp.exe</Data><Data Name=""ImageLoaded"">C:\Windows\System32\logoncli.dll</Data><Data Name=""FileVersion"">10.0.19041.2193 (WinBuild.160101.0800)</Data><Data Name=""Description"">Net Logon Client DLL</Data><Data Name=""Product"">Microsoft® Windows® Operating System</Data><Data Name=""Company"">Microsoft Corporation</Data><Data Name=""OriginalFileName"">LOGONCLI.DLL</Data><Data Name=""Hashes"">SHA1=D7522EA3290CD3DBB6CC13CC5CB455FF23F7E7B0,MD5=1388369BFDB27C8D16173B789150F64B,SHA256=C53D928A6FE5E280300DDA1A072CBB56644A65EDCD8F2A437ED028803362779D,IMPHASH=5D0DB85893A29647E8977F5AB3D29DFF</Data><Data Name=""Signed"">true</Data><Data Name=""Signature"">Microsoft Windows</Data><Data Name=""SignatureStatus"">Valid</Data><Data Name=""User"">win10-2\azureuser</Data></EventData></DataItem>",7,"Image loaded: RuleName: Attack=None,Technique=None,Tactic=None,DS=Module: Module Load,Level=1,Desc=Monitor logoncli.dll dll loads for injection - potential qbot activity UtcTime: 2023-05-01 10:33:40.405 ProcessGuid: {D5540B43-91DE-644F-1802-000000000700} ProcessId: 7120 Image: C:\Program Files\WindowsApps\Microsoft.SkypeApp_14.53.77.0_x64__kzf8qxf38zg5c\SkypeApp.exe ImageLoaded: C:\Windows\System32\logoncli.dll FileVersion: 10.0.19041.2193 (WinBuild.160101.0800) Description: Net Logon Client DLL Product: Microsoft® Windows® Operating System Company: Microsoft Corporation OriginalFileName: LOGONCLI.DLL Hashes: SHA1=D7522EA3290CD3DBB6CC13CC5CB455FF23F7E7B0,MD5=1388369BFDB27C8D16173B789150F64B,SHA256=C53D928A6FE5E280300DDA1A072CBB56644A65EDCD8F2A437ED028803362779D,IMPHASH=5D0DB85893A29647E8977F5AB3D29DFF Signed: true Signature: Microsoft Windows SignatureStatus: Valid User: win10-2\azureuser ",,,7,NT AUTHORITY\SYSTEM,,00000000-0000-0000-0000-000000000001,AOI-39743c52-8e86-43b1-987e-cc5d848ecce7,Event,/subscriptions/9ecb8278-6c96-45d4-a456-c17f6976425f/resourcegroups/test_1/providers/microsoft.compute/virtualmachines/win10-2
39743c52-8e86-43b1-987e-cc5d848ecce7,OpsManager,2023-05-01T10:33:41.0632412Z,Microsoft-Windows-Sysmon,Microsoft-Windows-Sysmon/Operational,win10-2,4,Information,"<Param>Attack=T1021.003,Technique=Distributed Component Object Model,Tactic=Lateral Movement,DS=Process: Process Creation,Level=0,Desc=DCOM Launch</Param><Param>2023-05-01 10:33:41.058</Param><Param>{D5540B43-9585-644F-9802-000000000700}</Param><Param>740</Param><Param>C:\Windows\System32\RuntimeBroker.exe</Param><Param>10.0.19041.746 (WinBuild.160101.0800)</Param><Param>Runtime Broker</Param><Param>Microsoft® Windows® Operating System</Param><Param>Microsoft Corporation</Param><Param>RuntimeBroker.exe</Param><Param>C:\Windows\System32\RuntimeBroker.exe -Embedding</Param><Param>C:\Windows\system32\</Param><Param>win10-2\azureuser</Param><Param>{D5540B43-8DF1-644F-2DB9-060000000000}</Param><Param>0x6b92d</Param><Param>2</Param><Param>High</Param><Param>SHA1=AB8539EF6B2A93FF9589DEC4B34A0257B6296C92,MD5=BA4CFE6461AFA1004C52F19C8F2169DC,SHA256=E86870769EE6C797E09457BD99C58D9BF2303CF0193A24EF9B1222C2C3DAF628,IMPHASH=D4D98ACF3243E0C97C83C6548571A44E</Param><Param>{D5540B43-8DB6-644F-0D00-000000000700}</Param><Param>840</Param><Param>C:\Windows\System32\svchost.exe</Param><Param>C:\Windows\system32\svchost.exe -k DcomLaunch -p</Param><Param>NT AUTHORITY\SYSTEM</Param>","<DataItem type=""System.XmlData"" time=""2023-05-01T10:33:41.0632412+00:00"" sourceHealthServiceId=""CF1209A0-2624-0566-5F2A-730DF513CC05""><EventData xmlns=""http://schemas.microsoft.com/win/2004/08/events/event""><Data Name=""RuleName"">Attack=T1021.003,Technique=Distributed Component Object Model,Tactic=Lateral Movement,DS=Process: Process Creation,Level=0,Desc=DCOM Launch</Data><Data Name=""UtcTime"">2023-05-01 10:33:41.058</Data><Data Name=""ProcessGuid"">{d5540b43-9585-644f-9802-000000000700}</Data><Data Name=""ProcessId"">740</Data><Data Name=""Image"">C:\Windows\System32\RuntimeBroker.exe</Data><Data Name=""FileVersion"">10.0.19041.746 (WinBuild.160101.0800)</Data><Data Name=""Description"">Runtime Broker</Data><Data Name=""Product"">Microsoft® Windows® Operating System</Data><Data Name=""Company"">Microsoft Corporation</Data><Data Name=""OriginalFileName"">RuntimeBroker.exe</Data><Data Name=""CommandLine"">C:\Windows\System32\RuntimeBroker.exe -Embedding</Data><Data Name=""CurrentDirectory"">C:\Windows\system32\</Data><Data Name=""User"">win10-2\azureuser</Data><Data Name=""LogonGuid"">{d5540b43-8df1-644f-2db9-060000000000}</Data><Data Name=""LogonId"">0x6b92d</Data><Data Name=""TerminalSessionId"">2</Data><Data Name=""IntegrityLevel"">High</Data><Data Name=""Hashes"">SHA1=AB8539EF6B2A93FF9589DEC4B34A0257B6296C92,MD5=BA4CFE6461AFA1004C52F19C8F2169DC,SHA256=E86870769EE6C797E09457BD99C58D9BF2303CF0193A24EF9B1222C2C3DAF628,IMPHASH=D4D98ACF3243E0C97C83C6548571A44E</Data><Data Name=""ParentProcessGuid"">{d5540b43-8db6-644f-0d00-000000000700}</Data><Data Name=""ParentProcessId"">840</Data><Data Name=""ParentImage"">C:\Windows\System32\svchost.exe</Data><Data Name=""ParentCommandLine"">C:\Windows\system32\svchost.exe -k DcomLaunch -p</Data><Data Name=""ParentUser"">NT AUTHORITY\SYSTEM</Data></EventData></DataItem>",1,"Process Create: RuleName: Attack=T1021.003,Technique=Distributed Component Object Model,Tactic=Lateral Movement,DS=Process: Process Creation,Level=0,Desc=DCOM Launch UtcTime: 2023-05-01 10:33:41.058 ProcessGuid: {D5540B43-9585-644F-9802-000000000700} ProcessId: 740 Image: C:\Windows\System32\RuntimeBroker.exe FileVersion: 10.0.19041.746 (WinBuild.160101.0800) Description: Runtime Broker Product: Microsoft® Windows® Operating System Company: Microsoft Corporation OriginalFileName: RuntimeBroker.exe CommandLine: C:\Windows\System32\RuntimeBroker.exe -Embedding CurrentDirectory: C:\Windows\system32\ User: win10-2\azureuser LogonGuid: {D5540B43-8DF1-644F-2DB9-060000000000} LogonId: 0x6b92d TerminalSessionId: 2 IntegrityLevel: High Hashes: SHA1=AB8539EF6B2A93FF9589DEC4B34A0257B6296C92,MD5=BA4CFE6461AFA1004C52F19C8F2169DC,SHA256=E86870769EE6C797E09457BD99C58D9BF2303CF0193A24EF9B1222C2C3DAF628,IMPHASH=D4D98ACF3243E0C97C83C6548571A44E ParentProcessGuid: {D5540B43-8DB6-644F-0D00-000000000700} ParentProcessId: 840 ParentImage: C:\Windows\System32\svchost.exe ParentCommandLine: C:\Windows\system32\svchost.exe -k DcomLaunch -p ParentUser: NT AUTHORITY\SYSTEM ",,,1,NT AUTHORITY\SYSTEM,,00000000-0000-0000-0000-000000000001,AOI-39743c52-8e86-43b1-987e-cc5d848ecce7,Event,/subscriptions/9ecb8278-6c96-45d4-a456-c17f6976425f/resourcegroups/test_1/providers/microsoft.compute/virtualmachines/win10-2
39743c52-8e86-43b1-987e-cc5d848ecce7,OpsManager,2023-05-01T10:33:41.7423418Z,Microsoft-Windows-Sysmon,Microsoft-Windows-Sysmon/Operational,win10-2,4,Information,"<Param>Attack=None,Technique=None,Tactic=None,DS=Process: Process Creation,Level=0,Desc=SVCHost Processes</Param><Param>2023-05-01 10:33:41.732</Param><Param>{D5540B43-9585-644F-9902-000000000700}</Param><Param>3916</Param><Param>C:\Windows\System32\svchost.exe</Param><Param>10.0.19041.1806 (WinBuild.160101.0800)</Param><Param>Host Process for Windows Services</Param><Param>Microsoft® Windows® Operating System</Param><Param>Microsoft Corporation</Param><Param>svchost.exe</Param><Param>C:\Windows\System32\svchost.exe -k LocalService -p -s LicenseManager</Param><Param>C:\Windows\system32\</Param><Param>NT AUTHORITY\LOCAL SERVICE</Param><Param>{D5540B43-8DB6-644F-E503-000000000000}</Param><Param>0x3e5</Param><Param>0</Param><Param>System</Param><Param>SHA1=1BC5066DDF693FC034D6514618854E26A84FD0D1,MD5=B7F884C1B74A263F746EE12A5F7C9F6A,SHA256=ADD683A6910ABBBF0E28B557FAD0BA998166394932AE2ACA069D9AA19EA8FE88,IMPHASH=247B9220E5D9B720A82B2C8B5069AD69</Param><Param>{D5540B43-8DB6-644F-0B00-000000000700}</Param><Param>720</Param><Param>C:\Windows\System32\services.exe</Param><Param>C:\Windows\system32\services.exe</Param><Param>NT AUTHORITY\SYSTEM</Param>","<DataItem type=""System.XmlData"" time=""2023-05-01T10:33:41.7423418+00:00"" sourceHealthServiceId=""CF1209A0-2624-0566-5F2A-730DF513CC05""><EventData xmlns=""http://schemas.microsoft.com/win/2004/08/events/event""><Data Name=""RuleName"">Attack=None,Technique=None,Tactic=None,DS=Process: Process Creation,Level=0,Desc=SVCHost Processes</Data><Data Name=""UtcTime"">2023-05-01 10:33:41.732</Data><Data Name=""ProcessGuid"">{d5540b43-9585-644f-9902-000000000700}</Data><Data Name=""ProcessId"">3916</Data><Data Name=""Image"">C:\Windows\System32\svchost.exe</Data><Data Name=""FileVersion"">10.0.19041.1806 (WinBuild.160101.0800)</Data><Data Name=""Description"">Host Process for Windows Services</Data><Data Name=""Product"">Microsoft® Windows® Operating System</Data><Data Name=""Company"">Microsoft Corporation</Data><Data Name=""OriginalFileName"">svchost.exe</Data><Data Name=""CommandLine"">C:\Windows\System32\svchost.exe -k LocalService -p -s LicenseManager</Data><Data Name=""CurrentDirectory"">C:\Windows\system32\</Data><Data Name=""User"">NT AUTHORITY\LOCAL SERVICE</Data><Data Name=""LogonGuid"">{d5540b43-8db6-644f-e503-000000000000}</Data><Data Name=""LogonId"">0x3e5</Data><Data Name=""TerminalSessionId"">0</Data><Data Name=""IntegrityLevel"">System</Data><Data Name=""Hashes"">SHA1=1BC5066DDF693FC034D6514618854E26A84FD0D1,MD5=B7F884C1B74A263F746EE12A5F7C9F6A,SHA256=ADD683A6910ABBBF0E28B557FAD0BA998166394932AE2ACA069D9AA19EA8FE88,IMPHASH=247B9220E5D9B720A82B2C8B5069AD69</Data><Data Name=""ParentProcessGuid"">{d5540b43-8db6-644f-0b00-000000000700}</Data><Data Name=""ParentProcessId"">720</Data><Data Name=""ParentImage"">C:\Windows\System32\services.exe</Data><Data Name=""ParentCommandLine"">C:\Windows\system32\services.exe</Data><Data Name=""ParentUser"">NT AUTHORITY\SYSTEM</Data></EventData></DataItem>",1,"Process Create: RuleName: Attack=None,Technique=None,Tactic=None,DS=Process: Process Creation,Level=0,Desc=SVCHost Processes UtcTime: 2023-05-01 10:33:41.732 ProcessGuid: {D5540B43-9585-644F-9902-000000000700} ProcessId: 3916 Image: C:\Windows\System32\svchost.exe FileVersion: 10.0.19041.1806 (WinBuild.160101.0800) Description: Host Process for Windows Services Product: Microsoft® Windows® Operating System Company: Microsoft Corporation OriginalFileName: svchost.exe CommandLine: C:\Windows\System32\svchost.exe -k LocalService -p -s LicenseManager CurrentDirectory: C:\Windows\system32\ User: NT AUTHORITY\LOCAL SERVICE LogonGuid: {D5540B43-8DB6-644F-E503-000000000000} LogonId: 0x3e5 TerminalSessionId: 0 IntegrityLevel: System Hashes: SHA1=1BC5066DDF693FC034D6514618854E26A84FD0D1,MD5=B7F884C1B74A263F746EE12A5F7C9F6A,SHA256=ADD683A6910ABBBF0E28B557FAD0BA998166394932AE2ACA069D9AA19EA8FE88,IMPHASH=247B9220E5D9B720A82B2C8B5069AD69 ParentProcessGuid: {D5540B43-8DB6-644F-0B00-000000000700} ParentProcessId: 720 ParentImage: C:\Windows\System32\services.exe ParentCommandLine: C:\Windows\system32\services.exe ParentUser: NT AUTHORITY\SYSTEM ",,,1,NT AUTHORITY\SYSTEM,,00000000-0000-0000-0000-000000000001,AOI-39743c52-8e86-43b1-987e-cc5d848ecce7,Event,/subscriptions/9ecb8278-6c96-45d4-a456-c17f6976425f/resourcegroups/test_1/providers/microsoft.compute/virtualmachines/win10-2
39743c52-8e86-43b1-987e-cc5d848ecce7,OpsManager,2023-05-01T10:33:41.9977871Z,Microsoft-Windows-Sysmon,Microsoft-Windows-Sysmon/Operational,win10-2,4,Information,"<Param>Attack=None,Technique=None,Tactic=None,DS=Process: Process Creation,Level=0,Desc=SVCHost Processes</Param><Param>2023-05-01 10:33:41.992</Param><Param>{D5540B43-9585-644F-9A02-000000000700}</Param><Param>7564</Param><Param>C:\Windows\System32\svchost.exe</Param><Param>10.0.19041.1806 (WinBuild.160101.0800)</Param><Param>Host Process for Windows Services</Param><Param>Microsoft® Windows® Operating System</Param><Param>Microsoft Corporation</Param><Param>svchost.exe</Param><Param>C:\Windows\System32\svchost.exe -k wsappx -p -s ClipSVC</Param><Param>C:\Windows\system32\</Param><Param>NT AUTHORITY\SYSTEM</Param><Param>{D5540B43-8DB6-644F-E703-000000000000}</Param><Param>0x3e7</Param><Param>0</Param><Param>System</Param><Param>SHA1=1BC5066DDF693FC034D6514618854E26A84FD0D1,MD5=B7F884C1B74A263F746EE12A5F7C9F6A,SHA256=ADD683A6910ABBBF0E28B557FAD0BA998166394932AE2ACA069D9AA19EA8FE88,IMPHASH=247B9220E5D9B720A82B2C8B5069AD69</Param><Param>{D5540B43-8DB6-644F-0B00-000000000700}</Param><Param>720</Param><Param>C:\Windows\System32\services.exe</Param><Param>C:\Windows\system32\services.exe</Param><Param>NT AUTHORITY\SYSTEM</Param>","<DataItem type=""System.XmlData"" time=""2023-05-01T10:33:41.9977871+00:00"" sourceHealthServiceId=""CF1209A0-2624-0566-5F2A-730DF513CC05""><EventData xmlns=""http://schemas.microsoft.com/win/2004/08/events/event""><Data Name=""RuleName"">Attack=None,Technique=None,Tactic=None,DS=Process: Process Creation,Level=0,Desc=SVCHost Processes</Data><Data Name=""UtcTime"">2023-05-01 10:33:41.992</Data><Data Name=""ProcessGuid"">{d5540b43-9585-644f-9a02-000000000700}</Data><Data Name=""ProcessId"">7564</Data><Data Name=""Image"">C:\Windows\System32\svchost.exe</Data><Data Name=""FileVersion"">10.0.19041.1806 (WinBuild.160101.0800)</Data><Data Name=""Description"">Host Process for Windows Services</Data><Data Name=""Product"">Microsoft® Windows® Operating System</Data><Data Name=""Company"">Microsoft Corporation</Data><Data Name=""OriginalFileName"">svchost.exe</Data><Data Name=""CommandLine"">C:\Windows\System32\svchost.exe -k wsappx -p -s ClipSVC</Data><Data Name=""CurrentDirectory"">C:\Windows\system32\</Data><Data Name=""User"">NT AUTHORITY\SYSTEM</Data><Data Name=""LogonGuid"">{d5540b43-8db6-644f-e703-000000000000}</Data><Data Name=""LogonId"">0x3e7</Data><Data Name=""TerminalSessionId"">0</Data><Data Name=""IntegrityLevel"">System</Data><Data Name=""Hashes"">SHA1=1BC5066DDF693FC034D6514618854E26A84FD0D1,MD5=B7F884C1B74A263F746EE12A5F7C9F6A,SHA256=ADD683A6910ABBBF0E28B557FAD0BA998166394932AE2ACA069D9AA19EA8FE88,IMPHASH=247B9220E5D9B720A82B2C8B5069AD69</Data><Data Name=""ParentProcessGuid"">{d5540b43-8db6-644f-0b00-000000000700}</Data><Data Name=""ParentProcessId"">720</Data><Data Name=""ParentImage"">C:\Windows\System32\services.exe</Data><Data Name=""ParentCommandLine"">C:\Windows\system32\services.exe</Data><Data Name=""ParentUser"">NT AUTHORITY\SYSTEM</Data></EventData></DataItem>",1,"Process Create: RuleName: Attack=None,Technique=None,Tactic=None,DS=Process: Process Creation,Level=0,Desc=SVCHost Processes UtcTime: 2023-05-01 10:33:41.992 ProcessGuid: {D5540B43-9585-644F-9A02-000000000700} ProcessId: 7564 Image: C:\Windows\System32\svchost.exe FileVersion: 10.0.19041.1806 (WinBuild.160101.0800) Description: Host Process for Windows Services Product: Microsoft® Windows® Operating System Company: Microsoft Corporation OriginalFileName: svchost.exe CommandLine: C:\Windows\System32\svchost.exe -k wsappx -p -s ClipSVC CurrentDirectory: C:\Windows\system32\ User: NT AUTHORITY\SYSTEM LogonGuid: {D5540B43-8DB6-644F-E703-000000000000} LogonId: 0x3e7 TerminalSessionId: 0 IntegrityLevel: System Hashes: SHA1=1BC5066DDF693FC034D6514618854E26A84FD0D1,MD5=B7F884C1B74A263F746EE12A5F7C9F6A,SHA256=ADD683A6910ABBBF0E28B557FAD0BA998166394932AE2ACA069D9AA19EA8FE88,IMPHASH=247B9220E5D9B720A82B2C8B5069AD69 ParentProcessGuid: {D5540B43-8DB6-644F-0B00-000000000700} ParentProcessId: 720 ParentImage: C:\Windows\System32\services.exe ParentCommandLine: C:\Windows\system32\services.exe ParentUser: NT AUTHORITY\SYSTEM ",,,1,NT AUTHORITY\SYSTEM,,00000000-0000-0000-0000-000000000001,AOI-39743c52-8e86-43b1-987e-cc5d848ecce7,Event,/subscriptions/9ecb8278-6c96-45d4-a456-c17f6976425f/resourcegroups/test_1/providers/microsoft.compute/virtualmachines/win10-2
39743c52-8e86-43b1-987e-cc5d848ecce7,OpsManager,2023-05-01T10:33:42.80413Z,Microsoft-Windows-Sysmon,Microsoft-Windows-Sysmon/Operational,win10-2,4,Information,<Param>RG=FileCreate Include Group</Param><Param>2023-05-01 10:33:42.796</Param><Param>{D5540B43-8E51-644F-1B01-000000000700}</Param><Param>5248</Param><Param>C:\WindowsAzure\GuestAgent_2.7.41491.1083_2023-05-01_100201\WindowsAzureGuestAgent.exe</Param><Param>C:\WindowsAzure\Logs\AggregateStatus\aggregatestatus.json</Param><Param>2023-05-01 10:02:30.767</Param><Param>NT AUTHORITY\SYSTEM</Param>,"<DataItem type=""System.XmlData"" time=""2023-05-01T10:33:42.8041300+00:00"" sourceHealthServiceId=""CF1209A0-2624-0566-5F2A-730DF513CC05""><EventData xmlns=""http://schemas.microsoft.com/win/2004/08/events/event""><Data Name=""RuleName"">RG=FileCreate Include Group</Data><Data Name=""UtcTime"">2023-05-01 10:33:42.796</Data><Data Name=""ProcessGuid"">{d5540b43-8e51-644f-1b01-000000000700}</Data><Data Name=""ProcessId"">5248</Data><Data Name=""Image"">C:\WindowsAzure\GuestAgent_2.7.41491.1083_2023-05-01_100201\WindowsAzureGuestAgent.exe</Data><Data Name=""TargetFilename"">C:\WindowsAzure\Logs\AggregateStatus\aggregatestatus.json</Data><Data Name=""CreationUtcTime"">2023-05-01 10:02:30.767</Data><Data Name=""User"">NT AUTHORITY\SYSTEM</Data></EventData></DataItem>",11,File created: RuleName: RG=FileCreate Include Group UtcTime: 2023-05-01 10:33:42.796 ProcessGuid: {D5540B43-8E51-644F-1B01-000000000700} ProcessId: 5248 Image: C:\WindowsAzure\GuestAgent_2.7.41491.1083_2023-05-01_100201\WindowsAzureGuestAgent.exe TargetFilename: C:\WindowsAzure\Logs\AggregateStatus\aggregatestatus.json CreationUtcTime: 2023-05-01 10:02:30.767 User: NT AUTHORITY\SYSTEM ,,,11,NT AUTHORITY\SYSTEM,,00000000-0000-0000-0000-000000000001,AOI-39743c52-8e86-43b1-987e-cc5d848ecce7,Event,/subscriptions/9ecb8278-6c96-45d4-a456-c17f6976425f/resourcegroups/test_1/providers/microsoft.compute/virtualmachines/win10-2
39743c52-8e86-43b1-987e-cc5d848ecce7,OpsManager,2023-05-01T10:33:43.1590813Z,Microsoft-Windows-Sysmon,Microsoft-Windows-Sysmon/Operational,win10-2,4,Information,"<Param>Attack=None,Technique=None,Tactic=None,DS=Network Traffic: Network Connection Creation,Level=0,Desc=Non-Browsers Accessing HTTP</Param><Param>2023-05-01 10:33:41.917</Param><Param>{D5540B43-8E51-644F-1B01-000000000700}</Param><Param>5248</Param><Param>C:\WindowsAzure\GuestAgent_2.7.41491.1083_2023-05-01_100201\WindowsAzureGuestAgent.exe</Param><Param>NT AUTHORITY\SYSTEM</Param><Param>tcp</Param><Param>TRUE</Param><Param>FALSE</Param><Param>10.0.0.12</Param><Param>win10-2.n2lktqibtimupkzgx0j3ic54pc.hx.internal.cloudapp.net</Param><Param>50273</Param><Param>-</Param><Param>FALSE</Param><Param>168.63.129.16</Param><Param>-</Param><Param>80</Param><Param>http</Param>","<DataItem type=""System.XmlData"" time=""2023-05-01T10:33:43.1590813+00:00"" sourceHealthServiceId=""CF1209A0-2624-0566-5F2A-730DF513CC05""><EventData xmlns=""http://schemas.microsoft.com/win/2004/08/events/event""><Data Name=""RuleName"">Attack=None,Technique=None,Tactic=None,DS=Network Traffic: Network Connection Creation,Level=0,Desc=Non-Browsers Accessing HTTP</Data><Data Name=""UtcTime"">2023-05-01 10:33:41.917</Data><Data Name=""ProcessGuid"">{d5540b43-8e51-644f-1b01-000000000700}</Data><Data Name=""ProcessId"">5248</Data><Data Name=""Image"">C:\WindowsAzure\GuestAgent_2.7.41491.1083_2023-05-01_100201\WindowsAzureGuestAgent.exe</Data><Data Name=""User"">NT AUTHORITY\SYSTEM</Data><Data Name=""Protocol"">tcp</Data><Data Name=""Initiated"">true</Data><Data Name=""SourceIsIpv6"">false</Data><Data Name=""SourceIp"">10.0.0.12</Data><Data Name=""SourceHostname"">win10-2.n2lktqibtimupkzgx0j3ic54pc.hx.internal.cloudapp.net</Data><Data Name=""SourcePort"">50273</Data><Data Name=""SourcePortName"">-</Data><Data Name=""DestinationIsIpv6"">false</Data><Data Name=""DestinationIp"">168.63.129.16</Data><Data Name=""DestinationHostname"">-</Data><Data Name=""DestinationPort"">80</Data><Data Name=""DestinationPortName"">http</Data></EventData></DataItem>",3,"Network connection detected: RuleName: Attack=None,Technique=None,Tactic=None,DS=Network Traffic: Network Connection Creation,Level=0,Desc=Non-Browsers Accessing HTTP UtcTime: 2023-05-01 10:33:41.917 ProcessGuid: {D5540B43-8E51-644F-1B01-000000000700} ProcessId: 5248 Image: C:\WindowsAzure\GuestAgent_2.7.41491.1083_2023-05-01_100201\WindowsAzureGuestAgent.exe User: NT AUTHORITY\SYSTEM Protocol: tcp Initiated: TRUE SourceIsIpv6: FALSE SourceIp: 10.0.0.12 SourceHostname: win10-2.n2lktqibtimupkzgx0j3ic54pc.hx.internal.cloudapp.net SourcePort: 50273 SourcePortName: - DestinationIsIpv6: FALSE DestinationIp: 168.63.129.16 DestinationHostname: - DestinationPort: 80 DestinationPortName: http ",,,3,NT AUTHORITY\SYSTEM,,00000000-0000-0000-0000-000000000001,AOI-39743c52-8e86-43b1-987e-cc5d848ecce7,Event,/subscriptions/9ecb8278-6c96-45d4-a456-c17f6976425f/resourcegroups/test_1/providers/microsoft.compute/virtualmachines/win10-2
39743c52-8e86-43b1-987e-cc5d848ecce7,OpsManager,2023-05-01T10:33:45.5095154Z,Microsoft-Windows-Sysmon,Microsoft-Windows-Sysmon/Operational,win10-2,4,Information,"<Param>Attack=None,Technique=None,Tactic=None,DS=Windows Registry: Windows Registry Key Modification,Level=0,Desc=CurrentVersion Shell Keys</Param><Param>CreateKey</Param><Param>2023-05-01 10:33:45.468</Param><Param>{D5540B43-8DB6-644F-1200-000000000700}</Param><Param>588</Param><Param>C:\Windows\system32\LogonUI.exe</Param><Param>HKU\.DEFAULT\Software\Microsoft\Windows\CurrentVersion\Shell Extensions\Cached</Param><Param>NT AUTHORITY\SYSTEM</Param>","<DataItem type=""System.XmlData"" time=""2023-05-01T10:33:45.5095154+00:00"" sourceHealthServiceId=""CF1209A0-2624-0566-5F2A-730DF513CC05""><EventData xmlns=""http://schemas.microsoft.com/win/2004/08/events/event""><Data Name=""RuleName"">Attack=None,Technique=None,Tactic=None,DS=Windows Registry: Windows Registry Key Modification,Level=0,Desc=CurrentVersion Shell Keys</Data><Data Name=""EventType"">CreateKey</Data><Data Name=""UtcTime"">2023-05-01 10:33:45.468</Data><Data Name=""ProcessGuid"">{d5540b43-8db6-644f-1200-000000000700}</Data><Data Name=""ProcessId"">588</Data><Data Name=""Image"">C:\Windows\system32\LogonUI.exe</Data><Data Name=""TargetObject"">HKU\.DEFAULT\Software\Microsoft\Windows\CurrentVersion\Shell Extensions\Cached</Data><Data Name=""User"">NT AUTHORITY\SYSTEM</Data></EventData></DataItem>",12,"Registry object added or deleted: RuleName: Attack=None,Technique=None,Tactic=None,DS=Windows Registry: Windows Registry Key Modification,Level=0,Desc=CurrentVersion Shell Keys EventType: CreateKey UtcTime: 2023-05-01 10:33:45.468 ProcessGuid: {D5540B43-8DB6-644F-1200-000000000700} ProcessId: 588 Image: C:\Windows\system32\LogonUI.exe TargetObject: HKU\.DEFAULT\Software\Microsoft\Windows\CurrentVersion\Shell Extensions\Cached User: NT AUTHORITY\SYSTEM ",,,12,NT AUTHORITY\SYSTEM,,00000000-0000-0000-0000-000000000001,AOI-39743c52-8e86-43b1-987e-cc5d848ecce7,Event,/subscriptions/9ecb8278-6c96-45d4-a456-c17f6976425f/resourcegroups/test_1/providers/microsoft.compute/virtualmachines/win10-2
39743c52-8e86-43b1-987e-cc5d848ecce7,OpsManager,2023-05-01T10:33:45.5099263Z,Microsoft-Windows-Sysmon,Microsoft-Windows-Sysmon/Operational,win10-2,4,Information,"<Param>Attack=None,Technique=None,Tactic=None,DS=Windows Registry: Windows Registry Key Modification,Level=0,Desc=CurrentVersion Shell Keys</Param><Param>SetValue</Param><Param>2023-05-01 10:33:45.468</Param><Param>{D5540B43-8DB6-644F-1200-000000000700}</Param><Param>588</Param><Param>C:\Windows\system32\LogonUI.exe</Param><Param>HKU\.DEFAULT\Software\Microsoft\Windows\CurrentVersion\Shell Extensions\Cached\{40DD6E20-7C17-11CE-A804-00AA003CA9F6} {000214FC-0000-0000-C000-000000000046} 0xFFFF</Param><Param>Binary Data</Param><Param>NT AUTHORITY\SYSTEM</Param>","<DataItem type=""System.XmlData"" time=""2023-05-01T10:33:45.5099263+00:00"" sourceHealthServiceId=""CF1209A0-2624-0566-5F2A-730DF513CC05""><EventData xmlns=""http://schemas.microsoft.com/win/2004/08/events/event""><Data Name=""RuleName"">Attack=None,Technique=None,Tactic=None,DS=Windows Registry: Windows Registry Key Modification,Level=0,Desc=CurrentVersion Shell Keys</Data><Data Name=""EventType"">SetValue</Data><Data Name=""UtcTime"">2023-05-01 10:33:45.468</Data><Data Name=""ProcessGuid"">{d5540b43-8db6-644f-1200-000000000700}</Data><Data Name=""ProcessId"">588</Data><Data Name=""Image"">C:\Windows\system32\LogonUI.exe</Data><Data Name=""TargetObject"">HKU\.DEFAULT\Software\Microsoft\Windows\CurrentVersion\Shell Extensions\Cached\{40DD6E20-7C17-11CE-A804-00AA003CA9F6} {000214FC-0000-0000-C000-000000000046} 0xFFFF</Data><Data Name=""Details"">Binary Data</Data><Data Name=""User"">NT AUTHORITY\SYSTEM</Data></EventData></DataItem>",13,"Registry value set: RuleName: Attack=None,Technique=None,Tactic=None,DS=Windows Registry: Windows Registry Key Modification,Level=0,Desc=CurrentVersion Shell Keys EventType: SetValue UtcTime: 2023-05-01 10:33:45.468 ProcessGuid: {D5540B43-8DB6-644F-1200-000000000700} ProcessId: 588 Image: C:\Windows\system32\LogonUI.exe TargetObject: HKU\.DEFAULT\Software\Microsoft\Windows\CurrentVersion\Shell Extensions\Cached\{40DD6E20-7C17-11CE-A804-00AA003CA9F6} {000214FC-0000-0000-C000-000000000046} 0xFFFF Details: Binary Data User: NT AUTHORITY\SYSTEM ",,,13,NT AUTHORITY\SYSTEM,,00000000-0000-0000-0000-000000000001,AOI-39743c52-8e86-43b1-987e-cc5d848ecce7,Event,/subscriptions/9ecb8278-6c96-45d4-a456-c17f6976425f/resourcegroups/test_1/providers/microsoft.compute/virtualmachines/win10-2
39743c52-8e86-43b1-987e-cc5d848ecce7,OpsManager,2023-05-01T10:33:45.5684784Z,Microsoft-Windows-Sysmon,Microsoft-Windows-Sysmon/Operational,win10-2,4,Information,"<Param>Attack=None,Technique=None,Tactic=None,DS=File: File Creation,Level=0,Desc=Recycle bin files created</Param><Param>2023-05-01 10:33:45.562</Param><Param>{D5540B43-8DB6-644F-1200-000000000700}</Param><Param>588</Param><Param>C:\Windows\system32\LogonUI.exe</Param><Param>C:\$Recycle.Bin\S-1-5-18</Param><Param>2023-05-01 10:33:45.562</Param><Param>NT AUTHORITY\SYSTEM</Param>","<DataItem type=""System.XmlData"" time=""2023-05-01T10:33:45.5684784+00:00"" sourceHealthServiceId=""CF1209A0-2624-0566-5F2A-730DF513CC05""><EventData xmlns=""http://schemas.microsoft.com/win/2004/08/events/event""><Data Name=""RuleName"">Attack=None,Technique=None,Tactic=None,DS=File: File Creation,Level=0,Desc=Recycle bin files created</Data><Data Name=""UtcTime"">2023-05-01 10:33:45.562</Data><Data Name=""ProcessGuid"">{d5540b43-8db6-644f-1200-000000000700}</Data><Data Name=""ProcessId"">588</Data><Data Name=""Image"">C:\Windows\system32\LogonUI.exe</Data><Data Name=""TargetFilename"">C:\$Recycle.Bin\S-1-5-18</Data><Data Name=""CreationUtcTime"">2023-05-01 10:33:45.562</Data><Data Name=""User"">NT AUTHORITY\SYSTEM</Data></EventData></DataItem>",11,"File created: RuleName: Attack=None,Technique=None,Tactic=None,DS=File: File Creation,Level=0,Desc=Recycle bin files created UtcTime: 2023-05-01 10:33:45.562 ProcessGuid: {D5540B43-8DB6-644F-1200-000000000700} ProcessId: 588 Image: C:\Windows\system32\LogonUI.exe TargetFilename: C:\$Recycle.Bin\S-1-5-18 CreationUtcTime: 2023-05-01 10:33:45.562 User: NT AUTHORITY\SYSTEM ",,,11,NT AUTHORITY\SYSTEM,,00000000-0000-0000-0000-000000000001,AOI-39743c52-8e86-43b1-987e-cc5d848ecce7,Event,/subscriptions/9ecb8278-6c96-45d4-a456-c17f6976425f/resourcegroups/test_1/providers/microsoft.compute/virtualmachines/win10-2
39743c52-8e86-43b1-987e-cc5d848ecce7,OpsManager,2023-05-01T10:33:45.5719206Z,Microsoft-Windows-Sysmon,Microsoft-Windows-Sysmon/Operational,win10-2,4,Information,"<Param>Attack=None,Technique=None,Tactic=None,DS=File: File Creation,Level=0,Desc=Recycle bin files created</Param><Param>2023-05-01 10:33:45.562</Param><Param>{D5540B43-8DB6-644F-1200-000000000700}</Param><Param>588</Param><Param>C:\Windows\system32\LogonUI.exe</Param><Param>C:\$Recycle.Bin\S-1-5-18\desktop.ini</Param><Param>2023-05-01 10:33:45.562</Param><Param>NT AUTHORITY\SYSTEM</Param>","<DataItem type=""System.XmlData"" time=""2023-05-01T10:33:45.5719206+00:00"" sourceHealthServiceId=""CF1209A0-2624-0566-5F2A-730DF513CC05""><EventData xmlns=""http://schemas.microsoft.com/win/2004/08/events/event""><Data Name=""RuleName"">Attack=None,Technique=None,Tactic=None,DS=File: File Creation,Level=0,Desc=Recycle bin files created</Data><Data Name=""UtcTime"">2023-05-01 10:33:45.562</Data><Data Name=""ProcessGuid"">{d5540b43-8db6-644f-1200-000000000700}</Data><Data Name=""ProcessId"">588</Data><Data Name=""Image"">C:\Windows\system32\LogonUI.exe</Data><Data Name=""TargetFilename"">C:\$Recycle.Bin\S-1-5-18\desktop.ini</Data><Data Name=""CreationUtcTime"">2023-05-01 10:33:45.562</Data><Data Name=""User"">NT AUTHORITY\SYSTEM</Data></EventData></DataItem>",11,"File created: RuleName: Attack=None,Technique=None,Tactic=None,DS=File: File Creation,Level=0,Desc=Recycle bin files created UtcTime: 2023-05-01 10:33:45.562 ProcessGuid: {D5540B43-8DB6-644F-1200-000000000700} ProcessId: 588 Image: C:\Windows\system32\LogonUI.exe TargetFilename: C:\$Recycle.Bin\S-1-5-18\desktop.ini CreationUtcTime: 2023-05-01 10:33:45.562 User: NT AUTHORITY\SYSTEM ",,,11,NT AUTHORITY\SYSTEM,,00000000-0000-0000-0000-000000000001,AOI-39743c52-8e86-43b1-987e-cc5d848ecce7,Event,/subscriptions/9ecb8278-6c96-45d4-a456-c17f6976425f/resourcegroups/test_1/providers/microsoft.compute/virtualmachines/win10-2
39743c52-8e86-43b1-987e-cc5d848ecce7,OpsManager,2023-05-01T10:33:47.104102Z,Microsoft-Windows-Sysmon,Microsoft-Windows-Sysmon/Operational,win10-2,4,Information,"<Param>Attack=T1021.003,Technique=Distributed Component Object Model,Tactic=Lateral Movement,DS=Process: Process Creation,Level=0,Desc=DCOM Launch</Param><Param>2023-05-01 10:33:47.088</Param><Param>{D5540B43-958B-644F-9B02-000000000700}</Param><Param>732</Param><Param>C:\Program Files\WindowsApps\Microsoft.SkypeApp_14.53.77.0_x64__kzf8qxf38zg5c\SkypeBackgroundHost.exe</Param><Param>8.53.0.77</Param><Param>Microsoft Skype</Param><Param>Microsoft® Skype</Param><Param>Microsoft Corporation</Param><Param>SkypeBackgroundHost.exe</Param><Param>""C:\Program Files\WindowsApps\Microsoft.SkypeApp_14.53.77.0_x64__kzf8qxf38zg5c\SkypeBackgroundHost.exe"" -ServerName:SkypeBackgroundHost</Param><Param>C:\Program Files\WindowsApps\Microsoft.SkypeApp_14.53.77.0_x64__kzf8qxf38zg5c\</Param><Param>win10-2\azureuser</Param><Param>{D5540B43-8DF1-644F-2DB9-060000000000}</Param><Param>0x6b92d</Param><Param>2</Param><Param>AppContainer</Param><Param>SHA1=A6CF5E455D2704276ED7331DFE1F7E580EA8794E,MD5=9B944A989DAB1AF5632DC302EEE9DD77,SHA256=076EA6F96AEA911A0175BE091D4028F71BC4570D4AAC20E2681C35CE992A66D7,IMPHASH=C20E97A387CEEC4069EA483F30269488</Param><Param>{D5540B43-8DB6-644F-0D00-000000000700}</Param><Param>840</Param><Param>C:\Windows\System32\svchost.exe</Param><Param>C:\Windows\system32\svchost.exe -k DcomLaunch -p</Param><Param>NT AUTHORITY\SYSTEM</Param>","<DataItem type=""System.XmlData"" time=""2023-05-01T10:33:47.1041020+00:00"" sourceHealthServiceId=""CF1209A0-2624-0566-5F2A-730DF513CC05""><EventData xmlns=""http://schemas.microsoft.com/win/2004/08/events/event""><Data Name=""RuleName"">Attack=T1021.003,Technique=Distributed Component Object Model,Tactic=Lateral Movement,DS=Process: Process Creation,Level=0,Desc=DCOM Launch</Data><Data Name=""UtcTime"">2023-05-01 10:33:47.088</Data><Data Name=""ProcessGuid"">{d5540b43-958b-644f-9b02-000000000700}</Data><Data Name=""ProcessId"">732</Data><Data Name=""Image"">C:\Program Files\WindowsApps\Microsoft.SkypeApp_14.53.77.0_x64__kzf8qxf38zg5c\SkypeBackgroundHost.exe</Data><Data Name=""FileVersion"">8.53.0.77</Data><Data Name=""Description"">Microsoft Skype</Data><Data Name=""Product"">Microsoft® Skype</Data><Data Name=""Company"">Microsoft Corporation</Data><Data Name=""OriginalFileName"">SkypeBackgroundHost.exe</Data><Data Name=""CommandLine"">""C:\Program Files\WindowsApps\Microsoft.SkypeApp_14.53.77.0_x64__kzf8qxf38zg5c\SkypeBackgroundHost.exe"" -ServerName:SkypeBackgroundHost</Data><Data Name=""CurrentDirectory"">C:\Program Files\WindowsApps\Microsoft.SkypeApp_14.53.77.0_x64__kzf8qxf38zg5c\</Data><Data Name=""User"">win10-2\azureuser</Data><Data Name=""LogonGuid"">{d5540b43-8df1-644f-2db9-060000000000}</Data><Data Name=""LogonId"">0x6b92d</Data><Data Name=""TerminalSessionId"">2</Data><Data Name=""IntegrityLevel"">AppContainer</Data><Data Name=""Hashes"">SHA1=A6CF5E455D2704276ED7331DFE1F7E580EA8794E,MD5=9B944A989DAB1AF5632DC302EEE9DD77,SHA256=076EA6F96AEA911A0175BE091D4028F71BC4570D4AAC20E2681C35CE992A66D7,IMPHASH=C20E97A387CEEC4069EA483F30269488</Data><Data Name=""ParentProcessGuid"">{d5540b43-8db6-644f-0d00-000000000700}</Data><Data Name=""ParentProcessId"">840</Data><Data Name=""ParentImage"">C:\Windows\System32\svchost.exe</Data><Data Name=""ParentCommandLine"">C:\Windows\system32\svchost.exe -k DcomLaunch -p</Data><Data Name=""ParentUser"">NT AUTHORITY\SYSTEM</Data></EventData></DataItem>",1,"Process Create: RuleName: Attack=T1021.003,Technique=Distributed Component Object Model,Tactic=Lateral Movement,DS=Process: Process Creation,Level=0,Desc=DCOM Launch UtcTime: 2023-05-01 10:33:47.088 ProcessGuid: {D5540B43-958B-644F-9B02-000000000700} ProcessId: 732 Image: C:\Program Files\WindowsApps\Microsoft.SkypeApp_14.53.77.0_x64__kzf8qxf38zg5c\SkypeBackgroundHost.exe FileVersion: 8.53.0.77 Description: Microsoft Skype Product: Microsoft® Skype Company: Microsoft Corporation OriginalFileName: SkypeBackgroundHost.exe CommandLine: ""C:\Program Files\WindowsApps\Microsoft.SkypeApp_14.53.77.0_x64__kzf8qxf38zg5c\SkypeBackgroundHost.exe"" -ServerName:SkypeBackgroundHost CurrentDirectory: C:\Program Files\WindowsApps\Microsoft.SkypeApp_14.53.77.0_x64__kzf8qxf38zg5c\ User: win10-2\azureuser LogonGuid: {D5540B43-8DF1-644F-2DB9-060000000000} LogonId: 0x6b92d TerminalSessionId: 2 IntegrityLevel: AppContainer Hashes: SHA1=A6CF5E455D2704276ED7331DFE1F7E580EA8794E,MD5=9B944A989DAB1AF5632DC302EEE9DD77,SHA256=076EA6F96AEA911A0175BE091D4028F71BC4570D4AAC20E2681C35CE992A66D7,IMPHASH=C20E97A387CEEC4069EA483F30269488 ParentProcessGuid: {D5540B43-8DB6-644F-0D00-000000000700} ParentProcessId: 840 ParentImage: C:\Windows\System32\svchost.exe ParentCommandLine: C:\Windows\system32\svchost.exe -k DcomLaunch -p ParentUser: NT AUTHORITY\SYSTEM ",,,1,NT AUTHORITY\SYSTEM,,00000000-0000-0000-0000-000000000001,AOI-39743c52-8e86-43b1-987e-cc5d848ecce7,Event,/subscriptions/9ecb8278-6c96-45d4-a456-c17f6976425f/resourcegroups/test_1/providers/microsoft.compute/virtualmachines/win10-2
39743c52-8e86-43b1-987e-cc5d848ecce7,OpsManager,2023-05-01T10:33:47.959132Z,Microsoft-Windows-Sysmon,Microsoft-Windows-Sysmon/Operational,win10-2,4,Information,"<Param>Attack=None,Technique=None,Tactic=None,DS=Process: Process Termination,Level=0,Desc=Process Termination Events in Windows Directory</Param><Param>2023-05-01 10:33:47.952</Param><Param>{D5540B43-9584-644F-9602-000000000700}</Param><Param>5132</Param><Param>C:\Windows\System32\backgroundTaskHost.exe</Param><Param>win10-2\azureuser</Param>","<DataItem type=""System.XmlData"" time=""2023-05-01T10:33:47.9591320+00:00"" sourceHealthServiceId=""CF1209A0-2624-0566-5F2A-730DF513CC05""><EventData xmlns=""http://schemas.microsoft.com/win/2004/08/events/event""><Data Name=""RuleName"">Attack=None,Technique=None,Tactic=None,DS=Process: Process Termination,Level=0,Desc=Process Termination Events in Windows Directory</Data><Data Name=""UtcTime"">2023-05-01 10:33:47.952</Data><Data Name=""ProcessGuid"">{d5540b43-9584-644f-9602-000000000700}</Data><Data Name=""ProcessId"">5132</Data><Data Name=""Image"">C:\Windows\System32\backgroundTaskHost.exe</Data><Data Name=""User"">win10-2\azureuser</Data></EventData></DataItem>",5,"Process terminated: RuleName: Attack=None,Technique=None,Tactic=None,DS=Process: Process Termination,Level=0,Desc=Process Termination Events in Windows Directory UtcTime: 2023-05-01 10:33:47.952 ProcessGuid: {D5540B43-9584-644F-9602-000000000700} ProcessId: 5132 Image: C:\Windows\System32\backgroundTaskHost.exe User: win10-2\azureuser ",,,5,NT AUTHORITY\SYSTEM,,00000000-0000-0000-0000-000000000001,AOI-39743c52-8e86-43b1-987e-cc5d848ecce7,Event,/subscriptions/9ecb8278-6c96-45d4-a456-c17f6976425f/resourcegroups/test_1/providers/microsoft.compute/virtualmachines/win10-2
39743c52-8e86-43b1-987e-cc5d848ecce7,OpsManager,2023-05-01T10:33:48.6249489Z,Microsoft-Windows-Sysmon,Microsoft-Windows-Sysmon/Operational,win10-2,4,Information,"<Param>Attack=None,Technique=None,Tactic=None,DS=Network Traffic: Network Connection Creation,Level=0,Desc=Non-Browsers Accessing HTTPS</Param><Param>2023-05-01 10:33:46.443</Param><Param>{D5540B43-9584-644F-9602-000000000700}</Param><Param>5132</Param><Param>C:\Windows\System32\backgroundTaskHost.exe</Param><Param>win10-2\azureuser</Param><Param>tcp</Param><Param>TRUE</Param><Param>FALSE</Param><Param>10.0.0.12</Param><Param>win10-2.n2lktqibtimupkzgx0j3ic54pc.hx.internal.cloudapp.net</Param><Param>50274</Param><Param>-</Param><Param>FALSE</Param><Param>40.74.78.229</Param><Param>-</Param><Param>443</Param><Param>https</Param>","<DataItem type=""System.XmlData"" time=""2023-05-01T10:33:48.6249489+00:00"" sourceHealthServiceId=""CF1209A0-2624-0566-5F2A-730DF513CC05""><EventData xmlns=""http://schemas.microsoft.com/win/2004/08/events/event""><Data Name=""RuleName"">Attack=None,Technique=None,Tactic=None,DS=Network Traffic: Network Connection Creation,Level=0,Desc=Non-Browsers Accessing HTTPS</Data><Data Name=""UtcTime"">2023-05-01 10:33:46.443</Data><Data Name=""ProcessGuid"">{d5540b43-9584-644f-9602-000000000700}</Data><Data Name=""ProcessId"">5132</Data><Data Name=""Image"">C:\Windows\System32\backgroundTaskHost.exe</Data><Data Name=""User"">win10-2\azureuser</Data><Data Name=""Protocol"">tcp</Data><Data Name=""Initiated"">true</Data><Data Name=""SourceIsIpv6"">false</Data><Data Name=""SourceIp"">10.0.0.12</Data><Data Name=""SourceHostname"">win10-2.n2lktqibtimupkzgx0j3ic54pc.hx.internal.cloudapp.net</Data><Data Name=""SourcePort"">50274</Data><Data Name=""SourcePortName"">-</Data><Data Name=""DestinationIsIpv6"">false</Data><Data Name=""DestinationIp"">40.74.78.229</Data><Data Name=""DestinationHostname"">-</Data><Data Name=""DestinationPort"">443</Data><Data Name=""DestinationPortName"">https</Data></EventData></DataItem>",3,"Network connection detected: RuleName: Attack=None,Technique=None,Tactic=None,DS=Network Traffic: Network Connection Creation,Level=0,Desc=Non-Browsers Accessing HTTPS UtcTime: 2023-05-01 10:33:46.443 ProcessGuid: {D5540B43-9584-644F-9602-000000000700} ProcessId: 5132 Image: C:\Windows\System32\backgroundTaskHost.exe User: win10-2\azureuser Protocol: tcp Initiated: TRUE SourceIsIpv6: FALSE SourceIp: 10.0.0.12 SourceHostname: win10-2.n2lktqibtimupkzgx0j3ic54pc.hx.internal.cloudapp.net SourcePort: 50274 SourcePortName: - DestinationIsIpv6: FALSE DestinationIp: 40.74.78.229 DestinationHostname: - DestinationPort: 443 DestinationPortName: https ",,,3,NT AUTHORITY\SYSTEM,,00000000-0000-0000-0000-000000000001,AOI-39743c52-8e86-43b1-987e-cc5d848ecce7,Event,/subscriptions/9ecb8278-6c96-45d4-a456-c17f6976425f/resourcegroups/test_1/providers/microsoft.compute/virtualmachines/win10-2
39743c52-8e86-43b1-987e-cc5d848ecce7,OpsManager,2023-05-01T10:33:48.6250937Z,Microsoft-Windows-Sysmon,Microsoft-Windows-Sysmon/Operational,win10-2,4,Information,"<Param>Attack=None,Technique=None,Tactic=None,DS=Network Traffic: Network Connection Creation,Level=0,Desc=Non-Browsers Accessing HTTPS</Param><Param>2023-05-01 10:33:46.865</Param><Param>{D5540B43-9584-644F-9602-000000000700}</Param><Param>5132</Param><Param>C:\Windows\System32\backgroundTaskHost.exe</Param><Param>win10-2\azureuser</Param><Param>tcp</Param><Param>TRUE</Param><Param>FALSE</Param><Param>10.0.0.12</Param><Param>win10-2.n2lktqibtimupkzgx0j3ic54pc.hx.internal.cloudapp.net</Param><Param>50275</Param><Param>-</Param><Param>FALSE</Param><Param>20.205.104.58</Param><Param>-</Param><Param>443</Param><Param>https</Param>","<DataItem type=""System.XmlData"" time=""2023-05-01T10:33:48.6250937+00:00"" sourceHealthServiceId=""CF1209A0-2624-0566-5F2A-730DF513CC05""><EventData xmlns=""http://schemas.microsoft.com/win/2004/08/events/event""><Data Name=""RuleName"">Attack=None,Technique=None,Tactic=None,DS=Network Traffic: Network Connection Creation,Level=0,Desc=Non-Browsers Accessing HTTPS</Data><Data Name=""UtcTime"">2023-05-01 10:33:46.865</Data><Data Name=""ProcessGuid"">{d5540b43-9584-644f-9602-000000000700}</Data><Data Name=""ProcessId"">5132</Data><Data Name=""Image"">C:\Windows\System32\backgroundTaskHost.exe</Data><Data Name=""User"">win10-2\azureuser</Data><Data Name=""Protocol"">tcp</Data><Data Name=""Initiated"">true</Data><Data Name=""SourceIsIpv6"">false</Data><Data Name=""SourceIp"">10.0.0.12</Data><Data Name=""SourceHostname"">win10-2.n2lktqibtimupkzgx0j3ic54pc.hx.internal.cloudapp.net</Data><Data Name=""SourcePort"">50275</Data><Data Name=""SourcePortName"">-</Data><Data Name=""DestinationIsIpv6"">false</Data><Data Name=""DestinationIp"">20.205.104.58</Data><Data Name=""DestinationHostname"">-</Data><Data Name=""DestinationPort"">443</Data><Data Name=""DestinationPortName"">https</Data></EventData></DataItem>",3,"Network connection detected: RuleName: Attack=None,Technique=None,Tactic=None,DS=Network Traffic: Network Connection Creation,Level=0,Desc=Non-Browsers Accessing HTTPS UtcTime: 2023-05-01 10:33:46.865 ProcessGuid: {D5540B43-9584-644F-9602-000000000700} ProcessId: 5132 Image: C:\Windows\System32\backgroundTaskHost.exe User: win10-2\azureuser Protocol: tcp Initiated: TRUE SourceIsIpv6: FALSE SourceIp: 10.0.0.12 SourceHostname: win10-2.n2lktqibtimupkzgx0j3ic54pc.hx.internal.cloudapp.net SourcePort: 50275 SourcePortName: - DestinationIsIpv6: FALSE DestinationIp: 20.205.104.58 DestinationHostname: - DestinationPort: 443 DestinationPortName: https ",,,3,NT AUTHORITY\SYSTEM,,00000000-0000-0000-0000-000000000001,AOI-39743c52-8e86-43b1-987e-cc5d848ecce7,Event,/subscriptions/9ecb8278-6c96-45d4-a456-c17f6976425f/resourcegroups/test_1/providers/microsoft.compute/virtualmachines/win10-2
