39743c52-8e86-43b1-987e-cc5d848ecce7,OpsManager,2023-05-01T10:33:10.6283959Z,Microsoft-Windows-Sysmon,Microsoft-Windows-Sysmon/Operational,win10-2,4,Information,"<Param>Attack=None,Technique=None,Tactic=None,DS=Process: Process Termination,Level=0,Desc=Process Termination Events in Windows Directory</Param><Param>2023-05-01 10:33:10.615</Param><Param>{D5540B43-955D-644F-8A02-000000000700}</Param><Param>8712</Param><Param>C:\Windows\System32\backgroundTaskHost.exe</Param><Param>win10-2\azureuser</Param>","<DataItem type=""System.XmlData"" time=""2023-05-01T10:33:10.6283959+00:00"" sourceHealthServiceId=""CF1209A0-2624-0566-5F2A-730DF513CC05""><EventData xmlns=""http://schemas.microsoft.com/win/2004/08/events/event""><Data Name=""RuleName"">Attack=None,Technique=None,Tactic=None,DS=Process: Process Termination,Level=0,Desc=Process Termination Events in Windows Directory</Data><Data Name=""UtcTime"">2023-05-01 10:33:10.615</Data><Data Name=""ProcessGuid"">{d5540b43-955d-644f-8a02-000000000700}</Data><Data Name=""ProcessId"">8712</Data><Data Name=""Image"">C:\Windows\System32\backgroundTaskHost.exe</Data><Data Name=""User"">win10-2\azureuser</Data></EventData></DataItem>",5,"Process terminated: RuleName: Attack=None,Technique=None,Tactic=None,DS=Process: Process Termination,Level=0,Desc=Process Termination Events in Windows Directory UtcTime: 2023-05-01 10:33:10.615 ProcessGuid: {D5540B43-955D-644F-8A02-000000000700} ProcessId: 8712 Image: C:\Windows\System32\backgroundTaskHost.exe User: win10-2\azureuser ",,,5,NT AUTHORITY\SYSTEM,,00000000-0000-0000-0000-000000000001,AOI-39743c52-8e86-43b1-987e-cc5d848ecce7,Event,/subscriptions/9ecb8278-6c96-45d4-a456-c17f6976425f/resourcegroups/test_1/providers/microsoft.compute/virtualmachines/win10-2
39743c52-8e86-43b1-987e-cc5d848ecce7,OpsManager,2023-05-01T10:33:10.7746419Z,Microsoft-Windows-Sysmon,Microsoft-Windows-Sysmon/Operational,win10-2,4,Information,"<Param>Attack=None,Technique=None,Tactic=None,DS=Process: Process Termination,Level=0,Desc=Process Termination Events in Windows Directory</Param><Param>2023-05-01 10:33:10.771</Param><Param>{D5540B43-9561-644F-8C02-000000000700}</Param><Param>9816</Param><Param>C:\Windows\System32\dllhost.exe</Param><Param>win10-2\azureuser</Param>","<DataItem type=""System.XmlData"" time=""2023-05-01T10:33:10.7746419+00:00"" sourceHealthServiceId=""CF1209A0-2624-0566-5F2A-730DF513CC05""><EventData xmlns=""http://schemas.microsoft.com/win/2004/08/events/event""><Data Name=""RuleName"">Attack=None,Technique=None,Tactic=None,DS=Process: Process Termination,Level=0,Desc=Process Termination Events in Windows Directory</Data><Data Name=""UtcTime"">2023-05-01 10:33:10.771</Data><Data Name=""ProcessGuid"">{d5540b43-9561-644f-8c02-000000000700}</Data><Data Name=""ProcessId"">9816</Data><Data Name=""Image"">C:\Windows\System32\dllhost.exe</Data><Data Name=""User"">win10-2\azureuser</Data></EventData></DataItem>",5,"Process terminated: RuleName: Attack=None,Technique=None,Tactic=None,DS=Process: Process Termination,Level=0,Desc=Process Termination Events in Windows Directory UtcTime: 2023-05-01 10:33:10.771 ProcessGuid: {D5540B43-9561-644F-8C02-000000000700} ProcessId: 9816 Image: C:\Windows\System32\dllhost.exe User: win10-2\azureuser ",,,5,NT AUTHORITY\SYSTEM,,00000000-0000-0000-0000-000000000001,AOI-39743c52-8e86-43b1-987e-cc5d848ecce7,Event,/subscriptions/9ecb8278-6c96-45d4-a456-c17f6976425f/resourcegroups/test_1/providers/microsoft.compute/virtualmachines/win10-2
39743c52-8e86-43b1-987e-cc5d848ecce7,OpsManager,2023-05-01T10:33:10.7787334Z,Microsoft-Windows-Sysmon,Microsoft-Windows-Sysmon/Operational,win10-2,4,Information,"<Param>Attack=T1204,Technique=User Execution,Tactic=Execution,DS=File: File Creation,Forensic=Windows Prefetch Exec History</Param><Param>2023-05-01 10:33:10.771</Param><Param>{D5540B43-8DBA-644F-2C00-000000000700}</Param><Param>1984</Param><Param>C:\Windows\system32\svchost.exe</Param><Param>C:\Windows\Prefetch\DLLHOST.EXE-38926D07.pf</Param><Param>2023-05-01 10:01:48.470</Param><Param>NT AUTHORITY\SYSTEM</Param>","<DataItem type=""System.XmlData"" time=""2023-05-01T10:33:10.7787334+00:00"" sourceHealthServiceId=""CF1209A0-2624-0566-5F2A-730DF513CC05""><EventData xmlns=""http://schemas.microsoft.com/win/2004/08/events/event""><Data Name=""RuleName"">Attack=T1204,Technique=User Execution,Tactic=Execution,DS=File: File Creation,Forensic=Windows Prefetch Exec History</Data><Data Name=""UtcTime"">2023-05-01 10:33:10.771</Data><Data Name=""ProcessGuid"">{d5540b43-8dba-644f-2c00-000000000700}</Data><Data Name=""ProcessId"">1984</Data><Data Name=""Image"">C:\Windows\system32\svchost.exe</Data><Data Name=""TargetFilename"">C:\Windows\Prefetch\DLLHOST.EXE-38926D07.pf</Data><Data Name=""CreationUtcTime"">2023-05-01 10:01:48.470</Data><Data Name=""User"">NT AUTHORITY\SYSTEM</Data></EventData></DataItem>",11,"File created: RuleName: Attack=T1204,Technique=User Execution,Tactic=Execution,DS=File: File Creation,Forensic=Windows Prefetch Exec History UtcTime: 2023-05-01 10:33:10.771 ProcessGuid: {D5540B43-8DBA-644F-2C00-000000000700} ProcessId: 1984 Image: C:\Windows\system32\svchost.exe TargetFilename: C:\Windows\Prefetch\DLLHOST.EXE-38926D07.pf CreationUtcTime: 2023-05-01 10:01:48.470 User: NT AUTHORITY\SYSTEM ",,,11,NT AUTHORITY\SYSTEM,,00000000-0000-0000-0000-000000000001,AOI-39743c52-8e86-43b1-987e-cc5d848ecce7,Event,/subscriptions/9ecb8278-6c96-45d4-a456-c17f6976425f/resourcegroups/test_1/providers/microsoft.compute/virtualmachines/win10-2
39743c52-8e86-43b1-987e-cc5d848ecce7,OpsManager,2023-05-01T10:33:11.2607543Z,Microsoft-Windows-Sysmon,Microsoft-Windows-Sysmon/Operational,win10-2,4,Information,"<Param>Attack=None,Technique=None,Tactic=None,DS=Network Traffic: Network Connection Creation,Level=0,Desc=Non-Browsers Accessing HTTPS</Param><Param>2023-05-01 10:33:10.092</Param><Param>{D5540B43-9564-644F-8D02-000000000700}</Param><Param>5436</Param><Param>C:\Windows\System32\BackgroundTransferHost.exe</Param><Param>win10-2\azureuser</Param><Param>tcp</Param><Param>TRUE</Param><Param>FALSE</Param><Param>10.0.0.12</Param><Param>win10-2.n2lktqibtimupkzgx0j3ic54pc.hx.internal.cloudapp.net</Param><Param>50267</Param><Param>-</Param><Param>FALSE</Param><Param>23.202.34.218</Param><Param>-</Param><Param>443</Param><Param>https</Param>","<DataItem type=""System.XmlData"" time=""2023-05-01T10:33:11.2607543+00:00"" sourceHealthServiceId=""CF1209A0-2624-0566-5F2A-730DF513CC05""><EventData xmlns=""http://schemas.microsoft.com/win/2004/08/events/event""><Data Name=""RuleName"">Attack=None,Technique=None,Tactic=None,DS=Network Traffic: Network Connection Creation,Level=0,Desc=Non-Browsers Accessing HTTPS</Data><Data Name=""UtcTime"">2023-05-01 10:33:10.092</Data><Data Name=""ProcessGuid"">{d5540b43-9564-644f-8d02-000000000700}</Data><Data Name=""ProcessId"">5436</Data><Data Name=""Image"">C:\Windows\System32\BackgroundTransferHost.exe</Data><Data Name=""User"">win10-2\azureuser</Data><Data Name=""Protocol"">tcp</Data><Data Name=""Initiated"">true</Data><Data Name=""SourceIsIpv6"">false</Data><Data Name=""SourceIp"">10.0.0.12</Data><Data Name=""SourceHostname"">win10-2.n2lktqibtimupkzgx0j3ic54pc.hx.internal.cloudapp.net</Data><Data Name=""SourcePort"">50267</Data><Data Name=""SourcePortName"">-</Data><Data Name=""DestinationIsIpv6"">false</Data><Data Name=""DestinationIp"">23.202.34.218</Data><Data Name=""DestinationHostname"">-</Data><Data Name=""DestinationPort"">443</Data><Data Name=""DestinationPortName"">https</Data></EventData></DataItem>",3,"Network connection detected: RuleName: Attack=None,Technique=None,Tactic=None,DS=Network Traffic: Network Connection Creation,Level=0,Desc=Non-Browsers Accessing HTTPS UtcTime: 2023-05-01 10:33:10.092 ProcessGuid: {D5540B43-9564-644F-8D02-000000000700} ProcessId: 5436 Image: C:\Windows\System32\BackgroundTransferHost.exe User: win10-2\azureuser Protocol: tcp Initiated: TRUE SourceIsIpv6: FALSE SourceIp: 10.0.0.12 SourceHostname: win10-2.n2lktqibtimupkzgx0j3ic54pc.hx.internal.cloudapp.net SourcePort: 50267 SourcePortName: - DestinationIsIpv6: FALSE DestinationIp: 23.202.34.218 DestinationHostname: - DestinationPort: 443 DestinationPortName: https ",,,3,NT AUTHORITY\SYSTEM,,00000000-0000-0000-0000-000000000001,AOI-39743c52-8e86-43b1-987e-cc5d848ecce7,Event,/subscriptions/9ecb8278-6c96-45d4-a456-c17f6976425f/resourcegroups/test_1/providers/microsoft.compute/virtualmachines/win10-2
39743c52-8e86-43b1-987e-cc5d848ecce7,OpsManager,2023-05-01T10:33:11.2608701Z,Microsoft-Windows-Sysmon,Microsoft-Windows-Sysmon/Operational,win10-2,4,Information,"<Param>Attack=None,Technique=None,Tactic=None,DS=Network Traffic: Network Connection Creation,Level=0,Desc=Non-Browsers Accessing HTTPS</Param><Param>2023-05-01 10:33:10.094</Param><Param>{D5540B43-9564-644F-8D02-000000000700}</Param><Param>5436</Param><Param>C:\Windows\System32\BackgroundTransferHost.exe</Param><Param>win10-2\azureuser</Param><Param>tcp</Param><Param>TRUE</Param><Param>FALSE</Param><Param>10.0.0.12</Param><Param>win10-2.n2lktqibtimupkzgx0j3ic54pc.hx.internal.cloudapp.net</Param><Param>50268</Param><Param>-</Param><Param>FALSE</Param><Param>23.202.34.218</Param><Param>-</Param><Param>443</Param><Param>https</Param>","<DataItem type=""System.XmlData"" time=""2023-05-01T10:33:11.2608701+00:00"" sourceHealthServiceId=""CF1209A0-2624-0566-5F2A-730DF513CC05""><EventData xmlns=""http://schemas.microsoft.com/win/2004/08/events/event""><Data Name=""RuleName"">Attack=None,Technique=None,Tactic=None,DS=Network Traffic: Network Connection Creation,Level=0,Desc=Non-Browsers Accessing HTTPS</Data><Data Name=""UtcTime"">2023-05-01 10:33:10.094</Data><Data Name=""ProcessGuid"">{d5540b43-9564-644f-8d02-000000000700}</Data><Data Name=""ProcessId"">5436</Data><Data Name=""Image"">C:\Windows\System32\BackgroundTransferHost.exe</Data><Data Name=""User"">win10-2\azureuser</Data><Data Name=""Protocol"">tcp</Data><Data Name=""Initiated"">true</Data><Data Name=""SourceIsIpv6"">false</Data><Data Name=""SourceIp"">10.0.0.12</Data><Data Name=""SourceHostname"">win10-2.n2lktqibtimupkzgx0j3ic54pc.hx.internal.cloudapp.net</Data><Data Name=""SourcePort"">50268</Data><Data Name=""SourcePortName"">-</Data><Data Name=""DestinationIsIpv6"">false</Data><Data Name=""DestinationIp"">23.202.34.218</Data><Data Name=""DestinationHostname"">-</Data><Data Name=""DestinationPort"">443</Data><Data Name=""DestinationPortName"">https</Data></EventData></DataItem>",3,"Network connection detected: RuleName: Attack=None,Technique=None,Tactic=None,DS=Network Traffic: Network Connection Creation,Level=0,Desc=Non-Browsers Accessing HTTPS UtcTime: 2023-05-01 10:33:10.094 ProcessGuid: {D5540B43-9564-644F-8D02-000000000700} ProcessId: 5436 Image: C:\Windows\System32\BackgroundTransferHost.exe User: win10-2\azureuser Protocol: tcp Initiated: TRUE SourceIsIpv6: FALSE SourceIp: 10.0.0.12 SourceHostname: win10-2.n2lktqibtimupkzgx0j3ic54pc.hx.internal.cloudapp.net SourcePort: 50268 SourcePortName: - DestinationIsIpv6: FALSE DestinationIp: 23.202.34.218 DestinationHostname: - DestinationPort: 443 DestinationPortName: https ",,,3,NT AUTHORITY\SYSTEM,,00000000-0000-0000-0000-000000000001,AOI-39743c52-8e86-43b1-987e-cc5d848ecce7,Event,/subscriptions/9ecb8278-6c96-45d4-a456-c17f6976425f/resourcegroups/test_1/providers/microsoft.compute/virtualmachines/win10-2
39743c52-8e86-43b1-987e-cc5d848ecce7,OpsManager,2023-05-01T10:33:11.260976Z,Microsoft-Windows-Sysmon,Microsoft-Windows-Sysmon/Operational,win10-2,4,Information,"<Param>Attack=None,Technique=None,Tactic=None,DS=Network Traffic: Network Connection Creation,Level=0,Desc=Non-Browsers Accessing HTTPS</Param><Param>2023-05-01 10:33:10.095</Param><Param>{D5540B43-9564-644F-8D02-000000000700}</Param><Param>5436</Param><Param>C:\Windows\System32\BackgroundTransferHost.exe</Param><Param>win10-2\azureuser</Param><Param>tcp</Param><Param>TRUE</Param><Param>FALSE</Param><Param>10.0.0.12</Param><Param>win10-2.n2lktqibtimupkzgx0j3ic54pc.hx.internal.cloudapp.net</Param><Param>50269</Param><Param>-</Param><Param>FALSE</Param><Param>23.202.34.218</Param><Param>-</Param><Param>443</Param><Param>https</Param>","<DataItem type=""System.XmlData"" time=""2023-05-01T10:33:11.2609760+00:00"" sourceHealthServiceId=""CF1209A0-2624-0566-5F2A-730DF513CC05""><EventData xmlns=""http://schemas.microsoft.com/win/2004/08/events/event""><Data Name=""RuleName"">Attack=None,Technique=None,Tactic=None,DS=Network Traffic: Network Connection Creation,Level=0,Desc=Non-Browsers Accessing HTTPS</Data><Data Name=""UtcTime"">2023-05-01 10:33:10.095</Data><Data Name=""ProcessGuid"">{d5540b43-9564-644f-8d02-000000000700}</Data><Data Name=""ProcessId"">5436</Data><Data Name=""Image"">C:\Windows\System32\BackgroundTransferHost.exe</Data><Data Name=""User"">win10-2\azureuser</Data><Data Name=""Protocol"">tcp</Data><Data Name=""Initiated"">true</Data><Data Name=""SourceIsIpv6"">false</Data><Data Name=""SourceIp"">10.0.0.12</Data><Data Name=""SourceHostname"">win10-2.n2lktqibtimupkzgx0j3ic54pc.hx.internal.cloudapp.net</Data><Data Name=""SourcePort"">50269</Data><Data Name=""SourcePortName"">-</Data><Data Name=""DestinationIsIpv6"">false</Data><Data Name=""DestinationIp"">23.202.34.218</Data><Data Name=""DestinationHostname"">-</Data><Data Name=""DestinationPort"">443</Data><Data Name=""DestinationPortName"">https</Data></EventData></DataItem>",3,"Network connection detected: RuleName: Attack=None,Technique=None,Tactic=None,DS=Network Traffic: Network Connection Creation,Level=0,Desc=Non-Browsers Accessing HTTPS UtcTime: 2023-05-01 10:33:10.095 ProcessGuid: {D5540B43-9564-644F-8D02-000000000700} ProcessId: 5436 Image: C:\Windows\System32\BackgroundTransferHost.exe User: win10-2\azureuser Protocol: tcp Initiated: TRUE SourceIsIpv6: FALSE SourceIp: 10.0.0.12 SourceHostname: win10-2.n2lktqibtimupkzgx0j3ic54pc.hx.internal.cloudapp.net SourcePort: 50269 SourcePortName: - DestinationIsIpv6: FALSE DestinationIp: 23.202.34.218 DestinationHostname: - DestinationPort: 443 DestinationPortName: https ",,,3,NT AUTHORITY\SYSTEM,,00000000-0000-0000-0000-000000000001,AOI-39743c52-8e86-43b1-987e-cc5d848ecce7,Event,/subscriptions/9ecb8278-6c96-45d4-a456-c17f6976425f/resourcegroups/test_1/providers/microsoft.compute/virtualmachines/win10-2
39743c52-8e86-43b1-987e-cc5d848ecce7,OpsManager,2023-05-01T10:33:11.688366Z,Microsoft-Windows-Sysmon,Microsoft-Windows-Sysmon/Operational,win10-2,4,Information,"<Param>Attack=T1021.003,Technique=Distributed Component Object Model,Tactic=Lateral Movement,DS=Process: Process Creation,Level=0,Desc=DCOM Launch</Param><Param>2023-05-01 10:33:11.680</Param><Param>{D5540B43-9567-644F-8E02-000000000700}</Param><Param>4652</Param><Param>C:\Windows\System32\backgroundTaskHost.exe</Param><Param>10.0.19041.546 (WinBuild.160101.0800)</Param><Param>Background Task Host</Param><Param>Microsoft® Windows® Operating System</Param><Param>Microsoft Corporation</Param><Param>backgroundTaskHost.exe</Param><Param>""C:\Windows\system32\backgroundTaskHost.exe"" -ServerName:App.AppXmtcan0h2tfbfy7k9kn8hbxb6dmzz1zh0.mca</Param><Param>C:\Windows\SystemApps\Microsoft.Windows.ContentDeliveryManager_cw5n1h2txyewy\</Param><Param>win10-2\azureuser</Param><Param>{D5540B43-8DF1-644F-2DB9-060000000000}</Param><Param>0x6b92d</Param><Param>2</Param><Param>AppContainer</Param><Param>SHA1=C6E63C7AAE9C4E07E15C1717872C0C73F3D4FB09,MD5=DA7063B17DBB8BBB3015351016868006,SHA256=20330D3CA71D58F4AEB432676CB6A3D5B97005954E45132FB083E90782EFDD50,IMPHASH=D2ACF1CBC4A6DB14A34C687B9362D66B</Param><Param>{D5540B43-8DB6-644F-0D00-000000000700}</Param><Param>840</Param><Param>C:\Windows\System32\svchost.exe</Param><Param>C:\Windows\system32\svchost.exe -k DcomLaunch -p</Param><Param>NT AUTHORITY\SYSTEM</Param>","<DataItem type=""System.XmlData"" time=""2023-05-01T10:33:11.6883660+00:00"" sourceHealthServiceId=""CF1209A0-2624-0566-5F2A-730DF513CC05""><EventData xmlns=""http://schemas.microsoft.com/win/2004/08/events/event""><Data Name=""RuleName"">Attack=T1021.003,Technique=Distributed Component Object Model,Tactic=Lateral Movement,DS=Process: Process Creation,Level=0,Desc=DCOM Launch</Data><Data Name=""UtcTime"">2023-05-01 10:33:11.680</Data><Data Name=""ProcessGuid"">{d5540b43-9567-644f-8e02-000000000700}</Data><Data Name=""ProcessId"">4652</Data><Data Name=""Image"">C:\Windows\System32\backgroundTaskHost.exe</Data><Data Name=""FileVersion"">10.0.19041.546 (WinBuild.160101.0800)</Data><Data Name=""Description"">Background Task Host</Data><Data Name=""Product"">Microsoft® Windows® Operating System</Data><Data Name=""Company"">Microsoft Corporation</Data><Data Name=""OriginalFileName"">backgroundTaskHost.exe</Data><Data Name=""CommandLine"">""C:\Windows\system32\backgroundTaskHost.exe"" -ServerName:App.AppXmtcan0h2tfbfy7k9kn8hbxb6dmzz1zh0.mca</Data><Data Name=""CurrentDirectory"">C:\Windows\SystemApps\Microsoft.Windows.ContentDeliveryManager_cw5n1h2txyewy\</Data><Data Name=""User"">win10-2\azureuser</Data><Data Name=""LogonGuid"">{d5540b43-8df1-644f-2db9-060000000000}</Data><Data Name=""LogonId"">0x6b92d</Data><Data Name=""TerminalSessionId"">2</Data><Data Name=""IntegrityLevel"">AppContainer</Data><Data Name=""Hashes"">SHA1=C6E63C7AAE9C4E07E15C1717872C0C73F3D4FB09,MD5=DA7063B17DBB8BBB3015351016868006,SHA256=20330D3CA71D58F4AEB432676CB6A3D5B97005954E45132FB083E90782EFDD50,IMPHASH=D2ACF1CBC4A6DB14A34C687B9362D66B</Data><Data Name=""ParentProcessGuid"">{d5540b43-8db6-644f-0d00-000000000700}</Data><Data Name=""ParentProcessId"">840</Data><Data Name=""ParentImage"">C:\Windows\System32\svchost.exe</Data><Data Name=""ParentCommandLine"">C:\Windows\system32\svchost.exe -k DcomLaunch -p</Data><Data Name=""ParentUser"">NT AUTHORITY\SYSTEM</Data></EventData></DataItem>",1,"Process Create: RuleName: Attack=T1021.003,Technique=Distributed Component Object Model,Tactic=Lateral Movement,DS=Process: Process Creation,Level=0,Desc=DCOM Launch UtcTime: 2023-05-01 10:33:11.680 ProcessGuid: {D5540B43-9567-644F-8E02-000000000700} ProcessId: 4652 Image: C:\Windows\System32\backgroundTaskHost.exe FileVersion: 10.0.19041.546 (WinBuild.160101.0800) Description: Background Task Host Product: Microsoft® Windows® Operating System Company: Microsoft Corporation OriginalFileName: backgroundTaskHost.exe CommandLine: ""C:\Windows\system32\backgroundTaskHost.exe"" -ServerName:App.AppXmtcan0h2tfbfy7k9kn8hbxb6dmzz1zh0.mca CurrentDirectory: C:\Windows\SystemApps\Microsoft.Windows.ContentDeliveryManager_cw5n1h2txyewy\ User: win10-2\azureuser LogonGuid: {D5540B43-8DF1-644F-2DB9-060000000000} LogonId: 0x6b92d TerminalSessionId: 2 IntegrityLevel: AppContainer Hashes: SHA1=C6E63C7AAE9C4E07E15C1717872C0C73F3D4FB09,MD5=DA7063B17DBB8BBB3015351016868006,SHA256=20330D3CA71D58F4AEB432676CB6A3D5B97005954E45132FB083E90782EFDD50,IMPHASH=D2ACF1CBC4A6DB14A34C687B9362D66B ParentProcessGuid: {D5540B43-8DB6-644F-0D00-000000000700} ParentProcessId: 840 ParentImage: C:\Windows\System32\svchost.exe ParentCommandLine: C:\Windows\system32\svchost.exe -k DcomLaunch -p ParentUser: NT AUTHORITY\SYSTEM ",,,1,NT AUTHORITY\SYSTEM,,00000000-0000-0000-0000-000000000001,AOI-39743c52-8e86-43b1-987e-cc5d848ecce7,Event,/subscriptions/9ecb8278-6c96-45d4-a456-c17f6976425f/resourcegroups/test_1/providers/microsoft.compute/virtualmachines/win10-2
39743c52-8e86-43b1-987e-cc5d848ecce7,OpsManager,2023-05-01T10:33:11.9593503Z,Microsoft-Windows-Sysmon,Microsoft-Windows-Sysmon/Operational,win10-2,4,Information,"<Param>Attack=None,Technique=None,Tactic=None,DS=None,Information=Uncategorized Events</Param><Param>2023-05-01 10:33:10.089</Param><Param>{D5540B43-9564-644F-8D02-000000000700}</Param><Param>5436</Param><Param>img-prod-cms-rt-microsoft-com.akamaized.net</Param><Param>0</Param><Param>type:  5 a1449.dscg2.akamai.net;::ffff:23.202.34.218;::ffff:23.202.34.250;</Param><Param>C:\Windows\System32\BackgroundTransferHost.exe</Param><Param>win10-2\azureuser</Param>","<DataItem type=""System.XmlData"" time=""2023-05-01T10:33:11.9593503+00:00"" sourceHealthServiceId=""CF1209A0-2624-0566-5F2A-730DF513CC05""><EventData xmlns=""http://schemas.microsoft.com/win/2004/08/events/event""><Data Name=""RuleName"">Attack=None,Technique=None,Tactic=None,DS=None,Information=Uncategorized Events</Data><Data Name=""UtcTime"">2023-05-01 10:33:10.089</Data><Data Name=""ProcessGuid"">{d5540b43-9564-644f-8d02-000000000700}</Data><Data Name=""ProcessId"">5436</Data><Data Name=""QueryName"">img-prod-cms-rt-microsoft-com.akamaized.net</Data><Data Name=""QueryStatus"">0</Data><Data Name=""QueryResults"">type:  5 a1449.dscg2.akamai.net;::ffff:23.202.34.218;::ffff:23.202.34.250;</Data><Data Name=""Image"">C:\Windows\System32\BackgroundTransferHost.exe</Data><Data Name=""User"">win10-2\azureuser</Data></EventData></DataItem>",22,"Dns query: RuleName: Attack=None,Technique=None,Tactic=None,DS=None,Information=Uncategorized Events UtcTime: 2023-05-01 10:33:10.089 ProcessGuid: {D5540B43-9564-644F-8D02-000000000700} ProcessId: 5436 QueryName: img-prod-cms-rt-microsoft-com.akamaized.net QueryStatus: 0 QueryResults: type:  5 a1449.dscg2.akamai.net;::ffff:23.202.34.218;::ffff:23.202.34.250; Image: C:\Windows\System32\BackgroundTransferHost.exe User: win10-2\azureuser ",,,22,NT AUTHORITY\SYSTEM,,00000000-0000-0000-0000-000000000001,AOI-39743c52-8e86-43b1-987e-cc5d848ecce7,Event,/subscriptions/9ecb8278-6c96-45d4-a456-c17f6976425f/resourcegroups/test_1/providers/microsoft.compute/virtualmachines/win10-2
39743c52-8e86-43b1-987e-cc5d848ecce7,OpsManager,2023-05-01T10:33:12.0986377Z,Microsoft-Windows-Sysmon,Microsoft-Windows-Sysmon/Operational,win10-2,4,Information,"<Param>Attack=None,Technique=None,Tactic=None,DS=Process: Process Termination,Level=0,Desc=Process Termination Events in Windows Directory</Param><Param>2023-05-01 10:33:12.083</Param><Param>{D5540B43-9564-644F-8D02-000000000700}</Param><Param>5436</Param><Param>C:\Windows\System32\BackgroundTransferHost.exe</Param><Param>win10-2\azureuser</Param>","<DataItem type=""System.XmlData"" time=""2023-05-01T10:33:12.0986377+00:00"" sourceHealthServiceId=""CF1209A0-2624-0566-5F2A-730DF513CC05""><EventData xmlns=""http://schemas.microsoft.com/win/2004/08/events/event""><Data Name=""RuleName"">Attack=None,Technique=None,Tactic=None,DS=Process: Process Termination,Level=0,Desc=Process Termination Events in Windows Directory</Data><Data Name=""UtcTime"">2023-05-01 10:33:12.083</Data><Data Name=""ProcessGuid"">{d5540b43-9564-644f-8d02-000000000700}</Data><Data Name=""ProcessId"">5436</Data><Data Name=""Image"">C:\Windows\System32\BackgroundTransferHost.exe</Data><Data Name=""User"">win10-2\azureuser</Data></EventData></DataItem>",5,"Process terminated: RuleName: Attack=None,Technique=None,Tactic=None,DS=Process: Process Termination,Level=0,Desc=Process Termination Events in Windows Directory UtcTime: 2023-05-01 10:33:12.083 ProcessGuid: {D5540B43-9564-644F-8D02-000000000700} ProcessId: 5436 Image: C:\Windows\System32\BackgroundTransferHost.exe User: win10-2\azureuser ",,,5,NT AUTHORITY\SYSTEM,,00000000-0000-0000-0000-000000000001,AOI-39743c52-8e86-43b1-987e-cc5d848ecce7,Event,/subscriptions/9ecb8278-6c96-45d4-a456-c17f6976425f/resourcegroups/test_1/providers/microsoft.compute/virtualmachines/win10-2
39743c52-8e86-43b1-987e-cc5d848ecce7,OpsManager,2023-05-01T10:33:12.1385157Z,Microsoft-Windows-Sysmon,Microsoft-Windows-Sysmon/Operational,win10-2,4,Information,"<Param>Attack=T1204,Technique=User Execution,Tactic=Execution,DS=File: File Creation,Forensic=Windows Prefetch Exec History</Param><Param>2023-05-01 10:33:12.130</Param><Param>{D5540B43-8DBA-644F-2C00-000000000700}</Param><Param>1984</Param><Param>C:\Windows\system32\svchost.exe</Param><Param>C:\Windows\Prefetch\BACKGROUNDTRANSFERHOST.EXE-40796D4B.pf</Param><Param>2023-05-01 10:03:01.236</Param><Param>NT AUTHORITY\SYSTEM</Param>","<DataItem type=""System.XmlData"" time=""2023-05-01T10:33:12.1385157+00:00"" sourceHealthServiceId=""CF1209A0-2624-0566-5F2A-730DF513CC05""><EventData xmlns=""http://schemas.microsoft.com/win/2004/08/events/event""><Data Name=""RuleName"">Attack=T1204,Technique=User Execution,Tactic=Execution,DS=File: File Creation,Forensic=Windows Prefetch Exec History</Data><Data Name=""UtcTime"">2023-05-01 10:33:12.130</Data><Data Name=""ProcessGuid"">{d5540b43-8dba-644f-2c00-000000000700}</Data><Data Name=""ProcessId"">1984</Data><Data Name=""Image"">C:\Windows\system32\svchost.exe</Data><Data Name=""TargetFilename"">C:\Windows\Prefetch\BACKGROUNDTRANSFERHOST.EXE-40796D4B.pf</Data><Data Name=""CreationUtcTime"">2023-05-01 10:03:01.236</Data><Data Name=""User"">NT AUTHORITY\SYSTEM</Data></EventData></DataItem>",11,"File created: RuleName: Attack=T1204,Technique=User Execution,Tactic=Execution,DS=File: File Creation,Forensic=Windows Prefetch Exec History UtcTime: 2023-05-01 10:33:12.130 ProcessGuid: {D5540B43-8DBA-644F-2C00-000000000700} ProcessId: 1984 Image: C:\Windows\system32\svchost.exe TargetFilename: C:\Windows\Prefetch\BACKGROUNDTRANSFERHOST.EXE-40796D4B.pf CreationUtcTime: 2023-05-01 10:03:01.236 User: NT AUTHORITY\SYSTEM ",,,11,NT AUTHORITY\SYSTEM,,00000000-0000-0000-0000-000000000001,AOI-39743c52-8e86-43b1-987e-cc5d848ecce7,Event,/subscriptions/9ecb8278-6c96-45d4-a456-c17f6976425f/resourcegroups/test_1/providers/microsoft.compute/virtualmachines/win10-2
39743c52-8e86-43b1-987e-cc5d848ecce7,OpsManager,2023-05-01T10:33:12.3300093Z,Microsoft-Windows-Sysmon,Microsoft-Windows-Sysmon/Operational,win10-2,4,Information,"<Param>Attack=T1021.003,Technique=Distributed Component Object Model,Tactic=Lateral Movement,DS=Process: Process Creation,Level=0,Desc=DCOM Launch</Param><Param>2023-05-01 10:33:12.320</Param><Param>{D5540B43-9568-644F-8F02-000000000700}</Param><Param>9924</Param><Param>C:\Windows\System32\BackgroundTransferHost.exe</Param><Param>10.0.19041.746 (WinBuild.160101.0800)</Param><Param>Download/Upload Host</Param><Param>Microsoft® Windows® Operating System</Param><Param>Microsoft Corporation</Param><Param>BackgroundTransferHost.exe</Param><Param>""BackgroundTransferHost.exe"" -ServerName:BackgroundTransferHost.1</Param><Param>C:\Windows\SystemApps\Microsoft.Windows.ContentDeliveryManager_cw5n1h2txyewy\</Param><Param>win10-2\azureuser</Param><Param>{D5540B43-8DF1-644F-2DB9-060000000000}</Param><Param>0x6b92d</Param><Param>2</Param><Param>AppContainer</Param><Param>SHA1=255A49C1F659DB44D8CDBEE3B66563433C220D6B,MD5=C5D813D92E83CDE3FECD9343933E3421,SHA256=BD5F35555DE04FFCC3564DBE10711ACB7010ACCC40132BE616A519C29B9538B4,IMPHASH=43BA7C14F952D3784267C6946F79BD81</Param><Param>{D5540B43-8DB6-644F-0D00-000000000700}</Param><Param>840</Param><Param>C:\Windows\System32\svchost.exe</Param><Param>C:\Windows\system32\svchost.exe -k DcomLaunch -p</Param><Param>NT AUTHORITY\SYSTEM</Param>","<DataItem type=""System.XmlData"" time=""2023-05-01T10:33:12.3300093+00:00"" sourceHealthServiceId=""CF1209A0-2624-0566-5F2A-730DF513CC05""><EventData xmlns=""http://schemas.microsoft.com/win/2004/08/events/event""><Data Name=""RuleName"">Attack=T1021.003,Technique=Distributed Component Object Model,Tactic=Lateral Movement,DS=Process: Process Creation,Level=0,Desc=DCOM Launch</Data><Data Name=""UtcTime"">2023-05-01 10:33:12.320</Data><Data Name=""ProcessGuid"">{d5540b43-9568-644f-8f02-000000000700}</Data><Data Name=""ProcessId"">9924</Data><Data Name=""Image"">C:\Windows\System32\BackgroundTransferHost.exe</Data><Data Name=""FileVersion"">10.0.19041.746 (WinBuild.160101.0800)</Data><Data Name=""Description"">Download/Upload Host</Data><Data Name=""Product"">Microsoft® Windows® Operating System</Data><Data Name=""Company"">Microsoft Corporation</Data><Data Name=""OriginalFileName"">BackgroundTransferHost.exe</Data><Data Name=""CommandLine"">""BackgroundTransferHost.exe"" -ServerName:BackgroundTransferHost.1</Data><Data Name=""CurrentDirectory"">C:\Windows\SystemApps\Microsoft.Windows.ContentDeliveryManager_cw5n1h2txyewy\</Data><Data Name=""User"">win10-2\azureuser</Data><Data Name=""LogonGuid"">{d5540b43-8df1-644f-2db9-060000000000}</Data><Data Name=""LogonId"">0x6b92d</Data><Data Name=""TerminalSessionId"">2</Data><Data Name=""IntegrityLevel"">AppContainer</Data><Data Name=""Hashes"">SHA1=255A49C1F659DB44D8CDBEE3B66563433C220D6B,MD5=C5D813D92E83CDE3FECD9343933E3421,SHA256=BD5F35555DE04FFCC3564DBE10711ACB7010ACCC40132BE616A519C29B9538B4,IMPHASH=43BA7C14F952D3784267C6946F79BD81</Data><Data Name=""ParentProcessGuid"">{d5540b43-8db6-644f-0d00-000000000700}</Data><Data Name=""ParentProcessId"">840</Data><Data Name=""ParentImage"">C:\Windows\System32\svchost.exe</Data><Data Name=""ParentCommandLine"">C:\Windows\system32\svchost.exe -k DcomLaunch -p</Data><Data Name=""ParentUser"">NT AUTHORITY\SYSTEM</Data></EventData></DataItem>",1,"Process Create: RuleName: Attack=T1021.003,Technique=Distributed Component Object Model,Tactic=Lateral Movement,DS=Process: Process Creation,Level=0,Desc=DCOM Launch UtcTime: 2023-05-01 10:33:12.320 ProcessGuid: {D5540B43-9568-644F-8F02-000000000700} ProcessId: 9924 Image: C:\Windows\System32\BackgroundTransferHost.exe FileVersion: 10.0.19041.746 (WinBuild.160101.0800) Description: Download/Upload Host Product: Microsoft® Windows® Operating System Company: Microsoft Corporation OriginalFileName: BackgroundTransferHost.exe CommandLine: ""BackgroundTransferHost.exe"" -ServerName:BackgroundTransferHost.1 CurrentDirectory: C:\Windows\SystemApps\Microsoft.Windows.ContentDeliveryManager_cw5n1h2txyewy\ User: win10-2\azureuser LogonGuid: {D5540B43-8DF1-644F-2DB9-060000000000} LogonId: 0x6b92d TerminalSessionId: 2 IntegrityLevel: AppContainer Hashes: SHA1=255A49C1F659DB44D8CDBEE3B66563433C220D6B,MD5=C5D813D92E83CDE3FECD9343933E3421,SHA256=BD5F35555DE04FFCC3564DBE10711ACB7010ACCC40132BE616A519C29B9538B4,IMPHASH=43BA7C14F952D3784267C6946F79BD81 ParentProcessGuid: {D5540B43-8DB6-644F-0D00-000000000700} ParentProcessId: 840 ParentImage: C:\Windows\System32\svchost.exe ParentCommandLine: C:\Windows\system32\svchost.exe -k DcomLaunch -p ParentUser: NT AUTHORITY\SYSTEM ",,,1,NT AUTHORITY\SYSTEM,,00000000-0000-0000-0000-000000000001,AOI-39743c52-8e86-43b1-987e-cc5d848ecce7,Event,/subscriptions/9ecb8278-6c96-45d4-a456-c17f6976425f/resourcegroups/test_1/providers/microsoft.compute/virtualmachines/win10-2
39743c52-8e86-43b1-987e-cc5d848ecce7,OpsManager,2023-05-01T10:33:12.7172075Z,Microsoft-Windows-Sysmon,Microsoft-Windows-Sysmon/Operational,win10-2,4,Information,"<Param>Attack=None,Technique=None,Tactic=None,DS=Process: Process Termination,Level=0,Desc=Process Termination Events in Root folders</Param><Param>2023-05-01 10:33:12.708</Param><Param>{D5540B43-9568-644F-9002-000000000700}</Param><Param>10184</Param><Param>C:\WindowsAzure\GuestAgent_2.7.41491.1083_2023-05-01_100201\BfeToolWin8.exe</Param><Param>NT AUTHORITY\SYSTEM</Param>","<DataItem type=""System.XmlData"" time=""2023-05-01T10:33:12.7172075+00:00"" sourceHealthServiceId=""CF1209A0-2624-0566-5F2A-730DF513CC05""><EventData xmlns=""http://schemas.microsoft.com/win/2004/08/events/event""><Data Name=""RuleName"">Attack=None,Technique=None,Tactic=None,DS=Process: Process Termination,Level=0,Desc=Process Termination Events in Root folders</Data><Data Name=""UtcTime"">2023-05-01 10:33:12.708</Data><Data Name=""ProcessGuid"">{d5540b43-9568-644f-9002-000000000700}</Data><Data Name=""ProcessId"">10184</Data><Data Name=""Image"">C:\WindowsAzure\GuestAgent_2.7.41491.1083_2023-05-01_100201\BfeToolWin8.exe</Data><Data Name=""User"">NT AUTHORITY\SYSTEM</Data></EventData></DataItem>",5,"Process terminated: RuleName: Attack=None,Technique=None,Tactic=None,DS=Process: Process Termination,Level=0,Desc=Process Termination Events in Root folders UtcTime: 2023-05-01 10:33:12.708 ProcessGuid: {D5540B43-9568-644F-9002-000000000700} ProcessId: 10184 Image: C:\WindowsAzure\GuestAgent_2.7.41491.1083_2023-05-01_100201\BfeToolWin8.exe User: NT AUTHORITY\SYSTEM ",,,5,NT AUTHORITY\SYSTEM,,00000000-0000-0000-0000-000000000001,AOI-39743c52-8e86-43b1-987e-cc5d848ecce7,Event,/subscriptions/9ecb8278-6c96-45d4-a456-c17f6976425f/resourcegroups/test_1/providers/microsoft.compute/virtualmachines/win10-2
39743c52-8e86-43b1-987e-cc5d848ecce7,OpsManager,2023-05-01T10:33:12.7200684Z,Microsoft-Windows-Sysmon,Microsoft-Windows-Sysmon/Operational,win10-2,4,Information,"<Param>Attack=None,Technique=None,Tactic=None,DS=Process: Process Termination,Level=0,Desc=Process Termination Events in Windows Directory</Param><Param>2023-05-01 10:33:12.708</Param><Param>{D5540B43-9568-644F-9102-000000000700}</Param><Param>6840</Param><Param>C:\Windows\System32\conhost.exe</Param><Param>NT AUTHORITY\SYSTEM</Param>","<DataItem type=""System.XmlData"" time=""2023-05-01T10:33:12.7200684+00:00"" sourceHealthServiceId=""CF1209A0-2624-0566-5F2A-730DF513CC05""><EventData xmlns=""http://schemas.microsoft.com/win/2004/08/events/event""><Data Name=""RuleName"">Attack=None,Technique=None,Tactic=None,DS=Process: Process Termination,Level=0,Desc=Process Termination Events in Windows Directory</Data><Data Name=""UtcTime"">2023-05-01 10:33:12.708</Data><Data Name=""ProcessGuid"">{d5540b43-9568-644f-9102-000000000700}</Data><Data Name=""ProcessId"">6840</Data><Data Name=""Image"">C:\Windows\System32\conhost.exe</Data><Data Name=""User"">NT AUTHORITY\SYSTEM</Data></EventData></DataItem>",5,"Process terminated: RuleName: Attack=None,Technique=None,Tactic=None,DS=Process: Process Termination,Level=0,Desc=Process Termination Events in Windows Directory UtcTime: 2023-05-01 10:33:12.708 ProcessGuid: {D5540B43-9568-644F-9102-000000000700} ProcessId: 6840 Image: C:\Windows\System32\conhost.exe User: NT AUTHORITY\SYSTEM ",,,5,NT AUTHORITY\SYSTEM,,00000000-0000-0000-0000-000000000001,AOI-39743c52-8e86-43b1-987e-cc5d848ecce7,Event,/subscriptions/9ecb8278-6c96-45d4-a456-c17f6976425f/resourcegroups/test_1/providers/microsoft.compute/virtualmachines/win10-2
39743c52-8e86-43b1-987e-cc5d848ecce7,OpsManager,2023-05-01T10:33:12.749658Z,Microsoft-Windows-Sysmon,Microsoft-Windows-Sysmon/Operational,win10-2,4,Information,"<Param>Attack=T1204,Technique=User Execution,Tactic=Execution,DS=File: File Creation,Forensic=Windows Prefetch Exec History</Param><Param>2023-05-01 10:33:12.740</Param><Param>{D5540B43-8DBA-644F-2C00-000000000700}</Param><Param>1984</Param><Param>C:\Windows\system32\svchost.exe</Param><Param>C:\Windows\Prefetch\BFETOOLWIN8.EXE-C72757FD.pf</Param><Param>2023-05-01 10:03:04.204</Param><Param>NT AUTHORITY\SYSTEM</Param>","<DataItem type=""System.XmlData"" time=""2023-05-01T10:33:12.7496580+00:00"" sourceHealthServiceId=""CF1209A0-2624-0566-5F2A-730DF513CC05""><EventData xmlns=""http://schemas.microsoft.com/win/2004/08/events/event""><Data Name=""RuleName"">Attack=T1204,Technique=User Execution,Tactic=Execution,DS=File: File Creation,Forensic=Windows Prefetch Exec History</Data><Data Name=""UtcTime"">2023-05-01 10:33:12.740</Data><Data Name=""ProcessGuid"">{d5540b43-8dba-644f-2c00-000000000700}</Data><Data Name=""ProcessId"">1984</Data><Data Name=""Image"">C:\Windows\system32\svchost.exe</Data><Data Name=""TargetFilename"">C:\Windows\Prefetch\BFETOOLWIN8.EXE-C72757FD.pf</Data><Data Name=""CreationUtcTime"">2023-05-01 10:03:04.204</Data><Data Name=""User"">NT AUTHORITY\SYSTEM</Data></EventData></DataItem>",11,"File created: RuleName: Attack=T1204,Technique=User Execution,Tactic=Execution,DS=File: File Creation,Forensic=Windows Prefetch Exec History UtcTime: 2023-05-01 10:33:12.740 ProcessGuid: {D5540B43-8DBA-644F-2C00-000000000700} ProcessId: 1984 Image: C:\Windows\system32\svchost.exe TargetFilename: C:\Windows\Prefetch\BFETOOLWIN8.EXE-C72757FD.pf CreationUtcTime: 2023-05-01 10:03:04.204 User: NT AUTHORITY\SYSTEM ",,,11,NT AUTHORITY\SYSTEM,,00000000-0000-0000-0000-000000000001,AOI-39743c52-8e86-43b1-987e-cc5d848ecce7,Event,/subscriptions/9ecb8278-6c96-45d4-a456-c17f6976425f/resourcegroups/test_1/providers/microsoft.compute/virtualmachines/win10-2
39743c52-8e86-43b1-987e-cc5d848ecce7,OpsManager,2023-05-01T10:33:12.7518112Z,Microsoft-Windows-Sysmon,Microsoft-Windows-Sysmon/Operational,win10-2,4,Information,"<Param>Attack=T1204,Technique=User Execution,Tactic=Execution,DS=File: File Creation,Forensic=Windows Prefetch Exec History</Param><Param>2023-05-01 10:33:12.740</Param><Param>{D5540B43-8DBA-644F-2C00-000000000700}</Param><Param>1984</Param><Param>C:\Windows\system32\svchost.exe</Param><Param>C:\Windows\Prefetch\CONHOST.EXE-F98A1078.pf</Param><Param>2023-05-01 10:01:18.383</Param><Param>NT AUTHORITY\SYSTEM</Param>","<DataItem type=""System.XmlData"" time=""2023-05-01T10:33:12.7518112+00:00"" sourceHealthServiceId=""CF1209A0-2624-0566-5F2A-730DF513CC05""><EventData xmlns=""http://schemas.microsoft.com/win/2004/08/events/event""><Data Name=""RuleName"">Attack=T1204,Technique=User Execution,Tactic=Execution,DS=File: File Creation,Forensic=Windows Prefetch Exec History</Data><Data Name=""UtcTime"">2023-05-01 10:33:12.740</Data><Data Name=""ProcessGuid"">{d5540b43-8dba-644f-2c00-000000000700}</Data><Data Name=""ProcessId"">1984</Data><Data Name=""Image"">C:\Windows\system32\svchost.exe</Data><Data Name=""TargetFilename"">C:\Windows\Prefetch\CONHOST.EXE-F98A1078.pf</Data><Data Name=""CreationUtcTime"">2023-05-01 10:01:18.383</Data><Data Name=""User"">NT AUTHORITY\SYSTEM</Data></EventData></DataItem>",11,"File created: RuleName: Attack=T1204,Technique=User Execution,Tactic=Execution,DS=File: File Creation,Forensic=Windows Prefetch Exec History UtcTime: 2023-05-01 10:33:12.740 ProcessGuid: {D5540B43-8DBA-644F-2C00-000000000700} ProcessId: 1984 Image: C:\Windows\system32\svchost.exe TargetFilename: C:\Windows\Prefetch\CONHOST.EXE-F98A1078.pf CreationUtcTime: 2023-05-01 10:01:18.383 User: NT AUTHORITY\SYSTEM ",,,11,NT AUTHORITY\SYSTEM,,00000000-0000-0000-0000-000000000001,AOI-39743c52-8e86-43b1-987e-cc5d848ecce7,Event,/subscriptions/9ecb8278-6c96-45d4-a456-c17f6976425f/resourcegroups/test_1/providers/microsoft.compute/virtualmachines/win10-2
39743c52-8e86-43b1-987e-cc5d848ecce7,OpsManager,2023-05-01T10:33:12.7639013Z,Microsoft-Windows-Sysmon,Microsoft-Windows-Sysmon/Operational,win10-2,4,Information,<Param>RG=FileCreate Include Group</Param><Param>2023-05-01 10:33:12.755</Param><Param>{D5540B43-8E51-644F-1B01-000000000700}</Param><Param>5248</Param><Param>C:\WindowsAzure\GuestAgent_2.7.41491.1083_2023-05-01_100201\WindowsAzureGuestAgent.exe</Param><Param>C:\WindowsAzure\Logs\AggregateStatus\aggregatestatus.json</Param><Param>2023-05-01 10:02:30.767</Param><Param>NT AUTHORITY\SYSTEM</Param>,"<DataItem type=""System.XmlData"" time=""2023-05-01T10:33:12.7639013+00:00"" sourceHealthServiceId=""CF1209A0-2624-0566-5F2A-730DF513CC05""><EventData xmlns=""http://schemas.microsoft.com/win/2004/08/events/event""><Data Name=""RuleName"">RG=FileCreate Include Group</Data><Data Name=""UtcTime"">2023-05-01 10:33:12.755</Data><Data Name=""ProcessGuid"">{d5540b43-8e51-644f-1b01-000000000700}</Data><Data Name=""ProcessId"">5248</Data><Data Name=""Image"">C:\WindowsAzure\GuestAgent_2.7.41491.1083_2023-05-01_100201\WindowsAzureGuestAgent.exe</Data><Data Name=""TargetFilename"">C:\WindowsAzure\Logs\AggregateStatus\aggregatestatus.json</Data><Data Name=""CreationUtcTime"">2023-05-01 10:02:30.767</Data><Data Name=""User"">NT AUTHORITY\SYSTEM</Data></EventData></DataItem>",11,File created: RuleName: RG=FileCreate Include Group UtcTime: 2023-05-01 10:33:12.755 ProcessGuid: {D5540B43-8E51-644F-1B01-000000000700} ProcessId: 5248 Image: C:\WindowsAzure\GuestAgent_2.7.41491.1083_2023-05-01_100201\WindowsAzureGuestAgent.exe TargetFilename: C:\WindowsAzure\Logs\AggregateStatus\aggregatestatus.json CreationUtcTime: 2023-05-01 10:02:30.767 User: NT AUTHORITY\SYSTEM ,,,11,NT AUTHORITY\SYSTEM,,00000000-0000-0000-0000-000000000001,AOI-39743c52-8e86-43b1-987e-cc5d848ecce7,Event,/subscriptions/9ecb8278-6c96-45d4-a456-c17f6976425f/resourcegroups/test_1/providers/microsoft.compute/virtualmachines/win10-2
39743c52-8e86-43b1-987e-cc5d848ecce7,OpsManager,2023-05-01T10:33:12.9748762Z,Microsoft-Windows-Sysmon,Microsoft-Windows-Sysmon/Operational,win10-2,4,Information,"<Param>Attack=None,Technique=None,Tactic=None,DS=None,Information=Uncategorized Events</Param><Param>2023-05-01 10:33:11.318</Param><Param>{D5540B43-8EFE-644F-9D01-000000000700}</Param><Param>8900</Param><Param>218.34.202.23.in-addr.arpa.</Param><Param>0</Param><Param>type:  12 a23-202-34-218.deploy.static.akamaitechnologies.com;</Param><Param>C:\Users\azureuser\Downloads\ProcessMonitor\Procmon64.exe</Param><Param>win10-2\azureuser</Param>","<DataItem type=""System.XmlData"" time=""2023-05-01T10:33:12.9748762+00:00"" sourceHealthServiceId=""CF1209A0-2624-0566-5F2A-730DF513CC05""><EventData xmlns=""http://schemas.microsoft.com/win/2004/08/events/event""><Data Name=""RuleName"">Attack=None,Technique=None,Tactic=None,DS=None,Information=Uncategorized Events</Data><Data Name=""UtcTime"">2023-05-01 10:33:11.318</Data><Data Name=""ProcessGuid"">{d5540b43-8efe-644f-9d01-000000000700}</Data><Data Name=""ProcessId"">8900</Data><Data Name=""QueryName"">218.34.202.23.in-addr.arpa.</Data><Data Name=""QueryStatus"">0</Data><Data Name=""QueryResults"">type:  12 a23-202-34-218.deploy.static.akamaitechnologies.com;</Data><Data Name=""Image"">C:\Users\azureuser\Downloads\ProcessMonitor\Procmon64.exe</Data><Data Name=""User"">win10-2\azureuser</Data></EventData></DataItem>",22,"Dns query: RuleName: Attack=None,Technique=None,Tactic=None,DS=None,Information=Uncategorized Events UtcTime: 2023-05-01 10:33:11.318 ProcessGuid: {D5540B43-8EFE-644F-9D01-000000000700} ProcessId: 8900 QueryName: 218.34.202.23.in-addr.arpa. QueryStatus: 0 QueryResults: type:  12 a23-202-34-218.deploy.static.akamaitechnologies.com; Image: C:\Users\azureuser\Downloads\ProcessMonitor\Procmon64.exe User: win10-2\azureuser ",,,22,NT AUTHORITY\SYSTEM,,00000000-0000-0000-0000-000000000001,AOI-39743c52-8e86-43b1-987e-cc5d848ecce7,Event,/subscriptions/9ecb8278-6c96-45d4-a456-c17f6976425f/resourcegroups/test_1/providers/microsoft.compute/virtualmachines/win10-2
39743c52-8e86-43b1-987e-cc5d848ecce7,OpsManager,2023-05-01T10:33:15.8227513Z,Microsoft-Windows-Sysmon,Microsoft-Windows-Sysmon/Operational,win10-2,4,Information,"<Param>Attack=None,Technique=None,Tactic=None,DS=Process: Process Termination,Level=0,Desc=Process Termination Events in Windows Directory</Param><Param>2023-05-01 10:33:15.818</Param><Param>{D5540B43-9567-644F-8E02-000000000700}</Param><Param>4652</Param><Param>C:\Windows\System32\backgroundTaskHost.exe</Param><Param>win10-2\azureuser</Param>","<DataItem type=""System.XmlData"" time=""2023-05-01T10:33:15.8227513+00:00"" sourceHealthServiceId=""CF1209A0-2624-0566-5F2A-730DF513CC05""><EventData xmlns=""http://schemas.microsoft.com/win/2004/08/events/event""><Data Name=""RuleName"">Attack=None,Technique=None,Tactic=None,DS=Process: Process Termination,Level=0,Desc=Process Termination Events in Windows Directory</Data><Data Name=""UtcTime"">2023-05-01 10:33:15.818</Data><Data Name=""ProcessGuid"">{d5540b43-9567-644f-8e02-000000000700}</Data><Data Name=""ProcessId"">4652</Data><Data Name=""Image"">C:\Windows\System32\backgroundTaskHost.exe</Data><Data Name=""User"">win10-2\azureuser</Data></EventData></DataItem>",5,"Process terminated: RuleName: Attack=None,Technique=None,Tactic=None,DS=Process: Process Termination,Level=0,Desc=Process Termination Events in Windows Directory UtcTime: 2023-05-01 10:33:15.818 ProcessGuid: {D5540B43-9567-644F-8E02-000000000700} ProcessId: 4652 Image: C:\Windows\System32\backgroundTaskHost.exe User: win10-2\azureuser ",,,5,NT AUTHORITY\SYSTEM,,00000000-0000-0000-0000-000000000001,AOI-39743c52-8e86-43b1-987e-cc5d848ecce7,Event,/subscriptions/9ecb8278-6c96-45d4-a456-c17f6976425f/resourcegroups/test_1/providers/microsoft.compute/virtualmachines/win10-2
39743c52-8e86-43b1-987e-cc5d848ecce7,OpsManager,2023-05-01T10:33:13.3511135Z,Microsoft-Windows-Sysmon,Microsoft-Windows-Sysmon/Operational,win10-2,4,Information,"<Param>Attack=None,Technique=None,Tactic=None,DS=Network Traffic: Network Connection Creation,Level=0,Desc=Non-Browsers Accessing HTTP</Param><Param>2023-05-01 10:33:11.889</Param><Param>{D5540B43-8E51-644F-1B01-000000000700}</Param><Param>5248</Param><Param>C:\WindowsAzure\GuestAgent_2.7.41491.1083_2023-05-01_100201\WindowsAzureGuestAgent.exe</Param><Param>NT AUTHORITY\SYSTEM</Param><Param>tcp</Param><Param>TRUE</Param><Param>FALSE</Param><Param>10.0.0.12</Param><Param>win10-2.n2lktqibtimupkzgx0j3ic54pc.hx.internal.cloudapp.net</Param><Param>50270</Param><Param>-</Param><Param>FALSE</Param><Param>168.63.129.16</Param><Param>-</Param><Param>80</Param><Param>http</Param>","<DataItem type=""System.XmlData"" time=""2023-05-01T10:33:13.3511135+00:00"" sourceHealthServiceId=""CF1209A0-2624-0566-5F2A-730DF513CC05""><EventData xmlns=""http://schemas.microsoft.com/win/2004/08/events/event""><Data Name=""RuleName"">Attack=None,Technique=None,Tactic=None,DS=Network Traffic: Network Connection Creation,Level=0,Desc=Non-Browsers Accessing HTTP</Data><Data Name=""UtcTime"">2023-05-01 10:33:11.889</Data><Data Name=""ProcessGuid"">{d5540b43-8e51-644f-1b01-000000000700}</Data><Data Name=""ProcessId"">5248</Data><Data Name=""Image"">C:\WindowsAzure\GuestAgent_2.7.41491.1083_2023-05-01_100201\WindowsAzureGuestAgent.exe</Data><Data Name=""User"">NT AUTHORITY\SYSTEM</Data><Data Name=""Protocol"">tcp</Data><Data Name=""Initiated"">true</Data><Data Name=""SourceIsIpv6"">false</Data><Data Name=""SourceIp"">10.0.0.12</Data><Data Name=""SourceHostname"">win10-2.n2lktqibtimupkzgx0j3ic54pc.hx.internal.cloudapp.net</Data><Data Name=""SourcePort"">50270</Data><Data Name=""SourcePortName"">-</Data><Data Name=""DestinationIsIpv6"">false</Data><Data Name=""DestinationIp"">168.63.129.16</Data><Data Name=""DestinationHostname"">-</Data><Data Name=""DestinationPort"">80</Data><Data Name=""DestinationPortName"">http</Data></EventData></DataItem>",3,"Network connection detected: RuleName: Attack=None,Technique=None,Tactic=None,DS=Network Traffic: Network Connection Creation,Level=0,Desc=Non-Browsers Accessing HTTP UtcTime: 2023-05-01 10:33:11.889 ProcessGuid: {D5540B43-8E51-644F-1B01-000000000700} ProcessId: 5248 Image: C:\WindowsAzure\GuestAgent_2.7.41491.1083_2023-05-01_100201\WindowsAzureGuestAgent.exe User: NT AUTHORITY\SYSTEM Protocol: tcp Initiated: TRUE SourceIsIpv6: FALSE SourceIp: 10.0.0.12 SourceHostname: win10-2.n2lktqibtimupkzgx0j3ic54pc.hx.internal.cloudapp.net SourcePort: 50270 SourcePortName: - DestinationIsIpv6: FALSE DestinationIp: 168.63.129.16 DestinationHostname: - DestinationPort: 80 DestinationPortName: http ",,,3,NT AUTHORITY\SYSTEM,,00000000-0000-0000-0000-000000000001,AOI-39743c52-8e86-43b1-987e-cc5d848ecce7,Event,/subscriptions/9ecb8278-6c96-45d4-a456-c17f6976425f/resourcegroups/test_1/providers/microsoft.compute/virtualmachines/win10-2
39743c52-8e86-43b1-987e-cc5d848ecce7,OpsManager,2023-05-01T10:33:13.5860135Z,Microsoft-Windows-Sysmon,Microsoft-Windows-Sysmon/Operational,win10-2,4,Information,"<Param>Attack=None,Technique=None,Tactic=None,DS=Process: Process Termination,Level=0,Desc=Process Termination Events in Windows Directory</Param><Param>2023-05-01 10:33:13.583</Param><Param>{D5540B43-9568-644F-8F02-000000000700}</Param><Param>9924</Param><Param>C:\Windows\System32\BackgroundTransferHost.exe</Param><Param>win10-2\azureuser</Param>","<DataItem type=""System.XmlData"" time=""2023-05-01T10:33:13.5860135+00:00"" sourceHealthServiceId=""CF1209A0-2624-0566-5F2A-730DF513CC05""><EventData xmlns=""http://schemas.microsoft.com/win/2004/08/events/event""><Data Name=""RuleName"">Attack=None,Technique=None,Tactic=None,DS=Process: Process Termination,Level=0,Desc=Process Termination Events in Windows Directory</Data><Data Name=""UtcTime"">2023-05-01 10:33:13.583</Data><Data Name=""ProcessGuid"">{d5540b43-9568-644f-8f02-000000000700}</Data><Data Name=""ProcessId"">9924</Data><Data Name=""Image"">C:\Windows\System32\BackgroundTransferHost.exe</Data><Data Name=""User"">win10-2\azureuser</Data></EventData></DataItem>",5,"Process terminated: RuleName: Attack=None,Technique=None,Tactic=None,DS=Process: Process Termination,Level=0,Desc=Process Termination Events in Windows Directory UtcTime: 2023-05-01 10:33:13.583 ProcessGuid: {D5540B43-9568-644F-8F02-000000000700} ProcessId: 9924 Image: C:\Windows\System32\BackgroundTransferHost.exe User: win10-2\azureuser ",,,5,NT AUTHORITY\SYSTEM,,00000000-0000-0000-0000-000000000001,AOI-39743c52-8e86-43b1-987e-cc5d848ecce7,Event,/subscriptions/9ecb8278-6c96-45d4-a456-c17f6976425f/resourcegroups/test_1/providers/microsoft.compute/virtualmachines/win10-2
