39743c52-8e86-43b1-987e-cc5d848ecce7,OpsManager,2023-05-01T10:47:25.5470597Z,Microsoft-Windows-Sysmon,Microsoft-Windows-Sysmon/Operational,win10-2,4,Information,"<Param>Attack=None,Technique=None,Tactic=None,DS=Process: Process Termination,Level=0,Desc=Process Termination Events in Windows Directory</Param><Param>2023-05-01 10:47:25.542</Param><Param>{D5540B43-98BD-644F-C702-000000000700}</Param><Param>9236</Param><Param>C:\Windows\System32\conhost.exe</Param><Param>NT AUTHORITY\SYSTEM</Param>","<DataItem type=""System.XmlData"" time=""2023-05-01T10:47:25.5470597+00:00"" sourceHealthServiceId=""CF1209A0-2624-0566-5F2A-730DF513CC05""><EventData xmlns=""http://schemas.microsoft.com/win/2004/08/events/event""><Data Name=""RuleName"">Attack=None,Technique=None,Tactic=None,DS=Process: Process Termination,Level=0,Desc=Process Termination Events in Windows Directory</Data><Data Name=""UtcTime"">2023-05-01 10:47:25.542</Data><Data Name=""ProcessGuid"">{d5540b43-98bd-644f-c702-000000000700}</Data><Data Name=""ProcessId"">9236</Data><Data Name=""Image"">C:\Windows\System32\conhost.exe</Data><Data Name=""User"">NT AUTHORITY\SYSTEM</Data></EventData></DataItem>",5,"Process terminated: RuleName: Attack=None,Technique=None,Tactic=None,DS=Process: Process Termination,Level=0,Desc=Process Termination Events in Windows Directory UtcTime: 2023-05-01 10:47:25.542 ProcessGuid: {D5540B43-98BD-644F-C702-000000000700} ProcessId: 9236 Image: C:\Windows\System32\conhost.exe User: NT AUTHORITY\SYSTEM ",,,5,NT AUTHORITY\SYSTEM,,00000000-0000-0000-0000-000000000001,AOI-39743c52-8e86-43b1-987e-cc5d848ecce7,Event,/subscriptions/9ecb8278-6c96-45d4-a456-c17f6976425f/resourcegroups/test_1/providers/microsoft.compute/virtualmachines/win10-2
39743c52-8e86-43b1-987e-cc5d848ecce7,OpsManager,2023-05-01T10:47:23.7435611Z,Microsoft-Windows-Sysmon,Microsoft-Windows-Sysmon/Operational,win10-2,4,Information,"<Param>Attack=None,Technique=None,Tactic=None,DS=Process: Process Creation,Level=0,Desc=SVCHost Processes</Param><Param>2023-05-01 10:47:23.737</Param><Param>{D5540B43-98BB-644F-C202-000000000700}</Param><Param>6520</Param><Param>C:\Windows\System32\svchost.exe</Param><Param>10.0.19041.1806 (WinBuild.160101.0800)</Param><Param>Host Process for Windows Services</Param><Param>Microsoft® Windows® Operating System</Param><Param>Microsoft Corporation</Param><Param>svchost.exe</Param><Param>C:\Windows\system32\svchost.exe -k wsappx -p -s AppXSvc</Param><Param>C:\Windows\system32\</Param><Param>NT AUTHORITY\SYSTEM</Param><Param>{D5540B43-8DB6-644F-E703-000000000000}</Param><Param>0x3e7</Param><Param>0</Param><Param>System</Param><Param>SHA1=1BC5066DDF693FC034D6514618854E26A84FD0D1,MD5=B7F884C1B74A263F746EE12A5F7C9F6A,SHA256=ADD683A6910ABBBF0E28B557FAD0BA998166394932AE2ACA069D9AA19EA8FE88,IMPHASH=247B9220E5D9B720A82B2C8B5069AD69</Param><Param>{D5540B43-8DB6-644F-0B00-000000000700}</Param><Param>720</Param><Param>C:\Windows\System32\services.exe</Param><Param>C:\Windows\system32\services.exe</Param><Param>NT AUTHORITY\SYSTEM</Param>","<DataItem type=""System.XmlData"" time=""2023-05-01T10:47:23.7435611+00:00"" sourceHealthServiceId=""CF1209A0-2624-0566-5F2A-730DF513CC05""><EventData xmlns=""http://schemas.microsoft.com/win/2004/08/events/event""><Data Name=""RuleName"">Attack=None,Technique=None,Tactic=None,DS=Process: Process Creation,Level=0,Desc=SVCHost Processes</Data><Data Name=""UtcTime"">2023-05-01 10:47:23.737</Data><Data Name=""ProcessGuid"">{d5540b43-98bb-644f-c202-000000000700}</Data><Data Name=""ProcessId"">6520</Data><Data Name=""Image"">C:\Windows\System32\svchost.exe</Data><Data Name=""FileVersion"">10.0.19041.1806 (WinBuild.160101.0800)</Data><Data Name=""Description"">Host Process for Windows Services</Data><Data Name=""Product"">Microsoft® Windows® Operating System</Data><Data Name=""Company"">Microsoft Corporation</Data><Data Name=""OriginalFileName"">svchost.exe</Data><Data Name=""CommandLine"">C:\Windows\system32\svchost.exe -k wsappx -p -s AppXSvc</Data><Data Name=""CurrentDirectory"">C:\Windows\system32\</Data><Data Name=""User"">NT AUTHORITY\SYSTEM</Data><Data Name=""LogonGuid"">{d5540b43-8db6-644f-e703-000000000000}</Data><Data Name=""LogonId"">0x3e7</Data><Data Name=""TerminalSessionId"">0</Data><Data Name=""IntegrityLevel"">System</Data><Data Name=""Hashes"">SHA1=1BC5066DDF693FC034D6514618854E26A84FD0D1,MD5=B7F884C1B74A263F746EE12A5F7C9F6A,SHA256=ADD683A6910ABBBF0E28B557FAD0BA998166394932AE2ACA069D9AA19EA8FE88,IMPHASH=247B9220E5D9B720A82B2C8B5069AD69</Data><Data Name=""ParentProcessGuid"">{d5540b43-8db6-644f-0b00-000000000700}</Data><Data Name=""ParentProcessId"">720</Data><Data Name=""ParentImage"">C:\Windows\System32\services.exe</Data><Data Name=""ParentCommandLine"">C:\Windows\system32\services.exe</Data><Data Name=""ParentUser"">NT AUTHORITY\SYSTEM</Data></EventData></DataItem>",1,"Process Create: RuleName: Attack=None,Technique=None,Tactic=None,DS=Process: Process Creation,Level=0,Desc=SVCHost Processes UtcTime: 2023-05-01 10:47:23.737 ProcessGuid: {D5540B43-98BB-644F-C202-000000000700} ProcessId: 6520 Image: C:\Windows\System32\svchost.exe FileVersion: 10.0.19041.1806 (WinBuild.160101.0800) Description: Host Process for Windows Services Product: Microsoft® Windows® Operating System Company: Microsoft Corporation OriginalFileName: svchost.exe CommandLine: C:\Windows\system32\svchost.exe -k wsappx -p -s AppXSvc CurrentDirectory: C:\Windows\system32\ User: NT AUTHORITY\SYSTEM LogonGuid: {D5540B43-8DB6-644F-E703-000000000000} LogonId: 0x3e7 TerminalSessionId: 0 IntegrityLevel: System Hashes: SHA1=1BC5066DDF693FC034D6514618854E26A84FD0D1,MD5=B7F884C1B74A263F746EE12A5F7C9F6A,SHA256=ADD683A6910ABBBF0E28B557FAD0BA998166394932AE2ACA069D9AA19EA8FE88,IMPHASH=247B9220E5D9B720A82B2C8B5069AD69 ParentProcessGuid: {D5540B43-8DB6-644F-0B00-000000000700} ParentProcessId: 720 ParentImage: C:\Windows\System32\services.exe ParentCommandLine: C:\Windows\system32\services.exe ParentUser: NT AUTHORITY\SYSTEM ",,,1,NT AUTHORITY\SYSTEM,,00000000-0000-0000-0000-000000000001,AOI-39743c52-8e86-43b1-987e-cc5d848ecce7,Event,/subscriptions/9ecb8278-6c96-45d4-a456-c17f6976425f/resourcegroups/test_1/providers/microsoft.compute/virtualmachines/win10-2
39743c52-8e86-43b1-987e-cc5d848ecce7,OpsManager,2023-05-01T10:47:23.9539902Z,Microsoft-Windows-Sysmon,Microsoft-Windows-Sysmon/Operational,win10-2,4,Information,"<Param>Attack=T1021.003,Technique=Distributed Component Object Model,Tactic=Lateral Movement,DS=Process: Process Creation,Level=0,Desc=DCOM Launch</Param><Param>2023-05-01 10:47:23.949</Param><Param>{D5540B43-98BB-644F-C302-000000000700}</Param><Param>5612</Param><Param>C:\Windows\System32\backgroundTaskHost.exe</Param><Param>10.0.19041.546 (WinBuild.160101.0800)</Param><Param>Background Task Host</Param><Param>Microsoft® Windows® Operating System</Param><Param>Microsoft Corporation</Param><Param>backgroundTaskHost.exe</Param><Param>""C:\Windows\system32\backgroundTaskHost.exe"" -ServerName:App.AppXmtcan0h2tfbfy7k9kn8hbxb6dmzz1zh0.mca</Param><Param>C:\Windows\SystemApps\Microsoft.Windows.ContentDeliveryManager_cw5n1h2txyewy\</Param><Param>win10-2\azureuser</Param><Param>{D5540B43-8DF1-644F-2DB9-060000000000}</Param><Param>0x6b92d</Param><Param>2</Param><Param>AppContainer</Param><Param>SHA1=C6E63C7AAE9C4E07E15C1717872C0C73F3D4FB09,MD5=DA7063B17DBB8BBB3015351016868006,SHA256=20330D3CA71D58F4AEB432676CB6A3D5B97005954E45132FB083E90782EFDD50,IMPHASH=D2ACF1CBC4A6DB14A34C687B9362D66B</Param><Param>{D5540B43-8DB6-644F-0D00-000000000700}</Param><Param>840</Param><Param>C:\Windows\System32\svchost.exe</Param><Param>C:\Windows\system32\svchost.exe -k DcomLaunch -p</Param><Param>NT AUTHORITY\SYSTEM</Param>","<DataItem type=""System.XmlData"" time=""2023-05-01T10:47:23.9539902+00:00"" sourceHealthServiceId=""CF1209A0-2624-0566-5F2A-730DF513CC05""><EventData xmlns=""http://schemas.microsoft.com/win/2004/08/events/event""><Data Name=""RuleName"">Attack=T1021.003,Technique=Distributed Component Object Model,Tactic=Lateral Movement,DS=Process: Process Creation,Level=0,Desc=DCOM Launch</Data><Data Name=""UtcTime"">2023-05-01 10:47:23.949</Data><Data Name=""ProcessGuid"">{d5540b43-98bb-644f-c302-000000000700}</Data><Data Name=""ProcessId"">5612</Data><Data Name=""Image"">C:\Windows\System32\backgroundTaskHost.exe</Data><Data Name=""FileVersion"">10.0.19041.546 (WinBuild.160101.0800)</Data><Data Name=""Description"">Background Task Host</Data><Data Name=""Product"">Microsoft® Windows® Operating System</Data><Data Name=""Company"">Microsoft Corporation</Data><Data Name=""OriginalFileName"">backgroundTaskHost.exe</Data><Data Name=""CommandLine"">""C:\Windows\system32\backgroundTaskHost.exe"" -ServerName:App.AppXmtcan0h2tfbfy7k9kn8hbxb6dmzz1zh0.mca</Data><Data Name=""CurrentDirectory"">C:\Windows\SystemApps\Microsoft.Windows.ContentDeliveryManager_cw5n1h2txyewy\</Data><Data Name=""User"">win10-2\azureuser</Data><Data Name=""LogonGuid"">{d5540b43-8df1-644f-2db9-060000000000}</Data><Data Name=""LogonId"">0x6b92d</Data><Data Name=""TerminalSessionId"">2</Data><Data Name=""IntegrityLevel"">AppContainer</Data><Data Name=""Hashes"">SHA1=C6E63C7AAE9C4E07E15C1717872C0C73F3D4FB09,MD5=DA7063B17DBB8BBB3015351016868006,SHA256=20330D3CA71D58F4AEB432676CB6A3D5B97005954E45132FB083E90782EFDD50,IMPHASH=D2ACF1CBC4A6DB14A34C687B9362D66B</Data><Data Name=""ParentProcessGuid"">{d5540b43-8db6-644f-0d00-000000000700}</Data><Data Name=""ParentProcessId"">840</Data><Data Name=""ParentImage"">C:\Windows\System32\svchost.exe</Data><Data Name=""ParentCommandLine"">C:\Windows\system32\svchost.exe -k DcomLaunch -p</Data><Data Name=""ParentUser"">NT AUTHORITY\SYSTEM</Data></EventData></DataItem>",1,"Process Create: RuleName: Attack=T1021.003,Technique=Distributed Component Object Model,Tactic=Lateral Movement,DS=Process: Process Creation,Level=0,Desc=DCOM Launch UtcTime: 2023-05-01 10:47:23.949 ProcessGuid: {D5540B43-98BB-644F-C302-000000000700} ProcessId: 5612 Image: C:\Windows\System32\backgroundTaskHost.exe FileVersion: 10.0.19041.546 (WinBuild.160101.0800) Description: Background Task Host Product: Microsoft® Windows® Operating System Company: Microsoft Corporation OriginalFileName: backgroundTaskHost.exe CommandLine: ""C:\Windows\system32\backgroundTaskHost.exe"" -ServerName:App.AppXmtcan0h2tfbfy7k9kn8hbxb6dmzz1zh0.mca CurrentDirectory: C:\Windows\SystemApps\Microsoft.Windows.ContentDeliveryManager_cw5n1h2txyewy\ User: win10-2\azureuser LogonGuid: {D5540B43-8DF1-644F-2DB9-060000000000} LogonId: 0x6b92d TerminalSessionId: 2 IntegrityLevel: AppContainer Hashes: SHA1=C6E63C7AAE9C4E07E15C1717872C0C73F3D4FB09,MD5=DA7063B17DBB8BBB3015351016868006,SHA256=20330D3CA71D58F4AEB432676CB6A3D5B97005954E45132FB083E90782EFDD50,IMPHASH=D2ACF1CBC4A6DB14A34C687B9362D66B ParentProcessGuid: {D5540B43-8DB6-644F-0D00-000000000700} ParentProcessId: 840 ParentImage: C:\Windows\System32\svchost.exe ParentCommandLine: C:\Windows\system32\svchost.exe -k DcomLaunch -p ParentUser: NT AUTHORITY\SYSTEM ",,,1,NT AUTHORITY\SYSTEM,,00000000-0000-0000-0000-000000000001,AOI-39743c52-8e86-43b1-987e-cc5d848ecce7,Event,/subscriptions/9ecb8278-6c96-45d4-a456-c17f6976425f/resourcegroups/test_1/providers/microsoft.compute/virtualmachines/win10-2
39743c52-8e86-43b1-987e-cc5d848ecce7,OpsManager,2023-05-01T10:47:24.4182598Z,Microsoft-Windows-Sysmon,Microsoft-Windows-Sysmon/Operational,win10-2,4,Information,"<Param>Attack=T1021.003,Technique=Distributed Component Object Model,Tactic=Lateral Movement,DS=Process: Process Creation,Level=0,Desc=DCOM Launch</Param><Param>2023-05-01 10:47:24.413</Param><Param>{D5540B43-98BC-644F-C402-000000000700}</Param><Param>4192</Param><Param>C:\Windows\System32\backgroundTaskHost.exe</Param><Param>10.0.19041.546 (WinBuild.160101.0800)</Param><Param>Background Task Host</Param><Param>Microsoft® Windows® Operating System</Param><Param>Microsoft Corporation</Param><Param>backgroundTaskHost.exe</Param><Param>""C:\Windows\system32\BackgroundTaskHost.exe"" -ServerName:BackgroundTaskHost.WebAccountProvider</Param><Param>C:\Windows\SystemApps\Microsoft.AAD.BrokerPlugin_cw5n1h2txyewy\</Param><Param>win10-2\azureuser</Param><Param>{D5540B43-8DF1-644F-2DB9-060000000000}</Param><Param>0x6b92d</Param><Param>2</Param><Param>AppContainer</Param><Param>SHA1=C6E63C7AAE9C4E07E15C1717872C0C73F3D4FB09,MD5=DA7063B17DBB8BBB3015351016868006,SHA256=20330D3CA71D58F4AEB432676CB6A3D5B97005954E45132FB083E90782EFDD50,IMPHASH=D2ACF1CBC4A6DB14A34C687B9362D66B</Param><Param>{D5540B43-8DB6-644F-0D00-000000000700}</Param><Param>840</Param><Param>C:\Windows\System32\svchost.exe</Param><Param>C:\Windows\system32\svchost.exe -k DcomLaunch -p</Param><Param>NT AUTHORITY\SYSTEM</Param>","<DataItem type=""System.XmlData"" time=""2023-05-01T10:47:24.4182598+00:00"" sourceHealthServiceId=""CF1209A0-2624-0566-5F2A-730DF513CC05""><EventData xmlns=""http://schemas.microsoft.com/win/2004/08/events/event""><Data Name=""RuleName"">Attack=T1021.003,Technique=Distributed Component Object Model,Tactic=Lateral Movement,DS=Process: Process Creation,Level=0,Desc=DCOM Launch</Data><Data Name=""UtcTime"">2023-05-01 10:47:24.413</Data><Data Name=""ProcessGuid"">{d5540b43-98bc-644f-c402-000000000700}</Data><Data Name=""ProcessId"">4192</Data><Data Name=""Image"">C:\Windows\System32\backgroundTaskHost.exe</Data><Data Name=""FileVersion"">10.0.19041.546 (WinBuild.160101.0800)</Data><Data Name=""Description"">Background Task Host</Data><Data Name=""Product"">Microsoft® Windows® Operating System</Data><Data Name=""Company"">Microsoft Corporation</Data><Data Name=""OriginalFileName"">backgroundTaskHost.exe</Data><Data Name=""CommandLine"">""C:\Windows\system32\BackgroundTaskHost.exe"" -ServerName:BackgroundTaskHost.WebAccountProvider</Data><Data Name=""CurrentDirectory"">C:\Windows\SystemApps\Microsoft.AAD.BrokerPlugin_cw5n1h2txyewy\</Data><Data Name=""User"">win10-2\azureuser</Data><Data Name=""LogonGuid"">{d5540b43-8df1-644f-2db9-060000000000}</Data><Data Name=""LogonId"">0x6b92d</Data><Data Name=""TerminalSessionId"">2</Data><Data Name=""IntegrityLevel"">AppContainer</Data><Data Name=""Hashes"">SHA1=C6E63C7AAE9C4E07E15C1717872C0C73F3D4FB09,MD5=DA7063B17DBB8BBB3015351016868006,SHA256=20330D3CA71D58F4AEB432676CB6A3D5B97005954E45132FB083E90782EFDD50,IMPHASH=D2ACF1CBC4A6DB14A34C687B9362D66B</Data><Data Name=""ParentProcessGuid"">{d5540b43-8db6-644f-0d00-000000000700}</Data><Data Name=""ParentProcessId"">840</Data><Data Name=""ParentImage"">C:\Windows\System32\svchost.exe</Data><Data Name=""ParentCommandLine"">C:\Windows\system32\svchost.exe -k DcomLaunch -p</Data><Data Name=""ParentUser"">NT AUTHORITY\SYSTEM</Data></EventData></DataItem>",1,"Process Create: RuleName: Attack=T1021.003,Technique=Distributed Component Object Model,Tactic=Lateral Movement,DS=Process: Process Creation,Level=0,Desc=DCOM Launch UtcTime: 2023-05-01 10:47:24.413 ProcessGuid: {D5540B43-98BC-644F-C402-000000000700} ProcessId: 4192 Image: C:\Windows\System32\backgroundTaskHost.exe FileVersion: 10.0.19041.546 (WinBuild.160101.0800) Description: Background Task Host Product: Microsoft® Windows® Operating System Company: Microsoft Corporation OriginalFileName: backgroundTaskHost.exe CommandLine: ""C:\Windows\system32\BackgroundTaskHost.exe"" -ServerName:BackgroundTaskHost.WebAccountProvider CurrentDirectory: C:\Windows\SystemApps\Microsoft.AAD.BrokerPlugin_cw5n1h2txyewy\ User: win10-2\azureuser LogonGuid: {D5540B43-8DF1-644F-2DB9-060000000000} LogonId: 0x6b92d TerminalSessionId: 2 IntegrityLevel: AppContainer Hashes: SHA1=C6E63C7AAE9C4E07E15C1717872C0C73F3D4FB09,MD5=DA7063B17DBB8BBB3015351016868006,SHA256=20330D3CA71D58F4AEB432676CB6A3D5B97005954E45132FB083E90782EFDD50,IMPHASH=D2ACF1CBC4A6DB14A34C687B9362D66B ParentProcessGuid: {D5540B43-8DB6-644F-0D00-000000000700} ParentProcessId: 840 ParentImage: C:\Windows\System32\svchost.exe ParentCommandLine: C:\Windows\system32\svchost.exe -k DcomLaunch -p ParentUser: NT AUTHORITY\SYSTEM ",,,1,NT AUTHORITY\SYSTEM,,00000000-0000-0000-0000-000000000001,AOI-39743c52-8e86-43b1-987e-cc5d848ecce7,Event,/subscriptions/9ecb8278-6c96-45d4-a456-c17f6976425f/resourcegroups/test_1/providers/microsoft.compute/virtualmachines/win10-2
39743c52-8e86-43b1-987e-cc5d848ecce7,OpsManager,2023-05-01T10:47:33.8306507Z,Microsoft-Windows-Sysmon,Microsoft-Windows-Sysmon/Operational,win10-2,4,Information,"<Param>Attack=T1204,Technique=User Execution,Tactic=Execution,DS=File: File Creation,Forensic=Windows Prefetch Exec History</Param><Param>2023-05-01 10:47:33.827</Param><Param>{D5540B43-8DBA-644F-2C00-000000000700}</Param><Param>1984</Param><Param>C:\Windows\system32\svchost.exe</Param><Param>C:\Windows\Prefetch\SVCHOST.EXE-C8680DC4.pf</Param><Param>2023-05-01 10:31:48.647</Param><Param>NT AUTHORITY\SYSTEM</Param>","<DataItem type=""System.XmlData"" time=""2023-05-01T10:47:33.8306507+00:00"" sourceHealthServiceId=""CF1209A0-2624-0566-5F2A-730DF513CC05""><EventData xmlns=""http://schemas.microsoft.com/win/2004/08/events/event""><Data Name=""RuleName"">Attack=T1204,Technique=User Execution,Tactic=Execution,DS=File: File Creation,Forensic=Windows Prefetch Exec History</Data><Data Name=""UtcTime"">2023-05-01 10:47:33.827</Data><Data Name=""ProcessGuid"">{d5540b43-8dba-644f-2c00-000000000700}</Data><Data Name=""ProcessId"">1984</Data><Data Name=""Image"">C:\Windows\system32\svchost.exe</Data><Data Name=""TargetFilename"">C:\Windows\Prefetch\SVCHOST.EXE-C8680DC4.pf</Data><Data Name=""CreationUtcTime"">2023-05-01 10:31:48.647</Data><Data Name=""User"">NT AUTHORITY\SYSTEM</Data></EventData></DataItem>",11,"File created: RuleName: Attack=T1204,Technique=User Execution,Tactic=Execution,DS=File: File Creation,Forensic=Windows Prefetch Exec History UtcTime: 2023-05-01 10:47:33.827 ProcessGuid: {D5540B43-8DBA-644F-2C00-000000000700} ProcessId: 1984 Image: C:\Windows\system32\svchost.exe TargetFilename: C:\Windows\Prefetch\SVCHOST.EXE-C8680DC4.pf CreationUtcTime: 2023-05-01 10:31:48.647 User: NT AUTHORITY\SYSTEM ",,,11,NT AUTHORITY\SYSTEM,,00000000-0000-0000-0000-000000000001,AOI-39743c52-8e86-43b1-987e-cc5d848ecce7,Event,/subscriptions/9ecb8278-6c96-45d4-a456-c17f6976425f/resourcegroups/test_1/providers/microsoft.compute/virtualmachines/win10-2
39743c52-8e86-43b1-987e-cc5d848ecce7,OpsManager,2023-05-01T10:47:38.6362614Z,Microsoft-Windows-Sysmon,Microsoft-Windows-Sysmon/Operational,win10-2,4,Information,"<Param>Attack=T1021.003,Technique=Distributed Component Object Model,Tactic=Lateral Movement,DS=Process: Process Creation,Level=0,Desc=DCOM Launch</Param><Param>2023-05-01 10:47:38.630</Param><Param>{D5540B43-98CA-644F-C902-000000000700}</Param><Param>2996</Param><Param>C:\Windows\System32\backgroundTaskHost.exe</Param><Param>10.0.19041.546 (WinBuild.160101.0800)</Param><Param>Background Task Host</Param><Param>Microsoft® Windows® Operating System</Param><Param>Microsoft Corporation</Param><Param>backgroundTaskHost.exe</Param><Param>""C:\Windows\system32\backgroundTaskHost.exe"" -ServerName:App.AppXmtcan0h2tfbfy7k9kn8hbxb6dmzz1zh0.mca</Param><Param>C:\Windows\SystemApps\Microsoft.Windows.ContentDeliveryManager_cw5n1h2txyewy\</Param><Param>win10-2\azureuser</Param><Param>{D5540B43-8DF1-644F-2DB9-060000000000}</Param><Param>0x6b92d</Param><Param>2</Param><Param>AppContainer</Param><Param>SHA1=C6E63C7AAE9C4E07E15C1717872C0C73F3D4FB09,MD5=DA7063B17DBB8BBB3015351016868006,SHA256=20330D3CA71D58F4AEB432676CB6A3D5B97005954E45132FB083E90782EFDD50,IMPHASH=D2ACF1CBC4A6DB14A34C687B9362D66B</Param><Param>{D5540B43-8DB6-644F-0D00-000000000700}</Param><Param>840</Param><Param>C:\Windows\System32\svchost.exe</Param><Param>C:\Windows\system32\svchost.exe -k DcomLaunch -p</Param><Param>NT AUTHORITY\SYSTEM</Param>","<DataItem type=""System.XmlData"" time=""2023-05-01T10:47:38.6362614+00:00"" sourceHealthServiceId=""CF1209A0-2624-0566-5F2A-730DF513CC05""><EventData xmlns=""http://schemas.microsoft.com/win/2004/08/events/event""><Data Name=""RuleName"">Attack=T1021.003,Technique=Distributed Component Object Model,Tactic=Lateral Movement,DS=Process: Process Creation,Level=0,Desc=DCOM Launch</Data><Data Name=""UtcTime"">2023-05-01 10:47:38.630</Data><Data Name=""ProcessGuid"">{d5540b43-98ca-644f-c902-000000000700}</Data><Data Name=""ProcessId"">2996</Data><Data Name=""Image"">C:\Windows\System32\backgroundTaskHost.exe</Data><Data Name=""FileVersion"">10.0.19041.546 (WinBuild.160101.0800)</Data><Data Name=""Description"">Background Task Host</Data><Data Name=""Product"">Microsoft® Windows® Operating System</Data><Data Name=""Company"">Microsoft Corporation</Data><Data Name=""OriginalFileName"">backgroundTaskHost.exe</Data><Data Name=""CommandLine"">""C:\Windows\system32\backgroundTaskHost.exe"" -ServerName:App.AppXmtcan0h2tfbfy7k9kn8hbxb6dmzz1zh0.mca</Data><Data Name=""CurrentDirectory"">C:\Windows\SystemApps\Microsoft.Windows.ContentDeliveryManager_cw5n1h2txyewy\</Data><Data Name=""User"">win10-2\azureuser</Data><Data Name=""LogonGuid"">{d5540b43-8df1-644f-2db9-060000000000}</Data><Data Name=""LogonId"">0x6b92d</Data><Data Name=""TerminalSessionId"">2</Data><Data Name=""IntegrityLevel"">AppContainer</Data><Data Name=""Hashes"">SHA1=C6E63C7AAE9C4E07E15C1717872C0C73F3D4FB09,MD5=DA7063B17DBB8BBB3015351016868006,SHA256=20330D3CA71D58F4AEB432676CB6A3D5B97005954E45132FB083E90782EFDD50,IMPHASH=D2ACF1CBC4A6DB14A34C687B9362D66B</Data><Data Name=""ParentProcessGuid"">{d5540b43-8db6-644f-0d00-000000000700}</Data><Data Name=""ParentProcessId"">840</Data><Data Name=""ParentImage"">C:\Windows\System32\svchost.exe</Data><Data Name=""ParentCommandLine"">C:\Windows\system32\svchost.exe -k DcomLaunch -p</Data><Data Name=""ParentUser"">NT AUTHORITY\SYSTEM</Data></EventData></DataItem>",1,"Process Create: RuleName: Attack=T1021.003,Technique=Distributed Component Object Model,Tactic=Lateral Movement,DS=Process: Process Creation,Level=0,Desc=DCOM Launch UtcTime: 2023-05-01 10:47:38.630 ProcessGuid: {D5540B43-98CA-644F-C902-000000000700} ProcessId: 2996 Image: C:\Windows\System32\backgroundTaskHost.exe FileVersion: 10.0.19041.546 (WinBuild.160101.0800) Description: Background Task Host Product: Microsoft® Windows® Operating System Company: Microsoft Corporation OriginalFileName: backgroundTaskHost.exe CommandLine: ""C:\Windows\system32\backgroundTaskHost.exe"" -ServerName:App.AppXmtcan0h2tfbfy7k9kn8hbxb6dmzz1zh0.mca CurrentDirectory: C:\Windows\SystemApps\Microsoft.Windows.ContentDeliveryManager_cw5n1h2txyewy\ User: win10-2\azureuser LogonGuid: {D5540B43-8DF1-644F-2DB9-060000000000} LogonId: 0x6b92d TerminalSessionId: 2 IntegrityLevel: AppContainer Hashes: SHA1=C6E63C7AAE9C4E07E15C1717872C0C73F3D4FB09,MD5=DA7063B17DBB8BBB3015351016868006,SHA256=20330D3CA71D58F4AEB432676CB6A3D5B97005954E45132FB083E90782EFDD50,IMPHASH=D2ACF1CBC4A6DB14A34C687B9362D66B ParentProcessGuid: {D5540B43-8DB6-644F-0D00-000000000700} ParentProcessId: 840 ParentImage: C:\Windows\System32\svchost.exe ParentCommandLine: C:\Windows\system32\svchost.exe -k DcomLaunch -p ParentUser: NT AUTHORITY\SYSTEM ",,,1,NT AUTHORITY\SYSTEM,,00000000-0000-0000-0000-000000000001,AOI-39743c52-8e86-43b1-987e-cc5d848ecce7,Event,/subscriptions/9ecb8278-6c96-45d4-a456-c17f6976425f/resourcegroups/test_1/providers/microsoft.compute/virtualmachines/win10-2
39743c52-8e86-43b1-987e-cc5d848ecce7,OpsManager,2023-05-01T10:47:39.0153127Z,Microsoft-Windows-Sysmon,Microsoft-Windows-Sysmon/Operational,win10-2,4,Information,"<Param>Attack=None,Technique=None,Tactic=None,DS=Process: Process Termination,Level=0,Desc=Process Termination Events in Windows Directory</Param><Param>2023-05-01 10:47:39.012</Param><Param>{D5540B43-98CA-644F-C902-000000000700}</Param><Param>2996</Param><Param>C:\Windows\System32\backgroundTaskHost.exe</Param><Param>win10-2\azureuser</Param>","<DataItem type=""System.XmlData"" time=""2023-05-01T10:47:39.0153127+00:00"" sourceHealthServiceId=""CF1209A0-2624-0566-5F2A-730DF513CC05""><EventData xmlns=""http://schemas.microsoft.com/win/2004/08/events/event""><Data Name=""RuleName"">Attack=None,Technique=None,Tactic=None,DS=Process: Process Termination,Level=0,Desc=Process Termination Events in Windows Directory</Data><Data Name=""UtcTime"">2023-05-01 10:47:39.012</Data><Data Name=""ProcessGuid"">{d5540b43-98ca-644f-c902-000000000700}</Data><Data Name=""ProcessId"">2996</Data><Data Name=""Image"">C:\Windows\System32\backgroundTaskHost.exe</Data><Data Name=""User"">win10-2\azureuser</Data></EventData></DataItem>",5,"Process terminated: RuleName: Attack=None,Technique=None,Tactic=None,DS=Process: Process Termination,Level=0,Desc=Process Termination Events in Windows Directory UtcTime: 2023-05-01 10:47:39.012 ProcessGuid: {D5540B43-98CA-644F-C902-000000000700} ProcessId: 2996 Image: C:\Windows\System32\backgroundTaskHost.exe User: win10-2\azureuser ",,,5,NT AUTHORITY\SYSTEM,,00000000-0000-0000-0000-000000000001,AOI-39743c52-8e86-43b1-987e-cc5d848ecce7,Event,/subscriptions/9ecb8278-6c96-45d4-a456-c17f6976425f/resourcegroups/test_1/providers/microsoft.compute/virtualmachines/win10-2
