39743c52-8e86-43b1-987e-cc5d848ecce7,OpsManager,2023-05-01T10:46:25.00867Z,Microsoft-Windows-Sysmon,Microsoft-Windows-Sysmon/Operational,win10-2,4,Information,"<Param>Attack=T1059,Technique=Visual Basic,Tactic=Execution,DS=Process: Process Creation,UEBA=Suspicious WSCRIPT Command Line,Risk=50</Param><Param>2023-05-01 10:46:25.005</Param><Param>{D5540B43-9881-644F-C002-000000000700}</Param><Param>8616</Param><Param>C:\Windows\System32\cscript.exe</Param><Param>5.812.10240.16384</Param><Param>Microsoft ® Console Based Script Host</Param><Param>Microsoft ® Windows Script Host</Param><Param>Microsoft Corporation</Param><Param>cscript.exe</Param><Param>""C:\Windows\system32\cscript.exe"" /nologo ""MonitorKnowledgeDiscovery.vbs""</Param><Param>C:\Program Files\Microsoft Monitoring Agent\Agent\Health Service State\Monitoring Host Temporary Files 1\32\</Param><Param>NT AUTHORITY\SYSTEM</Param><Param>{D5540B43-8DB6-644F-E703-000000000000}</Param><Param>0x3e7</Param><Param>0</Param><Param>System</Param><Param>SHA1=CDFE517D07F18623778829AA98D6BBADD3F294CD,MD5=24590BF74BBBBFD7D7AC070F4E3C44FD,SHA256=AE37FD1B642E797B36B9FFCEC8A6E986732D011681061800C6B74426C28A9D03,IMPHASH=2B44D2206B9865383429E9C1524F1CAC</Param><Param>{D5540B43-93CA-644F-6B02-000000000700}</Param><Param>5364</Param><Param>C:\Program Files\Microsoft Monitoring Agent\Agent\MonitoringHost.exe</Param><Param>""C:\Program Files\Microsoft Monitoring Agent\Agent\MonitoringHost.exe"" -Embedding</Param><Param>NT AUTHORITY\SYSTEM</Param>","<DataItem type=""System.XmlData"" time=""2023-05-01T10:46:25.0086700+00:00"" sourceHealthServiceId=""CF1209A0-2624-0566-5F2A-730DF513CC05""><EventData xmlns=""http://schemas.microsoft.com/win/2004/08/events/event""><Data Name=""RuleName"">Attack=T1059,Technique=Visual Basic,Tactic=Execution,DS=Process: Process Creation,UEBA=Suspicious WSCRIPT Command Line,Risk=50</Data><Data Name=""UtcTime"">2023-05-01 10:46:25.005</Data><Data Name=""ProcessGuid"">{d5540b43-9881-644f-c002-000000000700}</Data><Data Name=""ProcessId"">8616</Data><Data Name=""Image"">C:\Windows\System32\cscript.exe</Data><Data Name=""FileVersion"">5.812.10240.16384</Data><Data Name=""Description"">Microsoft ® Console Based Script Host</Data><Data Name=""Product"">Microsoft ® Windows Script Host</Data><Data Name=""Company"">Microsoft Corporation</Data><Data Name=""OriginalFileName"">cscript.exe</Data><Data Name=""CommandLine"">""C:\Windows\system32\cscript.exe"" /nologo ""MonitorKnowledgeDiscovery.vbs""</Data><Data Name=""CurrentDirectory"">C:\Program Files\Microsoft Monitoring Agent\Agent\Health Service State\Monitoring Host Temporary Files 1\32\</Data><Data Name=""User"">NT AUTHORITY\SYSTEM</Data><Data Name=""LogonGuid"">{d5540b43-8db6-644f-e703-000000000000}</Data><Data Name=""LogonId"">0x3e7</Data><Data Name=""TerminalSessionId"">0</Data><Data Name=""IntegrityLevel"">System</Data><Data Name=""Hashes"">SHA1=CDFE517D07F18623778829AA98D6BBADD3F294CD,MD5=24590BF74BBBBFD7D7AC070F4E3C44FD,SHA256=AE37FD1B642E797B36B9FFCEC8A6E986732D011681061800C6B74426C28A9D03,IMPHASH=2B44D2206B9865383429E9C1524F1CAC</Data><Data Name=""ParentProcessGuid"">{d5540b43-93ca-644f-6b02-000000000700}</Data><Data Name=""ParentProcessId"">5364</Data><Data Name=""ParentImage"">C:\Program Files\Microsoft Monitoring Agent\Agent\MonitoringHost.exe</Data><Data Name=""ParentCommandLine"">""C:\Program Files\Microsoft Monitoring Agent\Agent\MonitoringHost.exe"" -Embedding</Data><Data Name=""ParentUser"">NT AUTHORITY\SYSTEM</Data></EventData></DataItem>",1,"Process Create: RuleName: Attack=T1059,Technique=Visual Basic,Tactic=Execution,DS=Process: Process Creation,UEBA=Suspicious WSCRIPT Command Line,Risk=50 UtcTime: 2023-05-01 10:46:25.005 ProcessGuid: {D5540B43-9881-644F-C002-000000000700} ProcessId: 8616 Image: C:\Windows\System32\cscript.exe FileVersion: 5.812.10240.16384 Description: Microsoft ® Console Based Script Host Product: Microsoft ® Windows Script Host Company: Microsoft Corporation OriginalFileName: cscript.exe CommandLine: ""C:\Windows\system32\cscript.exe"" /nologo ""MonitorKnowledgeDiscovery.vbs"" CurrentDirectory: C:\Program Files\Microsoft Monitoring Agent\Agent\Health Service State\Monitoring Host Temporary Files 1\32\ User: NT AUTHORITY\SYSTEM LogonGuid: {D5540B43-8DB6-644F-E703-000000000000} LogonId: 0x3e7 TerminalSessionId: 0 IntegrityLevel: System Hashes: SHA1=CDFE517D07F18623778829AA98D6BBADD3F294CD,MD5=24590BF74BBBBFD7D7AC070F4E3C44FD,SHA256=AE37FD1B642E797B36B9FFCEC8A6E986732D011681061800C6B74426C28A9D03,IMPHASH=2B44D2206B9865383429E9C1524F1CAC ParentProcessGuid: {D5540B43-93CA-644F-6B02-000000000700} ParentProcessId: 5364 ParentImage: C:\Program Files\Microsoft Monitoring Agent\Agent\MonitoringHost.exe ParentCommandLine: ""C:\Program Files\Microsoft Monitoring Agent\Agent\MonitoringHost.exe"" -Embedding ParentUser: NT AUTHORITY\SYSTEM ",,,1,NT AUTHORITY\SYSTEM,,00000000-0000-0000-0000-000000000001,AOI-39743c52-8e86-43b1-987e-cc5d848ecce7,Event,/subscriptions/9ecb8278-6c96-45d4-a456-c17f6976425f/resourcegroups/test_1/providers/microsoft.compute/virtualmachines/win10-2
39743c52-8e86-43b1-987e-cc5d848ecce7,OpsManager,2023-05-01T10:46:25.1480796Z,Microsoft-Windows-Sysmon,Microsoft-Windows-Sysmon/Operational,win10-2,4,Information,"<Param>Attack=None,Technique=None,Tactic=None,DS=Module: Module Load,Level=0,Desc=Powershell Not Loading AMSI.dll</Param><Param>2023-05-01 10:46:25.144</Param><Param>{D5540B43-9881-644F-C002-000000000700}</Param><Param>8616</Param><Param>C:\Windows\System32\cscript.exe</Param><Param>C:\Windows\System32\amsi.dll</Param><Param>10.0.19041.2075 (WinBuild.160101.0800)</Param><Param>Anti-Malware Scan Interface</Param><Param>Microsoft® Windows® Operating System</Param><Param>Microsoft Corporation</Param><Param>amsi.dll</Param><Param>SHA1=B6A0B7755F49B1678F16550A14E7D6DB3840097A,MD5=31A4B9E4D7F90542E09F4A6393567CD7,SHA256=F45D7BD641694B1351B1F003B95586F5456F3BCC508CF8AE323DE95115557C07,IMPHASH=C414C6B76EBCEEF67B5B752A7E51D4D2</Param><Param>true</Param><Param>Microsoft Windows</Param><Param>Valid</Param><Param>NT AUTHORITY\SYSTEM</Param>","<DataItem type=""System.XmlData"" time=""2023-05-01T10:46:25.1480796+00:00"" sourceHealthServiceId=""CF1209A0-2624-0566-5F2A-730DF513CC05""><EventData xmlns=""http://schemas.microsoft.com/win/2004/08/events/event""><Data Name=""RuleName"">Attack=None,Technique=None,Tactic=None,DS=Module: Module Load,Level=0,Desc=Powershell Not Loading AMSI.dll</Data><Data Name=""UtcTime"">2023-05-01 10:46:25.144</Data><Data Name=""ProcessGuid"">{d5540b43-9881-644f-c002-000000000700}</Data><Data Name=""ProcessId"">8616</Data><Data Name=""Image"">C:\Windows\System32\cscript.exe</Data><Data Name=""ImageLoaded"">C:\Windows\System32\amsi.dll</Data><Data Name=""FileVersion"">10.0.19041.2075 (WinBuild.160101.0800)</Data><Data Name=""Description"">Anti-Malware Scan Interface</Data><Data Name=""Product"">Microsoft® Windows® Operating System</Data><Data Name=""Company"">Microsoft Corporation</Data><Data Name=""OriginalFileName"">amsi.dll</Data><Data Name=""Hashes"">SHA1=B6A0B7755F49B1678F16550A14E7D6DB3840097A,MD5=31A4B9E4D7F90542E09F4A6393567CD7,SHA256=F45D7BD641694B1351B1F003B95586F5456F3BCC508CF8AE323DE95115557C07,IMPHASH=C414C6B76EBCEEF67B5B752A7E51D4D2</Data><Data Name=""Signed"">true</Data><Data Name=""Signature"">Microsoft Windows</Data><Data Name=""SignatureStatus"">Valid</Data><Data Name=""User"">NT AUTHORITY\SYSTEM</Data></EventData></DataItem>",7,"Image loaded: RuleName: Attack=None,Technique=None,Tactic=None,DS=Module: Module Load,Level=0,Desc=Powershell Not Loading AMSI.dll UtcTime: 2023-05-01 10:46:25.144 ProcessGuid: {D5540B43-9881-644F-C002-000000000700} ProcessId: 8616 Image: C:\Windows\System32\cscript.exe ImageLoaded: C:\Windows\System32\amsi.dll FileVersion: 10.0.19041.2075 (WinBuild.160101.0800) Description: Anti-Malware Scan Interface Product: Microsoft® Windows® Operating System Company: Microsoft Corporation OriginalFileName: amsi.dll Hashes: SHA1=B6A0B7755F49B1678F16550A14E7D6DB3840097A,MD5=31A4B9E4D7F90542E09F4A6393567CD7,SHA256=F45D7BD641694B1351B1F003B95586F5456F3BCC508CF8AE323DE95115557C07,IMPHASH=C414C6B76EBCEEF67B5B752A7E51D4D2 Signed: true Signature: Microsoft Windows SignatureStatus: Valid User: NT AUTHORITY\SYSTEM ",,,7,NT AUTHORITY\SYSTEM,,00000000-0000-0000-0000-000000000001,AOI-39743c52-8e86-43b1-987e-cc5d848ecce7,Event,/subscriptions/9ecb8278-6c96-45d4-a456-c17f6976425f/resourcegroups/test_1/providers/microsoft.compute/virtualmachines/win10-2
39743c52-8e86-43b1-987e-cc5d848ecce7,OpsManager,2023-05-01T10:46:25.1981564Z,Microsoft-Windows-Sysmon,Microsoft-Windows-Sysmon/Operational,win10-2,4,Information,"<Param>RG=Image Load Includes</Param><Param>2023-05-01 10:46:25.191</Param><Param>{D5540B43-9881-644F-C002-000000000700}</Param><Param>8616</Param><Param>C:\Windows\System32\cscript.exe</Param><Param>C:\Windows\System32\scrobj.dll</Param><Param>5.812.10240.16384</Param><Param>Windows ® Script Component Runtime</Param><Param>Microsoft ® Windows ® Script Component Runtime</Param><Param>Microsoft Corporation</Param><Param>scrobj.dll</Param><Param>SHA1=35CACF1ADA899882019C97BBF044E3B011EBA987,MD5=3BAC5E5C39B9787E3672ACBFABE438D1,SHA256=164EA0913EF910084147CAB550C12B8F12C710A3F1BADF4A26C6691517A031C4,IMPHASH=C928D4D30D6B6FC0A3B011AA381044CA</Param><Param>true</Param><Param>Microsoft Windows</Param><Param>Valid</Param><Param>NT AUTHORITY\SYSTEM</Param>","<DataItem type=""System.XmlData"" time=""2023-05-01T10:46:25.1981564+00:00"" sourceHealthServiceId=""CF1209A0-2624-0566-5F2A-730DF513CC05""><EventData xmlns=""http://schemas.microsoft.com/win/2004/08/events/event""><Data Name=""RuleName"">RG=Image Load Includes</Data><Data Name=""UtcTime"">2023-05-01 10:46:25.191</Data><Data Name=""ProcessGuid"">{d5540b43-9881-644f-c002-000000000700}</Data><Data Name=""ProcessId"">8616</Data><Data Name=""Image"">C:\Windows\System32\cscript.exe</Data><Data Name=""ImageLoaded"">C:\Windows\System32\scrobj.dll</Data><Data Name=""FileVersion"">5.812.10240.16384</Data><Data Name=""Description"">Windows ® Script Component Runtime</Data><Data Name=""Product"">Microsoft ® Windows ® Script Component Runtime</Data><Data Name=""Company"">Microsoft Corporation</Data><Data Name=""OriginalFileName"">scrobj.dll</Data><Data Name=""Hashes"">SHA1=35CACF1ADA899882019C97BBF044E3B011EBA987,MD5=3BAC5E5C39B9787E3672ACBFABE438D1,SHA256=164EA0913EF910084147CAB550C12B8F12C710A3F1BADF4A26C6691517A031C4,IMPHASH=C928D4D30D6B6FC0A3B011AA381044CA</Data><Data Name=""Signed"">true</Data><Data Name=""Signature"">Microsoft Windows</Data><Data Name=""SignatureStatus"">Valid</Data><Data Name=""User"">NT AUTHORITY\SYSTEM</Data></EventData></DataItem>",7,"Image loaded: RuleName: RG=Image Load Includes UtcTime: 2023-05-01 10:46:25.191 ProcessGuid: {D5540B43-9881-644F-C002-000000000700} ProcessId: 8616 Image: C:\Windows\System32\cscript.exe ImageLoaded: C:\Windows\System32\scrobj.dll FileVersion: 5.812.10240.16384 Description: Windows ® Script Component Runtime Product: Microsoft ® Windows ® Script Component Runtime Company: Microsoft Corporation OriginalFileName: scrobj.dll Hashes: SHA1=35CACF1ADA899882019C97BBF044E3B011EBA987,MD5=3BAC5E5C39B9787E3672ACBFABE438D1,SHA256=164EA0913EF910084147CAB550C12B8F12C710A3F1BADF4A26C6691517A031C4,IMPHASH=C928D4D30D6B6FC0A3B011AA381044CA Signed: true Signature: Microsoft Windows SignatureStatus: Valid User: NT AUTHORITY\SYSTEM ",,,7,NT AUTHORITY\SYSTEM,,00000000-0000-0000-0000-000000000001,AOI-39743c52-8e86-43b1-987e-cc5d848ecce7,Event,/subscriptions/9ecb8278-6c96-45d4-a456-c17f6976425f/resourcegroups/test_1/providers/microsoft.compute/virtualmachines/win10-2
39743c52-8e86-43b1-987e-cc5d848ecce7,OpsManager,2023-05-01T10:46:25.2584169Z,Microsoft-Windows-Sysmon,Microsoft-Windows-Sysmon/Operational,win10-2,4,Information,"<Param>Attack=None,Technique=None,Tactic=None,DS=Process: Process Termination,Level=0,Desc=Process Termination Events in Windows Directory</Param><Param>2023-05-01 10:46:25.254</Param><Param>{D5540B43-9881-644F-C002-000000000700}</Param><Param>8616</Param><Param>C:\Windows\System32\cscript.exe</Param><Param>NT AUTHORITY\SYSTEM</Param>","<DataItem type=""System.XmlData"" time=""2023-05-01T10:46:25.2584169+00:00"" sourceHealthServiceId=""CF1209A0-2624-0566-5F2A-730DF513CC05""><EventData xmlns=""http://schemas.microsoft.com/win/2004/08/events/event""><Data Name=""RuleName"">Attack=None,Technique=None,Tactic=None,DS=Process: Process Termination,Level=0,Desc=Process Termination Events in Windows Directory</Data><Data Name=""UtcTime"">2023-05-01 10:46:25.254</Data><Data Name=""ProcessGuid"">{d5540b43-9881-644f-c002-000000000700}</Data><Data Name=""ProcessId"">8616</Data><Data Name=""Image"">C:\Windows\System32\cscript.exe</Data><Data Name=""User"">NT AUTHORITY\SYSTEM</Data></EventData></DataItem>",5,"Process terminated: RuleName: Attack=None,Technique=None,Tactic=None,DS=Process: Process Termination,Level=0,Desc=Process Termination Events in Windows Directory UtcTime: 2023-05-01 10:46:25.254 ProcessGuid: {D5540B43-9881-644F-C002-000000000700} ProcessId: 8616 Image: C:\Windows\System32\cscript.exe User: NT AUTHORITY\SYSTEM ",,,5,NT AUTHORITY\SYSTEM,,00000000-0000-0000-0000-000000000001,AOI-39743c52-8e86-43b1-987e-cc5d848ecce7,Event,/subscriptions/9ecb8278-6c96-45d4-a456-c17f6976425f/resourcegroups/test_1/providers/microsoft.compute/virtualmachines/win10-2
39743c52-8e86-43b1-987e-cc5d848ecce7,OpsManager,2023-05-01T10:46:25.2601762Z,Microsoft-Windows-Sysmon,Microsoft-Windows-Sysmon/Operational,win10-2,4,Information,"<Param>Attack=None,Technique=None,Tactic=None,DS=Process: Process Termination,Level=0,Desc=Process Termination Events in Windows Directory</Param><Param>2023-05-01 10:46:25.254</Param><Param>{D5540B43-9881-644F-C102-000000000700}</Param><Param>4476</Param><Param>C:\Windows\System32\conhost.exe</Param><Param>NT AUTHORITY\SYSTEM</Param>","<DataItem type=""System.XmlData"" time=""2023-05-01T10:46:25.2601762+00:00"" sourceHealthServiceId=""CF1209A0-2624-0566-5F2A-730DF513CC05""><EventData xmlns=""http://schemas.microsoft.com/win/2004/08/events/event""><Data Name=""RuleName"">Attack=None,Technique=None,Tactic=None,DS=Process: Process Termination,Level=0,Desc=Process Termination Events in Windows Directory</Data><Data Name=""UtcTime"">2023-05-01 10:46:25.254</Data><Data Name=""ProcessGuid"">{d5540b43-9881-644f-c102-000000000700}</Data><Data Name=""ProcessId"">4476</Data><Data Name=""Image"">C:\Windows\System32\conhost.exe</Data><Data Name=""User"">NT AUTHORITY\SYSTEM</Data></EventData></DataItem>",5,"Process terminated: RuleName: Attack=None,Technique=None,Tactic=None,DS=Process: Process Termination,Level=0,Desc=Process Termination Events in Windows Directory UtcTime: 2023-05-01 10:46:25.254 ProcessGuid: {D5540B43-9881-644F-C102-000000000700} ProcessId: 4476 Image: C:\Windows\System32\conhost.exe User: NT AUTHORITY\SYSTEM ",,,5,NT AUTHORITY\SYSTEM,,00000000-0000-0000-0000-000000000001,AOI-39743c52-8e86-43b1-987e-cc5d848ecce7,Event,/subscriptions/9ecb8278-6c96-45d4-a456-c17f6976425f/resourcegroups/test_1/providers/microsoft.compute/virtualmachines/win10-2
39743c52-8e86-43b1-987e-cc5d848ecce7,OpsManager,2023-05-01T10:47:08.9887082Z,Microsoft-Windows-Sysmon,Microsoft-Windows-Sysmon/Operational,win10-2,4,Information,<Param>RG=FileCreate Include Group</Param><Param>2023-05-01 10:47:08.982</Param><Param>{D5540B43-93C0-644F-6A02-000000000700}</Param><Param>7612</Param><Param>C:\Packages\Plugins\Microsoft.EnterpriseCloud.Monitoring.MicrosoftMonitoringAgent\1.0.18067.0\MMAExtensionHeartbeatService.exe</Param><Param>C:\Packages\Plugins\Microsoft.EnterpriseCloud.Monitoring.MicrosoftMonitoringAgent\1.0.18067.0\Status\HeartBeat.Json</Param><Param>2023-05-01 10:25:35.363</Param><Param>NT AUTHORITY\SYSTEM</Param>,"<DataItem type=""System.XmlData"" time=""2023-05-01T10:47:08.9887082+00:00"" sourceHealthServiceId=""CF1209A0-2624-0566-5F2A-730DF513CC05""><EventData xmlns=""http://schemas.microsoft.com/win/2004/08/events/event""><Data Name=""RuleName"">RG=FileCreate Include Group</Data><Data Name=""UtcTime"">2023-05-01 10:47:08.982</Data><Data Name=""ProcessGuid"">{d5540b43-93c0-644f-6a02-000000000700}</Data><Data Name=""ProcessId"">7612</Data><Data Name=""Image"">C:\Packages\Plugins\Microsoft.EnterpriseCloud.Monitoring.MicrosoftMonitoringAgent\1.0.18067.0\MMAExtensionHeartbeatService.exe</Data><Data Name=""TargetFilename"">C:\Packages\Plugins\Microsoft.EnterpriseCloud.Monitoring.MicrosoftMonitoringAgent\1.0.18067.0\Status\HeartBeat.Json</Data><Data Name=""CreationUtcTime"">2023-05-01 10:25:35.363</Data><Data Name=""User"">NT AUTHORITY\SYSTEM</Data></EventData></DataItem>",11,File created: RuleName: RG=FileCreate Include Group UtcTime: 2023-05-01 10:47:08.982 ProcessGuid: {D5540B43-93C0-644F-6A02-000000000700} ProcessId: 7612 Image: C:\Packages\Plugins\Microsoft.EnterpriseCloud.Monitoring.MicrosoftMonitoringAgent\1.0.18067.0\MMAExtensionHeartbeatService.exe TargetFilename: C:\Packages\Plugins\Microsoft.EnterpriseCloud.Monitoring.MicrosoftMonitoringAgent\1.0.18067.0\Status\HeartBeat.Json CreationUtcTime: 2023-05-01 10:25:35.363 User: NT AUTHORITY\SYSTEM ,,,11,NT AUTHORITY\SYSTEM,,00000000-0000-0000-0000-000000000001,AOI-39743c52-8e86-43b1-987e-cc5d848ecce7,Event,/subscriptions/9ecb8278-6c96-45d4-a456-c17f6976425f/resourcegroups/test_1/providers/microsoft.compute/virtualmachines/win10-2
39743c52-8e86-43b1-987e-cc5d848ecce7,OpsManager,2023-05-01T10:47:34.9240079Z,Microsoft-Windows-Sysmon,Microsoft-Windows-Sysmon/Operational,win10-2,4,Information,"<Param>Attack=T1204,Technique=User Execution,Tactic=Execution,DS=File: File Creation,Forensic=Windows Prefetch Exec History</Param><Param>2023-05-01 10:47:34.920</Param><Param>{D5540B43-8DBA-644F-2C00-000000000700}</Param><Param>1984</Param><Param>C:\Windows\system32\svchost.exe</Param><Param>C:\Windows\Prefetch\RUNTIMEBROKER.EXE-39C1DDA0.pf</Param><Param>2023-05-01 10:02:40.001</Param><Param>NT AUTHORITY\SYSTEM</Param>","<DataItem type=""System.XmlData"" time=""2023-05-01T10:47:34.9240079+00:00"" sourceHealthServiceId=""CF1209A0-2624-0566-5F2A-730DF513CC05""><EventData xmlns=""http://schemas.microsoft.com/win/2004/08/events/event""><Data Name=""RuleName"">Attack=T1204,Technique=User Execution,Tactic=Execution,DS=File: File Creation,Forensic=Windows Prefetch Exec History</Data><Data Name=""UtcTime"">2023-05-01 10:47:34.920</Data><Data Name=""ProcessGuid"">{d5540b43-8dba-644f-2c00-000000000700}</Data><Data Name=""ProcessId"">1984</Data><Data Name=""Image"">C:\Windows\system32\svchost.exe</Data><Data Name=""TargetFilename"">C:\Windows\Prefetch\RUNTIMEBROKER.EXE-39C1DDA0.pf</Data><Data Name=""CreationUtcTime"">2023-05-01 10:02:40.001</Data><Data Name=""User"">NT AUTHORITY\SYSTEM</Data></EventData></DataItem>",11,"File created: RuleName: Attack=T1204,Technique=User Execution,Tactic=Execution,DS=File: File Creation,Forensic=Windows Prefetch Exec History UtcTime: 2023-05-01 10:47:34.920 ProcessGuid: {D5540B43-8DBA-644F-2C00-000000000700} ProcessId: 1984 Image: C:\Windows\system32\svchost.exe TargetFilename: C:\Windows\Prefetch\RUNTIMEBROKER.EXE-39C1DDA0.pf CreationUtcTime: 2023-05-01 10:02:40.001 User: NT AUTHORITY\SYSTEM ",,,11,NT AUTHORITY\SYSTEM,,00000000-0000-0000-0000-000000000001,AOI-39743c52-8e86-43b1-987e-cc5d848ecce7,Event,/subscriptions/9ecb8278-6c96-45d4-a456-c17f6976425f/resourcegroups/test_1/providers/microsoft.compute/virtualmachines/win10-2
39743c52-8e86-43b1-987e-cc5d848ecce7,OpsManager,2023-05-01T10:47:35.5075Z,Microsoft-Windows-Sysmon,Microsoft-Windows-Sysmon/Operational,win10-2,4,Information,"<Param>Attack=T1204,Technique=User Execution,Tactic=Execution,DS=File: File Creation,Forensic=Windows Prefetch Exec History</Param><Param>2023-05-01 10:47:35.503</Param><Param>{D5540B43-8DBA-644F-2C00-000000000700}</Param><Param>1984</Param><Param>C:\Windows\system32\svchost.exe</Param><Param>C:\Windows\Prefetch\RUNTIMEBROKER.EXE-A57EE15F.pf</Param><Param>2023-05-01 10:02:06.439</Param><Param>NT AUTHORITY\SYSTEM</Param>","<DataItem type=""System.XmlData"" time=""2023-05-01T10:47:35.5075000+00:00"" sourceHealthServiceId=""CF1209A0-2624-0566-5F2A-730DF513CC05""><EventData xmlns=""http://schemas.microsoft.com/win/2004/08/events/event""><Data Name=""RuleName"">Attack=T1204,Technique=User Execution,Tactic=Execution,DS=File: File Creation,Forensic=Windows Prefetch Exec History</Data><Data Name=""UtcTime"">2023-05-01 10:47:35.503</Data><Data Name=""ProcessGuid"">{d5540b43-8dba-644f-2c00-000000000700}</Data><Data Name=""ProcessId"">1984</Data><Data Name=""Image"">C:\Windows\system32\svchost.exe</Data><Data Name=""TargetFilename"">C:\Windows\Prefetch\RUNTIMEBROKER.EXE-A57EE15F.pf</Data><Data Name=""CreationUtcTime"">2023-05-01 10:02:06.439</Data><Data Name=""User"">NT AUTHORITY\SYSTEM</Data></EventData></DataItem>",11,"File created: RuleName: Attack=T1204,Technique=User Execution,Tactic=Execution,DS=File: File Creation,Forensic=Windows Prefetch Exec History UtcTime: 2023-05-01 10:47:35.503 ProcessGuid: {D5540B43-8DBA-644F-2C00-000000000700} ProcessId: 1984 Image: C:\Windows\system32\svchost.exe TargetFilename: C:\Windows\Prefetch\RUNTIMEBROKER.EXE-A57EE15F.pf CreationUtcTime: 2023-05-01 10:02:06.439 User: NT AUTHORITY\SYSTEM ",,,11,NT AUTHORITY\SYSTEM,,00000000-0000-0000-0000-000000000001,AOI-39743c52-8e86-43b1-987e-cc5d848ecce7,Event,/subscriptions/9ecb8278-6c96-45d4-a456-c17f6976425f/resourcegroups/test_1/providers/microsoft.compute/virtualmachines/win10-2
39743c52-8e86-43b1-987e-cc5d848ecce7,OpsManager,2023-05-01T10:47:43.8443495Z,Microsoft-Windows-Sysmon,Microsoft-Windows-Sysmon/Operational,win10-2,4,Information,<Param>RG=FileCreate Include Group</Param><Param>2023-05-01 10:47:43.835</Param><Param>{D5540B43-8E51-644F-1B01-000000000700}</Param><Param>5248</Param><Param>C:\WindowsAzure\GuestAgent_2.7.41491.1083_2023-05-01_100201\WindowsAzureGuestAgent.exe</Param><Param>C:\WindowsAzure\Logs\AggregateStatus\aggregatestatus.json</Param><Param>2023-05-01 10:02:30.767</Param><Param>NT AUTHORITY\SYSTEM</Param>,"<DataItem type=""System.XmlData"" time=""2023-05-01T10:47:43.8443495+00:00"" sourceHealthServiceId=""CF1209A0-2624-0566-5F2A-730DF513CC05""><EventData xmlns=""http://schemas.microsoft.com/win/2004/08/events/event""><Data Name=""RuleName"">RG=FileCreate Include Group</Data><Data Name=""UtcTime"">2023-05-01 10:47:43.835</Data><Data Name=""ProcessGuid"">{d5540b43-8e51-644f-1b01-000000000700}</Data><Data Name=""ProcessId"">5248</Data><Data Name=""Image"">C:\WindowsAzure\GuestAgent_2.7.41491.1083_2023-05-01_100201\WindowsAzureGuestAgent.exe</Data><Data Name=""TargetFilename"">C:\WindowsAzure\Logs\AggregateStatus\aggregatestatus.json</Data><Data Name=""CreationUtcTime"">2023-05-01 10:02:30.767</Data><Data Name=""User"">NT AUTHORITY\SYSTEM</Data></EventData></DataItem>",11,File created: RuleName: RG=FileCreate Include Group UtcTime: 2023-05-01 10:47:43.835 ProcessGuid: {D5540B43-8E51-644F-1B01-000000000700} ProcessId: 5248 Image: C:\WindowsAzure\GuestAgent_2.7.41491.1083_2023-05-01_100201\WindowsAzureGuestAgent.exe TargetFilename: C:\WindowsAzure\Logs\AggregateStatus\aggregatestatus.json CreationUtcTime: 2023-05-01 10:02:30.767 User: NT AUTHORITY\SYSTEM ,,,11,NT AUTHORITY\SYSTEM,,00000000-0000-0000-0000-000000000001,AOI-39743c52-8e86-43b1-987e-cc5d848ecce7,Event,/subscriptions/9ecb8278-6c96-45d4-a456-c17f6976425f/resourcegroups/test_1/providers/microsoft.compute/virtualmachines/win10-2
39743c52-8e86-43b1-987e-cc5d848ecce7,OpsManager,2023-05-01T10:47:43.8672507Z,Microsoft-Windows-Sysmon,Microsoft-Windows-Sysmon/Operational,win10-2,4,Information,"<Param>Attack=None,Technique=None,Tactic=None,DS=Network Traffic: Network Connection Creation,Level=0,Desc=Non-Browsers Accessing HTTP</Param><Param>2023-05-01 10:47:42.719</Param><Param>{D5540B43-8E51-644F-1B01-000000000700}</Param><Param>5248</Param><Param>C:\WindowsAzure\GuestAgent_2.7.41491.1083_2023-05-01_100201\WindowsAzureGuestAgent.exe</Param><Param>NT AUTHORITY\SYSTEM</Param><Param>tcp</Param><Param>TRUE</Param><Param>FALSE</Param><Param>10.0.0.12</Param><Param>win10-2.n2lktqibtimupkzgx0j3ic54pc.hx.internal.cloudapp.net</Param><Param>50348</Param><Param>-</Param><Param>FALSE</Param><Param>168.63.129.16</Param><Param>-</Param><Param>80</Param><Param>http</Param>","<DataItem type=""System.XmlData"" time=""2023-05-01T10:47:43.8672507+00:00"" sourceHealthServiceId=""CF1209A0-2624-0566-5F2A-730DF513CC05""><EventData xmlns=""http://schemas.microsoft.com/win/2004/08/events/event""><Data Name=""RuleName"">Attack=None,Technique=None,Tactic=None,DS=Network Traffic: Network Connection Creation,Level=0,Desc=Non-Browsers Accessing HTTP</Data><Data Name=""UtcTime"">2023-05-01 10:47:42.719</Data><Data Name=""ProcessGuid"">{d5540b43-8e51-644f-1b01-000000000700}</Data><Data Name=""ProcessId"">5248</Data><Data Name=""Image"">C:\WindowsAzure\GuestAgent_2.7.41491.1083_2023-05-01_100201\WindowsAzureGuestAgent.exe</Data><Data Name=""User"">NT AUTHORITY\SYSTEM</Data><Data Name=""Protocol"">tcp</Data><Data Name=""Initiated"">true</Data><Data Name=""SourceIsIpv6"">false</Data><Data Name=""SourceIp"">10.0.0.12</Data><Data Name=""SourceHostname"">win10-2.n2lktqibtimupkzgx0j3ic54pc.hx.internal.cloudapp.net</Data><Data Name=""SourcePort"">50348</Data><Data Name=""SourcePortName"">-</Data><Data Name=""DestinationIsIpv6"">false</Data><Data Name=""DestinationIp"">168.63.129.16</Data><Data Name=""DestinationHostname"">-</Data><Data Name=""DestinationPort"">80</Data><Data Name=""DestinationPortName"">http</Data></EventData></DataItem>",3,"Network connection detected: RuleName: Attack=None,Technique=None,Tactic=None,DS=Network Traffic: Network Connection Creation,Level=0,Desc=Non-Browsers Accessing HTTP UtcTime: 2023-05-01 10:47:42.719 ProcessGuid: {D5540B43-8E51-644F-1B01-000000000700} ProcessId: 5248 Image: C:\WindowsAzure\GuestAgent_2.7.41491.1083_2023-05-01_100201\WindowsAzureGuestAgent.exe User: NT AUTHORITY\SYSTEM Protocol: tcp Initiated: TRUE SourceIsIpv6: FALSE SourceIp: 10.0.0.12 SourceHostname: win10-2.n2lktqibtimupkzgx0j3ic54pc.hx.internal.cloudapp.net SourcePort: 50348 SourcePortName: - DestinationIsIpv6: FALSE DestinationIp: 168.63.129.16 DestinationHostname: - DestinationPort: 80 DestinationPortName: http ",,,3,NT AUTHORITY\SYSTEM,,00000000-0000-0000-0000-000000000001,AOI-39743c52-8e86-43b1-987e-cc5d848ecce7,Event,/subscriptions/9ecb8278-6c96-45d4-a456-c17f6976425f/resourcegroups/test_1/providers/microsoft.compute/virtualmachines/win10-2
39743c52-8e86-43b1-987e-cc5d848ecce7,OpsManager,2023-05-01T10:26:30.5067885Z,Microsoft-Windows-Sysmon,Microsoft-Windows-Sysmon/Operational,win10-2,4,Information,"<Param>Attack=T1562.002,Technique=Impair Defenses: Disable Windows Event Logging,Tactic=Defense Evasion,DS=Process: Process Access,Level=4,Alert=SysmonEnte Detection,DS=Process: Process Access,Level=4,Risk=100</Param><Param>2023-05-01 10:26:29.410</Param><Param>{D5540B43-93D4-644F-7402-000000000700}</Param><Param>2984</Param><Param>1292</Param><Param>C:\Program Files\Microsoft Monitoring Agent\Agent\MOMPerfSnapshotHelper.exe</Param><Param>{D5540B43-8EB4-644F-9801-000000000700}</Param><Param>9972</Param><Param>C:\Windows\Sysmon64.exe</Param><Param>0x1400</Param><Param>C:\Windows\SYSTEM32\ntdll.dll+9d524|C:\Windows\System32\KERNELBASE.dll+3053e|C:\Windows\System32\perfts.dll+8171|C:\Windows\System32\perfts.dll+a1ff|C:\Windows\System32\ADVAPI32.dll+19c0a|C:\Windows\System32\ADVAPI32.dll+19f48|C:\Windows\System32\ADVAPI32.dll+1ace0|C:\Windows\System32\ADVAPI32.dll+af35|C:\Windows\System32\ADVAPI32.dll+956b|C:\Windows\System32\KERNELBASE.dll+9e136|C:\Windows\System32\KERNELBASE.dll+33458|C:\Program Files\Microsoft Monitoring Agent\Agent\MOMPerfSnapshotHelper.exe+5c17|C:\Windows\System32\RPCRT4.dll+7aec3|C:\Windows\System32\RPCRT4.dll+79c92|C:\Windows\System32\RPCRT4.dll+1e09a|C:\Windows\System32\combase.dll+b5f4c|C:\Windows\System32\RPCRT4.dll+5a19b|C:\Windows\System32\combase.dll+8bad3|C:\Windows\System32\combase.dll+8b85e|C:\Windows\System32\combase.dll+baaa6|C:\Windows\System32\combase.dll+31283|C:\Windows\System32\combase.dll+b133d|C:\Windows\System32\combase.dll+25036|C:\Windows\System32\combase.dll+fb8cc</Param><Param>NT AUTHORITY\SYSTEM</Param><Param>NT AUTHORITY\SYSTEM</Param>","<DataItem type=""System.XmlData"" time=""2023-05-01T10:26:30.5067885+00:00"" sourceHealthServiceId=""CF1209A0-2624-0566-5F2A-730DF513CC05""><EventData xmlns=""http://schemas.microsoft.com/win/2004/08/events/event""><Data Name=""RuleName"">Attack=T1562.002,Technique=Impair Defenses: Disable Windows Event Logging,Tactic=Defense Evasion,DS=Process: Process Access,Level=4,Alert=SysmonEnte Detection,DS=Process: Process Access,Level=4,Risk=100</Data><Data Name=""UtcTime"">2023-05-01 10:26:29.410</Data><Data Name=""SourceProcessGUID"">{d5540b43-93d4-644f-7402-000000000700}</Data><Data Name=""SourceProcessId"">2984</Data><Data Name=""SourceThreadId"">1292</Data><Data Name=""SourceImage"">C:\Program Files\Microsoft Monitoring Agent\Agent\MOMPerfSnapshotHelper.exe</Data><Data Name=""TargetProcessGUID"">{d5540b43-8eb4-644f-9801-000000000700}</Data><Data Name=""TargetProcessId"">9972</Data><Data Name=""TargetImage"">C:\Windows\Sysmon64.exe</Data><Data Name=""GrantedAccess"">0x1400</Data><Data Name=""CallTrace"">C:\Windows\SYSTEM32\ntdll.dll+9d524|C:\Windows\System32\KERNELBASE.dll+3053e|C:\Windows\System32\perfts.dll+8171|C:\Windows\System32\perfts.dll+a1ff|C:\Windows\System32\ADVAPI32.dll+19c0a|C:\Windows\System32\ADVAPI32.dll+19f48|C:\Windows\System32\ADVAPI32.dll+1ace0|C:\Windows\System32\ADVAPI32.dll+af35|C:\Windows\System32\ADVAPI32.dll+956b|C:\Windows\System32\KERNELBASE.dll+9e136|C:\Windows\System32\KERNELBASE.dll+33458|C:\Program Files\Microsoft Monitoring Agent\Agent\MOMPerfSnapshotHelper.exe+5c17|C:\Windows\System32\RPCRT4.dll+7aec3|C:\Windows\System32\RPCRT4.dll+79c92|C:\Windows\System32\RPCRT4.dll+1e09a|C:\Windows\System32\combase.dll+b5f4c|C:\Windows\System32\RPCRT4.dll+5a19b|C:\Windows\System32\combase.dll+8bad3|C:\Windows\System32\combase.dll+8b85e|C:\Windows\System32\combase.dll+baaa6|C:\Windows\System32\combase.dll+31283|C:\Windows\System32\combase.dll+b133d|C:\Windows\System32\combase.dll+25036|C:\Windows\System32\combase.dll+fb8cc</Data><Data Name=""SourceUser"">NT AUTHORITY\SYSTEM</Data><Data Name=""TargetUser"">NT AUTHORITY\SYSTEM</Data></EventData></DataItem>",10,"Process accessed: RuleName: Attack=T1562.002,Technique=Impair Defenses: Disable Windows Event Logging,Tactic=Defense Evasion,DS=Process: Process Access,Level=4,Alert=SysmonEnte Detection,DS=Process: Process Access,Level=4,Risk=100 UtcTime: 2023-05-01 10:26:29.410 SourceProcessGUID: {D5540B43-93D4-644F-7402-000000000700} SourceProcessId: 2984 SourceThreadId: 1292 SourceImage: C:\Program Files\Microsoft Monitoring Agent\Agent\MOMPerfSnapshotHelper.exe TargetProcessGUID: {D5540B43-8EB4-644F-9801-000000000700} TargetProcessId: 9972 TargetImage: C:\Windows\Sysmon64.exe GrantedAccess: 0x1400 CallTrace: C:\Windows\SYSTEM32\ntdll.dll+9d524|C:\Windows\System32\KERNELBASE.dll+3053e|C:\Windows\System32\perfts.dll+8171|C:\Windows\System32\perfts.dll+a1ff|C:\Windows\System32\ADVAPI32.dll+19c0a|C:\Windows\System32\ADVAPI32.dll+19f48|C:\Windows\System32\ADVAPI32.dll+1ace0|C:\Windows\System32\ADVAPI32.dll+af35|C:\Windows\System32\ADVAPI32.dll+956b|C:\Windows\System32\KERNELBASE.dll+9e136|C:\Windows\System32\KERNELBASE.dll+33458|C:\Program Files\Microsoft Monitoring Agent\Agent\MOMPerfSnapshotHelper.exe+5c17|C:\Windows\System32\RPCRT4.dll+7aec3|C:\Windows\System32\RPCRT4.dll+79c92|C:\Windows\System32\RPCRT4.dll+1e09a|C:\Windows\System32\combase.dll+b5f4c|C:\Windows\System32\RPCRT4.dll+5a19b|C:\Windows\System32\combase.dll+8bad3|C:\Windows\System32\combase.dll+8b85e|C:\Windows\System32\combase.dll+baaa6|C:\Windows\System32\combase.dll+31283|C:\Windows\System32\combase.dll+b133d|C:\Windows\System32\combase.dll+25036|C:\Windows\System32\combase.dll+fb8cc SourceUser: NT AUTHORITY\SYSTEM TargetUser: NT AUTHORITY\SYSTEM ",,,10,NT AUTHORITY\SYSTEM,,00000000-0000-0000-0000-000000000001,AOI-39743c52-8e86-43b1-987e-cc5d848ecce7,Event,/subscriptions/9ecb8278-6c96-45d4-a456-c17f6976425f/resourcegroups/test_1/providers/microsoft.compute/virtualmachines/win10-2
39743c52-8e86-43b1-987e-cc5d848ecce7,OpsManager,2023-05-01T10:26:30.6523735Z,Microsoft-Windows-Sysmon,Microsoft-Windows-Sysmon/Operational,win10-2,4,Information,"<Param>Attack=T1562.002,Technique=Impair Defenses: Disable Windows Event Logging,Tactic=Defense Evasion,DS=Process: Process Access,Level=4,Alert=SysmonEnte Detection,DS=Process: Process Access,Level=4,Risk=100</Param><Param>2023-05-01 10:26:29.645</Param><Param>{D5540B43-93D4-644F-7402-000000000700}</Param><Param>2984</Param><Param>1292</Param><Param>C:\Program Files\Microsoft Monitoring Agent\Agent\MOMPerfSnapshotHelper.exe</Param><Param>{D5540B43-8EB4-644F-9801-000000000700}</Param><Param>9972</Param><Param>C:\Windows\Sysmon64.exe</Param><Param>0x1400</Param><Param>C:\Windows\SYSTEM32\ntdll.dll+9d524|C:\Windows\System32\KERNELBASE.dll+3053e|C:\Windows\Microsoft.NET\Framework64\v4.0.30319\CorperfmonExt.dll+c669|C:\Windows\Microsoft.NET\Framework64\v4.0.30319\CorperfmonExt.dll+c71b|C:\Windows\Microsoft.NET\Framework64\v4.0.30319\CorperfmonExt.dll+2fde|C:\Windows\Microsoft.NET\Framework64\v4.0.30319\CorperfmonExt.dll+2b9e|C:\Windows\Microsoft.NET\Framework64\v4.0.30319\CorperfmonExt.dll+2659|C:\Windows\Microsoft.NET\Framework64\v4.0.30319\CorperfmonExt.dll+166b|C:\Windows\system32\mscoree.dll+8cb5|C:\Windows\System32\ADVAPI32.dll+1a0bb|C:\Windows\System32\ADVAPI32.dll+1ace0|C:\Windows\System32\ADVAPI32.dll+af35|C:\Windows\System32\ADVAPI32.dll+956b|C:\Windows\System32\KERNELBASE.dll+9e136|C:\Windows\System32\KERNELBASE.dll+33458|C:\Program Files\Microsoft Monitoring Agent\Agent\MOMPerfSnapshotHelper.exe+5c17|C:\Windows\System32\RPCRT4.dll+7aec3|C:\Windows\System32\RPCRT4.dll+79c92|C:\Windows\System32\RPCRT4.dll+1e09a|C:\Windows\System32\combase.dll+b5f4c|C:\Windows\System32\RPCRT4.dll+5a19b|C:\Windows\System32\combase.dll+8bad3|C:\Windows\System32\combase.dll+8b85e|C:\Windows\System32\combase.dll+baaa6</Param><Param>NT AUTHORITY\SYSTEM</Param><Param>NT AUTHORITY\SYSTEM</Param>","<DataItem type=""System.XmlData"" time=""2023-05-01T10:26:30.6523735+00:00"" sourceHealthServiceId=""CF1209A0-2624-0566-5F2A-730DF513CC05""><EventData xmlns=""http://schemas.microsoft.com/win/2004/08/events/event""><Data Name=""RuleName"">Attack=T1562.002,Technique=Impair Defenses: Disable Windows Event Logging,Tactic=Defense Evasion,DS=Process: Process Access,Level=4,Alert=SysmonEnte Detection,DS=Process: Process Access,Level=4,Risk=100</Data><Data Name=""UtcTime"">2023-05-01 10:26:29.645</Data><Data Name=""SourceProcessGUID"">{d5540b43-93d4-644f-7402-000000000700}</Data><Data Name=""SourceProcessId"">2984</Data><Data Name=""SourceThreadId"">1292</Data><Data Name=""SourceImage"">C:\Program Files\Microsoft Monitoring Agent\Agent\MOMPerfSnapshotHelper.exe</Data><Data Name=""TargetProcessGUID"">{d5540b43-8eb4-644f-9801-000000000700}</Data><Data Name=""TargetProcessId"">9972</Data><Data Name=""TargetImage"">C:\Windows\Sysmon64.exe</Data><Data Name=""GrantedAccess"">0x1400</Data><Data Name=""CallTrace"">C:\Windows\SYSTEM32\ntdll.dll+9d524|C:\Windows\System32\KERNELBASE.dll+3053e|C:\Windows\Microsoft.NET\Framework64\v4.0.30319\CorperfmonExt.dll+c669|C:\Windows\Microsoft.NET\Framework64\v4.0.30319\CorperfmonExt.dll+c71b|C:\Windows\Microsoft.NET\Framework64\v4.0.30319\CorperfmonExt.dll+2fde|C:\Windows\Microsoft.NET\Framework64\v4.0.30319\CorperfmonExt.dll+2b9e|C:\Windows\Microsoft.NET\Framework64\v4.0.30319\CorperfmonExt.dll+2659|C:\Windows\Microsoft.NET\Framework64\v4.0.30319\CorperfmonExt.dll+166b|C:\Windows\system32\mscoree.dll+8cb5|C:\Windows\System32\ADVAPI32.dll+1a0bb|C:\Windows\System32\ADVAPI32.dll+1ace0|C:\Windows\System32\ADVAPI32.dll+af35|C:\Windows\System32\ADVAPI32.dll+956b|C:\Windows\System32\KERNELBASE.dll+9e136|C:\Windows\System32\KERNELBASE.dll+33458|C:\Program Files\Microsoft Monitoring Agent\Agent\MOMPerfSnapshotHelper.exe+5c17|C:\Windows\System32\RPCRT4.dll+7aec3|C:\Windows\System32\RPCRT4.dll+79c92|C:\Windows\System32\RPCRT4.dll+1e09a|C:\Windows\System32\combase.dll+b5f4c|C:\Windows\System32\RPCRT4.dll+5a19b|C:\Windows\System32\combase.dll+8bad3|C:\Windows\System32\combase.dll+8b85e|C:\Windows\System32\combase.dll+baaa6</Data><Data Name=""SourceUser"">NT AUTHORITY\SYSTEM</Data><Data Name=""TargetUser"">NT AUTHORITY\SYSTEM</Data></EventData></DataItem>",10,"Process accessed: RuleName: Attack=T1562.002,Technique=Impair Defenses: Disable Windows Event Logging,Tactic=Defense Evasion,DS=Process: Process Access,Level=4,Alert=SysmonEnte Detection,DS=Process: Process Access,Level=4,Risk=100 UtcTime: 2023-05-01 10:26:29.645 SourceProcessGUID: {D5540B43-93D4-644F-7402-000000000700} SourceProcessId: 2984 SourceThreadId: 1292 SourceImage: C:\Program Files\Microsoft Monitoring Agent\Agent\MOMPerfSnapshotHelper.exe TargetProcessGUID: {D5540B43-8EB4-644F-9801-000000000700} TargetProcessId: 9972 TargetImage: C:\Windows\Sysmon64.exe GrantedAccess: 0x1400 CallTrace: C:\Windows\SYSTEM32\ntdll.dll+9d524|C:\Windows\System32\KERNELBASE.dll+3053e|C:\Windows\Microsoft.NET\Framework64\v4.0.30319\CorperfmonExt.dll+c669|C:\Windows\Microsoft.NET\Framework64\v4.0.30319\CorperfmonExt.dll+c71b|C:\Windows\Microsoft.NET\Framework64\v4.0.30319\CorperfmonExt.dll+2fde|C:\Windows\Microsoft.NET\Framework64\v4.0.30319\CorperfmonExt.dll+2b9e|C:\Windows\Microsoft.NET\Framework64\v4.0.30319\CorperfmonExt.dll+2659|C:\Windows\Microsoft.NET\Framework64\v4.0.30319\CorperfmonExt.dll+166b|C:\Windows\system32\mscoree.dll+8cb5|C:\Windows\System32\ADVAPI32.dll+1a0bb|C:\Windows\System32\ADVAPI32.dll+1ace0|C:\Windows\System32\ADVAPI32.dll+af35|C:\Windows\System32\ADVAPI32.dll+956b|C:\Windows\System32\KERNELBASE.dll+9e136|C:\Windows\System32\KERNELBASE.dll+33458|C:\Program Files\Microsoft Monitoring Agent\Agent\MOMPerfSnapshotHelper.exe+5c17|C:\Windows\System32\RPCRT4.dll+7aec3|C:\Windows\System32\RPCRT4.dll+79c92|C:\Windows\System32\RPCRT4.dll+1e09a|C:\Windows\System32\combase.dll+b5f4c|C:\Windows\System32\RPCRT4.dll+5a19b|C:\Windows\System32\combase.dll+8bad3|C:\Windows\System32\combase.dll+8b85e|C:\Windows\System32\combase.dll+baaa6 SourceUser: NT AUTHORITY\SYSTEM TargetUser: NT AUTHORITY\SYSTEM ",,,10,NT AUTHORITY\SYSTEM,,00000000-0000-0000-0000-000000000001,AOI-39743c52-8e86-43b1-987e-cc5d848ecce7,Event,/subscriptions/9ecb8278-6c96-45d4-a456-c17f6976425f/resourcegroups/test_1/providers/microsoft.compute/virtualmachines/win10-2
39743c52-8e86-43b1-987e-cc5d848ecce7,OpsManager,2023-05-01T10:26:30.6527684Z,Microsoft-Windows-Sysmon,Microsoft-Windows-Sysmon/Operational,win10-2,4,Information,"<Param>Attack=T1562.002,Technique=Impair Defenses: Disable Windows Event Logging,Tactic=Defense Evasion,DS=Process: Process Access,Level=4,Alert=SysmonEnte Detection,DS=Process: Process Access,Level=4,Risk=100</Param><Param>2023-05-01 10:26:29.645</Param><Param>{D5540B43-93D4-644F-7402-000000000700}</Param><Param>2984</Param><Param>1292</Param><Param>C:\Program Files\Microsoft Monitoring Agent\Agent\MOMPerfSnapshotHelper.exe</Param><Param>{D5540B43-8EB4-644F-9801-000000000700}</Param><Param>9972</Param><Param>C:\Windows\Sysmon64.exe</Param><Param>0x1400</Param><Param>C:\Windows\SYSTEM32\ntdll.dll+9d524|C:\Windows\System32\KERNELBASE.dll+3053e|C:\Windows\Microsoft.NET\Framework64\v4.0.30319\CorperfmonExt.dll+3b59|C:\Windows\Microsoft.NET\Framework64\v4.0.30319\CorperfmonExt.dll+414d|C:\Windows\Microsoft.NET\Framework64\v4.0.30319\CorperfmonExt.dll+d007|C:\Windows\Microsoft.NET\Framework64\v4.0.30319\CorperfmonExt.dll+cb01|C:\Windows\Microsoft.NET\Framework64\v4.0.30319\CorperfmonExt.dll+2f5e|C:\Windows\Microsoft.NET\Framework64\v4.0.30319\CorperfmonExt.dll+27fe|C:\Windows\Microsoft.NET\Framework64\v4.0.30319\CorperfmonExt.dll+166b|C:\Windows\system32\mscoree.dll+8cb5|C:\Windows\System32\ADVAPI32.dll+1a0bb|C:\Windows\System32\ADVAPI32.dll+1ace0|C:\Windows\System32\ADVAPI32.dll+af35|C:\Windows\System32\ADVAPI32.dll+956b|C:\Windows\System32\KERNELBASE.dll+9e136|C:\Windows\System32\KERNELBASE.dll+33458|C:\Program Files\Microsoft Monitoring Agent\Agent\MOMPerfSnapshotHelper.exe+5c17|C:\Windows\System32\RPCRT4.dll+7aec3|C:\Windows\System32\RPCRT4.dll+79c92|C:\Windows\System32\RPCRT4.dll+1e09a|C:\Windows\System32\combase.dll+b5f4c|C:\Windows\System32\RPCRT4.dll+5a19b|C:\Windows\System32\combase.dll+8bad3|C:\Windows\System32\combase.dll+8b85e</Param><Param>NT AUTHORITY\SYSTEM</Param><Param>NT AUTHORITY\SYSTEM</Param>","<DataItem type=""System.XmlData"" time=""2023-05-01T10:26:30.6527684+00:00"" sourceHealthServiceId=""CF1209A0-2624-0566-5F2A-730DF513CC05""><EventData xmlns=""http://schemas.microsoft.com/win/2004/08/events/event""><Data Name=""RuleName"">Attack=T1562.002,Technique=Impair Defenses: Disable Windows Event Logging,Tactic=Defense Evasion,DS=Process: Process Access,Level=4,Alert=SysmonEnte Detection,DS=Process: Process Access,Level=4,Risk=100</Data><Data Name=""UtcTime"">2023-05-01 10:26:29.645</Data><Data Name=""SourceProcessGUID"">{d5540b43-93d4-644f-7402-000000000700}</Data><Data Name=""SourceProcessId"">2984</Data><Data Name=""SourceThreadId"">1292</Data><Data Name=""SourceImage"">C:\Program Files\Microsoft Monitoring Agent\Agent\MOMPerfSnapshotHelper.exe</Data><Data Name=""TargetProcessGUID"">{d5540b43-8eb4-644f-9801-000000000700}</Data><Data Name=""TargetProcessId"">9972</Data><Data Name=""TargetImage"">C:\Windows\Sysmon64.exe</Data><Data Name=""GrantedAccess"">0x1400</Data><Data Name=""CallTrace"">C:\Windows\SYSTEM32\ntdll.dll+9d524|C:\Windows\System32\KERNELBASE.dll+3053e|C:\Windows\Microsoft.NET\Framework64\v4.0.30319\CorperfmonExt.dll+3b59|C:\Windows\Microsoft.NET\Framework64\v4.0.30319\CorperfmonExt.dll+414d|C:\Windows\Microsoft.NET\Framework64\v4.0.30319\CorperfmonExt.dll+d007|C:\Windows\Microsoft.NET\Framework64\v4.0.30319\CorperfmonExt.dll+cb01|C:\Windows\Microsoft.NET\Framework64\v4.0.30319\CorperfmonExt.dll+2f5e|C:\Windows\Microsoft.NET\Framework64\v4.0.30319\CorperfmonExt.dll+27fe|C:\Windows\Microsoft.NET\Framework64\v4.0.30319\CorperfmonExt.dll+166b|C:\Windows\system32\mscoree.dll+8cb5|C:\Windows\System32\ADVAPI32.dll+1a0bb|C:\Windows\System32\ADVAPI32.dll+1ace0|C:\Windows\System32\ADVAPI32.dll+af35|C:\Windows\System32\ADVAPI32.dll+956b|C:\Windows\System32\KERNELBASE.dll+9e136|C:\Windows\System32\KERNELBASE.dll+33458|C:\Program Files\Microsoft Monitoring Agent\Agent\MOMPerfSnapshotHelper.exe+5c17|C:\Windows\System32\RPCRT4.dll+7aec3|C:\Windows\System32\RPCRT4.dll+79c92|C:\Windows\System32\RPCRT4.dll+1e09a|C:\Windows\System32\combase.dll+b5f4c|C:\Windows\System32\RPCRT4.dll+5a19b|C:\Windows\System32\combase.dll+8bad3|C:\Windows\System32\combase.dll+8b85e</Data><Data Name=""SourceUser"">NT AUTHORITY\SYSTEM</Data><Data Name=""TargetUser"">NT AUTHORITY\SYSTEM</Data></EventData></DataItem>",10,"Process accessed: RuleName: Attack=T1562.002,Technique=Impair Defenses: Disable Windows Event Logging,Tactic=Defense Evasion,DS=Process: Process Access,Level=4,Alert=SysmonEnte Detection,DS=Process: Process Access,Level=4,Risk=100 UtcTime: 2023-05-01 10:26:29.645 SourceProcessGUID: {D5540B43-93D4-644F-7402-000000000700} SourceProcessId: 2984 SourceThreadId: 1292 SourceImage: C:\Program Files\Microsoft Monitoring Agent\Agent\MOMPerfSnapshotHelper.exe TargetProcessGUID: {D5540B43-8EB4-644F-9801-000000000700} TargetProcessId: 9972 TargetImage: C:\Windows\Sysmon64.exe GrantedAccess: 0x1400 CallTrace: C:\Windows\SYSTEM32\ntdll.dll+9d524|C:\Windows\System32\KERNELBASE.dll+3053e|C:\Windows\Microsoft.NET\Framework64\v4.0.30319\CorperfmonExt.dll+3b59|C:\Windows\Microsoft.NET\Framework64\v4.0.30319\CorperfmonExt.dll+414d|C:\Windows\Microsoft.NET\Framework64\v4.0.30319\CorperfmonExt.dll+d007|C:\Windows\Microsoft.NET\Framework64\v4.0.30319\CorperfmonExt.dll+cb01|C:\Windows\Microsoft.NET\Framework64\v4.0.30319\CorperfmonExt.dll+2f5e|C:\Windows\Microsoft.NET\Framework64\v4.0.30319\CorperfmonExt.dll+27fe|C:\Windows\Microsoft.NET\Framework64\v4.0.30319\CorperfmonExt.dll+166b|C:\Windows\system32\mscoree.dll+8cb5|C:\Windows\System32\ADVAPI32.dll+1a0bb|C:\Windows\System32\ADVAPI32.dll+1ace0|C:\Windows\System32\ADVAPI32.dll+af35|C:\Windows\System32\ADVAPI32.dll+956b|C:\Windows\System32\KERNELBASE.dll+9e136|C:\Windows\System32\KERNELBASE.dll+33458|C:\Program Files\Microsoft Monitoring Agent\Agent\MOMPerfSnapshotHelper.exe+5c17|C:\Windows\System32\RPCRT4.dll+7aec3|C:\Windows\System32\RPCRT4.dll+79c92|C:\Windows\System32\RPCRT4.dll+1e09a|C:\Windows\System32\combase.dll+b5f4c|C:\Windows\System32\RPCRT4.dll+5a19b|C:\Windows\System32\combase.dll+8bad3|C:\Windows\System32\combase.dll+8b85e SourceUser: NT AUTHORITY\SYSTEM TargetUser: NT AUTHORITY\SYSTEM ",,,10,NT AUTHORITY\SYSTEM,,00000000-0000-0000-0000-000000000001,AOI-39743c52-8e86-43b1-987e-cc5d848ecce7,Event,/subscriptions/9ecb8278-6c96-45d4-a456-c17f6976425f/resourcegroups/test_1/providers/microsoft.compute/virtualmachines/win10-2
39743c52-8e86-43b1-987e-cc5d848ecce7,OpsManager,2023-05-01T10:26:30.6894684Z,Microsoft-Windows-Sysmon,Microsoft-Windows-Sysmon/Operational,win10-2,4,Information,"<Param>Attack=None,Technique=None,Tactic=None,DS=Process: Process Termination,Level=0,Desc=Process Termination Events in Program Files Directories</Param><Param>2023-05-01 10:26:29.691</Param><Param>{D5540B43-93CD-644F-6C02-000000000700}</Param><Param>8868</Param><Param>C:\Program Files\Microsoft Monitoring Agent\Agent\MOMPerfSnapshotHelper.exe</Param><Param>NT AUTHORITY\SYSTEM</Param>","<DataItem type=""System.XmlData"" time=""2023-05-01T10:26:30.6894684+00:00"" sourceHealthServiceId=""CF1209A0-2624-0566-5F2A-730DF513CC05""><EventData xmlns=""http://schemas.microsoft.com/win/2004/08/events/event""><Data Name=""RuleName"">Attack=None,Technique=None,Tactic=None,DS=Process: Process Termination,Level=0,Desc=Process Termination Events in Program Files Directories</Data><Data Name=""UtcTime"">2023-05-01 10:26:29.691</Data><Data Name=""ProcessGuid"">{d5540b43-93cd-644f-6c02-000000000700}</Data><Data Name=""ProcessId"">8868</Data><Data Name=""Image"">C:\Program Files\Microsoft Monitoring Agent\Agent\MOMPerfSnapshotHelper.exe</Data><Data Name=""User"">NT AUTHORITY\SYSTEM</Data></EventData></DataItem>",5,"Process terminated: RuleName: Attack=None,Technique=None,Tactic=None,DS=Process: Process Termination,Level=0,Desc=Process Termination Events in Program Files Directories UtcTime: 2023-05-01 10:26:29.691 ProcessGuid: {D5540B43-93CD-644F-6C02-000000000700} ProcessId: 8868 Image: C:\Program Files\Microsoft Monitoring Agent\Agent\MOMPerfSnapshotHelper.exe User: NT AUTHORITY\SYSTEM ",,,5,NT AUTHORITY\SYSTEM,,00000000-0000-0000-0000-000000000001,AOI-39743c52-8e86-43b1-987e-cc5d848ecce7,Event,/subscriptions/9ecb8278-6c96-45d4-a456-c17f6976425f/resourcegroups/test_1/providers/microsoft.compute/virtualmachines/win10-2
