39743c52-8e86-43b1-987e-cc5d848ecce7,OpsManager,2023-05-01T10:26:30.6958734Z,Microsoft-Windows-Sysmon,Microsoft-Windows-Sysmon/Operational,win10-2,4,Information,"<Param>Attack=T1003,Technique=OS Credential Dumping,Tactic=Credential Access,DS=Module: Module Load,Level=0,Desc=Cred Dumping,Risk=90</Param><Param>2023-05-01 10:26:29.723</Param><Param>{D5540B43-93D4-644F-7402-000000000700}</Param><Param>2984</Param><Param>C:\Program Files\Microsoft Monitoring Agent\Agent\MOMPerfSnapshotHelper.exe</Param><Param>C:\Windows\System32\cryptdll.dll</Param><Param>10.0.19041.546 (WinBuild.160101.0800)</Param><Param>Cryptography Manager</Param><Param>Microsoft® Windows® Operating System</Param><Param>Microsoft Corporation</Param><Param>cryptdll.dll</Param><Param>SHA1=6476632674DD32637C2B28BA2FB9FF1EE7722554,MD5=4A708CF069407342CB68F65FE45CE75D,SHA256=E2B32B64EEED88F071E7BFBE6C8F95FD290D95DFD6DB35CFDFE1E1BE6CF2B8DA,IMPHASH=DC7032551F2AF422C6637CE127C973E4</Param><Param>true</Param><Param>Microsoft Windows</Param><Param>Valid</Param><Param>NT AUTHORITY\SYSTEM</Param>","<DataItem type=""System.XmlData"" time=""2023-05-01T10:26:30.6958734+00:00"" sourceHealthServiceId=""CF1209A0-2624-0566-5F2A-730DF513CC05""><EventData xmlns=""http://schemas.microsoft.com/win/2004/08/events/event""><Data Name=""RuleName"">Attack=T1003,Technique=OS Credential Dumping,Tactic=Credential Access,DS=Module: Module Load,Level=0,Desc=Cred Dumping,Risk=90</Data><Data Name=""UtcTime"">2023-05-01 10:26:29.723</Data><Data Name=""ProcessGuid"">{d5540b43-93d4-644f-7402-000000000700}</Data><Data Name=""ProcessId"">2984</Data><Data Name=""Image"">C:\Program Files\Microsoft Monitoring Agent\Agent\MOMPerfSnapshotHelper.exe</Data><Data Name=""ImageLoaded"">C:\Windows\System32\cryptdll.dll</Data><Data Name=""FileVersion"">10.0.19041.546 (WinBuild.160101.0800)</Data><Data Name=""Description"">Cryptography Manager</Data><Data Name=""Product"">Microsoft® Windows® Operating System</Data><Data Name=""Company"">Microsoft Corporation</Data><Data Name=""OriginalFileName"">cryptdll.dll</Data><Data Name=""Hashes"">SHA1=6476632674DD32637C2B28BA2FB9FF1EE7722554,MD5=4A708CF069407342CB68F65FE45CE75D,SHA256=E2B32B64EEED88F071E7BFBE6C8F95FD290D95DFD6DB35CFDFE1E1BE6CF2B8DA,IMPHASH=DC7032551F2AF422C6637CE127C973E4</Data><Data Name=""Signed"">true</Data><Data Name=""Signature"">Microsoft Windows</Data><Data Name=""SignatureStatus"">Valid</Data><Data Name=""User"">NT AUTHORITY\SYSTEM</Data></EventData></DataItem>",7,"Image loaded: RuleName: Attack=T1003,Technique=OS Credential Dumping,Tactic=Credential Access,DS=Module: Module Load,Level=0,Desc=Cred Dumping,Risk=90 UtcTime: 2023-05-01 10:26:29.723 ProcessGuid: {D5540B43-93D4-644F-7402-000000000700} ProcessId: 2984 Image: C:\Program Files\Microsoft Monitoring Agent\Agent\MOMPerfSnapshotHelper.exe ImageLoaded: C:\Windows\System32\cryptdll.dll FileVersion: 10.0.19041.546 (WinBuild.160101.0800) Description: Cryptography Manager Product: Microsoft® Windows® Operating System Company: Microsoft Corporation OriginalFileName: cryptdll.dll Hashes: SHA1=6476632674DD32637C2B28BA2FB9FF1EE7722554,MD5=4A708CF069407342CB68F65FE45CE75D,SHA256=E2B32B64EEED88F071E7BFBE6C8F95FD290D95DFD6DB35CFDFE1E1BE6CF2B8DA,IMPHASH=DC7032551F2AF422C6637CE127C973E4 Signed: true Signature: Microsoft Windows SignatureStatus: Valid User: NT AUTHORITY\SYSTEM ",,,7,NT AUTHORITY\SYSTEM,,00000000-0000-0000-0000-000000000001,AOI-39743c52-8e86-43b1-987e-cc5d848ecce7,Event,/subscriptions/9ecb8278-6c96-45d4-a456-c17f6976425f/resourcegroups/test_1/providers/microsoft.compute/virtualmachines/win10-2
39743c52-8e86-43b1-987e-cc5d848ecce7,OpsManager,2023-05-01T10:26:30.6981058Z,Microsoft-Windows-Sysmon,Microsoft-Windows-Sysmon/Operational,win10-2,4,Information,"<Param>Attack=None,Technique=None,Tactic=None,DS=Process: Process Termination,Level=0,Desc=Process Termination Events in Windows Directory</Param><Param>2023-05-01 10:26:29.738</Param><Param>{D5540B43-93D3-644F-7202-000000000700}</Param><Param>4556</Param><Param>C:\Windows\System32\wbem\WmiApSrv.exe</Param><Param>NT AUTHORITY\SYSTEM</Param>","<DataItem type=""System.XmlData"" time=""2023-05-01T10:26:30.6981058+00:00"" sourceHealthServiceId=""CF1209A0-2624-0566-5F2A-730DF513CC05""><EventData xmlns=""http://schemas.microsoft.com/win/2004/08/events/event""><Data Name=""RuleName"">Attack=None,Technique=None,Tactic=None,DS=Process: Process Termination,Level=0,Desc=Process Termination Events in Windows Directory</Data><Data Name=""UtcTime"">2023-05-01 10:26:29.738</Data><Data Name=""ProcessGuid"">{d5540b43-93d3-644f-7202-000000000700}</Data><Data Name=""ProcessId"">4556</Data><Data Name=""Image"">C:\Windows\System32\wbem\WmiApSrv.exe</Data><Data Name=""User"">NT AUTHORITY\SYSTEM</Data></EventData></DataItem>",5,"Process terminated: RuleName: Attack=None,Technique=None,Tactic=None,DS=Process: Process Termination,Level=0,Desc=Process Termination Events in Windows Directory UtcTime: 2023-05-01 10:26:29.738 ProcessGuid: {D5540B43-93D3-644F-7202-000000000700} ProcessId: 4556 Image: C:\Windows\System32\wbem\WmiApSrv.exe User: NT AUTHORITY\SYSTEM ",,,5,NT AUTHORITY\SYSTEM,,00000000-0000-0000-0000-000000000001,AOI-39743c52-8e86-43b1-987e-cc5d848ecce7,Event,/subscriptions/9ecb8278-6c96-45d4-a456-c17f6976425f/resourcegroups/test_1/providers/microsoft.compute/virtualmachines/win10-2
39743c52-8e86-43b1-987e-cc5d848ecce7,OpsManager,2023-05-01T10:26:30.6985403Z,Microsoft-Windows-Sysmon,Microsoft-Windows-Sysmon/Operational,win10-2,4,Information,"<Param>Attack=T1204,Technique=User Execution,Tactic=Execution,DS=File: File Creation,Forensic=Windows Prefetch Exec History</Param><Param>2023-05-01 10:26:29.738</Param><Param>{D5540B43-8DBA-644F-2C00-000000000700}</Param><Param>1984</Param><Param>C:\Windows\system32\svchost.exe</Param><Param>C:\Windows\Prefetch\MOMPERFSNAPSHOTHELPER.EXE-50744664.pf</Param><Param>2023-05-01 10:26:29.738</Param><Param>NT AUTHORITY\SYSTEM</Param>","<DataItem type=""System.XmlData"" time=""2023-05-01T10:26:30.6985403+00:00"" sourceHealthServiceId=""CF1209A0-2624-0566-5F2A-730DF513CC05""><EventData xmlns=""http://schemas.microsoft.com/win/2004/08/events/event""><Data Name=""RuleName"">Attack=T1204,Technique=User Execution,Tactic=Execution,DS=File: File Creation,Forensic=Windows Prefetch Exec History</Data><Data Name=""UtcTime"">2023-05-01 10:26:29.738</Data><Data Name=""ProcessGuid"">{d5540b43-8dba-644f-2c00-000000000700}</Data><Data Name=""ProcessId"">1984</Data><Data Name=""Image"">C:\Windows\system32\svchost.exe</Data><Data Name=""TargetFilename"">C:\Windows\Prefetch\MOMPERFSNAPSHOTHELPER.EXE-50744664.pf</Data><Data Name=""CreationUtcTime"">2023-05-01 10:26:29.738</Data><Data Name=""User"">NT AUTHORITY\SYSTEM</Data></EventData></DataItem>",11,"File created: RuleName: Attack=T1204,Technique=User Execution,Tactic=Execution,DS=File: File Creation,Forensic=Windows Prefetch Exec History UtcTime: 2023-05-01 10:26:29.738 ProcessGuid: {D5540B43-8DBA-644F-2C00-000000000700} ProcessId: 1984 Image: C:\Windows\system32\svchost.exe TargetFilename: C:\Windows\Prefetch\MOMPERFSNAPSHOTHELPER.EXE-50744664.pf CreationUtcTime: 2023-05-01 10:26:29.738 User: NT AUTHORITY\SYSTEM ",,,11,NT AUTHORITY\SYSTEM,,00000000-0000-0000-0000-000000000001,AOI-39743c52-8e86-43b1-987e-cc5d848ecce7,Event,/subscriptions/9ecb8278-6c96-45d4-a456-c17f6976425f/resourcegroups/test_1/providers/microsoft.compute/virtualmachines/win10-2
39743c52-8e86-43b1-987e-cc5d848ecce7,OpsManager,2023-05-01T10:26:30.6988698Z,Microsoft-Windows-Sysmon,Microsoft-Windows-Sysmon/Operational,win10-2,4,Information,"<Param>Attack=T1204,Technique=User Execution,Tactic=Execution,DS=File: File Creation,Forensic=Windows Prefetch Exec History</Param><Param>2023-05-01 10:26:29.738</Param><Param>{D5540B43-8DBA-644F-2C00-000000000700}</Param><Param>1984</Param><Param>C:\Windows\system32\svchost.exe</Param><Param>C:\Windows\Prefetch\WMIAPSRV.EXE-CF150EEA.pf</Param><Param>2023-05-01 10:03:28.389</Param><Param>NT AUTHORITY\SYSTEM</Param>","<DataItem type=""System.XmlData"" time=""2023-05-01T10:26:30.6988698+00:00"" sourceHealthServiceId=""CF1209A0-2624-0566-5F2A-730DF513CC05""><EventData xmlns=""http://schemas.microsoft.com/win/2004/08/events/event""><Data Name=""RuleName"">Attack=T1204,Technique=User Execution,Tactic=Execution,DS=File: File Creation,Forensic=Windows Prefetch Exec History</Data><Data Name=""UtcTime"">2023-05-01 10:26:29.738</Data><Data Name=""ProcessGuid"">{d5540b43-8dba-644f-2c00-000000000700}</Data><Data Name=""ProcessId"">1984</Data><Data Name=""Image"">C:\Windows\system32\svchost.exe</Data><Data Name=""TargetFilename"">C:\Windows\Prefetch\WMIAPSRV.EXE-CF150EEA.pf</Data><Data Name=""CreationUtcTime"">2023-05-01 10:03:28.389</Data><Data Name=""User"">NT AUTHORITY\SYSTEM</Data></EventData></DataItem>",11,"File created: RuleName: Attack=T1204,Technique=User Execution,Tactic=Execution,DS=File: File Creation,Forensic=Windows Prefetch Exec History UtcTime: 2023-05-01 10:26:29.738 ProcessGuid: {D5540B43-8DBA-644F-2C00-000000000700} ProcessId: 1984 Image: C:\Windows\system32\svchost.exe TargetFilename: C:\Windows\Prefetch\WMIAPSRV.EXE-CF150EEA.pf CreationUtcTime: 2023-05-01 10:03:28.389 User: NT AUTHORITY\SYSTEM ",,,11,NT AUTHORITY\SYSTEM,,00000000-0000-0000-0000-000000000001,AOI-39743c52-8e86-43b1-987e-cc5d848ecce7,Event,/subscriptions/9ecb8278-6c96-45d4-a456-c17f6976425f/resourcegroups/test_1/providers/microsoft.compute/virtualmachines/win10-2
39743c52-8e86-43b1-987e-cc5d848ecce7,OpsManager,2023-05-01T10:26:30.7720724Z,Microsoft-Windows-Sysmon,Microsoft-Windows-Sysmon/Operational,win10-2,4,Information,"<Param>Attack=None,Technique=None,Tactic=None,DS=Process: Process Termination,Level=0,Desc=Process Termination Events in Program Files Directories</Param><Param>2023-05-01 10:26:30.770</Param><Param>{D5540B43-93D4-644F-7402-000000000700}</Param><Param>2984</Param><Param>C:\Program Files\Microsoft Monitoring Agent\Agent\MOMPerfSnapshotHelper.exe</Param><Param>NT AUTHORITY\SYSTEM</Param>","<DataItem type=""System.XmlData"" time=""2023-05-01T10:26:30.7720724+00:00"" sourceHealthServiceId=""CF1209A0-2624-0566-5F2A-730DF513CC05""><EventData xmlns=""http://schemas.microsoft.com/win/2004/08/events/event""><Data Name=""RuleName"">Attack=None,Technique=None,Tactic=None,DS=Process: Process Termination,Level=0,Desc=Process Termination Events in Program Files Directories</Data><Data Name=""UtcTime"">2023-05-01 10:26:30.770</Data><Data Name=""ProcessGuid"">{d5540b43-93d4-644f-7402-000000000700}</Data><Data Name=""ProcessId"">2984</Data><Data Name=""Image"">C:\Program Files\Microsoft Monitoring Agent\Agent\MOMPerfSnapshotHelper.exe</Data><Data Name=""User"">NT AUTHORITY\SYSTEM</Data></EventData></DataItem>",5,"Process terminated: RuleName: Attack=None,Technique=None,Tactic=None,DS=Process: Process Termination,Level=0,Desc=Process Termination Events in Program Files Directories UtcTime: 2023-05-01 10:26:30.770 ProcessGuid: {D5540B43-93D4-644F-7402-000000000700} ProcessId: 2984 Image: C:\Program Files\Microsoft Monitoring Agent\Agent\MOMPerfSnapshotHelper.exe User: NT AUTHORITY\SYSTEM ",,,5,NT AUTHORITY\SYSTEM,,00000000-0000-0000-0000-000000000001,AOI-39743c52-8e86-43b1-987e-cc5d848ecce7,Event,/subscriptions/9ecb8278-6c96-45d4-a456-c17f6976425f/resourcegroups/test_1/providers/microsoft.compute/virtualmachines/win10-2
39743c52-8e86-43b1-987e-cc5d848ecce7,OpsManager,2023-05-01T10:26:30.7781584Z,Microsoft-Windows-Sysmon,Microsoft-Windows-Sysmon/Operational,win10-2,4,Information,"<Param>Attack=T1204,Technique=User Execution,Tactic=Execution,DS=File: File Creation,Forensic=Windows Prefetch Exec History</Param><Param>2023-05-01 10:26:30.770</Param><Param>{D5540B43-8DBA-644F-2C00-000000000700}</Param><Param>1984</Param><Param>C:\Windows\system32\svchost.exe</Param><Param>C:\Windows\Prefetch\MOMPERFSNAPSHOTHELPER.EXE-50744664.pf</Param><Param>2023-05-01 10:26:29.738</Param><Param>NT AUTHORITY\SYSTEM</Param>","<DataItem type=""System.XmlData"" time=""2023-05-01T10:26:30.7781584+00:00"" sourceHealthServiceId=""CF1209A0-2624-0566-5F2A-730DF513CC05""><EventData xmlns=""http://schemas.microsoft.com/win/2004/08/events/event""><Data Name=""RuleName"">Attack=T1204,Technique=User Execution,Tactic=Execution,DS=File: File Creation,Forensic=Windows Prefetch Exec History</Data><Data Name=""UtcTime"">2023-05-01 10:26:30.770</Data><Data Name=""ProcessGuid"">{d5540b43-8dba-644f-2c00-000000000700}</Data><Data Name=""ProcessId"">1984</Data><Data Name=""Image"">C:\Windows\system32\svchost.exe</Data><Data Name=""TargetFilename"">C:\Windows\Prefetch\MOMPERFSNAPSHOTHELPER.EXE-50744664.pf</Data><Data Name=""CreationUtcTime"">2023-05-01 10:26:29.738</Data><Data Name=""User"">NT AUTHORITY\SYSTEM</Data></EventData></DataItem>",11,"File created: RuleName: Attack=T1204,Technique=User Execution,Tactic=Execution,DS=File: File Creation,Forensic=Windows Prefetch Exec History UtcTime: 2023-05-01 10:26:30.770 ProcessGuid: {D5540B43-8DBA-644F-2C00-000000000700} ProcessId: 1984 Image: C:\Windows\system32\svchost.exe TargetFilename: C:\Windows\Prefetch\MOMPERFSNAPSHOTHELPER.EXE-50744664.pf CreationUtcTime: 2023-05-01 10:26:29.738 User: NT AUTHORITY\SYSTEM ",,,11,NT AUTHORITY\SYSTEM,,00000000-0000-0000-0000-000000000001,AOI-39743c52-8e86-43b1-987e-cc5d848ecce7,Event,/subscriptions/9ecb8278-6c96-45d4-a456-c17f6976425f/resourcegroups/test_1/providers/microsoft.compute/virtualmachines/win10-2
39743c52-8e86-43b1-987e-cc5d848ecce7,OpsManager,2023-05-01T10:26:28.2026843Z,Microsoft-Windows-Sysmon,Microsoft-Windows-Sysmon/Operational,win10-2,4,Information,"<Param>Attack=None,Technique=None,Tactic=None,DS=Module: Module Load,Level=0,Desc=Powershell Not Loading AMSI.dll</Param><Param>2023-05-01 10:26:27.723</Param><Param>{D5540B43-93D3-644F-7202-000000000700}</Param><Param>4556</Param><Param>C:\Windows\System32\wbem\WmiApSrv.exe</Param><Param>C:\Windows\System32\amsi.dll</Param><Param>10.0.19041.2075 (WinBuild.160101.0800)</Param><Param>Anti-Malware Scan Interface</Param><Param>Microsoft® Windows® Operating System</Param><Param>Microsoft Corporation</Param><Param>amsi.dll</Param><Param>SHA1=B6A0B7755F49B1678F16550A14E7D6DB3840097A,MD5=31A4B9E4D7F90542E09F4A6393567CD7,SHA256=F45D7BD641694B1351B1F003B95586F5456F3BCC508CF8AE323DE95115557C07,IMPHASH=C414C6B76EBCEEF67B5B752A7E51D4D2</Param><Param>true</Param><Param>Microsoft Windows</Param><Param>Valid</Param><Param>NT AUTHORITY\SYSTEM</Param>","<DataItem type=""System.XmlData"" time=""2023-05-01T10:26:28.2026843+00:00"" sourceHealthServiceId=""CF1209A0-2624-0566-5F2A-730DF513CC05""><EventData xmlns=""http://schemas.microsoft.com/win/2004/08/events/event""><Data Name=""RuleName"">Attack=None,Technique=None,Tactic=None,DS=Module: Module Load,Level=0,Desc=Powershell Not Loading AMSI.dll</Data><Data Name=""UtcTime"">2023-05-01 10:26:27.723</Data><Data Name=""ProcessGuid"">{d5540b43-93d3-644f-7202-000000000700}</Data><Data Name=""ProcessId"">4556</Data><Data Name=""Image"">C:\Windows\System32\wbem\WmiApSrv.exe</Data><Data Name=""ImageLoaded"">C:\Windows\System32\amsi.dll</Data><Data Name=""FileVersion"">10.0.19041.2075 (WinBuild.160101.0800)</Data><Data Name=""Description"">Anti-Malware Scan Interface</Data><Data Name=""Product"">Microsoft® Windows® Operating System</Data><Data Name=""Company"">Microsoft Corporation</Data><Data Name=""OriginalFileName"">amsi.dll</Data><Data Name=""Hashes"">SHA1=B6A0B7755F49B1678F16550A14E7D6DB3840097A,MD5=31A4B9E4D7F90542E09F4A6393567CD7,SHA256=F45D7BD641694B1351B1F003B95586F5456F3BCC508CF8AE323DE95115557C07,IMPHASH=C414C6B76EBCEEF67B5B752A7E51D4D2</Data><Data Name=""Signed"">true</Data><Data Name=""Signature"">Microsoft Windows</Data><Data Name=""SignatureStatus"">Valid</Data><Data Name=""User"">NT AUTHORITY\SYSTEM</Data></EventData></DataItem>",7,"Image loaded: RuleName: Attack=None,Technique=None,Tactic=None,DS=Module: Module Load,Level=0,Desc=Powershell Not Loading AMSI.dll UtcTime: 2023-05-01 10:26:27.723 ProcessGuid: {D5540B43-93D3-644F-7202-000000000700} ProcessId: 4556 Image: C:\Windows\System32\wbem\WmiApSrv.exe ImageLoaded: C:\Windows\System32\amsi.dll FileVersion: 10.0.19041.2075 (WinBuild.160101.0800) Description: Anti-Malware Scan Interface Product: Microsoft® Windows® Operating System Company: Microsoft Corporation OriginalFileName: amsi.dll Hashes: SHA1=B6A0B7755F49B1678F16550A14E7D6DB3840097A,MD5=31A4B9E4D7F90542E09F4A6393567CD7,SHA256=F45D7BD641694B1351B1F003B95586F5456F3BCC508CF8AE323DE95115557C07,IMPHASH=C414C6B76EBCEEF67B5B752A7E51D4D2 Signed: true Signature: Microsoft Windows SignatureStatus: Valid User: NT AUTHORITY\SYSTEM ",,,7,NT AUTHORITY\SYSTEM,,00000000-0000-0000-0000-000000000001,AOI-39743c52-8e86-43b1-987e-cc5d848ecce7,Event,/subscriptions/9ecb8278-6c96-45d4-a456-c17f6976425f/resourcegroups/test_1/providers/microsoft.compute/virtualmachines/win10-2
39743c52-8e86-43b1-987e-cc5d848ecce7,OpsManager,2023-05-01T10:26:28.2119611Z,Microsoft-Windows-Sysmon,Microsoft-Windows-Sysmon/Operational,win10-2,4,Information,"<Param>Attack=T1021.003,Technique=Distributed Component Object Model,Tactic=Lateral Movement,DS=Process: Process Creation,Level=0,Desc=DCOM Launch</Param><Param>2023-05-01 10:26:27.780</Param><Param>{D5540B43-93D3-644F-7302-000000000700}</Param><Param>7780</Param><Param>C:\Windows\System32\wbem\WmiPrvSE.exe</Param><Param>10.0.19041.546 (WinBuild.160101.0800)</Param><Param>WMI Provider Host</Param><Param>Microsoft® Windows® Operating System</Param><Param>Microsoft Corporation</Param><Param>Wmiprvse.exe</Param><Param>C:\Windows\system32\wbem\wmiprvse.exe -Embedding</Param><Param>C:\Windows\system32\</Param><Param>NT AUTHORITY\SYSTEM</Param><Param>{D5540B43-8DB6-644F-E703-000000000000}</Param><Param>0x3e7</Param><Param>0</Param><Param>System</Param><Param>SHA1=3EA7CC066317AC45F963C2227C4C7C50AA16EB7C,MD5=60FF40CFD7FB8FE41EE4FE9AE5FE1C51,SHA256=2198A7B58BCCB758036B969DDAE6CC2ECE07565E2659A7C541A313A0492231A3,IMPHASH=B71CB3AC5C352BEC857C940CBC95F0F3</Param><Param>{D5540B43-8DB6-644F-0D00-000000000700}</Param><Param>840</Param><Param>C:\Windows\System32\svchost.exe</Param><Param>C:\Windows\system32\svchost.exe -k DcomLaunch -p</Param><Param>NT AUTHORITY\SYSTEM</Param>","<DataItem type=""System.XmlData"" time=""2023-05-01T10:26:28.2119611+00:00"" sourceHealthServiceId=""CF1209A0-2624-0566-5F2A-730DF513CC05""><EventData xmlns=""http://schemas.microsoft.com/win/2004/08/events/event""><Data Name=""RuleName"">Attack=T1021.003,Technique=Distributed Component Object Model,Tactic=Lateral Movement,DS=Process: Process Creation,Level=0,Desc=DCOM Launch</Data><Data Name=""UtcTime"">2023-05-01 10:26:27.780</Data><Data Name=""ProcessGuid"">{d5540b43-93d3-644f-7302-000000000700}</Data><Data Name=""ProcessId"">7780</Data><Data Name=""Image"">C:\Windows\System32\wbem\WmiPrvSE.exe</Data><Data Name=""FileVersion"">10.0.19041.546 (WinBuild.160101.0800)</Data><Data Name=""Description"">WMI Provider Host</Data><Data Name=""Product"">Microsoft® Windows® Operating System</Data><Data Name=""Company"">Microsoft Corporation</Data><Data Name=""OriginalFileName"">Wmiprvse.exe</Data><Data Name=""CommandLine"">C:\Windows\system32\wbem\wmiprvse.exe -Embedding</Data><Data Name=""CurrentDirectory"">C:\Windows\system32\</Data><Data Name=""User"">NT AUTHORITY\SYSTEM</Data><Data Name=""LogonGuid"">{d5540b43-8db6-644f-e703-000000000000}</Data><Data Name=""LogonId"">0x3e7</Data><Data Name=""TerminalSessionId"">0</Data><Data Name=""IntegrityLevel"">System</Data><Data Name=""Hashes"">SHA1=3EA7CC066317AC45F963C2227C4C7C50AA16EB7C,MD5=60FF40CFD7FB8FE41EE4FE9AE5FE1C51,SHA256=2198A7B58BCCB758036B969DDAE6CC2ECE07565E2659A7C541A313A0492231A3,IMPHASH=B71CB3AC5C352BEC857C940CBC95F0F3</Data><Data Name=""ParentProcessGuid"">{d5540b43-8db6-644f-0d00-000000000700}</Data><Data Name=""ParentProcessId"">840</Data><Data Name=""ParentImage"">C:\Windows\System32\svchost.exe</Data><Data Name=""ParentCommandLine"">C:\Windows\system32\svchost.exe -k DcomLaunch -p</Data><Data Name=""ParentUser"">NT AUTHORITY\SYSTEM</Data></EventData></DataItem>",1,"Process Create: RuleName: Attack=T1021.003,Technique=Distributed Component Object Model,Tactic=Lateral Movement,DS=Process: Process Creation,Level=0,Desc=DCOM Launch UtcTime: 2023-05-01 10:26:27.780 ProcessGuid: {D5540B43-93D3-644F-7302-000000000700} ProcessId: 7780 Image: C:\Windows\System32\wbem\WmiPrvSE.exe FileVersion: 10.0.19041.546 (WinBuild.160101.0800) Description: WMI Provider Host Product: Microsoft® Windows® Operating System Company: Microsoft Corporation OriginalFileName: Wmiprvse.exe CommandLine: C:\Windows\system32\wbem\wmiprvse.exe -Embedding CurrentDirectory: C:\Windows\system32\ User: NT AUTHORITY\SYSTEM LogonGuid: {D5540B43-8DB6-644F-E703-000000000000} LogonId: 0x3e7 TerminalSessionId: 0 IntegrityLevel: System Hashes: SHA1=3EA7CC066317AC45F963C2227C4C7C50AA16EB7C,MD5=60FF40CFD7FB8FE41EE4FE9AE5FE1C51,SHA256=2198A7B58BCCB758036B969DDAE6CC2ECE07565E2659A7C541A313A0492231A3,IMPHASH=B71CB3AC5C352BEC857C940CBC95F0F3 ParentProcessGuid: {D5540B43-8DB6-644F-0D00-000000000700} ParentProcessId: 840 ParentImage: C:\Windows\System32\svchost.exe ParentCommandLine: C:\Windows\system32\svchost.exe -k DcomLaunch -p ParentUser: NT AUTHORITY\SYSTEM ",,,1,NT AUTHORITY\SYSTEM,,00000000-0000-0000-0000-000000000001,AOI-39743c52-8e86-43b1-987e-cc5d848ecce7,Event,/subscriptions/9ecb8278-6c96-45d4-a456-c17f6976425f/resourcegroups/test_1/providers/microsoft.compute/virtualmachines/win10-2
39743c52-8e86-43b1-987e-cc5d848ecce7,OpsManager,2023-05-01T10:26:28.2921133Z,Microsoft-Windows-Sysmon,Microsoft-Windows-Sysmon/Operational,win10-2,4,Information,"<Param>Attack=None,Technique=None,Tactic=None,DS=Network Traffic: Network Connection Creation,Level=0,Desc=Non-Browsers Accessing HTTP</Param><Param>2023-05-01 10:26:26.577</Param><Param>{D5540B43-8E51-644F-1B01-000000000700}</Param><Param>5248</Param><Param>C:\WindowsAzure\GuestAgent_2.7.41491.1083_2023-05-01_100201\WindowsAzureGuestAgent.exe</Param><Param>NT AUTHORITY\SYSTEM</Param><Param>tcp</Param><Param>TRUE</Param><Param>FALSE</Param><Param>10.0.0.12</Param><Param>win10-2.n2lktqibtimupkzgx0j3ic54pc.hx.internal.cloudapp.net</Param><Param>50224</Param><Param>-</Param><Param>FALSE</Param><Param>168.63.129.16</Param><Param>-</Param><Param>80</Param><Param>http</Param>","<DataItem type=""System.XmlData"" time=""2023-05-01T10:26:28.2921133+00:00"" sourceHealthServiceId=""CF1209A0-2624-0566-5F2A-730DF513CC05""><EventData xmlns=""http://schemas.microsoft.com/win/2004/08/events/event""><Data Name=""RuleName"">Attack=None,Technique=None,Tactic=None,DS=Network Traffic: Network Connection Creation,Level=0,Desc=Non-Browsers Accessing HTTP</Data><Data Name=""UtcTime"">2023-05-01 10:26:26.577</Data><Data Name=""ProcessGuid"">{d5540b43-8e51-644f-1b01-000000000700}</Data><Data Name=""ProcessId"">5248</Data><Data Name=""Image"">C:\WindowsAzure\GuestAgent_2.7.41491.1083_2023-05-01_100201\WindowsAzureGuestAgent.exe</Data><Data Name=""User"">NT AUTHORITY\SYSTEM</Data><Data Name=""Protocol"">tcp</Data><Data Name=""Initiated"">true</Data><Data Name=""SourceIsIpv6"">false</Data><Data Name=""SourceIp"">10.0.0.12</Data><Data Name=""SourceHostname"">win10-2.n2lktqibtimupkzgx0j3ic54pc.hx.internal.cloudapp.net</Data><Data Name=""SourcePort"">50224</Data><Data Name=""SourcePortName"">-</Data><Data Name=""DestinationIsIpv6"">false</Data><Data Name=""DestinationIp"">168.63.129.16</Data><Data Name=""DestinationHostname"">-</Data><Data Name=""DestinationPort"">80</Data><Data Name=""DestinationPortName"">http</Data></EventData></DataItem>",3,"Network connection detected: RuleName: Attack=None,Technique=None,Tactic=None,DS=Network Traffic: Network Connection Creation,Level=0,Desc=Non-Browsers Accessing HTTP UtcTime: 2023-05-01 10:26:26.577 ProcessGuid: {D5540B43-8E51-644F-1B01-000000000700} ProcessId: 5248 Image: C:\WindowsAzure\GuestAgent_2.7.41491.1083_2023-05-01_100201\WindowsAzureGuestAgent.exe User: NT AUTHORITY\SYSTEM Protocol: tcp Initiated: TRUE SourceIsIpv6: FALSE SourceIp: 10.0.0.12 SourceHostname: win10-2.n2lktqibtimupkzgx0j3ic54pc.hx.internal.cloudapp.net SourcePort: 50224 SourcePortName: - DestinationIsIpv6: FALSE DestinationIp: 168.63.129.16 DestinationHostname: - DestinationPort: 80 DestinationPortName: http ",,,3,NT AUTHORITY\SYSTEM,,00000000-0000-0000-0000-000000000001,AOI-39743c52-8e86-43b1-987e-cc5d848ecce7,Event,/subscriptions/9ecb8278-6c96-45d4-a456-c17f6976425f/resourcegroups/test_1/providers/microsoft.compute/virtualmachines/win10-2
39743c52-8e86-43b1-987e-cc5d848ecce7,OpsManager,2023-05-01T10:26:28.6690039Z,Microsoft-Windows-Sysmon,Microsoft-Windows-Sysmon/Operational,win10-2,4,Information,"<Param>Attack=T1003,Technique=OS Credential Dumping,Tactic=Credential Access,DS=Module: Module Load,Level=0,Desc=Cred Dumping,Risk=90</Param><Param>2023-05-01 10:26:28.660</Param><Param>{D5540B43-93CD-644F-6C02-000000000700}</Param><Param>8868</Param><Param>C:\Program Files\Microsoft Monitoring Agent\Agent\MOMPerfSnapshotHelper.exe</Param><Param>C:\Windows\System32\cryptdll.dll</Param><Param>10.0.19041.546 (WinBuild.160101.0800)</Param><Param>Cryptography Manager</Param><Param>Microsoft® Windows® Operating System</Param><Param>Microsoft Corporation</Param><Param>cryptdll.dll</Param><Param>SHA1=6476632674DD32637C2B28BA2FB9FF1EE7722554,MD5=4A708CF069407342CB68F65FE45CE75D,SHA256=E2B32B64EEED88F071E7BFBE6C8F95FD290D95DFD6DB35CFDFE1E1BE6CF2B8DA,IMPHASH=DC7032551F2AF422C6637CE127C973E4</Param><Param>true</Param><Param>Microsoft Windows</Param><Param>Valid</Param><Param>NT AUTHORITY\SYSTEM</Param>","<DataItem type=""System.XmlData"" time=""2023-05-01T10:26:28.6690039+00:00"" sourceHealthServiceId=""CF1209A0-2624-0566-5F2A-730DF513CC05""><EventData xmlns=""http://schemas.microsoft.com/win/2004/08/events/event""><Data Name=""RuleName"">Attack=T1003,Technique=OS Credential Dumping,Tactic=Credential Access,DS=Module: Module Load,Level=0,Desc=Cred Dumping,Risk=90</Data><Data Name=""UtcTime"">2023-05-01 10:26:28.660</Data><Data Name=""ProcessGuid"">{d5540b43-93cd-644f-6c02-000000000700}</Data><Data Name=""ProcessId"">8868</Data><Data Name=""Image"">C:\Program Files\Microsoft Monitoring Agent\Agent\MOMPerfSnapshotHelper.exe</Data><Data Name=""ImageLoaded"">C:\Windows\System32\cryptdll.dll</Data><Data Name=""FileVersion"">10.0.19041.546 (WinBuild.160101.0800)</Data><Data Name=""Description"">Cryptography Manager</Data><Data Name=""Product"">Microsoft® Windows® Operating System</Data><Data Name=""Company"">Microsoft Corporation</Data><Data Name=""OriginalFileName"">cryptdll.dll</Data><Data Name=""Hashes"">SHA1=6476632674DD32637C2B28BA2FB9FF1EE7722554,MD5=4A708CF069407342CB68F65FE45CE75D,SHA256=E2B32B64EEED88F071E7BFBE6C8F95FD290D95DFD6DB35CFDFE1E1BE6CF2B8DA,IMPHASH=DC7032551F2AF422C6637CE127C973E4</Data><Data Name=""Signed"">true</Data><Data Name=""Signature"">Microsoft Windows</Data><Data Name=""SignatureStatus"">Valid</Data><Data Name=""User"">NT AUTHORITY\SYSTEM</Data></EventData></DataItem>",7,"Image loaded: RuleName: Attack=T1003,Technique=OS Credential Dumping,Tactic=Credential Access,DS=Module: Module Load,Level=0,Desc=Cred Dumping,Risk=90 UtcTime: 2023-05-01 10:26:28.660 ProcessGuid: {D5540B43-93CD-644F-6C02-000000000700} ProcessId: 8868 Image: C:\Program Files\Microsoft Monitoring Agent\Agent\MOMPerfSnapshotHelper.exe ImageLoaded: C:\Windows\System32\cryptdll.dll FileVersion: 10.0.19041.546 (WinBuild.160101.0800) Description: Cryptography Manager Product: Microsoft® Windows® Operating System Company: Microsoft Corporation OriginalFileName: cryptdll.dll Hashes: SHA1=6476632674DD32637C2B28BA2FB9FF1EE7722554,MD5=4A708CF069407342CB68F65FE45CE75D,SHA256=E2B32B64EEED88F071E7BFBE6C8F95FD290D95DFD6DB35CFDFE1E1BE6CF2B8DA,IMPHASH=DC7032551F2AF422C6637CE127C973E4 Signed: true Signature: Microsoft Windows SignatureStatus: Valid User: NT AUTHORITY\SYSTEM ",,,7,NT AUTHORITY\SYSTEM,,00000000-0000-0000-0000-000000000001,AOI-39743c52-8e86-43b1-987e-cc5d848ecce7,Event,/subscriptions/9ecb8278-6c96-45d4-a456-c17f6976425f/resourcegroups/test_1/providers/microsoft.compute/virtualmachines/win10-2
39743c52-8e86-43b1-987e-cc5d848ecce7,OpsManager,2023-05-01T10:26:28.7827728Z,Microsoft-Windows-Sysmon,Microsoft-Windows-Sysmon/Operational,win10-2,4,Information,"<Param>Attack=T1021.003,Technique=Distributed Component Object Model,Tactic=Lateral Movement,DS=Process: Process Creation,Level=0,Desc=DCOM Launch</Param><Param>2023-05-01 10:26:28.778</Param><Param>{D5540B43-93D4-644F-7402-000000000700}</Param><Param>2984</Param><Param>C:\Program Files\Microsoft Monitoring Agent\Agent\MOMPerfSnapshotHelper.exe</Param><Param>10.20.18067.0</Param><Param>Used to create list of performance counters available on this computer</Param><Param>Microsoft Monitoring Agent</Param><Param>Microsoft Corp.</Param><Param>MOMPerfSnapshotHelper.exe</Param><Param>""C:\Program Files\Microsoft Monitoring Agent\Agent\MOMPerfSnapshotHelper.exe"" -Embedding</Param><Param>C:\Windows\system32\</Param><Param>NT AUTHORITY\SYSTEM</Param><Param>{D5540B43-8DB6-644F-E703-000000000000}</Param><Param>0x3e7</Param><Param>0</Param><Param>System</Param><Param>SHA1=C4C159E76FC5B736878B7407678DEFCD6A8354C0,MD5=C63E419CC3C29C6120203C82F32E5EFC,SHA256=398BF1227A146CC41FD49C98A831450CEE8AA14642B4B6E76C3C8028835D2DC0,IMPHASH=CCA83A5B53AA5DF78098B33FD2A0CAFE</Param><Param>{D5540B43-8DB6-644F-0D00-000000000700}</Param><Param>840</Param><Param>C:\Windows\System32\svchost.exe</Param><Param>C:\Windows\system32\svchost.exe -k DcomLaunch -p</Param><Param>NT AUTHORITY\SYSTEM</Param>","<DataItem type=""System.XmlData"" time=""2023-05-01T10:26:28.7827728+00:00"" sourceHealthServiceId=""CF1209A0-2624-0566-5F2A-730DF513CC05""><EventData xmlns=""http://schemas.microsoft.com/win/2004/08/events/event""><Data Name=""RuleName"">Attack=T1021.003,Technique=Distributed Component Object Model,Tactic=Lateral Movement,DS=Process: Process Creation,Level=0,Desc=DCOM Launch</Data><Data Name=""UtcTime"">2023-05-01 10:26:28.778</Data><Data Name=""ProcessGuid"">{d5540b43-93d4-644f-7402-000000000700}</Data><Data Name=""ProcessId"">2984</Data><Data Name=""Image"">C:\Program Files\Microsoft Monitoring Agent\Agent\MOMPerfSnapshotHelper.exe</Data><Data Name=""FileVersion"">10.20.18067.0</Data><Data Name=""Description"">Used to create list of performance counters available on this computer</Data><Data Name=""Product"">Microsoft Monitoring Agent</Data><Data Name=""Company"">Microsoft Corp.</Data><Data Name=""OriginalFileName"">MOMPerfSnapshotHelper.exe</Data><Data Name=""CommandLine"">""C:\Program Files\Microsoft Monitoring Agent\Agent\MOMPerfSnapshotHelper.exe"" -Embedding</Data><Data Name=""CurrentDirectory"">C:\Windows\system32\</Data><Data Name=""User"">NT AUTHORITY\SYSTEM</Data><Data Name=""LogonGuid"">{d5540b43-8db6-644f-e703-000000000000}</Data><Data Name=""LogonId"">0x3e7</Data><Data Name=""TerminalSessionId"">0</Data><Data Name=""IntegrityLevel"">System</Data><Data Name=""Hashes"">SHA1=C4C159E76FC5B736878B7407678DEFCD6A8354C0,MD5=C63E419CC3C29C6120203C82F32E5EFC,SHA256=398BF1227A146CC41FD49C98A831450CEE8AA14642B4B6E76C3C8028835D2DC0,IMPHASH=CCA83A5B53AA5DF78098B33FD2A0CAFE</Data><Data Name=""ParentProcessGuid"">{d5540b43-8db6-644f-0d00-000000000700}</Data><Data Name=""ParentProcessId"">840</Data><Data Name=""ParentImage"">C:\Windows\System32\svchost.exe</Data><Data Name=""ParentCommandLine"">C:\Windows\system32\svchost.exe -k DcomLaunch -p</Data><Data Name=""ParentUser"">NT AUTHORITY\SYSTEM</Data></EventData></DataItem>",1,"Process Create: RuleName: Attack=T1021.003,Technique=Distributed Component Object Model,Tactic=Lateral Movement,DS=Process: Process Creation,Level=0,Desc=DCOM Launch UtcTime: 2023-05-01 10:26:28.778 ProcessGuid: {D5540B43-93D4-644F-7402-000000000700} ProcessId: 2984 Image: C:\Program Files\Microsoft Monitoring Agent\Agent\MOMPerfSnapshotHelper.exe FileVersion: 10.20.18067.0 Description: Used to create list of performance counters available on this computer Product: Microsoft Monitoring Agent Company: Microsoft Corp. OriginalFileName: MOMPerfSnapshotHelper.exe CommandLine: ""C:\Program Files\Microsoft Monitoring Agent\Agent\MOMPerfSnapshotHelper.exe"" -Embedding CurrentDirectory: C:\Windows\system32\ User: NT AUTHORITY\SYSTEM LogonGuid: {D5540B43-8DB6-644F-E703-000000000000} LogonId: 0x3e7 TerminalSessionId: 0 IntegrityLevel: System Hashes: SHA1=C4C159E76FC5B736878B7407678DEFCD6A8354C0,MD5=C63E419CC3C29C6120203C82F32E5EFC,SHA256=398BF1227A146CC41FD49C98A831450CEE8AA14642B4B6E76C3C8028835D2DC0,IMPHASH=CCA83A5B53AA5DF78098B33FD2A0CAFE ParentProcessGuid: {D5540B43-8DB6-644F-0D00-000000000700} ParentProcessId: 840 ParentImage: C:\Windows\System32\svchost.exe ParentCommandLine: C:\Windows\system32\svchost.exe -k DcomLaunch -p ParentUser: NT AUTHORITY\SYSTEM ",,,1,NT AUTHORITY\SYSTEM,,00000000-0000-0000-0000-000000000001,AOI-39743c52-8e86-43b1-987e-cc5d848ecce7,Event,/subscriptions/9ecb8278-6c96-45d4-a456-c17f6976425f/resourcegroups/test_1/providers/microsoft.compute/virtualmachines/win10-2
39743c52-8e86-43b1-987e-cc5d848ecce7,OpsManager,2023-05-01T10:26:29.2816105Z,Microsoft-Windows-Sysmon,Microsoft-Windows-Sysmon/Operational,win10-2,4,Information,"<Param>Attack=T1562.002,Technique=Impair Defenses: Disable Windows Event Logging,Tactic=Defense Evasion,DS=Process: Process Access,Level=4,Alert=SysmonEnte Detection,DS=Process: Process Access,Level=4,Risk=100</Param><Param>2023-05-01 10:26:29.113</Param><Param>{D5540B43-93D4-644F-7402-000000000700}</Param><Param>2984</Param><Param>1292</Param><Param>C:\Program Files\Microsoft Monitoring Agent\Agent\MOMPerfSnapshotHelper.exe</Param><Param>{D5540B43-8EB4-644F-9801-000000000700}</Param><Param>9972</Param><Param>C:\Windows\Sysmon64.exe</Param><Param>0x1400</Param><Param>C:\Windows\SYSTEM32\ntdll.dll+9d524|C:\Windows\System32\KERNELBASE.dll+3053e|C:\Windows\Microsoft.NET\Framework64\v4.0.30319\CorperfmonExt.dll+c669|C:\Windows\Microsoft.NET\Framework64\v4.0.30319\CorperfmonExt.dll+c71b|C:\Windows\Microsoft.NET\Framework64\v4.0.30319\CorperfmonExt.dll+2fde|C:\Windows\Microsoft.NET\Framework64\v4.0.30319\CorperfmonExt.dll+2b9e|C:\Windows\Microsoft.NET\Framework64\v4.0.30319\CorperfmonExt.dll+2659|C:\Windows\Microsoft.NET\Framework64\v4.0.30319\CorperfmonExt.dll+14a3|C:\Windows\Microsoft.NET\Framework64\v4.0.30319\mscoreei.dll+2b65e|C:\Windows\System32\ADVAPI32.dll+19c0a|C:\Windows\System32\ADVAPI32.dll+19f48|C:\Windows\System32\ADVAPI32.dll+1ace0|C:\Windows\System32\ADVAPI32.dll+af35|C:\Windows\System32\ADVAPI32.dll+956b|C:\Windows\System32\KERNELBASE.dll+9e136|C:\Windows\System32\KERNELBASE.dll+33458|C:\Program Files\Microsoft Monitoring Agent\Agent\MOMPerfSnapshotHelper.exe+5c17|C:\Windows\System32\RPCRT4.dll+7aec3|C:\Windows\System32\RPCRT4.dll+79c92|C:\Windows\System32\RPCRT4.dll+1e09a|C:\Windows\System32\combase.dll+b5f4c|C:\Windows\System32\RPCRT4.dll+5a19b|C:\Windows\System32\combase.dll+8bad3|C:\Windows\System32\combase.dll+8b85e</Param><Param>NT AUTHORITY\SYSTEM</Param><Param>NT AUTHORITY\SYSTEM</Param>","<DataItem type=""System.XmlData"" time=""2023-05-01T10:26:29.2816105+00:00"" sourceHealthServiceId=""CF1209A0-2624-0566-5F2A-730DF513CC05""><EventData xmlns=""http://schemas.microsoft.com/win/2004/08/events/event""><Data Name=""RuleName"">Attack=T1562.002,Technique=Impair Defenses: Disable Windows Event Logging,Tactic=Defense Evasion,DS=Process: Process Access,Level=4,Alert=SysmonEnte Detection,DS=Process: Process Access,Level=4,Risk=100</Data><Data Name=""UtcTime"">2023-05-01 10:26:29.113</Data><Data Name=""SourceProcessGUID"">{d5540b43-93d4-644f-7402-000000000700}</Data><Data Name=""SourceProcessId"">2984</Data><Data Name=""SourceThreadId"">1292</Data><Data Name=""SourceImage"">C:\Program Files\Microsoft Monitoring Agent\Agent\MOMPerfSnapshotHelper.exe</Data><Data Name=""TargetProcessGUID"">{d5540b43-8eb4-644f-9801-000000000700}</Data><Data Name=""TargetProcessId"">9972</Data><Data Name=""TargetImage"">C:\Windows\Sysmon64.exe</Data><Data Name=""GrantedAccess"">0x1400</Data><Data Name=""CallTrace"">C:\Windows\SYSTEM32\ntdll.dll+9d524|C:\Windows\System32\KERNELBASE.dll+3053e|C:\Windows\Microsoft.NET\Framework64\v4.0.30319\CorperfmonExt.dll+c669|C:\Windows\Microsoft.NET\Framework64\v4.0.30319\CorperfmonExt.dll+c71b|C:\Windows\Microsoft.NET\Framework64\v4.0.30319\CorperfmonExt.dll+2fde|C:\Windows\Microsoft.NET\Framework64\v4.0.30319\CorperfmonExt.dll+2b9e|C:\Windows\Microsoft.NET\Framework64\v4.0.30319\CorperfmonExt.dll+2659|C:\Windows\Microsoft.NET\Framework64\v4.0.30319\CorperfmonExt.dll+14a3|C:\Windows\Microsoft.NET\Framework64\v4.0.30319\mscoreei.dll+2b65e|C:\Windows\System32\ADVAPI32.dll+19c0a|C:\Windows\System32\ADVAPI32.dll+19f48|C:\Windows\System32\ADVAPI32.dll+1ace0|C:\Windows\System32\ADVAPI32.dll+af35|C:\Windows\System32\ADVAPI32.dll+956b|C:\Windows\System32\KERNELBASE.dll+9e136|C:\Windows\System32\KERNELBASE.dll+33458|C:\Program Files\Microsoft Monitoring Agent\Agent\MOMPerfSnapshotHelper.exe+5c17|C:\Windows\System32\RPCRT4.dll+7aec3|C:\Windows\System32\RPCRT4.dll+79c92|C:\Windows\System32\RPCRT4.dll+1e09a|C:\Windows\System32\combase.dll+b5f4c|C:\Windows\System32\RPCRT4.dll+5a19b|C:\Windows\System32\combase.dll+8bad3|C:\Windows\System32\combase.dll+8b85e</Data><Data Name=""SourceUser"">NT AUTHORITY\SYSTEM</Data><Data Name=""TargetUser"">NT AUTHORITY\SYSTEM</Data></EventData></DataItem>",10,"Process accessed: RuleName: Attack=T1562.002,Technique=Impair Defenses: Disable Windows Event Logging,Tactic=Defense Evasion,DS=Process: Process Access,Level=4,Alert=SysmonEnte Detection,DS=Process: Process Access,Level=4,Risk=100 UtcTime: 2023-05-01 10:26:29.113 SourceProcessGUID: {D5540B43-93D4-644F-7402-000000000700} SourceProcessId: 2984 SourceThreadId: 1292 SourceImage: C:\Program Files\Microsoft Monitoring Agent\Agent\MOMPerfSnapshotHelper.exe TargetProcessGUID: {D5540B43-8EB4-644F-9801-000000000700} TargetProcessId: 9972 TargetImage: C:\Windows\Sysmon64.exe GrantedAccess: 0x1400 CallTrace: C:\Windows\SYSTEM32\ntdll.dll+9d524|C:\Windows\System32\KERNELBASE.dll+3053e|C:\Windows\Microsoft.NET\Framework64\v4.0.30319\CorperfmonExt.dll+c669|C:\Windows\Microsoft.NET\Framework64\v4.0.30319\CorperfmonExt.dll+c71b|C:\Windows\Microsoft.NET\Framework64\v4.0.30319\CorperfmonExt.dll+2fde|C:\Windows\Microsoft.NET\Framework64\v4.0.30319\CorperfmonExt.dll+2b9e|C:\Windows\Microsoft.NET\Framework64\v4.0.30319\CorperfmonExt.dll+2659|C:\Windows\Microsoft.NET\Framework64\v4.0.30319\CorperfmonExt.dll+14a3|C:\Windows\Microsoft.NET\Framework64\v4.0.30319\mscoreei.dll+2b65e|C:\Windows\System32\ADVAPI32.dll+19c0a|C:\Windows\System32\ADVAPI32.dll+19f48|C:\Windows\System32\ADVAPI32.dll+1ace0|C:\Windows\System32\ADVAPI32.dll+af35|C:\Windows\System32\ADVAPI32.dll+956b|C:\Windows\System32\KERNELBASE.dll+9e136|C:\Windows\System32\KERNELBASE.dll+33458|C:\Program Files\Microsoft Monitoring Agent\Agent\MOMPerfSnapshotHelper.exe+5c17|C:\Windows\System32\RPCRT4.dll+7aec3|C:\Windows\System32\RPCRT4.dll+79c92|C:\Windows\System32\RPCRT4.dll+1e09a|C:\Windows\System32\combase.dll+b5f4c|C:\Windows\System32\RPCRT4.dll+5a19b|C:\Windows\System32\combase.dll+8bad3|C:\Windows\System32\combase.dll+8b85e SourceUser: NT AUTHORITY\SYSTEM TargetUser: NT AUTHORITY\SYSTEM ",,,10,NT AUTHORITY\SYSTEM,,00000000-0000-0000-0000-000000000001,AOI-39743c52-8e86-43b1-987e-cc5d848ecce7,Event,/subscriptions/9ecb8278-6c96-45d4-a456-c17f6976425f/resourcegroups/test_1/providers/microsoft.compute/virtualmachines/win10-2
39743c52-8e86-43b1-987e-cc5d848ecce7,OpsManager,2023-05-01T10:26:29.2822204Z,Microsoft-Windows-Sysmon,Microsoft-Windows-Sysmon/Operational,win10-2,4,Information,"<Param>Attack=T1562.002,Technique=Impair Defenses: Disable Windows Event Logging,Tactic=Defense Evasion,DS=Process: Process Access,Level=4,Alert=SysmonEnte Detection,DS=Process: Process Access,Level=4,Risk=100</Param><Param>2023-05-01 10:26:29.113</Param><Param>{D5540B43-93D4-644F-7402-000000000700}</Param><Param>2984</Param><Param>1292</Param><Param>C:\Program Files\Microsoft Monitoring Agent\Agent\MOMPerfSnapshotHelper.exe</Param><Param>{D5540B43-8EB4-644F-9801-000000000700}</Param><Param>9972</Param><Param>C:\Windows\Sysmon64.exe</Param><Param>0x1400</Param><Param>C:\Windows\SYSTEM32\ntdll.dll+9d524|C:\Windows\System32\KERNELBASE.dll+3053e|C:\Windows\Microsoft.NET\Framework64\v4.0.30319\CorperfmonExt.dll+3b59|C:\Windows\Microsoft.NET\Framework64\v4.0.30319\CorperfmonExt.dll+414d|C:\Windows\Microsoft.NET\Framework64\v4.0.30319\CorperfmonExt.dll+d007|C:\Windows\Microsoft.NET\Framework64\v4.0.30319\CorperfmonExt.dll+cb01|C:\Windows\Microsoft.NET\Framework64\v4.0.30319\CorperfmonExt.dll+2f5e|C:\Windows\Microsoft.NET\Framework64\v4.0.30319\CorperfmonExt.dll+27fe|C:\Windows\Microsoft.NET\Framework64\v4.0.30319\CorperfmonExt.dll+14a3|C:\Windows\Microsoft.NET\Framework64\v4.0.30319\mscoreei.dll+2b65e|C:\Windows\System32\ADVAPI32.dll+19c0a|C:\Windows\System32\ADVAPI32.dll+19f48|C:\Windows\System32\ADVAPI32.dll+1ace0|C:\Windows\System32\ADVAPI32.dll+af35|C:\Windows\System32\ADVAPI32.dll+956b|C:\Windows\System32\KERNELBASE.dll+9e136|C:\Windows\System32\KERNELBASE.dll+33458|C:\Program Files\Microsoft Monitoring Agent\Agent\MOMPerfSnapshotHelper.exe+5c17|C:\Windows\System32\RPCRT4.dll+7aec3|C:\Windows\System32\RPCRT4.dll+79c92|C:\Windows\System32\RPCRT4.dll+1e09a|C:\Windows\System32\combase.dll+b5f4c|C:\Windows\System32\RPCRT4.dll+5a19b|C:\Windows\System32\combase.dll+8bad3</Param><Param>NT AUTHORITY\SYSTEM</Param><Param>NT AUTHORITY\SYSTEM</Param>","<DataItem type=""System.XmlData"" time=""2023-05-01T10:26:29.2822204+00:00"" sourceHealthServiceId=""CF1209A0-2624-0566-5F2A-730DF513CC05""><EventData xmlns=""http://schemas.microsoft.com/win/2004/08/events/event""><Data Name=""RuleName"">Attack=T1562.002,Technique=Impair Defenses: Disable Windows Event Logging,Tactic=Defense Evasion,DS=Process: Process Access,Level=4,Alert=SysmonEnte Detection,DS=Process: Process Access,Level=4,Risk=100</Data><Data Name=""UtcTime"">2023-05-01 10:26:29.113</Data><Data Name=""SourceProcessGUID"">{d5540b43-93d4-644f-7402-000000000700}</Data><Data Name=""SourceProcessId"">2984</Data><Data Name=""SourceThreadId"">1292</Data><Data Name=""SourceImage"">C:\Program Files\Microsoft Monitoring Agent\Agent\MOMPerfSnapshotHelper.exe</Data><Data Name=""TargetProcessGUID"">{d5540b43-8eb4-644f-9801-000000000700}</Data><Data Name=""TargetProcessId"">9972</Data><Data Name=""TargetImage"">C:\Windows\Sysmon64.exe</Data><Data Name=""GrantedAccess"">0x1400</Data><Data Name=""CallTrace"">C:\Windows\SYSTEM32\ntdll.dll+9d524|C:\Windows\System32\KERNELBASE.dll+3053e|C:\Windows\Microsoft.NET\Framework64\v4.0.30319\CorperfmonExt.dll+3b59|C:\Windows\Microsoft.NET\Framework64\v4.0.30319\CorperfmonExt.dll+414d|C:\Windows\Microsoft.NET\Framework64\v4.0.30319\CorperfmonExt.dll+d007|C:\Windows\Microsoft.NET\Framework64\v4.0.30319\CorperfmonExt.dll+cb01|C:\Windows\Microsoft.NET\Framework64\v4.0.30319\CorperfmonExt.dll+2f5e|C:\Windows\Microsoft.NET\Framework64\v4.0.30319\CorperfmonExt.dll+27fe|C:\Windows\Microsoft.NET\Framework64\v4.0.30319\CorperfmonExt.dll+14a3|C:\Windows\Microsoft.NET\Framework64\v4.0.30319\mscoreei.dll+2b65e|C:\Windows\System32\ADVAPI32.dll+19c0a|C:\Windows\System32\ADVAPI32.dll+19f48|C:\Windows\System32\ADVAPI32.dll+1ace0|C:\Windows\System32\ADVAPI32.dll+af35|C:\Windows\System32\ADVAPI32.dll+956b|C:\Windows\System32\KERNELBASE.dll+9e136|C:\Windows\System32\KERNELBASE.dll+33458|C:\Program Files\Microsoft Monitoring Agent\Agent\MOMPerfSnapshotHelper.exe+5c17|C:\Windows\System32\RPCRT4.dll+7aec3|C:\Windows\System32\RPCRT4.dll+79c92|C:\Windows\System32\RPCRT4.dll+1e09a|C:\Windows\System32\combase.dll+b5f4c|C:\Windows\System32\RPCRT4.dll+5a19b|C:\Windows\System32\combase.dll+8bad3</Data><Data Name=""SourceUser"">NT AUTHORITY\SYSTEM</Data><Data Name=""TargetUser"">NT AUTHORITY\SYSTEM</Data></EventData></DataItem>",10,"Process accessed: RuleName: Attack=T1562.002,Technique=Impair Defenses: Disable Windows Event Logging,Tactic=Defense Evasion,DS=Process: Process Access,Level=4,Alert=SysmonEnte Detection,DS=Process: Process Access,Level=4,Risk=100 UtcTime: 2023-05-01 10:26:29.113 SourceProcessGUID: {D5540B43-93D4-644F-7402-000000000700} SourceProcessId: 2984 SourceThreadId: 1292 SourceImage: C:\Program Files\Microsoft Monitoring Agent\Agent\MOMPerfSnapshotHelper.exe TargetProcessGUID: {D5540B43-8EB4-644F-9801-000000000700} TargetProcessId: 9972 TargetImage: C:\Windows\Sysmon64.exe GrantedAccess: 0x1400 CallTrace: C:\Windows\SYSTEM32\ntdll.dll+9d524|C:\Windows\System32\KERNELBASE.dll+3053e|C:\Windows\Microsoft.NET\Framework64\v4.0.30319\CorperfmonExt.dll+3b59|C:\Windows\Microsoft.NET\Framework64\v4.0.30319\CorperfmonExt.dll+414d|C:\Windows\Microsoft.NET\Framework64\v4.0.30319\CorperfmonExt.dll+d007|C:\Windows\Microsoft.NET\Framework64\v4.0.30319\CorperfmonExt.dll+cb01|C:\Windows\Microsoft.NET\Framework64\v4.0.30319\CorperfmonExt.dll+2f5e|C:\Windows\Microsoft.NET\Framework64\v4.0.30319\CorperfmonExt.dll+27fe|C:\Windows\Microsoft.NET\Framework64\v4.0.30319\CorperfmonExt.dll+14a3|C:\Windows\Microsoft.NET\Framework64\v4.0.30319\mscoreei.dll+2b65e|C:\Windows\System32\ADVAPI32.dll+19c0a|C:\Windows\System32\ADVAPI32.dll+19f48|C:\Windows\System32\ADVAPI32.dll+1ace0|C:\Windows\System32\ADVAPI32.dll+af35|C:\Windows\System32\ADVAPI32.dll+956b|C:\Windows\System32\KERNELBASE.dll+9e136|C:\Windows\System32\KERNELBASE.dll+33458|C:\Program Files\Microsoft Monitoring Agent\Agent\MOMPerfSnapshotHelper.exe+5c17|C:\Windows\System32\RPCRT4.dll+7aec3|C:\Windows\System32\RPCRT4.dll+79c92|C:\Windows\System32\RPCRT4.dll+1e09a|C:\Windows\System32\combase.dll+b5f4c|C:\Windows\System32\RPCRT4.dll+5a19b|C:\Windows\System32\combase.dll+8bad3 SourceUser: NT AUTHORITY\SYSTEM TargetUser: NT AUTHORITY\SYSTEM ",,,10,NT AUTHORITY\SYSTEM,,00000000-0000-0000-0000-000000000001,AOI-39743c52-8e86-43b1-987e-cc5d848ecce7,Event,/subscriptions/9ecb8278-6c96-45d4-a456-c17f6976425f/resourcegroups/test_1/providers/microsoft.compute/virtualmachines/win10-2
