39743c52-8e86-43b1-987e-cc5d848ecce7,OpsManager,2023-05-01T10:33:49.4342776Z,Microsoft-Windows-Sysmon,Microsoft-Windows-Sysmon/Operational,win10-2,4,Information,"<Param>Attack=None,Technique=None,Tactic=None,DS=None,Information=Uncategorized Events</Param><Param>2023-05-01 10:33:48.413</Param><Param>{D5540B43-8EFE-644F-9D01-000000000700}</Param><Param>8900</Param><Param>229.78.74.40.in-addr.arpa.</Param><Param>9003</Param><Param>-</Param><Param>C:\Users\azureuser\Downloads\ProcessMonitor\Procmon64.exe</Param><Param>win10-2\azureuser</Param>","<DataItem type=""System.XmlData"" time=""2023-05-01T10:33:49.4342776+00:00"" sourceHealthServiceId=""CF1209A0-2624-0566-5F2A-730DF513CC05""><EventData xmlns=""http://schemas.microsoft.com/win/2004/08/events/event""><Data Name=""RuleName"">Attack=None,Technique=None,Tactic=None,DS=None,Information=Uncategorized Events</Data><Data Name=""UtcTime"">2023-05-01 10:33:48.413</Data><Data Name=""ProcessGuid"">{d5540b43-8efe-644f-9d01-000000000700}</Data><Data Name=""ProcessId"">8900</Data><Data Name=""QueryName"">229.78.74.40.in-addr.arpa.</Data><Data Name=""QueryStatus"">9003</Data><Data Name=""QueryResults"">-</Data><Data Name=""Image"">C:\Users\azureuser\Downloads\ProcessMonitor\Procmon64.exe</Data><Data Name=""User"">win10-2\azureuser</Data></EventData></DataItem>",22,"Dns query: RuleName: Attack=None,Technique=None,Tactic=None,DS=None,Information=Uncategorized Events UtcTime: 2023-05-01 10:33:48.413 ProcessGuid: {D5540B43-8EFE-644F-9D01-000000000700} ProcessId: 8900 QueryName: 229.78.74.40.in-addr.arpa. QueryStatus: 9003 QueryResults: - Image: C:\Users\azureuser\Downloads\ProcessMonitor\Procmon64.exe User: win10-2\azureuser ",,,22,NT AUTHORITY\SYSTEM,,00000000-0000-0000-0000-000000000001,AOI-39743c52-8e86-43b1-987e-cc5d848ecce7,Event,/subscriptions/9ecb8278-6c96-45d4-a456-c17f6976425f/resourcegroups/test_1/providers/microsoft.compute/virtualmachines/win10-2
39743c52-8e86-43b1-987e-cc5d848ecce7,OpsManager,2023-05-01T10:33:51.0868218Z,Microsoft-Windows-Sysmon,Microsoft-Windows-Sysmon/Operational,win10-2,4,Information,"<Param>Attack=None,Technique=None,Tactic=None,DS=File: File Creation,Level=0,Desc=Certificate</Param><Param>2023-05-01 10:33:51.077</Param><Param>{D5540B43-91DE-644F-1802-000000000700}</Param><Param>7120</Param><Param>C:\Program Files\WindowsApps\Microsoft.SkypeApp_14.53.77.0_x64__kzf8qxf38zg5c\SkypeApp.exe</Param><Param>C:\Users\azureuser\AppData\Local\Packages\Microsoft.SkypeApp_kzf8qxf38zg5c\LocalState\dtlskey.der</Param><Param>2023-05-01 10:33:51.077</Param><Param>win10-2\azureuser</Param>","<DataItem type=""System.XmlData"" time=""2023-05-01T10:33:51.0868218+00:00"" sourceHealthServiceId=""CF1209A0-2624-0566-5F2A-730DF513CC05""><EventData xmlns=""http://schemas.microsoft.com/win/2004/08/events/event""><Data Name=""RuleName"">Attack=None,Technique=None,Tactic=None,DS=File: File Creation,Level=0,Desc=Certificate</Data><Data Name=""UtcTime"">2023-05-01 10:33:51.077</Data><Data Name=""ProcessGuid"">{d5540b43-91de-644f-1802-000000000700}</Data><Data Name=""ProcessId"">7120</Data><Data Name=""Image"">C:\Program Files\WindowsApps\Microsoft.SkypeApp_14.53.77.0_x64__kzf8qxf38zg5c\SkypeApp.exe</Data><Data Name=""TargetFilename"">C:\Users\azureuser\AppData\Local\Packages\Microsoft.SkypeApp_kzf8qxf38zg5c\LocalState\dtlskey.der</Data><Data Name=""CreationUtcTime"">2023-05-01 10:33:51.077</Data><Data Name=""User"">win10-2\azureuser</Data></EventData></DataItem>",11,"File created: RuleName: Attack=None,Technique=None,Tactic=None,DS=File: File Creation,Level=0,Desc=Certificate UtcTime: 2023-05-01 10:33:51.077 ProcessGuid: {D5540B43-91DE-644F-1802-000000000700} ProcessId: 7120 Image: C:\Program Files\WindowsApps\Microsoft.SkypeApp_14.53.77.0_x64__kzf8qxf38zg5c\SkypeApp.exe TargetFilename: C:\Users\azureuser\AppData\Local\Packages\Microsoft.SkypeApp_kzf8qxf38zg5c\LocalState\dtlskey.der CreationUtcTime: 2023-05-01 10:33:51.077 User: win10-2\azureuser ",,,11,NT AUTHORITY\SYSTEM,,00000000-0000-0000-0000-000000000001,AOI-39743c52-8e86-43b1-987e-cc5d848ecce7,Event,/subscriptions/9ecb8278-6c96-45d4-a456-c17f6976425f/resourcegroups/test_1/providers/microsoft.compute/virtualmachines/win10-2
39743c52-8e86-43b1-987e-cc5d848ecce7,OpsManager,2023-05-01T10:33:51.0956027Z,Microsoft-Windows-Sysmon,Microsoft-Windows-Sysmon/Operational,win10-2,4,Information,"<Param>Attack=None,Technique=None,Tactic=None,DS=File: File Creation,Level=0,Desc=Certificate</Param><Param>2023-05-01 10:33:51.077</Param><Param>{D5540B43-91DE-644F-1802-000000000700}</Param><Param>7120</Param><Param>C:\Program Files\WindowsApps\Microsoft.SkypeApp_14.53.77.0_x64__kzf8qxf38zg5c\SkypeApp.exe</Param><Param>C:\Users\azureuser\AppData\Local\Packages\Microsoft.SkypeApp_kzf8qxf38zg5c\LocalState\dtlscert.der</Param><Param>2023-05-01 10:33:51.077</Param><Param>win10-2\azureuser</Param>","<DataItem type=""System.XmlData"" time=""2023-05-01T10:33:51.0956027+00:00"" sourceHealthServiceId=""CF1209A0-2624-0566-5F2A-730DF513CC05""><EventData xmlns=""http://schemas.microsoft.com/win/2004/08/events/event""><Data Name=""RuleName"">Attack=None,Technique=None,Tactic=None,DS=File: File Creation,Level=0,Desc=Certificate</Data><Data Name=""UtcTime"">2023-05-01 10:33:51.077</Data><Data Name=""ProcessGuid"">{d5540b43-91de-644f-1802-000000000700}</Data><Data Name=""ProcessId"">7120</Data><Data Name=""Image"">C:\Program Files\WindowsApps\Microsoft.SkypeApp_14.53.77.0_x64__kzf8qxf38zg5c\SkypeApp.exe</Data><Data Name=""TargetFilename"">C:\Users\azureuser\AppData\Local\Packages\Microsoft.SkypeApp_kzf8qxf38zg5c\LocalState\dtlscert.der</Data><Data Name=""CreationUtcTime"">2023-05-01 10:33:51.077</Data><Data Name=""User"">win10-2\azureuser</Data></EventData></DataItem>",11,"File created: RuleName: Attack=None,Technique=None,Tactic=None,DS=File: File Creation,Level=0,Desc=Certificate UtcTime: 2023-05-01 10:33:51.077 ProcessGuid: {D5540B43-91DE-644F-1802-000000000700} ProcessId: 7120 Image: C:\Program Files\WindowsApps\Microsoft.SkypeApp_14.53.77.0_x64__kzf8qxf38zg5c\SkypeApp.exe TargetFilename: C:\Users\azureuser\AppData\Local\Packages\Microsoft.SkypeApp_kzf8qxf38zg5c\LocalState\dtlscert.der CreationUtcTime: 2023-05-01 10:33:51.077 User: win10-2\azureuser ",,,11,NT AUTHORITY\SYSTEM,,00000000-0000-0000-0000-000000000001,AOI-39743c52-8e86-43b1-987e-cc5d848ecce7,Event,/subscriptions/9ecb8278-6c96-45d4-a456-c17f6976425f/resourcegroups/test_1/providers/microsoft.compute/virtualmachines/win10-2
39743c52-8e86-43b1-987e-cc5d848ecce7,OpsManager,2023-05-01T10:33:51.1440807Z,Microsoft-Windows-Sysmon,Microsoft-Windows-Sysmon/Operational,win10-2,4,Information,"<Param>Attack=T1204,Technique=User Execution,Tactic=Execution,DS=File: File Creation,Forensic=Windows Prefetch Exec History</Param><Param>2023-05-01 10:33:51.140</Param><Param>{D5540B43-8DBA-644F-2C00-000000000700}</Param><Param>1984</Param><Param>C:\Windows\system32\svchost.exe</Param><Param>C:\Windows\Prefetch\RUNTIMEBROKER.EXE-69D723B6.pf</Param><Param>2023-05-01 10:18:24.455</Param><Param>NT AUTHORITY\SYSTEM</Param>","<DataItem type=""System.XmlData"" time=""2023-05-01T10:33:51.1440807+00:00"" sourceHealthServiceId=""CF1209A0-2624-0566-5F2A-730DF513CC05""><EventData xmlns=""http://schemas.microsoft.com/win/2004/08/events/event""><Data Name=""RuleName"">Attack=T1204,Technique=User Execution,Tactic=Execution,DS=File: File Creation,Forensic=Windows Prefetch Exec History</Data><Data Name=""UtcTime"">2023-05-01 10:33:51.140</Data><Data Name=""ProcessGuid"">{d5540b43-8dba-644f-2c00-000000000700}</Data><Data Name=""ProcessId"">1984</Data><Data Name=""Image"">C:\Windows\system32\svchost.exe</Data><Data Name=""TargetFilename"">C:\Windows\Prefetch\RUNTIMEBROKER.EXE-69D723B6.pf</Data><Data Name=""CreationUtcTime"">2023-05-01 10:18:24.455</Data><Data Name=""User"">NT AUTHORITY\SYSTEM</Data></EventData></DataItem>",11,"File created: RuleName: Attack=T1204,Technique=User Execution,Tactic=Execution,DS=File: File Creation,Forensic=Windows Prefetch Exec History UtcTime: 2023-05-01 10:33:51.140 ProcessGuid: {D5540B43-8DBA-644F-2C00-000000000700} ProcessId: 1984 Image: C:\Windows\system32\svchost.exe TargetFilename: C:\Windows\Prefetch\RUNTIMEBROKER.EXE-69D723B6.pf CreationUtcTime: 2023-05-01 10:18:24.455 User: NT AUTHORITY\SYSTEM ",,,11,NT AUTHORITY\SYSTEM,,00000000-0000-0000-0000-000000000001,AOI-39743c52-8e86-43b1-987e-cc5d848ecce7,Event,/subscriptions/9ecb8278-6c96-45d4-a456-c17f6976425f/resourcegroups/test_1/providers/microsoft.compute/virtualmachines/win10-2
39743c52-8e86-43b1-987e-cc5d848ecce7,OpsManager,2023-05-01T10:33:51.5154744Z,Microsoft-Windows-Sysmon,Microsoft-Windows-Sysmon/Operational,win10-2,4,Information,"<Param>Attack=None,Technique=None,Tactic=None,DS=Network Traffic: Network Connection Creation,Level=0,Desc=Non-Browsers Accessing HTTPS</Param><Param>2023-05-01 10:33:49.544</Param><Param>{D5540B43-91DE-644F-1802-000000000700}</Param><Param>7120</Param><Param>C:\Program Files\WindowsApps\Microsoft.SkypeApp_14.53.77.0_x64__kzf8qxf38zg5c\SkypeApp.exe</Param><Param>win10-2\azureuser</Param><Param>tcp</Param><Param>TRUE</Param><Param>FALSE</Param><Param>10.0.0.12</Param><Param>win10-2.n2lktqibtimupkzgx0j3ic54pc.hx.internal.cloudapp.net</Param><Param>50276</Param><Param>-</Param><Param>FALSE</Param><Param>13.107.42.16</Param><Param>-</Param><Param>443</Param><Param>https</Param>","<DataItem type=""System.XmlData"" time=""2023-05-01T10:33:51.5154744+00:00"" sourceHealthServiceId=""CF1209A0-2624-0566-5F2A-730DF513CC05""><EventData xmlns=""http://schemas.microsoft.com/win/2004/08/events/event""><Data Name=""RuleName"">Attack=None,Technique=None,Tactic=None,DS=Network Traffic: Network Connection Creation,Level=0,Desc=Non-Browsers Accessing HTTPS</Data><Data Name=""UtcTime"">2023-05-01 10:33:49.544</Data><Data Name=""ProcessGuid"">{d5540b43-91de-644f-1802-000000000700}</Data><Data Name=""ProcessId"">7120</Data><Data Name=""Image"">C:\Program Files\WindowsApps\Microsoft.SkypeApp_14.53.77.0_x64__kzf8qxf38zg5c\SkypeApp.exe</Data><Data Name=""User"">win10-2\azureuser</Data><Data Name=""Protocol"">tcp</Data><Data Name=""Initiated"">true</Data><Data Name=""SourceIsIpv6"">false</Data><Data Name=""SourceIp"">10.0.0.12</Data><Data Name=""SourceHostname"">win10-2.n2lktqibtimupkzgx0j3ic54pc.hx.internal.cloudapp.net</Data><Data Name=""SourcePort"">50276</Data><Data Name=""SourcePortName"">-</Data><Data Name=""DestinationIsIpv6"">false</Data><Data Name=""DestinationIp"">13.107.42.16</Data><Data Name=""DestinationHostname"">-</Data><Data Name=""DestinationPort"">443</Data><Data Name=""DestinationPortName"">https</Data></EventData></DataItem>",3,"Network connection detected: RuleName: Attack=None,Technique=None,Tactic=None,DS=Network Traffic: Network Connection Creation,Level=0,Desc=Non-Browsers Accessing HTTPS UtcTime: 2023-05-01 10:33:49.544 ProcessGuid: {D5540B43-91DE-644F-1802-000000000700} ProcessId: 7120 Image: C:\Program Files\WindowsApps\Microsoft.SkypeApp_14.53.77.0_x64__kzf8qxf38zg5c\SkypeApp.exe User: win10-2\azureuser Protocol: tcp Initiated: TRUE SourceIsIpv6: FALSE SourceIp: 10.0.0.12 SourceHostname: win10-2.n2lktqibtimupkzgx0j3ic54pc.hx.internal.cloudapp.net SourcePort: 50276 SourcePortName: - DestinationIsIpv6: FALSE DestinationIp: 13.107.42.16 DestinationHostname: - DestinationPort: 443 DestinationPortName: https ",,,3,NT AUTHORITY\SYSTEM,,00000000-0000-0000-0000-000000000001,AOI-39743c52-8e86-43b1-987e-cc5d848ecce7,Event,/subscriptions/9ecb8278-6c96-45d4-a456-c17f6976425f/resourcegroups/test_1/providers/microsoft.compute/virtualmachines/win10-2
39743c52-8e86-43b1-987e-cc5d848ecce7,OpsManager,2023-05-01T10:33:51.8622233Z,Microsoft-Windows-Sysmon,Microsoft-Windows-Sysmon/Operational,win10-2,4,Information,"<Param>Attack=T1204,Technique=User Execution,Tactic=Execution,DS=File: File Creation,Forensic=Windows Prefetch Exec History</Param><Param>2023-05-01 10:33:51.858</Param><Param>{D5540B43-8DBA-644F-2C00-000000000700}</Param><Param>1984</Param><Param>C:\Windows\system32\svchost.exe</Param><Param>C:\Windows\Prefetch\SVCHOST.EXE-07A25F9E.pf</Param><Param>2023-05-01 10:33:51.858</Param><Param>NT AUTHORITY\SYSTEM</Param>","<DataItem type=""System.XmlData"" time=""2023-05-01T10:33:51.8622233+00:00"" sourceHealthServiceId=""CF1209A0-2624-0566-5F2A-730DF513CC05""><EventData xmlns=""http://schemas.microsoft.com/win/2004/08/events/event""><Data Name=""RuleName"">Attack=T1204,Technique=User Execution,Tactic=Execution,DS=File: File Creation,Forensic=Windows Prefetch Exec History</Data><Data Name=""UtcTime"">2023-05-01 10:33:51.858</Data><Data Name=""ProcessGuid"">{d5540b43-8dba-644f-2c00-000000000700}</Data><Data Name=""ProcessId"">1984</Data><Data Name=""Image"">C:\Windows\system32\svchost.exe</Data><Data Name=""TargetFilename"">C:\Windows\Prefetch\SVCHOST.EXE-07A25F9E.pf</Data><Data Name=""CreationUtcTime"">2023-05-01 10:33:51.858</Data><Data Name=""User"">NT AUTHORITY\SYSTEM</Data></EventData></DataItem>",11,"File created: RuleName: Attack=T1204,Technique=User Execution,Tactic=Execution,DS=File: File Creation,Forensic=Windows Prefetch Exec History UtcTime: 2023-05-01 10:33:51.858 ProcessGuid: {D5540B43-8DBA-644F-2C00-000000000700} ProcessId: 1984 Image: C:\Windows\system32\svchost.exe TargetFilename: C:\Windows\Prefetch\SVCHOST.EXE-07A25F9E.pf CreationUtcTime: 2023-05-01 10:33:51.858 User: NT AUTHORITY\SYSTEM ",,,11,NT AUTHORITY\SYSTEM,,00000000-0000-0000-0000-000000000001,AOI-39743c52-8e86-43b1-987e-cc5d848ecce7,Event,/subscriptions/9ecb8278-6c96-45d4-a456-c17f6976425f/resourcegroups/test_1/providers/microsoft.compute/virtualmachines/win10-2
39743c52-8e86-43b1-987e-cc5d848ecce7,OpsManager,2023-05-01T10:33:52.1120779Z,Microsoft-Windows-Sysmon,Microsoft-Windows-Sysmon/Operational,win10-2,4,Information,"<Param>Attack=T1204,Technique=User Execution,Tactic=Execution,DS=File: File Creation,Forensic=Windows Prefetch Exec History</Param><Param>2023-05-01 10:33:52.108</Param><Param>{D5540B43-8DBA-644F-2C00-000000000700}</Param><Param>1984</Param><Param>C:\Windows\system32\svchost.exe</Param><Param>C:\Windows\Prefetch\SVCHOST.EXE-B7096CEF.pf</Param><Param>2023-05-01 10:01:39.595</Param><Param>NT AUTHORITY\SYSTEM</Param>","<DataItem type=""System.XmlData"" time=""2023-05-01T10:33:52.1120779+00:00"" sourceHealthServiceId=""CF1209A0-2624-0566-5F2A-730DF513CC05""><EventData xmlns=""http://schemas.microsoft.com/win/2004/08/events/event""><Data Name=""RuleName"">Attack=T1204,Technique=User Execution,Tactic=Execution,DS=File: File Creation,Forensic=Windows Prefetch Exec History</Data><Data Name=""UtcTime"">2023-05-01 10:33:52.108</Data><Data Name=""ProcessGuid"">{d5540b43-8dba-644f-2c00-000000000700}</Data><Data Name=""ProcessId"">1984</Data><Data Name=""Image"">C:\Windows\system32\svchost.exe</Data><Data Name=""TargetFilename"">C:\Windows\Prefetch\SVCHOST.EXE-B7096CEF.pf</Data><Data Name=""CreationUtcTime"">2023-05-01 10:01:39.595</Data><Data Name=""User"">NT AUTHORITY\SYSTEM</Data></EventData></DataItem>",11,"File created: RuleName: Attack=T1204,Technique=User Execution,Tactic=Execution,DS=File: File Creation,Forensic=Windows Prefetch Exec History UtcTime: 2023-05-01 10:33:52.108 ProcessGuid: {D5540B43-8DBA-644F-2C00-000000000700} ProcessId: 1984 Image: C:\Windows\system32\svchost.exe TargetFilename: C:\Windows\Prefetch\SVCHOST.EXE-B7096CEF.pf CreationUtcTime: 2023-05-01 10:01:39.595 User: NT AUTHORITY\SYSTEM ",,,11,NT AUTHORITY\SYSTEM,,00000000-0000-0000-0000-000000000001,AOI-39743c52-8e86-43b1-987e-cc5d848ecce7,Event,/subscriptions/9ecb8278-6c96-45d4-a456-c17f6976425f/resourcegroups/test_1/providers/microsoft.compute/virtualmachines/win10-2
39743c52-8e86-43b1-987e-cc5d848ecce7,OpsManager,2023-05-01T10:33:52.3437532Z,Microsoft-Windows-Sysmon,Microsoft-Windows-Sysmon/Operational,win10-2,4,Information,"<Param>Attack=T1003,Technique=OS Credential Dumping,Tactic=Credential Access,DS=Module: Module Load,Level=0,Desc=Wireless Credential Dumping</Param><Param>2023-05-01 10:33:52.327</Param><Param>{D5540B43-91DE-644F-1802-000000000700}</Param><Param>7120</Param><Param>C:\Program Files\WindowsApps\Microsoft.SkypeApp_14.53.77.0_x64__kzf8qxf38zg5c\SkypeApp.exe</Param><Param>C:\Windows\System32\wlanapi.dll</Param><Param>10.0.19041.2546 (WinBuild.160101.0800)</Param><Param>Windows WLAN AutoConfig Client Side API DLL</Param><Param>Microsoft® Windows® Operating System</Param><Param>Microsoft Corporation</Param><Param>wlanapi.dll</Param><Param>SHA1=600D9731E72CFE60E9BE98169581AFA4198B9B9B,MD5=A9BC594EF33FA2D93B765CECF774DB4F,SHA256=BC4C40755B5125B930B89450BBD04BF4E24CBEA2460DC50F3DC5BEE0AC27B7B2,IMPHASH=C48E3EA6417FB6DB191610D01FDD8B48</Param><Param>true</Param><Param>Microsoft Windows</Param><Param>Valid</Param><Param>win10-2\azureuser</Param>","<DataItem type=""System.XmlData"" time=""2023-05-01T10:33:52.3437532+00:00"" sourceHealthServiceId=""CF1209A0-2624-0566-5F2A-730DF513CC05""><EventData xmlns=""http://schemas.microsoft.com/win/2004/08/events/event""><Data Name=""RuleName"">Attack=T1003,Technique=OS Credential Dumping,Tactic=Credential Access,DS=Module: Module Load,Level=0,Desc=Wireless Credential Dumping</Data><Data Name=""UtcTime"">2023-05-01 10:33:52.327</Data><Data Name=""ProcessGuid"">{d5540b43-91de-644f-1802-000000000700}</Data><Data Name=""ProcessId"">7120</Data><Data Name=""Image"">C:\Program Files\WindowsApps\Microsoft.SkypeApp_14.53.77.0_x64__kzf8qxf38zg5c\SkypeApp.exe</Data><Data Name=""ImageLoaded"">C:\Windows\System32\wlanapi.dll</Data><Data Name=""FileVersion"">10.0.19041.2546 (WinBuild.160101.0800)</Data><Data Name=""Description"">Windows WLAN AutoConfig Client Side API DLL</Data><Data Name=""Product"">Microsoft® Windows® Operating System</Data><Data Name=""Company"">Microsoft Corporation</Data><Data Name=""OriginalFileName"">wlanapi.dll</Data><Data Name=""Hashes"">SHA1=600D9731E72CFE60E9BE98169581AFA4198B9B9B,MD5=A9BC594EF33FA2D93B765CECF774DB4F,SHA256=BC4C40755B5125B930B89450BBD04BF4E24CBEA2460DC50F3DC5BEE0AC27B7B2,IMPHASH=C48E3EA6417FB6DB191610D01FDD8B48</Data><Data Name=""Signed"">true</Data><Data Name=""Signature"">Microsoft Windows</Data><Data Name=""SignatureStatus"">Valid</Data><Data Name=""User"">win10-2\azureuser</Data></EventData></DataItem>",7,"Image loaded: RuleName: Attack=T1003,Technique=OS Credential Dumping,Tactic=Credential Access,DS=Module: Module Load,Level=0,Desc=Wireless Credential Dumping UtcTime: 2023-05-01 10:33:52.327 ProcessGuid: {D5540B43-91DE-644F-1802-000000000700} ProcessId: 7120 Image: C:\Program Files\WindowsApps\Microsoft.SkypeApp_14.53.77.0_x64__kzf8qxf38zg5c\SkypeApp.exe ImageLoaded: C:\Windows\System32\wlanapi.dll FileVersion: 10.0.19041.2546 (WinBuild.160101.0800) Description: Windows WLAN AutoConfig Client Side API DLL Product: Microsoft® Windows® Operating System Company: Microsoft Corporation OriginalFileName: wlanapi.dll Hashes: SHA1=600D9731E72CFE60E9BE98169581AFA4198B9B9B,MD5=A9BC594EF33FA2D93B765CECF774DB4F,SHA256=BC4C40755B5125B930B89450BBD04BF4E24CBEA2460DC50F3DC5BEE0AC27B7B2,IMPHASH=C48E3EA6417FB6DB191610D01FDD8B48 Signed: true Signature: Microsoft Windows SignatureStatus: Valid User: win10-2\azureuser ",,,7,NT AUTHORITY\SYSTEM,,00000000-0000-0000-0000-000000000001,AOI-39743c52-8e86-43b1-987e-cc5d848ecce7,Event,/subscriptions/9ecb8278-6c96-45d4-a456-c17f6976425f/resourcegroups/test_1/providers/microsoft.compute/virtualmachines/win10-2
39743c52-8e86-43b1-987e-cc5d848ecce7,OpsManager,2023-05-01T10:33:52.3758742Z,Microsoft-Windows-Sysmon,Microsoft-Windows-Sysmon/Operational,win10-2,4,Information,"<Param>Attack=None,Technique=None,Tactic=None,DS=Process: Process Creation,Level=0,Desc=SVCHost Processes</Param><Param>2023-05-01 10:33:52.361</Param><Param>{D5540B43-9590-644F-9C02-000000000700}</Param><Param>4696</Param><Param>C:\Windows\System32\svchost.exe</Param><Param>10.0.19041.1806 (WinBuild.160101.0800)</Param><Param>Host Process for Windows Services</Param><Param>Microsoft® Windows® Operating System</Param><Param>Microsoft Corporation</Param><Param>svchost.exe</Param><Param>C:\Windows\system32\svchost.exe -k appmodel -p -s camsvc</Param><Param>C:\Windows\system32\</Param><Param>NT AUTHORITY\SYSTEM</Param><Param>{D5540B43-8DB6-644F-E703-000000000000}</Param><Param>0x3e7</Param><Param>0</Param><Param>System</Param><Param>SHA1=1BC5066DDF693FC034D6514618854E26A84FD0D1,MD5=B7F884C1B74A263F746EE12A5F7C9F6A,SHA256=ADD683A6910ABBBF0E28B557FAD0BA998166394932AE2ACA069D9AA19EA8FE88,IMPHASH=247B9220E5D9B720A82B2C8B5069AD69</Param><Param>{D5540B43-8DB6-644F-0B00-000000000700}</Param><Param>720</Param><Param>C:\Windows\System32\services.exe</Param><Param>C:\Windows\system32\services.exe</Param><Param>NT AUTHORITY\SYSTEM</Param>","<DataItem type=""System.XmlData"" time=""2023-05-01T10:33:52.3758742+00:00"" sourceHealthServiceId=""CF1209A0-2624-0566-5F2A-730DF513CC05""><EventData xmlns=""http://schemas.microsoft.com/win/2004/08/events/event""><Data Name=""RuleName"">Attack=None,Technique=None,Tactic=None,DS=Process: Process Creation,Level=0,Desc=SVCHost Processes</Data><Data Name=""UtcTime"">2023-05-01 10:33:52.361</Data><Data Name=""ProcessGuid"">{d5540b43-9590-644f-9c02-000000000700}</Data><Data Name=""ProcessId"">4696</Data><Data Name=""Image"">C:\Windows\System32\svchost.exe</Data><Data Name=""FileVersion"">10.0.19041.1806 (WinBuild.160101.0800)</Data><Data Name=""Description"">Host Process for Windows Services</Data><Data Name=""Product"">Microsoft® Windows® Operating System</Data><Data Name=""Company"">Microsoft Corporation</Data><Data Name=""OriginalFileName"">svchost.exe</Data><Data Name=""CommandLine"">C:\Windows\system32\svchost.exe -k appmodel -p -s camsvc</Data><Data Name=""CurrentDirectory"">C:\Windows\system32\</Data><Data Name=""User"">NT AUTHORITY\SYSTEM</Data><Data Name=""LogonGuid"">{d5540b43-8db6-644f-e703-000000000000}</Data><Data Name=""LogonId"">0x3e7</Data><Data Name=""TerminalSessionId"">0</Data><Data Name=""IntegrityLevel"">System</Data><Data Name=""Hashes"">SHA1=1BC5066DDF693FC034D6514618854E26A84FD0D1,MD5=B7F884C1B74A263F746EE12A5F7C9F6A,SHA256=ADD683A6910ABBBF0E28B557FAD0BA998166394932AE2ACA069D9AA19EA8FE88,IMPHASH=247B9220E5D9B720A82B2C8B5069AD69</Data><Data Name=""ParentProcessGuid"">{d5540b43-8db6-644f-0b00-000000000700}</Data><Data Name=""ParentProcessId"">720</Data><Data Name=""ParentImage"">C:\Windows\System32\services.exe</Data><Data Name=""ParentCommandLine"">C:\Windows\system32\services.exe</Data><Data Name=""ParentUser"">NT AUTHORITY\SYSTEM</Data></EventData></DataItem>",1,"Process Create: RuleName: Attack=None,Technique=None,Tactic=None,DS=Process: Process Creation,Level=0,Desc=SVCHost Processes UtcTime: 2023-05-01 10:33:52.361 ProcessGuid: {D5540B43-9590-644F-9C02-000000000700} ProcessId: 4696 Image: C:\Windows\System32\svchost.exe FileVersion: 10.0.19041.1806 (WinBuild.160101.0800) Description: Host Process for Windows Services Product: Microsoft® Windows® Operating System Company: Microsoft Corporation OriginalFileName: svchost.exe CommandLine: C:\Windows\system32\svchost.exe -k appmodel -p -s camsvc CurrentDirectory: C:\Windows\system32\ User: NT AUTHORITY\SYSTEM LogonGuid: {D5540B43-8DB6-644F-E703-000000000000} LogonId: 0x3e7 TerminalSessionId: 0 IntegrityLevel: System Hashes: SHA1=1BC5066DDF693FC034D6514618854E26A84FD0D1,MD5=B7F884C1B74A263F746EE12A5F7C9F6A,SHA256=ADD683A6910ABBBF0E28B557FAD0BA998166394932AE2ACA069D9AA19EA8FE88,IMPHASH=247B9220E5D9B720A82B2C8B5069AD69 ParentProcessGuid: {D5540B43-8DB6-644F-0B00-000000000700} ParentProcessId: 720 ParentImage: C:\Windows\System32\services.exe ParentCommandLine: C:\Windows\system32\services.exe ParentUser: NT AUTHORITY\SYSTEM ",,,1,NT AUTHORITY\SYSTEM,,00000000-0000-0000-0000-000000000001,AOI-39743c52-8e86-43b1-987e-cc5d848ecce7,Event,/subscriptions/9ecb8278-6c96-45d4-a456-c17f6976425f/resourcegroups/test_1/providers/microsoft.compute/virtualmachines/win10-2
39743c52-8e86-43b1-987e-cc5d848ecce7,OpsManager,2023-05-01T10:33:52.415287Z,Microsoft-Windows-Sysmon,Microsoft-Windows-Sysmon/Operational,win10-2,4,Information,<Param>RG=FileCreate Include Group</Param><Param>2023-05-01 10:33:52.343</Param><Param>{D5540B43-91DE-644F-1802-000000000700}</Param><Param>7120</Param><Param>C:\Program Files\WindowsApps\Microsoft.SkypeApp_14.53.77.0_x64__kzf8qxf38zg5c\SkypeApp.exe</Param><Param>C:\Users\azureuser\AppData\Local\Packages\Microsoft.SkypeApp_kzf8qxf38zg5c\AC\INetCache\V6MZWQCB\1446_8.53.0[1].json</Param><Param>2023-05-01 10:33:52.343</Param><Param>win10-2\azureuser</Param>,"<DataItem type=""System.XmlData"" time=""2023-05-01T10:33:52.4152870+00:00"" sourceHealthServiceId=""CF1209A0-2624-0566-5F2A-730DF513CC05""><EventData xmlns=""http://schemas.microsoft.com/win/2004/08/events/event""><Data Name=""RuleName"">RG=FileCreate Include Group</Data><Data Name=""UtcTime"">2023-05-01 10:33:52.343</Data><Data Name=""ProcessGuid"">{d5540b43-91de-644f-1802-000000000700}</Data><Data Name=""ProcessId"">7120</Data><Data Name=""Image"">C:\Program Files\WindowsApps\Microsoft.SkypeApp_14.53.77.0_x64__kzf8qxf38zg5c\SkypeApp.exe</Data><Data Name=""TargetFilename"">C:\Users\azureuser\AppData\Local\Packages\Microsoft.SkypeApp_kzf8qxf38zg5c\AC\INetCache\V6MZWQCB\1446_8.53.0[1].json</Data><Data Name=""CreationUtcTime"">2023-05-01 10:33:52.343</Data><Data Name=""User"">win10-2\azureuser</Data></EventData></DataItem>",11,File created: RuleName: RG=FileCreate Include Group UtcTime: 2023-05-01 10:33:52.343 ProcessGuid: {D5540B43-91DE-644F-1802-000000000700} ProcessId: 7120 Image: C:\Program Files\WindowsApps\Microsoft.SkypeApp_14.53.77.0_x64__kzf8qxf38zg5c\SkypeApp.exe TargetFilename: C:\Users\azureuser\AppData\Local\Packages\Microsoft.SkypeApp_kzf8qxf38zg5c\AC\INetCache\V6MZWQCB\1446_8.53.0[1].json CreationUtcTime: 2023-05-01 10:33:52.343 User: win10-2\azureuser ,,,11,NT AUTHORITY\SYSTEM,,00000000-0000-0000-0000-000000000001,AOI-39743c52-8e86-43b1-987e-cc5d848ecce7,Event,/subscriptions/9ecb8278-6c96-45d4-a456-c17f6976425f/resourcegroups/test_1/providers/microsoft.compute/virtualmachines/win10-2
39743c52-8e86-43b1-987e-cc5d848ecce7,OpsManager,2023-05-01T10:33:52.5586694Z,Microsoft-Windows-Sysmon,Microsoft-Windows-Sysmon/Operational,win10-2,4,Information,"<Param>Attack=None,Technique=None,Tactic=None,DS=Network Traffic: Network Connection Creation,Level=0,Desc=Non-Browsers Accessing HTTP</Param><Param>2023-05-01 10:33:51.273</Param><Param>{D5540B43-91DE-644F-1802-000000000700}</Param><Param>7120</Param><Param>C:\Program Files\WindowsApps\Microsoft.SkypeApp_14.53.77.0_x64__kzf8qxf38zg5c\SkypeApp.exe</Param><Param>win10-2\azureuser</Param><Param>tcp</Param><Param>TRUE</Param><Param>FALSE</Param><Param>10.0.0.12</Param><Param>win10-2.n2lktqibtimupkzgx0j3ic54pc.hx.internal.cloudapp.net</Param><Param>50277</Param><Param>-</Param><Param>FALSE</Param><Param>152.195.38.76</Param><Param>-</Param><Param>80</Param><Param>http</Param>","<DataItem type=""System.XmlData"" time=""2023-05-01T10:33:52.5586694+00:00"" sourceHealthServiceId=""CF1209A0-2624-0566-5F2A-730DF513CC05""><EventData xmlns=""http://schemas.microsoft.com/win/2004/08/events/event""><Data Name=""RuleName"">Attack=None,Technique=None,Tactic=None,DS=Network Traffic: Network Connection Creation,Level=0,Desc=Non-Browsers Accessing HTTP</Data><Data Name=""UtcTime"">2023-05-01 10:33:51.273</Data><Data Name=""ProcessGuid"">{d5540b43-91de-644f-1802-000000000700}</Data><Data Name=""ProcessId"">7120</Data><Data Name=""Image"">C:\Program Files\WindowsApps\Microsoft.SkypeApp_14.53.77.0_x64__kzf8qxf38zg5c\SkypeApp.exe</Data><Data Name=""User"">win10-2\azureuser</Data><Data Name=""Protocol"">tcp</Data><Data Name=""Initiated"">true</Data><Data Name=""SourceIsIpv6"">false</Data><Data Name=""SourceIp"">10.0.0.12</Data><Data Name=""SourceHostname"">win10-2.n2lktqibtimupkzgx0j3ic54pc.hx.internal.cloudapp.net</Data><Data Name=""SourcePort"">50277</Data><Data Name=""SourcePortName"">-</Data><Data Name=""DestinationIsIpv6"">false</Data><Data Name=""DestinationIp"">152.195.38.76</Data><Data Name=""DestinationHostname"">-</Data><Data Name=""DestinationPort"">80</Data><Data Name=""DestinationPortName"">http</Data></EventData></DataItem>",3,"Network connection detected: RuleName: Attack=None,Technique=None,Tactic=None,DS=Network Traffic: Network Connection Creation,Level=0,Desc=Non-Browsers Accessing HTTP UtcTime: 2023-05-01 10:33:51.273 ProcessGuid: {D5540B43-91DE-644F-1802-000000000700} ProcessId: 7120 Image: C:\Program Files\WindowsApps\Microsoft.SkypeApp_14.53.77.0_x64__kzf8qxf38zg5c\SkypeApp.exe User: win10-2\azureuser Protocol: tcp Initiated: TRUE SourceIsIpv6: FALSE SourceIp: 10.0.0.12 SourceHostname: win10-2.n2lktqibtimupkzgx0j3ic54pc.hx.internal.cloudapp.net SourcePort: 50277 SourcePortName: - DestinationIsIpv6: FALSE DestinationIp: 152.195.38.76 DestinationHostname: - DestinationPort: 80 DestinationPortName: http ",,,3,NT AUTHORITY\SYSTEM,,00000000-0000-0000-0000-000000000001,AOI-39743c52-8e86-43b1-987e-cc5d848ecce7,Event,/subscriptions/9ecb8278-6c96-45d4-a456-c17f6976425f/resourcegroups/test_1/providers/microsoft.compute/virtualmachines/win10-2
39743c52-8e86-43b1-987e-cc5d848ecce7,OpsManager,2023-05-01T10:33:55.3378851Z,Microsoft-Windows-Sysmon,Microsoft-Windows-Sysmon/Operational,win10-2,4,Information,"<Param>Attack=None,Technique=None,Tactic=None,DS=None,Information=Uncategorized Events</Param><Param>2023-05-01 10:33:53.825</Param><Param>{D5540B43-91DE-644F-1802-000000000700}</Param><Param>7120</Param><Param>www.msftconnecttest.com</Param><Param>0</Param><Param>type:  5 ncsi-geo.trafficmanager.net;type:  5 v4ncsi.msedge.net;type:  5 ncsi.4-c-0003.c-msedge.net;type:  5 4-c-0003.c-msedge.net;::ffff:13.107.4.52;</Param><Param>C:\Program Files\WindowsApps\Microsoft.SkypeApp_14.53.77.0_x64__kzf8qxf38zg5c\SkypeApp.exe</Param><Param>win10-2\azureuser</Param>","<DataItem type=""System.XmlData"" time=""2023-05-01T10:33:55.3378851+00:00"" sourceHealthServiceId=""CF1209A0-2624-0566-5F2A-730DF513CC05""><EventData xmlns=""http://schemas.microsoft.com/win/2004/08/events/event""><Data Name=""RuleName"">Attack=None,Technique=None,Tactic=None,DS=None,Information=Uncategorized Events</Data><Data Name=""UtcTime"">2023-05-01 10:33:53.825</Data><Data Name=""ProcessGuid"">{d5540b43-91de-644f-1802-000000000700}</Data><Data Name=""ProcessId"">7120</Data><Data Name=""QueryName"">www.msftconnecttest.com</Data><Data Name=""QueryStatus"">0</Data><Data Name=""QueryResults"">type:  5 ncsi-geo.trafficmanager.net;type:  5 v4ncsi.msedge.net;type:  5 ncsi.4-c-0003.c-msedge.net;type:  5 4-c-0003.c-msedge.net;::ffff:13.107.4.52;</Data><Data Name=""Image"">C:\Program Files\WindowsApps\Microsoft.SkypeApp_14.53.77.0_x64__kzf8qxf38zg5c\SkypeApp.exe</Data><Data Name=""User"">win10-2\azureuser</Data></EventData></DataItem>",22,"Dns query: RuleName: Attack=None,Technique=None,Tactic=None,DS=None,Information=Uncategorized Events UtcTime: 2023-05-01 10:33:53.825 ProcessGuid: {D5540B43-91DE-644F-1802-000000000700} ProcessId: 7120 QueryName: www.msftconnecttest.com QueryStatus: 0 QueryResults: type:  5 ncsi-geo.trafficmanager.net;type:  5 v4ncsi.msedge.net;type:  5 ncsi.4-c-0003.c-msedge.net;type:  5 4-c-0003.c-msedge.net;::ffff:13.107.4.52; Image: C:\Program Files\WindowsApps\Microsoft.SkypeApp_14.53.77.0_x64__kzf8qxf38zg5c\SkypeApp.exe User: win10-2\azureuser ",,,22,NT AUTHORITY\SYSTEM,,00000000-0000-0000-0000-000000000001,AOI-39743c52-8e86-43b1-987e-cc5d848ecce7,Event,/subscriptions/9ecb8278-6c96-45d4-a456-c17f6976425f/resourcegroups/test_1/providers/microsoft.compute/virtualmachines/win10-2
39743c52-8e86-43b1-987e-cc5d848ecce7,OpsManager,2023-05-01T10:33:55.7061475Z,Microsoft-Windows-Sysmon,Microsoft-Windows-Sysmon/Operational,win10-2,4,Information,"<Param>Attack=None,Technique=None,Tactic=None,DS=Network Traffic: Network Connection Creation,Level=0,Desc=Non-Browsers Accessing HTTP</Param><Param>2023-05-01 10:33:53.878</Param><Param>{D5540B43-91DE-644F-1802-000000000700}</Param><Param>7120</Param><Param>C:\Program Files\WindowsApps\Microsoft.SkypeApp_14.53.77.0_x64__kzf8qxf38zg5c\SkypeApp.exe</Param><Param>win10-2\azureuser</Param><Param>tcp</Param><Param>TRUE</Param><Param>FALSE</Param><Param>10.0.0.12</Param><Param>win10-2.n2lktqibtimupkzgx0j3ic54pc.hx.internal.cloudapp.net</Param><Param>50278</Param><Param>-</Param><Param>FALSE</Param><Param>13.107.4.52</Param><Param>-</Param><Param>80</Param><Param>http</Param>","<DataItem type=""System.XmlData"" time=""2023-05-01T10:33:55.7061475+00:00"" sourceHealthServiceId=""CF1209A0-2624-0566-5F2A-730DF513CC05""><EventData xmlns=""http://schemas.microsoft.com/win/2004/08/events/event""><Data Name=""RuleName"">Attack=None,Technique=None,Tactic=None,DS=Network Traffic: Network Connection Creation,Level=0,Desc=Non-Browsers Accessing HTTP</Data><Data Name=""UtcTime"">2023-05-01 10:33:53.878</Data><Data Name=""ProcessGuid"">{d5540b43-91de-644f-1802-000000000700}</Data><Data Name=""ProcessId"">7120</Data><Data Name=""Image"">C:\Program Files\WindowsApps\Microsoft.SkypeApp_14.53.77.0_x64__kzf8qxf38zg5c\SkypeApp.exe</Data><Data Name=""User"">win10-2\azureuser</Data><Data Name=""Protocol"">tcp</Data><Data Name=""Initiated"">true</Data><Data Name=""SourceIsIpv6"">false</Data><Data Name=""SourceIp"">10.0.0.12</Data><Data Name=""SourceHostname"">win10-2.n2lktqibtimupkzgx0j3ic54pc.hx.internal.cloudapp.net</Data><Data Name=""SourcePort"">50278</Data><Data Name=""SourcePortName"">-</Data><Data Name=""DestinationIsIpv6"">false</Data><Data Name=""DestinationIp"">13.107.4.52</Data><Data Name=""DestinationHostname"">-</Data><Data Name=""DestinationPort"">80</Data><Data Name=""DestinationPortName"">http</Data></EventData></DataItem>",3,"Network connection detected: RuleName: Attack=None,Technique=None,Tactic=None,DS=Network Traffic: Network Connection Creation,Level=0,Desc=Non-Browsers Accessing HTTP UtcTime: 2023-05-01 10:33:53.878 ProcessGuid: {D5540B43-91DE-644F-1802-000000000700} ProcessId: 7120 Image: C:\Program Files\WindowsApps\Microsoft.SkypeApp_14.53.77.0_x64__kzf8qxf38zg5c\SkypeApp.exe User: win10-2\azureuser Protocol: tcp Initiated: TRUE SourceIsIpv6: FALSE SourceIp: 10.0.0.12 SourceHostname: win10-2.n2lktqibtimupkzgx0j3ic54pc.hx.internal.cloudapp.net SourcePort: 50278 SourcePortName: - DestinationIsIpv6: FALSE DestinationIp: 13.107.4.52 DestinationHostname: - DestinationPort: 80 DestinationPortName: http ",,,3,NT AUTHORITY\SYSTEM,,00000000-0000-0000-0000-000000000001,AOI-39743c52-8e86-43b1-987e-cc5d848ecce7,Event,/subscriptions/9ecb8278-6c96-45d4-a456-c17f6976425f/resourcegroups/test_1/providers/microsoft.compute/virtualmachines/win10-2
39743c52-8e86-43b1-987e-cc5d848ecce7,OpsManager,2023-05-01T10:33:56.4711536Z,Microsoft-Windows-Sysmon,Microsoft-Windows-Sysmon/Operational,win10-2,4,Information,"<Param>Attack=None,Technique=None,Tactic=None,DS=None,Information=Uncategorized Events</Param><Param>2023-05-01 10:33:55.459</Param><Param>{D5540B43-8EFE-644F-9D01-000000000700}</Param><Param>8900</Param><Param>52.4.107.13.in-addr.arpa.</Param><Param>9003</Param><Param>-</Param><Param>C:\Users\azureuser\Downloads\ProcessMonitor\Procmon64.exe</Param><Param>win10-2\azureuser</Param>","<DataItem type=""System.XmlData"" time=""2023-05-01T10:33:56.4711536+00:00"" sourceHealthServiceId=""CF1209A0-2624-0566-5F2A-730DF513CC05""><EventData xmlns=""http://schemas.microsoft.com/win/2004/08/events/event""><Data Name=""RuleName"">Attack=None,Technique=None,Tactic=None,DS=None,Information=Uncategorized Events</Data><Data Name=""UtcTime"">2023-05-01 10:33:55.459</Data><Data Name=""ProcessGuid"">{d5540b43-8efe-644f-9d01-000000000700}</Data><Data Name=""ProcessId"">8900</Data><Data Name=""QueryName"">52.4.107.13.in-addr.arpa.</Data><Data Name=""QueryStatus"">9003</Data><Data Name=""QueryResults"">-</Data><Data Name=""Image"">C:\Users\azureuser\Downloads\ProcessMonitor\Procmon64.exe</Data><Data Name=""User"">win10-2\azureuser</Data></EventData></DataItem>",22,"Dns query: RuleName: Attack=None,Technique=None,Tactic=None,DS=None,Information=Uncategorized Events UtcTime: 2023-05-01 10:33:55.459 ProcessGuid: {D5540B43-8EFE-644F-9D01-000000000700} ProcessId: 8900 QueryName: 52.4.107.13.in-addr.arpa. QueryStatus: 9003 QueryResults: - Image: C:\Users\azureuser\Downloads\ProcessMonitor\Procmon64.exe User: win10-2\azureuser ",,,22,NT AUTHORITY\SYSTEM,,00000000-0000-0000-0000-000000000001,AOI-39743c52-8e86-43b1-987e-cc5d848ecce7,Event,/subscriptions/9ecb8278-6c96-45d4-a456-c17f6976425f/resourcegroups/test_1/providers/microsoft.compute/virtualmachines/win10-2
39743c52-8e86-43b1-987e-cc5d848ecce7,OpsManager,2023-05-01T10:33:57.8381949Z,Microsoft-Windows-Sysmon,Microsoft-Windows-Sysmon/Operational,win10-2,4,Information,<Param>RG=FileCreate Include Group</Param><Param>2023-05-01 10:33:57.832</Param><Param>{D5540B43-8E51-644F-1B01-000000000700}</Param><Param>5248</Param><Param>C:\WindowsAzure\GuestAgent_2.7.41491.1083_2023-05-01_100201\WindowsAzureGuestAgent.exe</Param><Param>C:\WindowsAzure\Logs\AggregateStatus\aggregatestatus.json</Param><Param>2023-05-01 10:02:30.767</Param><Param>NT AUTHORITY\SYSTEM</Param>,"<DataItem type=""System.XmlData"" time=""2023-05-01T10:33:57.8381949+00:00"" sourceHealthServiceId=""CF1209A0-2624-0566-5F2A-730DF513CC05""><EventData xmlns=""http://schemas.microsoft.com/win/2004/08/events/event""><Data Name=""RuleName"">RG=FileCreate Include Group</Data><Data Name=""UtcTime"">2023-05-01 10:33:57.832</Data><Data Name=""ProcessGuid"">{d5540b43-8e51-644f-1b01-000000000700}</Data><Data Name=""ProcessId"">5248</Data><Data Name=""Image"">C:\WindowsAzure\GuestAgent_2.7.41491.1083_2023-05-01_100201\WindowsAzureGuestAgent.exe</Data><Data Name=""TargetFilename"">C:\WindowsAzure\Logs\AggregateStatus\aggregatestatus.json</Data><Data Name=""CreationUtcTime"">2023-05-01 10:02:30.767</Data><Data Name=""User"">NT AUTHORITY\SYSTEM</Data></EventData></DataItem>",11,File created: RuleName: RG=FileCreate Include Group UtcTime: 2023-05-01 10:33:57.832 ProcessGuid: {D5540B43-8E51-644F-1B01-000000000700} ProcessId: 5248 Image: C:\WindowsAzure\GuestAgent_2.7.41491.1083_2023-05-01_100201\WindowsAzureGuestAgent.exe TargetFilename: C:\WindowsAzure\Logs\AggregateStatus\aggregatestatus.json CreationUtcTime: 2023-05-01 10:02:30.767 User: NT AUTHORITY\SYSTEM ,,,11,NT AUTHORITY\SYSTEM,,00000000-0000-0000-0000-000000000001,AOI-39743c52-8e86-43b1-987e-cc5d848ecce7,Event,/subscriptions/9ecb8278-6c96-45d4-a456-c17f6976425f/resourcegroups/test_1/providers/microsoft.compute/virtualmachines/win10-2
39743c52-8e86-43b1-987e-cc5d848ecce7,OpsManager,2023-05-01T10:33:58.5644205Z,Microsoft-Windows-Sysmon,Microsoft-Windows-Sysmon/Operational,win10-2,4,Information,"<Param>Attack=None,Technique=None,Tactic=None,DS=Network Traffic: Network Connection Creation,Level=0,Desc=Non-Browsers Accessing HTTP</Param><Param>2023-05-01 10:33:56.936</Param><Param>{D5540B43-8E51-644F-1B01-000000000700}</Param><Param>5248</Param><Param>C:\WindowsAzure\GuestAgent_2.7.41491.1083_2023-05-01_100201\WindowsAzureGuestAgent.exe</Param><Param>NT AUTHORITY\SYSTEM</Param><Param>tcp</Param><Param>TRUE</Param><Param>FALSE</Param><Param>10.0.0.12</Param><Param>win10-2.n2lktqibtimupkzgx0j3ic54pc.hx.internal.cloudapp.net</Param><Param>50279</Param><Param>-</Param><Param>FALSE</Param><Param>168.63.129.16</Param><Param>-</Param><Param>80</Param><Param>http</Param>","<DataItem type=""System.XmlData"" time=""2023-05-01T10:33:58.5644205+00:00"" sourceHealthServiceId=""CF1209A0-2624-0566-5F2A-730DF513CC05""><EventData xmlns=""http://schemas.microsoft.com/win/2004/08/events/event""><Data Name=""RuleName"">Attack=None,Technique=None,Tactic=None,DS=Network Traffic: Network Connection Creation,Level=0,Desc=Non-Browsers Accessing HTTP</Data><Data Name=""UtcTime"">2023-05-01 10:33:56.936</Data><Data Name=""ProcessGuid"">{d5540b43-8e51-644f-1b01-000000000700}</Data><Data Name=""ProcessId"">5248</Data><Data Name=""Image"">C:\WindowsAzure\GuestAgent_2.7.41491.1083_2023-05-01_100201\WindowsAzureGuestAgent.exe</Data><Data Name=""User"">NT AUTHORITY\SYSTEM</Data><Data Name=""Protocol"">tcp</Data><Data Name=""Initiated"">true</Data><Data Name=""SourceIsIpv6"">false</Data><Data Name=""SourceIp"">10.0.0.12</Data><Data Name=""SourceHostname"">win10-2.n2lktqibtimupkzgx0j3ic54pc.hx.internal.cloudapp.net</Data><Data Name=""SourcePort"">50279</Data><Data Name=""SourcePortName"">-</Data><Data Name=""DestinationIsIpv6"">false</Data><Data Name=""DestinationIp"">168.63.129.16</Data><Data Name=""DestinationHostname"">-</Data><Data Name=""DestinationPort"">80</Data><Data Name=""DestinationPortName"">http</Data></EventData></DataItem>",3,"Network connection detected: RuleName: Attack=None,Technique=None,Tactic=None,DS=Network Traffic: Network Connection Creation,Level=0,Desc=Non-Browsers Accessing HTTP UtcTime: 2023-05-01 10:33:56.936 ProcessGuid: {D5540B43-8E51-644F-1B01-000000000700} ProcessId: 5248 Image: C:\WindowsAzure\GuestAgent_2.7.41491.1083_2023-05-01_100201\WindowsAzureGuestAgent.exe User: NT AUTHORITY\SYSTEM Protocol: tcp Initiated: TRUE SourceIsIpv6: FALSE SourceIp: 10.0.0.12 SourceHostname: win10-2.n2lktqibtimupkzgx0j3ic54pc.hx.internal.cloudapp.net SourcePort: 50279 SourcePortName: - DestinationIsIpv6: FALSE DestinationIp: 168.63.129.16 DestinationHostname: - DestinationPort: 80 DestinationPortName: http ",,,3,NT AUTHORITY\SYSTEM,,00000000-0000-0000-0000-000000000001,AOI-39743c52-8e86-43b1-987e-cc5d848ecce7,Event,/subscriptions/9ecb8278-6c96-45d4-a456-c17f6976425f/resourcegroups/test_1/providers/microsoft.compute/virtualmachines/win10-2
39743c52-8e86-43b1-987e-cc5d848ecce7,OpsManager,2023-05-01T10:34:02.5134822Z,Microsoft-Windows-Sysmon,Microsoft-Windows-Sysmon/Operational,win10-2,4,Information,"<Param>Attack=T1204,Technique=User Execution,Tactic=Execution,DS=File: File Creation,Forensic=Windows Prefetch Exec History</Param><Param>2023-05-01 10:34:02.510</Param><Param>{D5540B43-8DBA-644F-2C00-000000000700}</Param><Param>1984</Param><Param>C:\Windows\system32\svchost.exe</Param><Param>C:\Windows\Prefetch\SVCHOST.EXE-E3565EDF.pf</Param><Param>2023-05-01 10:01:48.454</Param><Param>NT AUTHORITY\SYSTEM</Param>","<DataItem type=""System.XmlData"" time=""2023-05-01T10:34:02.5134822+00:00"" sourceHealthServiceId=""CF1209A0-2624-0566-5F2A-730DF513CC05""><EventData xmlns=""http://schemas.microsoft.com/win/2004/08/events/event""><Data Name=""RuleName"">Attack=T1204,Technique=User Execution,Tactic=Execution,DS=File: File Creation,Forensic=Windows Prefetch Exec History</Data><Data Name=""UtcTime"">2023-05-01 10:34:02.510</Data><Data Name=""ProcessGuid"">{d5540b43-8dba-644f-2c00-000000000700}</Data><Data Name=""ProcessId"">1984</Data><Data Name=""Image"">C:\Windows\system32\svchost.exe</Data><Data Name=""TargetFilename"">C:\Windows\Prefetch\SVCHOST.EXE-E3565EDF.pf</Data><Data Name=""CreationUtcTime"">2023-05-01 10:01:48.454</Data><Data Name=""User"">NT AUTHORITY\SYSTEM</Data></EventData></DataItem>",11,"File created: RuleName: Attack=T1204,Technique=User Execution,Tactic=Execution,DS=File: File Creation,Forensic=Windows Prefetch Exec History UtcTime: 2023-05-01 10:34:02.510 ProcessGuid: {D5540B43-8DBA-644F-2C00-000000000700} ProcessId: 1984 Image: C:\Windows\system32\svchost.exe TargetFilename: C:\Windows\Prefetch\SVCHOST.EXE-E3565EDF.pf CreationUtcTime: 2023-05-01 10:01:48.454 User: NT AUTHORITY\SYSTEM ",,,11,NT AUTHORITY\SYSTEM,,00000000-0000-0000-0000-000000000001,AOI-39743c52-8e86-43b1-987e-cc5d848ecce7,Event,/subscriptions/9ecb8278-6c96-45d4-a456-c17f6976425f/resourcegroups/test_1/providers/microsoft.compute/virtualmachines/win10-2
39743c52-8e86-43b1-987e-cc5d848ecce7,OpsManager,2023-05-01T10:34:06.5690208Z,Microsoft-Windows-Sysmon,Microsoft-Windows-Sysmon/Operational,win10-2,4,Information,"<Param>Attack=None,Technique=None,Tactic=None,DS=Process: Process Termination,Level=0,Desc=Process Termination Events in Windows Directory</Param><Param>2023-05-01 10:34:06.562</Param><Param>{D5540B43-953B-644F-8802-000000000700}</Param><Param>1900</Param><Param>C:\Windows\System32\MoUsoCoreWorker.exe</Param><Param>NT AUTHORITY\SYSTEM</Param>","<DataItem type=""System.XmlData"" time=""2023-05-01T10:34:06.5690208+00:00"" sourceHealthServiceId=""CF1209A0-2624-0566-5F2A-730DF513CC05""><EventData xmlns=""http://schemas.microsoft.com/win/2004/08/events/event""><Data Name=""RuleName"">Attack=None,Technique=None,Tactic=None,DS=Process: Process Termination,Level=0,Desc=Process Termination Events in Windows Directory</Data><Data Name=""UtcTime"">2023-05-01 10:34:06.562</Data><Data Name=""ProcessGuid"">{d5540b43-953b-644f-8802-000000000700}</Data><Data Name=""ProcessId"">1900</Data><Data Name=""Image"">C:\Windows\System32\MoUsoCoreWorker.exe</Data><Data Name=""User"">NT AUTHORITY\SYSTEM</Data></EventData></DataItem>",5,"Process terminated: RuleName: Attack=None,Technique=None,Tactic=None,DS=Process: Process Termination,Level=0,Desc=Process Termination Events in Windows Directory UtcTime: 2023-05-01 10:34:06.562 ProcessGuid: {D5540B43-953B-644F-8802-000000000700} ProcessId: 1900 Image: C:\Windows\System32\MoUsoCoreWorker.exe User: NT AUTHORITY\SYSTEM ",,,5,NT AUTHORITY\SYSTEM,,00000000-0000-0000-0000-000000000001,AOI-39743c52-8e86-43b1-987e-cc5d848ecce7,Event,/subscriptions/9ecb8278-6c96-45d4-a456-c17f6976425f/resourcegroups/test_1/providers/microsoft.compute/virtualmachines/win10-2
39743c52-8e86-43b1-987e-cc5d848ecce7,OpsManager,2023-05-01T10:34:08.1762049Z,Microsoft-Windows-Sysmon,Microsoft-Windows-Sysmon/Operational,win10-2,4,Information,"<Param>Attack=None,Technique=None,Tactic=None,DS=Network Traffic: Network Connection Creation,Level=0,Desc=Non-Browsers Accessing HTTPS</Param><Param>2023-05-01 10:34:06.173</Param><Param>{D5540B43-91DE-644F-1802-000000000700}</Param><Param>7120</Param><Param>C:\Program Files\WindowsApps\Microsoft.SkypeApp_14.53.77.0_x64__kzf8qxf38zg5c\SkypeApp.exe</Param><Param>win10-2\azureuser</Param><Param>tcp</Param><Param>TRUE</Param><Param>FALSE</Param><Param>10.0.0.12</Param><Param>win10-2.n2lktqibtimupkzgx0j3ic54pc.hx.internal.cloudapp.net</Param><Param>50280</Param><Param>-</Param><Param>FALSE</Param><Param>40.74.98.193</Param><Param>-</Param><Param>443</Param><Param>https</Param>","<DataItem type=""System.XmlData"" time=""2023-05-01T10:34:08.1762049+00:00"" sourceHealthServiceId=""CF1209A0-2624-0566-5F2A-730DF513CC05""><EventData xmlns=""http://schemas.microsoft.com/win/2004/08/events/event""><Data Name=""RuleName"">Attack=None,Technique=None,Tactic=None,DS=Network Traffic: Network Connection Creation,Level=0,Desc=Non-Browsers Accessing HTTPS</Data><Data Name=""UtcTime"">2023-05-01 10:34:06.173</Data><Data Name=""ProcessGuid"">{d5540b43-91de-644f-1802-000000000700}</Data><Data Name=""ProcessId"">7120</Data><Data Name=""Image"">C:\Program Files\WindowsApps\Microsoft.SkypeApp_14.53.77.0_x64__kzf8qxf38zg5c\SkypeApp.exe</Data><Data Name=""User"">win10-2\azureuser</Data><Data Name=""Protocol"">tcp</Data><Data Name=""Initiated"">true</Data><Data Name=""SourceIsIpv6"">false</Data><Data Name=""SourceIp"">10.0.0.12</Data><Data Name=""SourceHostname"">win10-2.n2lktqibtimupkzgx0j3ic54pc.hx.internal.cloudapp.net</Data><Data Name=""SourcePort"">50280</Data><Data Name=""SourcePortName"">-</Data><Data Name=""DestinationIsIpv6"">false</Data><Data Name=""DestinationIp"">40.74.98.193</Data><Data Name=""DestinationHostname"">-</Data><Data Name=""DestinationPort"">443</Data><Data Name=""DestinationPortName"">https</Data></EventData></DataItem>",3,"Network connection detected: RuleName: Attack=None,Technique=None,Tactic=None,DS=Network Traffic: Network Connection Creation,Level=0,Desc=Non-Browsers Accessing HTTPS UtcTime: 2023-05-01 10:34:06.173 ProcessGuid: {D5540B43-91DE-644F-1802-000000000700} ProcessId: 7120 Image: C:\Program Files\WindowsApps\Microsoft.SkypeApp_14.53.77.0_x64__kzf8qxf38zg5c\SkypeApp.exe User: win10-2\azureuser Protocol: tcp Initiated: TRUE SourceIsIpv6: FALSE SourceIp: 10.0.0.12 SourceHostname: win10-2.n2lktqibtimupkzgx0j3ic54pc.hx.internal.cloudapp.net SourcePort: 50280 SourcePortName: - DestinationIsIpv6: FALSE DestinationIp: 40.74.98.193 DestinationHostname: - DestinationPort: 443 DestinationPortName: https ",,,3,NT AUTHORITY\SYSTEM,,00000000-0000-0000-0000-000000000001,AOI-39743c52-8e86-43b1-987e-cc5d848ecce7,Event,/subscriptions/9ecb8278-6c96-45d4-a456-c17f6976425f/resourcegroups/test_1/providers/microsoft.compute/virtualmachines/win10-2
