39743c52-8e86-43b1-987e-cc5d848ecce7,OpsManager,2023-05-01T10:31:25.0157922Z,Microsoft-Windows-Sysmon,Microsoft-Windows-Sysmon/Operational,win10-2,4,Information,"<Param>Attack=T1059,Technique=Visual Basic,Tactic=Execution,DS=Process: Process Creation,UEBA=Suspicious WSCRIPT Command Line,Risk=50</Param><Param>2023-05-01 10:31:25.012</Param><Param>{D5540B43-94FD-644F-7E02-000000000700}</Param><Param>500</Param><Param>C:\Windows\System32\cscript.exe</Param><Param>5.812.10240.16384</Param><Param>Microsoft ® Console Based Script Host</Param><Param>Microsoft ® Windows Script Host</Param><Param>Microsoft Corporation</Param><Param>cscript.exe</Param><Param>""C:\Windows\system32\cscript.exe"" /nologo ""MonitorKnowledgeDiscovery.vbs""</Param><Param>C:\Program Files\Microsoft Monitoring Agent\Agent\Health Service State\Monitoring Host Temporary Files 1\32\</Param><Param>NT AUTHORITY\SYSTEM</Param><Param>{D5540B43-8DB6-644F-E703-000000000000}</Param><Param>0x3e7</Param><Param>0</Param><Param>System</Param><Param>SHA1=CDFE517D07F18623778829AA98D6BBADD3F294CD,MD5=24590BF74BBBBFD7D7AC070F4E3C44FD,SHA256=AE37FD1B642E797B36B9FFCEC8A6E986732D011681061800C6B74426C28A9D03,IMPHASH=2B44D2206B9865383429E9C1524F1CAC</Param><Param>{D5540B43-93CA-644F-6B02-000000000700}</Param><Param>5364</Param><Param>C:\Program Files\Microsoft Monitoring Agent\Agent\MonitoringHost.exe</Param><Param>""C:\Program Files\Microsoft Monitoring Agent\Agent\MonitoringHost.exe"" -Embedding</Param><Param>NT AUTHORITY\SYSTEM</Param>","<DataItem type=""System.XmlData"" time=""2023-05-01T10:31:25.0157922+00:00"" sourceHealthServiceId=""CF1209A0-2624-0566-5F2A-730DF513CC05""><EventData xmlns=""http://schemas.microsoft.com/win/2004/08/events/event""><Data Name=""RuleName"">Attack=T1059,Technique=Visual Basic,Tactic=Execution,DS=Process: Process Creation,UEBA=Suspicious WSCRIPT Command Line,Risk=50</Data><Data Name=""UtcTime"">2023-05-01 10:31:25.012</Data><Data Name=""ProcessGuid"">{d5540b43-94fd-644f-7e02-000000000700}</Data><Data Name=""ProcessId"">500</Data><Data Name=""Image"">C:\Windows\System32\cscript.exe</Data><Data Name=""FileVersion"">5.812.10240.16384</Data><Data Name=""Description"">Microsoft ® Console Based Script Host</Data><Data Name=""Product"">Microsoft ® Windows Script Host</Data><Data Name=""Company"">Microsoft Corporation</Data><Data Name=""OriginalFileName"">cscript.exe</Data><Data Name=""CommandLine"">""C:\Windows\system32\cscript.exe"" /nologo ""MonitorKnowledgeDiscovery.vbs""</Data><Data Name=""CurrentDirectory"">C:\Program Files\Microsoft Monitoring Agent\Agent\Health Service State\Monitoring Host Temporary Files 1\32\</Data><Data Name=""User"">NT AUTHORITY\SYSTEM</Data><Data Name=""LogonGuid"">{d5540b43-8db6-644f-e703-000000000000}</Data><Data Name=""LogonId"">0x3e7</Data><Data Name=""TerminalSessionId"">0</Data><Data Name=""IntegrityLevel"">System</Data><Data Name=""Hashes"">SHA1=CDFE517D07F18623778829AA98D6BBADD3F294CD,MD5=24590BF74BBBBFD7D7AC070F4E3C44FD,SHA256=AE37FD1B642E797B36B9FFCEC8A6E986732D011681061800C6B74426C28A9D03,IMPHASH=2B44D2206B9865383429E9C1524F1CAC</Data><Data Name=""ParentProcessGuid"">{d5540b43-93ca-644f-6b02-000000000700}</Data><Data Name=""ParentProcessId"">5364</Data><Data Name=""ParentImage"">C:\Program Files\Microsoft Monitoring Agent\Agent\MonitoringHost.exe</Data><Data Name=""ParentCommandLine"">""C:\Program Files\Microsoft Monitoring Agent\Agent\MonitoringHost.exe"" -Embedding</Data><Data Name=""ParentUser"">NT AUTHORITY\SYSTEM</Data></EventData></DataItem>",1,"Process Create: RuleName: Attack=T1059,Technique=Visual Basic,Tactic=Execution,DS=Process: Process Creation,UEBA=Suspicious WSCRIPT Command Line,Risk=50 UtcTime: 2023-05-01 10:31:25.012 ProcessGuid: {D5540B43-94FD-644F-7E02-000000000700} ProcessId: 500 Image: C:\Windows\System32\cscript.exe FileVersion: 5.812.10240.16384 Description: Microsoft ® Console Based Script Host Product: Microsoft ® Windows Script Host Company: Microsoft Corporation OriginalFileName: cscript.exe CommandLine: ""C:\Windows\system32\cscript.exe"" /nologo ""MonitorKnowledgeDiscovery.vbs"" CurrentDirectory: C:\Program Files\Microsoft Monitoring Agent\Agent\Health Service State\Monitoring Host Temporary Files 1\32\ User: NT AUTHORITY\SYSTEM LogonGuid: {D5540B43-8DB6-644F-E703-000000000000} LogonId: 0x3e7 TerminalSessionId: 0 IntegrityLevel: System Hashes: SHA1=CDFE517D07F18623778829AA98D6BBADD3F294CD,MD5=24590BF74BBBBFD7D7AC070F4E3C44FD,SHA256=AE37FD1B642E797B36B9FFCEC8A6E986732D011681061800C6B74426C28A9D03,IMPHASH=2B44D2206B9865383429E9C1524F1CAC ParentProcessGuid: {D5540B43-93CA-644F-6B02-000000000700} ParentProcessId: 5364 ParentImage: C:\Program Files\Microsoft Monitoring Agent\Agent\MonitoringHost.exe ParentCommandLine: ""C:\Program Files\Microsoft Monitoring Agent\Agent\MonitoringHost.exe"" -Embedding ParentUser: NT AUTHORITY\SYSTEM ",,,1,NT AUTHORITY\SYSTEM,,00000000-0000-0000-0000-000000000001,AOI-39743c52-8e86-43b1-987e-cc5d848ecce7,Event,/subscriptions/9ecb8278-6c96-45d4-a456-c17f6976425f/resourcegroups/test_1/providers/microsoft.compute/virtualmachines/win10-2
39743c52-8e86-43b1-987e-cc5d848ecce7,OpsManager,2023-05-01T10:31:25.1561842Z,Microsoft-Windows-Sysmon,Microsoft-Windows-Sysmon/Operational,win10-2,4,Information,"<Param>Attack=None,Technique=None,Tactic=None,DS=Module: Module Load,Level=0,Desc=Powershell Not Loading AMSI.dll</Param><Param>2023-05-01 10:31:25.151</Param><Param>{D5540B43-94FD-644F-7E02-000000000700}</Param><Param>500</Param><Param>C:\Windows\System32\cscript.exe</Param><Param>C:\Windows\System32\amsi.dll</Param><Param>10.0.19041.2075 (WinBuild.160101.0800)</Param><Param>Anti-Malware Scan Interface</Param><Param>Microsoft® Windows® Operating System</Param><Param>Microsoft Corporation</Param><Param>amsi.dll</Param><Param>SHA1=B6A0B7755F49B1678F16550A14E7D6DB3840097A,MD5=31A4B9E4D7F90542E09F4A6393567CD7,SHA256=F45D7BD641694B1351B1F003B95586F5456F3BCC508CF8AE323DE95115557C07,IMPHASH=C414C6B76EBCEEF67B5B752A7E51D4D2</Param><Param>true</Param><Param>Microsoft Windows</Param><Param>Valid</Param><Param>NT AUTHORITY\SYSTEM</Param>","<DataItem type=""System.XmlData"" time=""2023-05-01T10:31:25.1561842+00:00"" sourceHealthServiceId=""CF1209A0-2624-0566-5F2A-730DF513CC05""><EventData xmlns=""http://schemas.microsoft.com/win/2004/08/events/event""><Data Name=""RuleName"">Attack=None,Technique=None,Tactic=None,DS=Module: Module Load,Level=0,Desc=Powershell Not Loading AMSI.dll</Data><Data Name=""UtcTime"">2023-05-01 10:31:25.151</Data><Data Name=""ProcessGuid"">{d5540b43-94fd-644f-7e02-000000000700}</Data><Data Name=""ProcessId"">500</Data><Data Name=""Image"">C:\Windows\System32\cscript.exe</Data><Data Name=""ImageLoaded"">C:\Windows\System32\amsi.dll</Data><Data Name=""FileVersion"">10.0.19041.2075 (WinBuild.160101.0800)</Data><Data Name=""Description"">Anti-Malware Scan Interface</Data><Data Name=""Product"">Microsoft® Windows® Operating System</Data><Data Name=""Company"">Microsoft Corporation</Data><Data Name=""OriginalFileName"">amsi.dll</Data><Data Name=""Hashes"">SHA1=B6A0B7755F49B1678F16550A14E7D6DB3840097A,MD5=31A4B9E4D7F90542E09F4A6393567CD7,SHA256=F45D7BD641694B1351B1F003B95586F5456F3BCC508CF8AE323DE95115557C07,IMPHASH=C414C6B76EBCEEF67B5B752A7E51D4D2</Data><Data Name=""Signed"">true</Data><Data Name=""Signature"">Microsoft Windows</Data><Data Name=""SignatureStatus"">Valid</Data><Data Name=""User"">NT AUTHORITY\SYSTEM</Data></EventData></DataItem>",7,"Image loaded: RuleName: Attack=None,Technique=None,Tactic=None,DS=Module: Module Load,Level=0,Desc=Powershell Not Loading AMSI.dll UtcTime: 2023-05-01 10:31:25.151 ProcessGuid: {D5540B43-94FD-644F-7E02-000000000700} ProcessId: 500 Image: C:\Windows\System32\cscript.exe ImageLoaded: C:\Windows\System32\amsi.dll FileVersion: 10.0.19041.2075 (WinBuild.160101.0800) Description: Anti-Malware Scan Interface Product: Microsoft® Windows® Operating System Company: Microsoft Corporation OriginalFileName: amsi.dll Hashes: SHA1=B6A0B7755F49B1678F16550A14E7D6DB3840097A,MD5=31A4B9E4D7F90542E09F4A6393567CD7,SHA256=F45D7BD641694B1351B1F003B95586F5456F3BCC508CF8AE323DE95115557C07,IMPHASH=C414C6B76EBCEEF67B5B752A7E51D4D2 Signed: true Signature: Microsoft Windows SignatureStatus: Valid User: NT AUTHORITY\SYSTEM ",,,7,NT AUTHORITY\SYSTEM,,00000000-0000-0000-0000-000000000001,AOI-39743c52-8e86-43b1-987e-cc5d848ecce7,Event,/subscriptions/9ecb8278-6c96-45d4-a456-c17f6976425f/resourcegroups/test_1/providers/microsoft.compute/virtualmachines/win10-2
39743c52-8e86-43b1-987e-cc5d848ecce7,OpsManager,2023-05-01T10:31:25.2036441Z,Microsoft-Windows-Sysmon,Microsoft-Windows-Sysmon/Operational,win10-2,4,Information,"<Param>RG=Image Load Includes</Param><Param>2023-05-01 10:31:25.198</Param><Param>{D5540B43-94FD-644F-7E02-000000000700}</Param><Param>500</Param><Param>C:\Windows\System32\cscript.exe</Param><Param>C:\Windows\System32\scrobj.dll</Param><Param>5.812.10240.16384</Param><Param>Windows ® Script Component Runtime</Param><Param>Microsoft ® Windows ® Script Component Runtime</Param><Param>Microsoft Corporation</Param><Param>scrobj.dll</Param><Param>SHA1=35CACF1ADA899882019C97BBF044E3B011EBA987,MD5=3BAC5E5C39B9787E3672ACBFABE438D1,SHA256=164EA0913EF910084147CAB550C12B8F12C710A3F1BADF4A26C6691517A031C4,IMPHASH=C928D4D30D6B6FC0A3B011AA381044CA</Param><Param>true</Param><Param>Microsoft Windows</Param><Param>Valid</Param><Param>NT AUTHORITY\SYSTEM</Param>","<DataItem type=""System.XmlData"" time=""2023-05-01T10:31:25.2036441+00:00"" sourceHealthServiceId=""CF1209A0-2624-0566-5F2A-730DF513CC05""><EventData xmlns=""http://schemas.microsoft.com/win/2004/08/events/event""><Data Name=""RuleName"">RG=Image Load Includes</Data><Data Name=""UtcTime"">2023-05-01 10:31:25.198</Data><Data Name=""ProcessGuid"">{d5540b43-94fd-644f-7e02-000000000700}</Data><Data Name=""ProcessId"">500</Data><Data Name=""Image"">C:\Windows\System32\cscript.exe</Data><Data Name=""ImageLoaded"">C:\Windows\System32\scrobj.dll</Data><Data Name=""FileVersion"">5.812.10240.16384</Data><Data Name=""Description"">Windows ® Script Component Runtime</Data><Data Name=""Product"">Microsoft ® Windows ® Script Component Runtime</Data><Data Name=""Company"">Microsoft Corporation</Data><Data Name=""OriginalFileName"">scrobj.dll</Data><Data Name=""Hashes"">SHA1=35CACF1ADA899882019C97BBF044E3B011EBA987,MD5=3BAC5E5C39B9787E3672ACBFABE438D1,SHA256=164EA0913EF910084147CAB550C12B8F12C710A3F1BADF4A26C6691517A031C4,IMPHASH=C928D4D30D6B6FC0A3B011AA381044CA</Data><Data Name=""Signed"">true</Data><Data Name=""Signature"">Microsoft Windows</Data><Data Name=""SignatureStatus"">Valid</Data><Data Name=""User"">NT AUTHORITY\SYSTEM</Data></EventData></DataItem>",7,"Image loaded: RuleName: RG=Image Load Includes UtcTime: 2023-05-01 10:31:25.198 ProcessGuid: {D5540B43-94FD-644F-7E02-000000000700} ProcessId: 500 Image: C:\Windows\System32\cscript.exe ImageLoaded: C:\Windows\System32\scrobj.dll FileVersion: 5.812.10240.16384 Description: Windows ® Script Component Runtime Product: Microsoft ® Windows ® Script Component Runtime Company: Microsoft Corporation OriginalFileName: scrobj.dll Hashes: SHA1=35CACF1ADA899882019C97BBF044E3B011EBA987,MD5=3BAC5E5C39B9787E3672ACBFABE438D1,SHA256=164EA0913EF910084147CAB550C12B8F12C710A3F1BADF4A26C6691517A031C4,IMPHASH=C928D4D30D6B6FC0A3B011AA381044CA Signed: true Signature: Microsoft Windows SignatureStatus: Valid User: NT AUTHORITY\SYSTEM ",,,7,NT AUTHORITY\SYSTEM,,00000000-0000-0000-0000-000000000001,AOI-39743c52-8e86-43b1-987e-cc5d848ecce7,Event,/subscriptions/9ecb8278-6c96-45d4-a456-c17f6976425f/resourcegroups/test_1/providers/microsoft.compute/virtualmachines/win10-2
39743c52-8e86-43b1-987e-cc5d848ecce7,OpsManager,2023-05-01T10:31:25.2649554Z,Microsoft-Windows-Sysmon,Microsoft-Windows-Sysmon/Operational,win10-2,4,Information,"<Param>Attack=None,Technique=None,Tactic=None,DS=Process: Process Termination,Level=0,Desc=Process Termination Events in Windows Directory</Param><Param>2023-05-01 10:31:25.261</Param><Param>{D5540B43-94FD-644F-7E02-000000000700}</Param><Param>500</Param><Param>C:\Windows\System32\cscript.exe</Param><Param>NT AUTHORITY\SYSTEM</Param>","<DataItem type=""System.XmlData"" time=""2023-05-01T10:31:25.2649554+00:00"" sourceHealthServiceId=""CF1209A0-2624-0566-5F2A-730DF513CC05""><EventData xmlns=""http://schemas.microsoft.com/win/2004/08/events/event""><Data Name=""RuleName"">Attack=None,Technique=None,Tactic=None,DS=Process: Process Termination,Level=0,Desc=Process Termination Events in Windows Directory</Data><Data Name=""UtcTime"">2023-05-01 10:31:25.261</Data><Data Name=""ProcessGuid"">{d5540b43-94fd-644f-7e02-000000000700}</Data><Data Name=""ProcessId"">500</Data><Data Name=""Image"">C:\Windows\System32\cscript.exe</Data><Data Name=""User"">NT AUTHORITY\SYSTEM</Data></EventData></DataItem>",5,"Process terminated: RuleName: Attack=None,Technique=None,Tactic=None,DS=Process: Process Termination,Level=0,Desc=Process Termination Events in Windows Directory UtcTime: 2023-05-01 10:31:25.261 ProcessGuid: {D5540B43-94FD-644F-7E02-000000000700} ProcessId: 500 Image: C:\Windows\System32\cscript.exe User: NT AUTHORITY\SYSTEM ",,,5,NT AUTHORITY\SYSTEM,,00000000-0000-0000-0000-000000000001,AOI-39743c52-8e86-43b1-987e-cc5d848ecce7,Event,/subscriptions/9ecb8278-6c96-45d4-a456-c17f6976425f/resourcegroups/test_1/providers/microsoft.compute/virtualmachines/win10-2
39743c52-8e86-43b1-987e-cc5d848ecce7,OpsManager,2023-05-01T10:31:25.2667153Z,Microsoft-Windows-Sysmon,Microsoft-Windows-Sysmon/Operational,win10-2,4,Information,"<Param>Attack=None,Technique=None,Tactic=None,DS=Process: Process Termination,Level=0,Desc=Process Termination Events in Windows Directory</Param><Param>2023-05-01 10:31:25.261</Param><Param>{D5540B43-94FD-644F-7F02-000000000700}</Param><Param>2000</Param><Param>C:\Windows\System32\conhost.exe</Param><Param>NT AUTHORITY\SYSTEM</Param>","<DataItem type=""System.XmlData"" time=""2023-05-01T10:31:25.2667153+00:00"" sourceHealthServiceId=""CF1209A0-2624-0566-5F2A-730DF513CC05""><EventData xmlns=""http://schemas.microsoft.com/win/2004/08/events/event""><Data Name=""RuleName"">Attack=None,Technique=None,Tactic=None,DS=Process: Process Termination,Level=0,Desc=Process Termination Events in Windows Directory</Data><Data Name=""UtcTime"">2023-05-01 10:31:25.261</Data><Data Name=""ProcessGuid"">{d5540b43-94fd-644f-7f02-000000000700}</Data><Data Name=""ProcessId"">2000</Data><Data Name=""Image"">C:\Windows\System32\conhost.exe</Data><Data Name=""User"">NT AUTHORITY\SYSTEM</Data></EventData></DataItem>",5,"Process terminated: RuleName: Attack=None,Technique=None,Tactic=None,DS=Process: Process Termination,Level=0,Desc=Process Termination Events in Windows Directory UtcTime: 2023-05-01 10:31:25.261 ProcessGuid: {D5540B43-94FD-644F-7F02-000000000700} ProcessId: 2000 Image: C:\Windows\System32\conhost.exe User: NT AUTHORITY\SYSTEM ",,,5,NT AUTHORITY\SYSTEM,,00000000-0000-0000-0000-000000000001,AOI-39743c52-8e86-43b1-987e-cc5d848ecce7,Event,/subscriptions/9ecb8278-6c96-45d4-a456-c17f6976425f/resourcegroups/test_1/providers/microsoft.compute/virtualmachines/win10-2
39743c52-8e86-43b1-987e-cc5d848ecce7,OpsManager,2023-05-01T10:31:27.4563659Z,Microsoft-Windows-Sysmon,Microsoft-Windows-Sysmon/Operational,win10-2,4,Information,<Param>RG=FileCreate Include Group</Param><Param>2023-05-01 10:31:27.449</Param><Param>{D5540B43-8E51-644F-1B01-000000000700}</Param><Param>5248</Param><Param>C:\WindowsAzure\GuestAgent_2.7.41491.1083_2023-05-01_100201\WindowsAzureGuestAgent.exe</Param><Param>C:\WindowsAzure\Logs\AggregateStatus\aggregatestatus.json</Param><Param>2023-05-01 10:02:30.767</Param><Param>NT AUTHORITY\SYSTEM</Param>,"<DataItem type=""System.XmlData"" time=""2023-05-01T10:31:27.4563659+00:00"" sourceHealthServiceId=""CF1209A0-2624-0566-5F2A-730DF513CC05""><EventData xmlns=""http://schemas.microsoft.com/win/2004/08/events/event""><Data Name=""RuleName"">RG=FileCreate Include Group</Data><Data Name=""UtcTime"">2023-05-01 10:31:27.449</Data><Data Name=""ProcessGuid"">{d5540b43-8e51-644f-1b01-000000000700}</Data><Data Name=""ProcessId"">5248</Data><Data Name=""Image"">C:\WindowsAzure\GuestAgent_2.7.41491.1083_2023-05-01_100201\WindowsAzureGuestAgent.exe</Data><Data Name=""TargetFilename"">C:\WindowsAzure\Logs\AggregateStatus\aggregatestatus.json</Data><Data Name=""CreationUtcTime"">2023-05-01 10:02:30.767</Data><Data Name=""User"">NT AUTHORITY\SYSTEM</Data></EventData></DataItem>",11,File created: RuleName: RG=FileCreate Include Group UtcTime: 2023-05-01 10:31:27.449 ProcessGuid: {D5540B43-8E51-644F-1B01-000000000700} ProcessId: 5248 Image: C:\WindowsAzure\GuestAgent_2.7.41491.1083_2023-05-01_100201\WindowsAzureGuestAgent.exe TargetFilename: C:\WindowsAzure\Logs\AggregateStatus\aggregatestatus.json CreationUtcTime: 2023-05-01 10:02:30.767 User: NT AUTHORITY\SYSTEM ,,,11,NT AUTHORITY\SYSTEM,,00000000-0000-0000-0000-000000000001,AOI-39743c52-8e86-43b1-987e-cc5d848ecce7,Event,/subscriptions/9ecb8278-6c96-45d4-a456-c17f6976425f/resourcegroups/test_1/providers/microsoft.compute/virtualmachines/win10-2
39743c52-8e86-43b1-987e-cc5d848ecce7,OpsManager,2023-05-01T10:31:28.3066867Z,Microsoft-Windows-Sysmon,Microsoft-Windows-Sysmon/Operational,win10-2,4,Information,"<Param>Attack=None,Technique=None,Tactic=None,DS=Network Traffic: Network Connection Creation,Level=0,Desc=Non-Browsers Accessing HTTP</Param><Param>2023-05-01 10:31:26.770</Param><Param>{D5540B43-8E51-644F-1B01-000000000700}</Param><Param>5248</Param><Param>C:\WindowsAzure\GuestAgent_2.7.41491.1083_2023-05-01_100201\WindowsAzureGuestAgent.exe</Param><Param>NT AUTHORITY\SYSTEM</Param><Param>tcp</Param><Param>TRUE</Param><Param>FALSE</Param><Param>10.0.0.12</Param><Param>win10-2.n2lktqibtimupkzgx0j3ic54pc.hx.internal.cloudapp.net</Param><Param>50252</Param><Param>-</Param><Param>FALSE</Param><Param>168.63.129.16</Param><Param>-</Param><Param>80</Param><Param>http</Param>","<DataItem type=""System.XmlData"" time=""2023-05-01T10:31:28.3066867+00:00"" sourceHealthServiceId=""CF1209A0-2624-0566-5F2A-730DF513CC05""><EventData xmlns=""http://schemas.microsoft.com/win/2004/08/events/event""><Data Name=""RuleName"">Attack=None,Technique=None,Tactic=None,DS=Network Traffic: Network Connection Creation,Level=0,Desc=Non-Browsers Accessing HTTP</Data><Data Name=""UtcTime"">2023-05-01 10:31:26.770</Data><Data Name=""ProcessGuid"">{d5540b43-8e51-644f-1b01-000000000700}</Data><Data Name=""ProcessId"">5248</Data><Data Name=""Image"">C:\WindowsAzure\GuestAgent_2.7.41491.1083_2023-05-01_100201\WindowsAzureGuestAgent.exe</Data><Data Name=""User"">NT AUTHORITY\SYSTEM</Data><Data Name=""Protocol"">tcp</Data><Data Name=""Initiated"">true</Data><Data Name=""SourceIsIpv6"">false</Data><Data Name=""SourceIp"">10.0.0.12</Data><Data Name=""SourceHostname"">win10-2.n2lktqibtimupkzgx0j3ic54pc.hx.internal.cloudapp.net</Data><Data Name=""SourcePort"">50252</Data><Data Name=""SourcePortName"">-</Data><Data Name=""DestinationIsIpv6"">false</Data><Data Name=""DestinationIp"">168.63.129.16</Data><Data Name=""DestinationHostname"">-</Data><Data Name=""DestinationPort"">80</Data><Data Name=""DestinationPortName"">http</Data></EventData></DataItem>",3,"Network connection detected: RuleName: Attack=None,Technique=None,Tactic=None,DS=Network Traffic: Network Connection Creation,Level=0,Desc=Non-Browsers Accessing HTTP UtcTime: 2023-05-01 10:31:26.770 ProcessGuid: {D5540B43-8E51-644F-1B01-000000000700} ProcessId: 5248 Image: C:\WindowsAzure\GuestAgent_2.7.41491.1083_2023-05-01_100201\WindowsAzureGuestAgent.exe User: NT AUTHORITY\SYSTEM Protocol: tcp Initiated: TRUE SourceIsIpv6: FALSE SourceIp: 10.0.0.12 SourceHostname: win10-2.n2lktqibtimupkzgx0j3ic54pc.hx.internal.cloudapp.net SourcePort: 50252 SourcePortName: - DestinationIsIpv6: FALSE DestinationIp: 168.63.129.16 DestinationHostname: - DestinationPort: 80 DestinationPortName: http ",,,3,NT AUTHORITY\SYSTEM,,00000000-0000-0000-0000-000000000001,AOI-39743c52-8e86-43b1-987e-cc5d848ecce7,Event,/subscriptions/9ecb8278-6c96-45d4-a456-c17f6976425f/resourcegroups/test_1/providers/microsoft.compute/virtualmachines/win10-2
39743c52-8e86-43b1-987e-cc5d848ecce7,OpsManager,2023-05-01T10:31:39.7165281Z,Microsoft-Windows-Sysmon,Microsoft-Windows-Sysmon/Operational,win10-2,4,Information,"<Param>Attack=None,Technique=None,Tactic=None,DS=Process: Process Termination,Level=0,Desc=Process Termination Events in Windows Directory</Param><Param>2023-05-01 10:31:39.709</Param><Param>{D5540B43-950A-644F-8102-000000000700}</Param><Param>1312</Param><Param>C:\Windows\System32\backgroundTaskHost.exe</Param><Param>win10-2\azureuser</Param>","<DataItem type=""System.XmlData"" time=""2023-05-01T10:31:39.7165281+00:00"" sourceHealthServiceId=""CF1209A0-2624-0566-5F2A-730DF513CC05""><EventData xmlns=""http://schemas.microsoft.com/win/2004/08/events/event""><Data Name=""RuleName"">Attack=None,Technique=None,Tactic=None,DS=Process: Process Termination,Level=0,Desc=Process Termination Events in Windows Directory</Data><Data Name=""UtcTime"">2023-05-01 10:31:39.709</Data><Data Name=""ProcessGuid"">{d5540b43-950a-644f-8102-000000000700}</Data><Data Name=""ProcessId"">1312</Data><Data Name=""Image"">C:\Windows\System32\backgroundTaskHost.exe</Data><Data Name=""User"">win10-2\azureuser</Data></EventData></DataItem>",5,"Process terminated: RuleName: Attack=None,Technique=None,Tactic=None,DS=Process: Process Termination,Level=0,Desc=Process Termination Events in Windows Directory UtcTime: 2023-05-01 10:31:39.709 ProcessGuid: {D5540B43-950A-644F-8102-000000000700} ProcessId: 1312 Image: C:\Windows\System32\backgroundTaskHost.exe User: win10-2\azureuser ",,,5,NT AUTHORITY\SYSTEM,,00000000-0000-0000-0000-000000000001,AOI-39743c52-8e86-43b1-987e-cc5d848ecce7,Event,/subscriptions/9ecb8278-6c96-45d4-a456-c17f6976425f/resourcegroups/test_1/providers/microsoft.compute/virtualmachines/win10-2
39743c52-8e86-43b1-987e-cc5d848ecce7,OpsManager,2023-05-01T10:31:38.6289646Z,Microsoft-Windows-Sysmon,Microsoft-Windows-Sysmon/Operational,win10-2,4,Information,"<Param>Attack=None,Technique=None,Tactic=None,DS=Process: Process Creation,Level=0,Desc=SVCHost Processes</Param><Param>2023-05-01 10:31:38.623</Param><Param>{D5540B43-950A-644F-8002-000000000700}</Param><Param>7952</Param><Param>C:\Windows\System32\svchost.exe</Param><Param>10.0.19041.1806 (WinBuild.160101.0800)</Param><Param>Host Process for Windows Services</Param><Param>Microsoft® Windows® Operating System</Param><Param>Microsoft Corporation</Param><Param>svchost.exe</Param><Param>C:\Windows\system32\svchost.exe -k wsappx -p -s AppXSvc</Param><Param>C:\Windows\system32\</Param><Param>NT AUTHORITY\SYSTEM</Param><Param>{D5540B43-8DB6-644F-E703-000000000000}</Param><Param>0x3e7</Param><Param>0</Param><Param>System</Param><Param>SHA1=1BC5066DDF693FC034D6514618854E26A84FD0D1,MD5=B7F884C1B74A263F746EE12A5F7C9F6A,SHA256=ADD683A6910ABBBF0E28B557FAD0BA998166394932AE2ACA069D9AA19EA8FE88,IMPHASH=247B9220E5D9B720A82B2C8B5069AD69</Param><Param>{D5540B43-8DB6-644F-0B00-000000000700}</Param><Param>720</Param><Param>C:\Windows\System32\services.exe</Param><Param>C:\Windows\system32\services.exe</Param><Param>NT AUTHORITY\SYSTEM</Param>","<DataItem type=""System.XmlData"" time=""2023-05-01T10:31:38.6289646+00:00"" sourceHealthServiceId=""CF1209A0-2624-0566-5F2A-730DF513CC05""><EventData xmlns=""http://schemas.microsoft.com/win/2004/08/events/event""><Data Name=""RuleName"">Attack=None,Technique=None,Tactic=None,DS=Process: Process Creation,Level=0,Desc=SVCHost Processes</Data><Data Name=""UtcTime"">2023-05-01 10:31:38.623</Data><Data Name=""ProcessGuid"">{d5540b43-950a-644f-8002-000000000700}</Data><Data Name=""ProcessId"">7952</Data><Data Name=""Image"">C:\Windows\System32\svchost.exe</Data><Data Name=""FileVersion"">10.0.19041.1806 (WinBuild.160101.0800)</Data><Data Name=""Description"">Host Process for Windows Services</Data><Data Name=""Product"">Microsoft® Windows® Operating System</Data><Data Name=""Company"">Microsoft Corporation</Data><Data Name=""OriginalFileName"">svchost.exe</Data><Data Name=""CommandLine"">C:\Windows\system32\svchost.exe -k wsappx -p -s AppXSvc</Data><Data Name=""CurrentDirectory"">C:\Windows\system32\</Data><Data Name=""User"">NT AUTHORITY\SYSTEM</Data><Data Name=""LogonGuid"">{d5540b43-8db6-644f-e703-000000000000}</Data><Data Name=""LogonId"">0x3e7</Data><Data Name=""TerminalSessionId"">0</Data><Data Name=""IntegrityLevel"">System</Data><Data Name=""Hashes"">SHA1=1BC5066DDF693FC034D6514618854E26A84FD0D1,MD5=B7F884C1B74A263F746EE12A5F7C9F6A,SHA256=ADD683A6910ABBBF0E28B557FAD0BA998166394932AE2ACA069D9AA19EA8FE88,IMPHASH=247B9220E5D9B720A82B2C8B5069AD69</Data><Data Name=""ParentProcessGuid"">{d5540b43-8db6-644f-0b00-000000000700}</Data><Data Name=""ParentProcessId"">720</Data><Data Name=""ParentImage"">C:\Windows\System32\services.exe</Data><Data Name=""ParentCommandLine"">C:\Windows\system32\services.exe</Data><Data Name=""ParentUser"">NT AUTHORITY\SYSTEM</Data></EventData></DataItem>",1,"Process Create: RuleName: Attack=None,Technique=None,Tactic=None,DS=Process: Process Creation,Level=0,Desc=SVCHost Processes UtcTime: 2023-05-01 10:31:38.623 ProcessGuid: {D5540B43-950A-644F-8002-000000000700} ProcessId: 7952 Image: C:\Windows\System32\svchost.exe FileVersion: 10.0.19041.1806 (WinBuild.160101.0800) Description: Host Process for Windows Services Product: Microsoft® Windows® Operating System Company: Microsoft Corporation OriginalFileName: svchost.exe CommandLine: C:\Windows\system32\svchost.exe -k wsappx -p -s AppXSvc CurrentDirectory: C:\Windows\system32\ User: NT AUTHORITY\SYSTEM LogonGuid: {D5540B43-8DB6-644F-E703-000000000000} LogonId: 0x3e7 TerminalSessionId: 0 IntegrityLevel: System Hashes: SHA1=1BC5066DDF693FC034D6514618854E26A84FD0D1,MD5=B7F884C1B74A263F746EE12A5F7C9F6A,SHA256=ADD683A6910ABBBF0E28B557FAD0BA998166394932AE2ACA069D9AA19EA8FE88,IMPHASH=247B9220E5D9B720A82B2C8B5069AD69 ParentProcessGuid: {D5540B43-8DB6-644F-0B00-000000000700} ParentProcessId: 720 ParentImage: C:\Windows\System32\services.exe ParentCommandLine: C:\Windows\system32\services.exe ParentUser: NT AUTHORITY\SYSTEM ",,,1,NT AUTHORITY\SYSTEM,,00000000-0000-0000-0000-000000000001,AOI-39743c52-8e86-43b1-987e-cc5d848ecce7,Event,/subscriptions/9ecb8278-6c96-45d4-a456-c17f6976425f/resourcegroups/test_1/providers/microsoft.compute/virtualmachines/win10-2
39743c52-8e86-43b1-987e-cc5d848ecce7,OpsManager,2023-05-01T10:31:38.9598639Z,Microsoft-Windows-Sysmon,Microsoft-Windows-Sysmon/Operational,win10-2,4,Information,"<Param>Attack=T1021.003,Technique=Distributed Component Object Model,Tactic=Lateral Movement,DS=Process: Process Creation,Level=0,Desc=DCOM Launch</Param><Param>2023-05-01 10:31:38.955</Param><Param>{D5540B43-950A-644F-8102-000000000700}</Param><Param>1312</Param><Param>C:\Windows\System32\backgroundTaskHost.exe</Param><Param>10.0.19041.546 (WinBuild.160101.0800)</Param><Param>Background Task Host</Param><Param>Microsoft® Windows® Operating System</Param><Param>Microsoft Corporation</Param><Param>backgroundTaskHost.exe</Param><Param>""C:\Windows\system32\backgroundTaskHost.exe"" -ServerName:App.AppXmtcan0h2tfbfy7k9kn8hbxb6dmzz1zh0.mca</Param><Param>C:\Windows\SystemApps\Microsoft.Windows.ContentDeliveryManager_cw5n1h2txyewy\</Param><Param>win10-2\azureuser</Param><Param>{D5540B43-8DF1-644F-2DB9-060000000000}</Param><Param>0x6b92d</Param><Param>2</Param><Param>AppContainer</Param><Param>SHA1=C6E63C7AAE9C4E07E15C1717872C0C73F3D4FB09,MD5=DA7063B17DBB8BBB3015351016868006,SHA256=20330D3CA71D58F4AEB432676CB6A3D5B97005954E45132FB083E90782EFDD50,IMPHASH=D2ACF1CBC4A6DB14A34C687B9362D66B</Param><Param>{D5540B43-8DB6-644F-0D00-000000000700}</Param><Param>840</Param><Param>C:\Windows\System32\svchost.exe</Param><Param>C:\Windows\system32\svchost.exe -k DcomLaunch -p</Param><Param>NT AUTHORITY\SYSTEM</Param>","<DataItem type=""System.XmlData"" time=""2023-05-01T10:31:38.9598639+00:00"" sourceHealthServiceId=""CF1209A0-2624-0566-5F2A-730DF513CC05""><EventData xmlns=""http://schemas.microsoft.com/win/2004/08/events/event""><Data Name=""RuleName"">Attack=T1021.003,Technique=Distributed Component Object Model,Tactic=Lateral Movement,DS=Process: Process Creation,Level=0,Desc=DCOM Launch</Data><Data Name=""UtcTime"">2023-05-01 10:31:38.955</Data><Data Name=""ProcessGuid"">{d5540b43-950a-644f-8102-000000000700}</Data><Data Name=""ProcessId"">1312</Data><Data Name=""Image"">C:\Windows\System32\backgroundTaskHost.exe</Data><Data Name=""FileVersion"">10.0.19041.546 (WinBuild.160101.0800)</Data><Data Name=""Description"">Background Task Host</Data><Data Name=""Product"">Microsoft® Windows® Operating System</Data><Data Name=""Company"">Microsoft Corporation</Data><Data Name=""OriginalFileName"">backgroundTaskHost.exe</Data><Data Name=""CommandLine"">""C:\Windows\system32\backgroundTaskHost.exe"" -ServerName:App.AppXmtcan0h2tfbfy7k9kn8hbxb6dmzz1zh0.mca</Data><Data Name=""CurrentDirectory"">C:\Windows\SystemApps\Microsoft.Windows.ContentDeliveryManager_cw5n1h2txyewy\</Data><Data Name=""User"">win10-2\azureuser</Data><Data Name=""LogonGuid"">{d5540b43-8df1-644f-2db9-060000000000}</Data><Data Name=""LogonId"">0x6b92d</Data><Data Name=""TerminalSessionId"">2</Data><Data Name=""IntegrityLevel"">AppContainer</Data><Data Name=""Hashes"">SHA1=C6E63C7AAE9C4E07E15C1717872C0C73F3D4FB09,MD5=DA7063B17DBB8BBB3015351016868006,SHA256=20330D3CA71D58F4AEB432676CB6A3D5B97005954E45132FB083E90782EFDD50,IMPHASH=D2ACF1CBC4A6DB14A34C687B9362D66B</Data><Data Name=""ParentProcessGuid"">{d5540b43-8db6-644f-0d00-000000000700}</Data><Data Name=""ParentProcessId"">840</Data><Data Name=""ParentImage"">C:\Windows\System32\svchost.exe</Data><Data Name=""ParentCommandLine"">C:\Windows\system32\svchost.exe -k DcomLaunch -p</Data><Data Name=""ParentUser"">NT AUTHORITY\SYSTEM</Data></EventData></DataItem>",1,"Process Create: RuleName: Attack=T1021.003,Technique=Distributed Component Object Model,Tactic=Lateral Movement,DS=Process: Process Creation,Level=0,Desc=DCOM Launch UtcTime: 2023-05-01 10:31:38.955 ProcessGuid: {D5540B43-950A-644F-8102-000000000700} ProcessId: 1312 Image: C:\Windows\System32\backgroundTaskHost.exe FileVersion: 10.0.19041.546 (WinBuild.160101.0800) Description: Background Task Host Product: Microsoft® Windows® Operating System Company: Microsoft Corporation OriginalFileName: backgroundTaskHost.exe CommandLine: ""C:\Windows\system32\backgroundTaskHost.exe"" -ServerName:App.AppXmtcan0h2tfbfy7k9kn8hbxb6dmzz1zh0.mca CurrentDirectory: C:\Windows\SystemApps\Microsoft.Windows.ContentDeliveryManager_cw5n1h2txyewy\ User: win10-2\azureuser LogonGuid: {D5540B43-8DF1-644F-2DB9-060000000000} LogonId: 0x6b92d TerminalSessionId: 2 IntegrityLevel: AppContainer Hashes: SHA1=C6E63C7AAE9C4E07E15C1717872C0C73F3D4FB09,MD5=DA7063B17DBB8BBB3015351016868006,SHA256=20330D3CA71D58F4AEB432676CB6A3D5B97005954E45132FB083E90782EFDD50,IMPHASH=D2ACF1CBC4A6DB14A34C687B9362D66B ParentProcessGuid: {D5540B43-8DB6-644F-0D00-000000000700} ParentProcessId: 840 ParentImage: C:\Windows\System32\svchost.exe ParentCommandLine: C:\Windows\system32\svchost.exe -k DcomLaunch -p ParentUser: NT AUTHORITY\SYSTEM ",,,1,NT AUTHORITY\SYSTEM,,00000000-0000-0000-0000-000000000001,AOI-39743c52-8e86-43b1-987e-cc5d848ecce7,Event,/subscriptions/9ecb8278-6c96-45d4-a456-c17f6976425f/resourcegroups/test_1/providers/microsoft.compute/virtualmachines/win10-2
39743c52-8e86-43b1-987e-cc5d848ecce7,OpsManager,2023-05-01T10:31:43.5685704Z,Microsoft-Windows-Sysmon,Microsoft-Windows-Sysmon/Operational,win10-2,4,Information,"<Param>Attack=None,Technique=None,Tactic=None,DS=Network Traffic: Network Connection Creation,Level=0,Desc=Non-Browsers Accessing HTTP</Param><Param>2023-05-01 10:31:41.786</Param><Param>{D5540B43-8E51-644F-1B01-000000000700}</Param><Param>5248</Param><Param>C:\WindowsAzure\GuestAgent_2.7.41491.1083_2023-05-01_100201\WindowsAzureGuestAgent.exe</Param><Param>NT AUTHORITY\SYSTEM</Param><Param>tcp</Param><Param>TRUE</Param><Param>FALSE</Param><Param>10.0.0.12</Param><Param>win10-2.n2lktqibtimupkzgx0j3ic54pc.hx.internal.cloudapp.net</Param><Param>50254</Param><Param>-</Param><Param>FALSE</Param><Param>168.63.129.16</Param><Param>-</Param><Param>80</Param><Param>http</Param>","<DataItem type=""System.XmlData"" time=""2023-05-01T10:31:43.5685704+00:00"" sourceHealthServiceId=""CF1209A0-2624-0566-5F2A-730DF513CC05""><EventData xmlns=""http://schemas.microsoft.com/win/2004/08/events/event""><Data Name=""RuleName"">Attack=None,Technique=None,Tactic=None,DS=Network Traffic: Network Connection Creation,Level=0,Desc=Non-Browsers Accessing HTTP</Data><Data Name=""UtcTime"">2023-05-01 10:31:41.786</Data><Data Name=""ProcessGuid"">{d5540b43-8e51-644f-1b01-000000000700}</Data><Data Name=""ProcessId"">5248</Data><Data Name=""Image"">C:\WindowsAzure\GuestAgent_2.7.41491.1083_2023-05-01_100201\WindowsAzureGuestAgent.exe</Data><Data Name=""User"">NT AUTHORITY\SYSTEM</Data><Data Name=""Protocol"">tcp</Data><Data Name=""Initiated"">true</Data><Data Name=""SourceIsIpv6"">false</Data><Data Name=""SourceIp"">10.0.0.12</Data><Data Name=""SourceHostname"">win10-2.n2lktqibtimupkzgx0j3ic54pc.hx.internal.cloudapp.net</Data><Data Name=""SourcePort"">50254</Data><Data Name=""SourcePortName"">-</Data><Data Name=""DestinationIsIpv6"">false</Data><Data Name=""DestinationIp"">168.63.129.16</Data><Data Name=""DestinationHostname"">-</Data><Data Name=""DestinationPort"">80</Data><Data Name=""DestinationPortName"">http</Data></EventData></DataItem>",3,"Network connection detected: RuleName: Attack=None,Technique=None,Tactic=None,DS=Network Traffic: Network Connection Creation,Level=0,Desc=Non-Browsers Accessing HTTP UtcTime: 2023-05-01 10:31:41.786 ProcessGuid: {D5540B43-8E51-644F-1B01-000000000700} ProcessId: 5248 Image: C:\WindowsAzure\GuestAgent_2.7.41491.1083_2023-05-01_100201\WindowsAzureGuestAgent.exe User: NT AUTHORITY\SYSTEM Protocol: tcp Initiated: TRUE SourceIsIpv6: FALSE SourceIp: 10.0.0.12 SourceHostname: win10-2.n2lktqibtimupkzgx0j3ic54pc.hx.internal.cloudapp.net SourcePort: 50254 SourcePortName: - DestinationIsIpv6: FALSE DestinationIp: 168.63.129.16 DestinationHostname: - DestinationPort: 80 DestinationPortName: http ",,,3,NT AUTHORITY\SYSTEM,,00000000-0000-0000-0000-000000000001,AOI-39743c52-8e86-43b1-987e-cc5d848ecce7,Event,/subscriptions/9ecb8278-6c96-45d4-a456-c17f6976425f/resourcegroups/test_1/providers/microsoft.compute/virtualmachines/win10-2
39743c52-8e86-43b1-987e-cc5d848ecce7,OpsManager,2023-05-01T10:31:42.4638771Z,Microsoft-Windows-Sysmon,Microsoft-Windows-Sysmon/Operational,win10-2,4,Information,<Param>RG=FileCreate Include Group</Param><Param>2023-05-01 10:31:42.457</Param><Param>{D5540B43-8E51-644F-1B01-000000000700}</Param><Param>5248</Param><Param>C:\WindowsAzure\GuestAgent_2.7.41491.1083_2023-05-01_100201\WindowsAzureGuestAgent.exe</Param><Param>C:\WindowsAzure\Logs\AggregateStatus\aggregatestatus.json</Param><Param>2023-05-01 10:02:30.767</Param><Param>NT AUTHORITY\SYSTEM</Param>,"<DataItem type=""System.XmlData"" time=""2023-05-01T10:31:42.4638771+00:00"" sourceHealthServiceId=""CF1209A0-2624-0566-5F2A-730DF513CC05""><EventData xmlns=""http://schemas.microsoft.com/win/2004/08/events/event""><Data Name=""RuleName"">RG=FileCreate Include Group</Data><Data Name=""UtcTime"">2023-05-01 10:31:42.457</Data><Data Name=""ProcessGuid"">{d5540b43-8e51-644f-1b01-000000000700}</Data><Data Name=""ProcessId"">5248</Data><Data Name=""Image"">C:\WindowsAzure\GuestAgent_2.7.41491.1083_2023-05-01_100201\WindowsAzureGuestAgent.exe</Data><Data Name=""TargetFilename"">C:\WindowsAzure\Logs\AggregateStatus\aggregatestatus.json</Data><Data Name=""CreationUtcTime"">2023-05-01 10:02:30.767</Data><Data Name=""User"">NT AUTHORITY\SYSTEM</Data></EventData></DataItem>",11,File created: RuleName: RG=FileCreate Include Group UtcTime: 2023-05-01 10:31:42.457 ProcessGuid: {D5540B43-8E51-644F-1B01-000000000700} ProcessId: 5248 Image: C:\WindowsAzure\GuestAgent_2.7.41491.1083_2023-05-01_100201\WindowsAzureGuestAgent.exe TargetFilename: C:\WindowsAzure\Logs\AggregateStatus\aggregatestatus.json CreationUtcTime: 2023-05-01 10:02:30.767 User: NT AUTHORITY\SYSTEM ,,,11,NT AUTHORITY\SYSTEM,,00000000-0000-0000-0000-000000000001,AOI-39743c52-8e86-43b1-987e-cc5d848ecce7,Event,/subscriptions/9ecb8278-6c96-45d4-a456-c17f6976425f/resourcegroups/test_1/providers/microsoft.compute/virtualmachines/win10-2
39743c52-8e86-43b1-987e-cc5d848ecce7,OpsManager,2023-05-01T10:31:48.6500383Z,Microsoft-Windows-Sysmon,Microsoft-Windows-Sysmon/Operational,win10-2,4,Information,"<Param>Attack=T1204,Technique=User Execution,Tactic=Execution,DS=File: File Creation,Forensic=Windows Prefetch Exec History</Param><Param>2023-05-01 10:31:48.647</Param><Param>{D5540B43-8DBA-644F-2C00-000000000700}</Param><Param>1984</Param><Param>C:\Windows\system32\svchost.exe</Param><Param>C:\Windows\Prefetch\SVCHOST.EXE-C8680DC4.pf</Param><Param>2023-05-01 10:31:48.647</Param><Param>NT AUTHORITY\SYSTEM</Param>","<DataItem type=""System.XmlData"" time=""2023-05-01T10:31:48.6500383+00:00"" sourceHealthServiceId=""CF1209A0-2624-0566-5F2A-730DF513CC05""><EventData xmlns=""http://schemas.microsoft.com/win/2004/08/events/event""><Data Name=""RuleName"">Attack=T1204,Technique=User Execution,Tactic=Execution,DS=File: File Creation,Forensic=Windows Prefetch Exec History</Data><Data Name=""UtcTime"">2023-05-01 10:31:48.647</Data><Data Name=""ProcessGuid"">{d5540b43-8dba-644f-2c00-000000000700}</Data><Data Name=""ProcessId"">1984</Data><Data Name=""Image"">C:\Windows\system32\svchost.exe</Data><Data Name=""TargetFilename"">C:\Windows\Prefetch\SVCHOST.EXE-C8680DC4.pf</Data><Data Name=""CreationUtcTime"">2023-05-01 10:31:48.647</Data><Data Name=""User"">NT AUTHORITY\SYSTEM</Data></EventData></DataItem>",11,"File created: RuleName: Attack=T1204,Technique=User Execution,Tactic=Execution,DS=File: File Creation,Forensic=Windows Prefetch Exec History UtcTime: 2023-05-01 10:31:48.647 ProcessGuid: {D5540B43-8DBA-644F-2C00-000000000700} ProcessId: 1984 Image: C:\Windows\system32\svchost.exe TargetFilename: C:\Windows\Prefetch\SVCHOST.EXE-C8680DC4.pf CreationUtcTime: 2023-05-01 10:31:48.647 User: NT AUTHORITY\SYSTEM ",,,11,NT AUTHORITY\SYSTEM,,00000000-0000-0000-0000-000000000001,AOI-39743c52-8e86-43b1-987e-cc5d848ecce7,Event,/subscriptions/9ecb8278-6c96-45d4-a456-c17f6976425f/resourcegroups/test_1/providers/microsoft.compute/virtualmachines/win10-2
39743c52-8e86-43b1-987e-cc5d848ecce7,OpsManager,2023-05-01T10:31:57.4808304Z,Microsoft-Windows-Sysmon,Microsoft-Windows-Sysmon/Operational,win10-2,4,Information,<Param>RG=FileCreate Include Group</Param><Param>2023-05-01 10:31:57.473</Param><Param>{D5540B43-8E51-644F-1B01-000000000700}</Param><Param>5248</Param><Param>C:\WindowsAzure\GuestAgent_2.7.41491.1083_2023-05-01_100201\WindowsAzureGuestAgent.exe</Param><Param>C:\WindowsAzure\Logs\AggregateStatus\aggregatestatus.json</Param><Param>2023-05-01 10:02:30.767</Param><Param>NT AUTHORITY\SYSTEM</Param>,"<DataItem type=""System.XmlData"" time=""2023-05-01T10:31:57.4808304+00:00"" sourceHealthServiceId=""CF1209A0-2624-0566-5F2A-730DF513CC05""><EventData xmlns=""http://schemas.microsoft.com/win/2004/08/events/event""><Data Name=""RuleName"">RG=FileCreate Include Group</Data><Data Name=""UtcTime"">2023-05-01 10:31:57.473</Data><Data Name=""ProcessGuid"">{d5540b43-8e51-644f-1b01-000000000700}</Data><Data Name=""ProcessId"">5248</Data><Data Name=""Image"">C:\WindowsAzure\GuestAgent_2.7.41491.1083_2023-05-01_100201\WindowsAzureGuestAgent.exe</Data><Data Name=""TargetFilename"">C:\WindowsAzure\Logs\AggregateStatus\aggregatestatus.json</Data><Data Name=""CreationUtcTime"">2023-05-01 10:02:30.767</Data><Data Name=""User"">NT AUTHORITY\SYSTEM</Data></EventData></DataItem>",11,File created: RuleName: RG=FileCreate Include Group UtcTime: 2023-05-01 10:31:57.473 ProcessGuid: {D5540B43-8E51-644F-1B01-000000000700} ProcessId: 5248 Image: C:\WindowsAzure\GuestAgent_2.7.41491.1083_2023-05-01_100201\WindowsAzureGuestAgent.exe TargetFilename: C:\WindowsAzure\Logs\AggregateStatus\aggregatestatus.json CreationUtcTime: 2023-05-01 10:02:30.767 User: NT AUTHORITY\SYSTEM ,,,11,NT AUTHORITY\SYSTEM,,00000000-0000-0000-0000-000000000001,AOI-39743c52-8e86-43b1-987e-cc5d848ecce7,Event,/subscriptions/9ecb8278-6c96-45d4-a456-c17f6976425f/resourcegroups/test_1/providers/microsoft.compute/virtualmachines/win10-2
39743c52-8e86-43b1-987e-cc5d848ecce7,OpsManager,2023-05-01T10:31:58.8864571Z,Microsoft-Windows-Sysmon,Microsoft-Windows-Sysmon/Operational,win10-2,4,Information,"<Param>Attack=None,Technique=None,Tactic=None,DS=Network Traffic: Network Connection Creation,Level=0,Desc=Non-Browsers Accessing HTTP</Param><Param>2023-05-01 10:31:56.788</Param><Param>{D5540B43-8E51-644F-1B01-000000000700}</Param><Param>5248</Param><Param>C:\WindowsAzure\GuestAgent_2.7.41491.1083_2023-05-01_100201\WindowsAzureGuestAgent.exe</Param><Param>NT AUTHORITY\SYSTEM</Param><Param>tcp</Param><Param>TRUE</Param><Param>FALSE</Param><Param>10.0.0.12</Param><Param>win10-2.n2lktqibtimupkzgx0j3ic54pc.hx.internal.cloudapp.net</Param><Param>50255</Param><Param>-</Param><Param>FALSE</Param><Param>168.63.129.16</Param><Param>-</Param><Param>80</Param><Param>http</Param>","<DataItem type=""System.XmlData"" time=""2023-05-01T10:31:58.8864571+00:00"" sourceHealthServiceId=""CF1209A0-2624-0566-5F2A-730DF513CC05""><EventData xmlns=""http://schemas.microsoft.com/win/2004/08/events/event""><Data Name=""RuleName"">Attack=None,Technique=None,Tactic=None,DS=Network Traffic: Network Connection Creation,Level=0,Desc=Non-Browsers Accessing HTTP</Data><Data Name=""UtcTime"">2023-05-01 10:31:56.788</Data><Data Name=""ProcessGuid"">{d5540b43-8e51-644f-1b01-000000000700}</Data><Data Name=""ProcessId"">5248</Data><Data Name=""Image"">C:\WindowsAzure\GuestAgent_2.7.41491.1083_2023-05-01_100201\WindowsAzureGuestAgent.exe</Data><Data Name=""User"">NT AUTHORITY\SYSTEM</Data><Data Name=""Protocol"">tcp</Data><Data Name=""Initiated"">true</Data><Data Name=""SourceIsIpv6"">false</Data><Data Name=""SourceIp"">10.0.0.12</Data><Data Name=""SourceHostname"">win10-2.n2lktqibtimupkzgx0j3ic54pc.hx.internal.cloudapp.net</Data><Data Name=""SourcePort"">50255</Data><Data Name=""SourcePortName"">-</Data><Data Name=""DestinationIsIpv6"">false</Data><Data Name=""DestinationIp"">168.63.129.16</Data><Data Name=""DestinationHostname"">-</Data><Data Name=""DestinationPort"">80</Data><Data Name=""DestinationPortName"">http</Data></EventData></DataItem>",3,"Network connection detected: RuleName: Attack=None,Technique=None,Tactic=None,DS=Network Traffic: Network Connection Creation,Level=0,Desc=Non-Browsers Accessing HTTP UtcTime: 2023-05-01 10:31:56.788 ProcessGuid: {D5540B43-8E51-644F-1B01-000000000700} ProcessId: 5248 Image: C:\WindowsAzure\GuestAgent_2.7.41491.1083_2023-05-01_100201\WindowsAzureGuestAgent.exe User: NT AUTHORITY\SYSTEM Protocol: tcp Initiated: TRUE SourceIsIpv6: FALSE SourceIp: 10.0.0.12 SourceHostname: win10-2.n2lktqibtimupkzgx0j3ic54pc.hx.internal.cloudapp.net SourcePort: 50255 SourcePortName: - DestinationIsIpv6: FALSE DestinationIp: 168.63.129.16 DestinationHostname: - DestinationPort: 80 DestinationPortName: http ",,,3,NT AUTHORITY\SYSTEM,,00000000-0000-0000-0000-000000000001,AOI-39743c52-8e86-43b1-987e-cc5d848ecce7,Event,/subscriptions/9ecb8278-6c96-45d4-a456-c17f6976425f/resourcegroups/test_1/providers/microsoft.compute/virtualmachines/win10-2
39743c52-8e86-43b1-987e-cc5d848ecce7,OpsManager,2023-05-01T10:32:08.8521688Z,Microsoft-Windows-Sysmon,Microsoft-Windows-Sysmon/Operational,win10-2,4,Information,<Param>RG=FileCreate Include Group</Param><Param>2023-05-01 10:32:08.845</Param><Param>{D5540B43-93C0-644F-6A02-000000000700}</Param><Param>7612</Param><Param>C:\Packages\Plugins\Microsoft.EnterpriseCloud.Monitoring.MicrosoftMonitoringAgent\1.0.18067.0\MMAExtensionHeartbeatService.exe</Param><Param>C:\Packages\Plugins\Microsoft.EnterpriseCloud.Monitoring.MicrosoftMonitoringAgent\1.0.18067.0\Status\HeartBeat.Json</Param><Param>2023-05-01 10:25:35.363</Param><Param>NT AUTHORITY\SYSTEM</Param>,"<DataItem type=""System.XmlData"" time=""2023-05-01T10:32:08.8521688+00:00"" sourceHealthServiceId=""CF1209A0-2624-0566-5F2A-730DF513CC05""><EventData xmlns=""http://schemas.microsoft.com/win/2004/08/events/event""><Data Name=""RuleName"">RG=FileCreate Include Group</Data><Data Name=""UtcTime"">2023-05-01 10:32:08.845</Data><Data Name=""ProcessGuid"">{d5540b43-93c0-644f-6a02-000000000700}</Data><Data Name=""ProcessId"">7612</Data><Data Name=""Image"">C:\Packages\Plugins\Microsoft.EnterpriseCloud.Monitoring.MicrosoftMonitoringAgent\1.0.18067.0\MMAExtensionHeartbeatService.exe</Data><Data Name=""TargetFilename"">C:\Packages\Plugins\Microsoft.EnterpriseCloud.Monitoring.MicrosoftMonitoringAgent\1.0.18067.0\Status\HeartBeat.Json</Data><Data Name=""CreationUtcTime"">2023-05-01 10:25:35.363</Data><Data Name=""User"">NT AUTHORITY\SYSTEM</Data></EventData></DataItem>",11,File created: RuleName: RG=FileCreate Include Group UtcTime: 2023-05-01 10:32:08.845 ProcessGuid: {D5540B43-93C0-644F-6A02-000000000700} ProcessId: 7612 Image: C:\Packages\Plugins\Microsoft.EnterpriseCloud.Monitoring.MicrosoftMonitoringAgent\1.0.18067.0\MMAExtensionHeartbeatService.exe TargetFilename: C:\Packages\Plugins\Microsoft.EnterpriseCloud.Monitoring.MicrosoftMonitoringAgent\1.0.18067.0\Status\HeartBeat.Json CreationUtcTime: 2023-05-01 10:25:35.363 User: NT AUTHORITY\SYSTEM ,,,11,NT AUTHORITY\SYSTEM,,00000000-0000-0000-0000-000000000001,AOI-39743c52-8e86-43b1-987e-cc5d848ecce7,Event,/subscriptions/9ecb8278-6c96-45d4-a456-c17f6976425f/resourcegroups/test_1/providers/microsoft.compute/virtualmachines/win10-2
39743c52-8e86-43b1-987e-cc5d848ecce7,OpsManager,2023-05-01T10:32:12.489088Z,Microsoft-Windows-Sysmon,Microsoft-Windows-Sysmon/Operational,win10-2,4,Information,<Param>RG=FileCreate Include Group</Param><Param>2023-05-01 10:32:12.481</Param><Param>{D5540B43-8E51-644F-1B01-000000000700}</Param><Param>5248</Param><Param>C:\WindowsAzure\GuestAgent_2.7.41491.1083_2023-05-01_100201\WindowsAzureGuestAgent.exe</Param><Param>C:\WindowsAzure\Logs\AggregateStatus\aggregatestatus.json</Param><Param>2023-05-01 10:02:30.767</Param><Param>NT AUTHORITY\SYSTEM</Param>,"<DataItem type=""System.XmlData"" time=""2023-05-01T10:32:12.4890880+00:00"" sourceHealthServiceId=""CF1209A0-2624-0566-5F2A-730DF513CC05""><EventData xmlns=""http://schemas.microsoft.com/win/2004/08/events/event""><Data Name=""RuleName"">RG=FileCreate Include Group</Data><Data Name=""UtcTime"">2023-05-01 10:32:12.481</Data><Data Name=""ProcessGuid"">{d5540b43-8e51-644f-1b01-000000000700}</Data><Data Name=""ProcessId"">5248</Data><Data Name=""Image"">C:\WindowsAzure\GuestAgent_2.7.41491.1083_2023-05-01_100201\WindowsAzureGuestAgent.exe</Data><Data Name=""TargetFilename"">C:\WindowsAzure\Logs\AggregateStatus\aggregatestatus.json</Data><Data Name=""CreationUtcTime"">2023-05-01 10:02:30.767</Data><Data Name=""User"">NT AUTHORITY\SYSTEM</Data></EventData></DataItem>",11,File created: RuleName: RG=FileCreate Include Group UtcTime: 2023-05-01 10:32:12.481 ProcessGuid: {D5540B43-8E51-644F-1B01-000000000700} ProcessId: 5248 Image: C:\WindowsAzure\GuestAgent_2.7.41491.1083_2023-05-01_100201\WindowsAzureGuestAgent.exe TargetFilename: C:\WindowsAzure\Logs\AggregateStatus\aggregatestatus.json CreationUtcTime: 2023-05-01 10:02:30.767 User: NT AUTHORITY\SYSTEM ,,,11,NT AUTHORITY\SYSTEM,,00000000-0000-0000-0000-000000000001,AOI-39743c52-8e86-43b1-987e-cc5d848ecce7,Event,/subscriptions/9ecb8278-6c96-45d4-a456-c17f6976425f/resourcegroups/test_1/providers/microsoft.compute/virtualmachines/win10-2
