39743c52-8e86-43b1-987e-cc5d848ecce7,OpsManager,2023-05-01T10:26:30.0873176Z,Microsoft-Windows-Sysmon,Microsoft-Windows-Sysmon/Operational,win10-2,4,Information,"<Param>Attack=T1562.002,Technique=Impair Defenses: Disable Windows Event Logging,Tactic=Defense Evasion,DS=Process: Process Access,Level=4,Alert=SysmonEnte Detection,DS=Process: Process Access,Level=4,Risk=100</Param><Param>2023-05-01 10:26:29.285</Param><Param>{D5540B43-93D4-644F-7402-000000000700}</Param><Param>2984</Param><Param>1292</Param><Param>C:\Program Files\Microsoft Monitoring Agent\Agent\MOMPerfSnapshotHelper.exe</Param><Param>{D5540B43-8EB4-644F-9801-000000000700}</Param><Param>9972</Param><Param>C:\Windows\Sysmon64.exe</Param><Param>0x1400</Param><Param>C:\Windows\SYSTEM32\ntdll.dll+9d524|C:\Windows\System32\KERNELBASE.dll+3053e|C:\Windows\Microsoft.NET\Framework64\v4.0.30319\CorperfmonExt.dll+3b59|C:\Windows\Microsoft.NET\Framework64\v4.0.30319\CorperfmonExt.dll+414d|C:\Windows\Microsoft.NET\Framework64\v4.0.30319\CorperfmonExt.dll+d007|C:\Windows\Microsoft.NET\Framework64\v4.0.30319\CorperfmonExt.dll+cb01|C:\Windows\Microsoft.NET\Framework64\v4.0.30319\CorperfmonExt.dll+2f5e|C:\Windows\Microsoft.NET\Framework64\v4.0.30319\CorperfmonExt.dll+27fe|C:\Windows\Microsoft.NET\Framework64\v4.0.30319\CorperfmonExt.dll+166b|C:\Windows\system32\mscoree.dll+8cb5|C:\Windows\System32\ADVAPI32.dll+1a0bb|C:\Windows\System32\ADVAPI32.dll+1ace0|C:\Windows\System32\ADVAPI32.dll+af35|C:\Windows\System32\ADVAPI32.dll+956b|C:\Windows\System32\KERNELBASE.dll+9e136|C:\Windows\System32\KERNELBASE.dll+33458|C:\Program Files\Microsoft Monitoring Agent\Agent\MOMPerfSnapshotHelper.exe+5c17|C:\Windows\System32\RPCRT4.dll+7aec3|C:\Windows\System32\RPCRT4.dll+79c92|C:\Windows\System32\RPCRT4.dll+1e09a|C:\Windows\System32\combase.dll+b5f4c|C:\Windows\System32\RPCRT4.dll+5a19b|C:\Windows\System32\combase.dll+8bad3|C:\Windows\System32\combase.dll+8b85e</Param><Param>NT AUTHORITY\SYSTEM</Param><Param>NT AUTHORITY\SYSTEM</Param>","<DataItem type=""System.XmlData"" time=""2023-05-01T10:26:30.0873176+00:00"" sourceHealthServiceId=""CF1209A0-2624-0566-5F2A-730DF513CC05""><EventData xmlns=""http://schemas.microsoft.com/win/2004/08/events/event""><Data Name=""RuleName"">Attack=T1562.002,Technique=Impair Defenses: Disable Windows Event Logging,Tactic=Defense Evasion,DS=Process: Process Access,Level=4,Alert=SysmonEnte Detection,DS=Process: Process Access,Level=4,Risk=100</Data><Data Name=""UtcTime"">2023-05-01 10:26:29.285</Data><Data Name=""SourceProcessGUID"">{d5540b43-93d4-644f-7402-000000000700}</Data><Data Name=""SourceProcessId"">2984</Data><Data Name=""SourceThreadId"">1292</Data><Data Name=""SourceImage"">C:\Program Files\Microsoft Monitoring Agent\Agent\MOMPerfSnapshotHelper.exe</Data><Data Name=""TargetProcessGUID"">{d5540b43-8eb4-644f-9801-000000000700}</Data><Data Name=""TargetProcessId"">9972</Data><Data Name=""TargetImage"">C:\Windows\Sysmon64.exe</Data><Data Name=""GrantedAccess"">0x1400</Data><Data Name=""CallTrace"">C:\Windows\SYSTEM32\ntdll.dll+9d524|C:\Windows\System32\KERNELBASE.dll+3053e|C:\Windows\Microsoft.NET\Framework64\v4.0.30319\CorperfmonExt.dll+3b59|C:\Windows\Microsoft.NET\Framework64\v4.0.30319\CorperfmonExt.dll+414d|C:\Windows\Microsoft.NET\Framework64\v4.0.30319\CorperfmonExt.dll+d007|C:\Windows\Microsoft.NET\Framework64\v4.0.30319\CorperfmonExt.dll+cb01|C:\Windows\Microsoft.NET\Framework64\v4.0.30319\CorperfmonExt.dll+2f5e|C:\Windows\Microsoft.NET\Framework64\v4.0.30319\CorperfmonExt.dll+27fe|C:\Windows\Microsoft.NET\Framework64\v4.0.30319\CorperfmonExt.dll+166b|C:\Windows\system32\mscoree.dll+8cb5|C:\Windows\System32\ADVAPI32.dll+1a0bb|C:\Windows\System32\ADVAPI32.dll+1ace0|C:\Windows\System32\ADVAPI32.dll+af35|C:\Windows\System32\ADVAPI32.dll+956b|C:\Windows\System32\KERNELBASE.dll+9e136|C:\Windows\System32\KERNELBASE.dll+33458|C:\Program Files\Microsoft Monitoring Agent\Agent\MOMPerfSnapshotHelper.exe+5c17|C:\Windows\System32\RPCRT4.dll+7aec3|C:\Windows\System32\RPCRT4.dll+79c92|C:\Windows\System32\RPCRT4.dll+1e09a|C:\Windows\System32\combase.dll+b5f4c|C:\Windows\System32\RPCRT4.dll+5a19b|C:\Windows\System32\combase.dll+8bad3|C:\Windows\System32\combase.dll+8b85e</Data><Data Name=""SourceUser"">NT AUTHORITY\SYSTEM</Data><Data Name=""TargetUser"">NT AUTHORITY\SYSTEM</Data></EventData></DataItem>",10,"Process accessed: RuleName: Attack=T1562.002,Technique=Impair Defenses: Disable Windows Event Logging,Tactic=Defense Evasion,DS=Process: Process Access,Level=4,Alert=SysmonEnte Detection,DS=Process: Process Access,Level=4,Risk=100 UtcTime: 2023-05-01 10:26:29.285 SourceProcessGUID: {D5540B43-93D4-644F-7402-000000000700} SourceProcessId: 2984 SourceThreadId: 1292 SourceImage: C:\Program Files\Microsoft Monitoring Agent\Agent\MOMPerfSnapshotHelper.exe TargetProcessGUID: {D5540B43-8EB4-644F-9801-000000000700} TargetProcessId: 9972 TargetImage: C:\Windows\Sysmon64.exe GrantedAccess: 0x1400 CallTrace: C:\Windows\SYSTEM32\ntdll.dll+9d524|C:\Windows\System32\KERNELBASE.dll+3053e|C:\Windows\Microsoft.NET\Framework64\v4.0.30319\CorperfmonExt.dll+3b59|C:\Windows\Microsoft.NET\Framework64\v4.0.30319\CorperfmonExt.dll+414d|C:\Windows\Microsoft.NET\Framework64\v4.0.30319\CorperfmonExt.dll+d007|C:\Windows\Microsoft.NET\Framework64\v4.0.30319\CorperfmonExt.dll+cb01|C:\Windows\Microsoft.NET\Framework64\v4.0.30319\CorperfmonExt.dll+2f5e|C:\Windows\Microsoft.NET\Framework64\v4.0.30319\CorperfmonExt.dll+27fe|C:\Windows\Microsoft.NET\Framework64\v4.0.30319\CorperfmonExt.dll+166b|C:\Windows\system32\mscoree.dll+8cb5|C:\Windows\System32\ADVAPI32.dll+1a0bb|C:\Windows\System32\ADVAPI32.dll+1ace0|C:\Windows\System32\ADVAPI32.dll+af35|C:\Windows\System32\ADVAPI32.dll+956b|C:\Windows\System32\KERNELBASE.dll+9e136|C:\Windows\System32\KERNELBASE.dll+33458|C:\Program Files\Microsoft Monitoring Agent\Agent\MOMPerfSnapshotHelper.exe+5c17|C:\Windows\System32\RPCRT4.dll+7aec3|C:\Windows\System32\RPCRT4.dll+79c92|C:\Windows\System32\RPCRT4.dll+1e09a|C:\Windows\System32\combase.dll+b5f4c|C:\Windows\System32\RPCRT4.dll+5a19b|C:\Windows\System32\combase.dll+8bad3|C:\Windows\System32\combase.dll+8b85e SourceUser: NT AUTHORITY\SYSTEM TargetUser: NT AUTHORITY\SYSTEM ",,,10,NT AUTHORITY\SYSTEM,,00000000-0000-0000-0000-000000000001,AOI-39743c52-8e86-43b1-987e-cc5d848ecce7,Event,/subscriptions/9ecb8278-6c96-45d4-a456-c17f6976425f/resourcegroups/test_1/providers/microsoft.compute/virtualmachines/win10-2
39743c52-8e86-43b1-987e-cc5d848ecce7,OpsManager,2023-05-01T10:26:30.2620301Z,Microsoft-Windows-Sysmon,Microsoft-Windows-Sysmon/Operational,win10-2,4,Information,"<Param>Attack=T1562.002,Technique=Impair Defenses: Disable Windows Event Logging,Tactic=Defense Evasion,DS=Process: Process Access,Level=4,Alert=SysmonEnte Detection,DS=Process: Process Access,Level=4,Risk=100</Param><Param>2023-05-01 10:26:29.316</Param><Param>{D5540B43-93D4-644F-7402-000000000700}</Param><Param>2984</Param><Param>1292</Param><Param>C:\Program Files\Microsoft Monitoring Agent\Agent\MOMPerfSnapshotHelper.exe</Param><Param>{D5540B43-8EB4-644F-9801-000000000700}</Param><Param>9972</Param><Param>C:\Windows\Sysmon64.exe</Param><Param>0x1400</Param><Param>C:\Windows\SYSTEM32\ntdll.dll+9d524|C:\Windows\System32\KERNELBASE.dll+3053e|C:\Windows\Microsoft.NET\Framework64\v4.0.30319\CorperfmonExt.dll+c669|C:\Windows\Microsoft.NET\Framework64\v4.0.30319\CorperfmonExt.dll+c71b|C:\Windows\Microsoft.NET\Framework64\v4.0.30319\CorperfmonExt.dll+2fde|C:\Windows\Microsoft.NET\Framework64\v4.0.30319\CorperfmonExt.dll+2b9e|C:\Windows\Microsoft.NET\Framework64\v4.0.30319\CorperfmonExt.dll+2659|C:\Windows\Microsoft.NET\Framework64\v4.0.30319\CorperfmonExt.dll+166b|C:\Windows\system32\mscoree.dll+8cb5|C:\Windows\System32\ADVAPI32.dll+1a0bb|C:\Windows\System32\ADVAPI32.dll+1ace0|C:\Windows\System32\ADVAPI32.dll+af35|C:\Windows\System32\ADVAPI32.dll+956b|C:\Windows\System32\KERNELBASE.dll+9e136|C:\Windows\System32\KERNELBASE.dll+33458|C:\Program Files\Microsoft Monitoring Agent\Agent\MOMPerfSnapshotHelper.exe+5c17|C:\Windows\System32\RPCRT4.dll+7aec3|C:\Windows\System32\RPCRT4.dll+79c92|C:\Windows\System32\RPCRT4.dll+1e09a|C:\Windows\System32\combase.dll+b5f4c|C:\Windows\System32\RPCRT4.dll+5a19b|C:\Windows\System32\combase.dll+8bad3|C:\Windows\System32\combase.dll+8b85e|C:\Windows\System32\combase.dll+baaa6</Param><Param>NT AUTHORITY\SYSTEM</Param><Param>NT AUTHORITY\SYSTEM</Param>","<DataItem type=""System.XmlData"" time=""2023-05-01T10:26:30.2620301+00:00"" sourceHealthServiceId=""CF1209A0-2624-0566-5F2A-730DF513CC05""><EventData xmlns=""http://schemas.microsoft.com/win/2004/08/events/event""><Data Name=""RuleName"">Attack=T1562.002,Technique=Impair Defenses: Disable Windows Event Logging,Tactic=Defense Evasion,DS=Process: Process Access,Level=4,Alert=SysmonEnte Detection,DS=Process: Process Access,Level=4,Risk=100</Data><Data Name=""UtcTime"">2023-05-01 10:26:29.316</Data><Data Name=""SourceProcessGUID"">{d5540b43-93d4-644f-7402-000000000700}</Data><Data Name=""SourceProcessId"">2984</Data><Data Name=""SourceThreadId"">1292</Data><Data Name=""SourceImage"">C:\Program Files\Microsoft Monitoring Agent\Agent\MOMPerfSnapshotHelper.exe</Data><Data Name=""TargetProcessGUID"">{d5540b43-8eb4-644f-9801-000000000700}</Data><Data Name=""TargetProcessId"">9972</Data><Data Name=""TargetImage"">C:\Windows\Sysmon64.exe</Data><Data Name=""GrantedAccess"">0x1400</Data><Data Name=""CallTrace"">C:\Windows\SYSTEM32\ntdll.dll+9d524|C:\Windows\System32\KERNELBASE.dll+3053e|C:\Windows\Microsoft.NET\Framework64\v4.0.30319\CorperfmonExt.dll+c669|C:\Windows\Microsoft.NET\Framework64\v4.0.30319\CorperfmonExt.dll+c71b|C:\Windows\Microsoft.NET\Framework64\v4.0.30319\CorperfmonExt.dll+2fde|C:\Windows\Microsoft.NET\Framework64\v4.0.30319\CorperfmonExt.dll+2b9e|C:\Windows\Microsoft.NET\Framework64\v4.0.30319\CorperfmonExt.dll+2659|C:\Windows\Microsoft.NET\Framework64\v4.0.30319\CorperfmonExt.dll+166b|C:\Windows\system32\mscoree.dll+8cb5|C:\Windows\System32\ADVAPI32.dll+1a0bb|C:\Windows\System32\ADVAPI32.dll+1ace0|C:\Windows\System32\ADVAPI32.dll+af35|C:\Windows\System32\ADVAPI32.dll+956b|C:\Windows\System32\KERNELBASE.dll+9e136|C:\Windows\System32\KERNELBASE.dll+33458|C:\Program Files\Microsoft Monitoring Agent\Agent\MOMPerfSnapshotHelper.exe+5c17|C:\Windows\System32\RPCRT4.dll+7aec3|C:\Windows\System32\RPCRT4.dll+79c92|C:\Windows\System32\RPCRT4.dll+1e09a|C:\Windows\System32\combase.dll+b5f4c|C:\Windows\System32\RPCRT4.dll+5a19b|C:\Windows\System32\combase.dll+8bad3|C:\Windows\System32\combase.dll+8b85e|C:\Windows\System32\combase.dll+baaa6</Data><Data Name=""SourceUser"">NT AUTHORITY\SYSTEM</Data><Data Name=""TargetUser"">NT AUTHORITY\SYSTEM</Data></EventData></DataItem>",10,"Process accessed: RuleName: Attack=T1562.002,Technique=Impair Defenses: Disable Windows Event Logging,Tactic=Defense Evasion,DS=Process: Process Access,Level=4,Alert=SysmonEnte Detection,DS=Process: Process Access,Level=4,Risk=100 UtcTime: 2023-05-01 10:26:29.316 SourceProcessGUID: {D5540B43-93D4-644F-7402-000000000700} SourceProcessId: 2984 SourceThreadId: 1292 SourceImage: C:\Program Files\Microsoft Monitoring Agent\Agent\MOMPerfSnapshotHelper.exe TargetProcessGUID: {D5540B43-8EB4-644F-9801-000000000700} TargetProcessId: 9972 TargetImage: C:\Windows\Sysmon64.exe GrantedAccess: 0x1400 CallTrace: C:\Windows\SYSTEM32\ntdll.dll+9d524|C:\Windows\System32\KERNELBASE.dll+3053e|C:\Windows\Microsoft.NET\Framework64\v4.0.30319\CorperfmonExt.dll+c669|C:\Windows\Microsoft.NET\Framework64\v4.0.30319\CorperfmonExt.dll+c71b|C:\Windows\Microsoft.NET\Framework64\v4.0.30319\CorperfmonExt.dll+2fde|C:\Windows\Microsoft.NET\Framework64\v4.0.30319\CorperfmonExt.dll+2b9e|C:\Windows\Microsoft.NET\Framework64\v4.0.30319\CorperfmonExt.dll+2659|C:\Windows\Microsoft.NET\Framework64\v4.0.30319\CorperfmonExt.dll+166b|C:\Windows\system32\mscoree.dll+8cb5|C:\Windows\System32\ADVAPI32.dll+1a0bb|C:\Windows\System32\ADVAPI32.dll+1ace0|C:\Windows\System32\ADVAPI32.dll+af35|C:\Windows\System32\ADVAPI32.dll+956b|C:\Windows\System32\KERNELBASE.dll+9e136|C:\Windows\System32\KERNELBASE.dll+33458|C:\Program Files\Microsoft Monitoring Agent\Agent\MOMPerfSnapshotHelper.exe+5c17|C:\Windows\System32\RPCRT4.dll+7aec3|C:\Windows\System32\RPCRT4.dll+79c92|C:\Windows\System32\RPCRT4.dll+1e09a|C:\Windows\System32\combase.dll+b5f4c|C:\Windows\System32\RPCRT4.dll+5a19b|C:\Windows\System32\combase.dll+8bad3|C:\Windows\System32\combase.dll+8b85e|C:\Windows\System32\combase.dll+baaa6 SourceUser: NT AUTHORITY\SYSTEM TargetUser: NT AUTHORITY\SYSTEM ",,,10,NT AUTHORITY\SYSTEM,,00000000-0000-0000-0000-000000000001,AOI-39743c52-8e86-43b1-987e-cc5d848ecce7,Event,/subscriptions/9ecb8278-6c96-45d4-a456-c17f6976425f/resourcegroups/test_1/providers/microsoft.compute/virtualmachines/win10-2
39743c52-8e86-43b1-987e-cc5d848ecce7,OpsManager,2023-05-01T10:26:30.2626019Z,Microsoft-Windows-Sysmon,Microsoft-Windows-Sysmon/Operational,win10-2,4,Information,"<Param>Attack=T1562.002,Technique=Impair Defenses: Disable Windows Event Logging,Tactic=Defense Evasion,DS=Process: Process Access,Level=4,Alert=SysmonEnte Detection,DS=Process: Process Access,Level=4,Risk=100</Param><Param>2023-05-01 10:26:29.316</Param><Param>{D5540B43-93D4-644F-7402-000000000700}</Param><Param>2984</Param><Param>1292</Param><Param>C:\Program Files\Microsoft Monitoring Agent\Agent\MOMPerfSnapshotHelper.exe</Param><Param>{D5540B43-8EB4-644F-9801-000000000700}</Param><Param>9972</Param><Param>C:\Windows\Sysmon64.exe</Param><Param>0x1400</Param><Param>C:\Windows\SYSTEM32\ntdll.dll+9d524|C:\Windows\System32\KERNELBASE.dll+3053e|C:\Windows\Microsoft.NET\Framework64\v4.0.30319\CorperfmonExt.dll+3b59|C:\Windows\Microsoft.NET\Framework64\v4.0.30319\CorperfmonExt.dll+414d|C:\Windows\Microsoft.NET\Framework64\v4.0.30319\CorperfmonExt.dll+d007|C:\Windows\Microsoft.NET\Framework64\v4.0.30319\CorperfmonExt.dll+cb01|C:\Windows\Microsoft.NET\Framework64\v4.0.30319\CorperfmonExt.dll+2f5e|C:\Windows\Microsoft.NET\Framework64\v4.0.30319\CorperfmonExt.dll+27fe|C:\Windows\Microsoft.NET\Framework64\v4.0.30319\CorperfmonExt.dll+166b|C:\Windows\system32\mscoree.dll+8cb5|C:\Windows\System32\ADVAPI32.dll+1a0bb|C:\Windows\System32\ADVAPI32.dll+1ace0|C:\Windows\System32\ADVAPI32.dll+af35|C:\Windows\System32\ADVAPI32.dll+956b|C:\Windows\System32\KERNELBASE.dll+9e136|C:\Windows\System32\KERNELBASE.dll+33458|C:\Program Files\Microsoft Monitoring Agent\Agent\MOMPerfSnapshotHelper.exe+5c17|C:\Windows\System32\RPCRT4.dll+7aec3|C:\Windows\System32\RPCRT4.dll+79c92|C:\Windows\System32\RPCRT4.dll+1e09a|C:\Windows\System32\combase.dll+b5f4c|C:\Windows\System32\RPCRT4.dll+5a19b|C:\Windows\System32\combase.dll+8bad3|C:\Windows\System32\combase.dll+8b85e</Param><Param>NT AUTHORITY\SYSTEM</Param><Param>NT AUTHORITY\SYSTEM</Param>","<DataItem type=""System.XmlData"" time=""2023-05-01T10:26:30.2626019+00:00"" sourceHealthServiceId=""CF1209A0-2624-0566-5F2A-730DF513CC05""><EventData xmlns=""http://schemas.microsoft.com/win/2004/08/events/event""><Data Name=""RuleName"">Attack=T1562.002,Technique=Impair Defenses: Disable Windows Event Logging,Tactic=Defense Evasion,DS=Process: Process Access,Level=4,Alert=SysmonEnte Detection,DS=Process: Process Access,Level=4,Risk=100</Data><Data Name=""UtcTime"">2023-05-01 10:26:29.316</Data><Data Name=""SourceProcessGUID"">{d5540b43-93d4-644f-7402-000000000700}</Data><Data Name=""SourceProcessId"">2984</Data><Data Name=""SourceThreadId"">1292</Data><Data Name=""SourceImage"">C:\Program Files\Microsoft Monitoring Agent\Agent\MOMPerfSnapshotHelper.exe</Data><Data Name=""TargetProcessGUID"">{d5540b43-8eb4-644f-9801-000000000700}</Data><Data Name=""TargetProcessId"">9972</Data><Data Name=""TargetImage"">C:\Windows\Sysmon64.exe</Data><Data Name=""GrantedAccess"">0x1400</Data><Data Name=""CallTrace"">C:\Windows\SYSTEM32\ntdll.dll+9d524|C:\Windows\System32\KERNELBASE.dll+3053e|C:\Windows\Microsoft.NET\Framework64\v4.0.30319\CorperfmonExt.dll+3b59|C:\Windows\Microsoft.NET\Framework64\v4.0.30319\CorperfmonExt.dll+414d|C:\Windows\Microsoft.NET\Framework64\v4.0.30319\CorperfmonExt.dll+d007|C:\Windows\Microsoft.NET\Framework64\v4.0.30319\CorperfmonExt.dll+cb01|C:\Windows\Microsoft.NET\Framework64\v4.0.30319\CorperfmonExt.dll+2f5e|C:\Windows\Microsoft.NET\Framework64\v4.0.30319\CorperfmonExt.dll+27fe|C:\Windows\Microsoft.NET\Framework64\v4.0.30319\CorperfmonExt.dll+166b|C:\Windows\system32\mscoree.dll+8cb5|C:\Windows\System32\ADVAPI32.dll+1a0bb|C:\Windows\System32\ADVAPI32.dll+1ace0|C:\Windows\System32\ADVAPI32.dll+af35|C:\Windows\System32\ADVAPI32.dll+956b|C:\Windows\System32\KERNELBASE.dll+9e136|C:\Windows\System32\KERNELBASE.dll+33458|C:\Program Files\Microsoft Monitoring Agent\Agent\MOMPerfSnapshotHelper.exe+5c17|C:\Windows\System32\RPCRT4.dll+7aec3|C:\Windows\System32\RPCRT4.dll+79c92|C:\Windows\System32\RPCRT4.dll+1e09a|C:\Windows\System32\combase.dll+b5f4c|C:\Windows\System32\RPCRT4.dll+5a19b|C:\Windows\System32\combase.dll+8bad3|C:\Windows\System32\combase.dll+8b85e</Data><Data Name=""SourceUser"">NT AUTHORITY\SYSTEM</Data><Data Name=""TargetUser"">NT AUTHORITY\SYSTEM</Data></EventData></DataItem>",10,"Process accessed: RuleName: Attack=T1562.002,Technique=Impair Defenses: Disable Windows Event Logging,Tactic=Defense Evasion,DS=Process: Process Access,Level=4,Alert=SysmonEnte Detection,DS=Process: Process Access,Level=4,Risk=100 UtcTime: 2023-05-01 10:26:29.316 SourceProcessGUID: {D5540B43-93D4-644F-7402-000000000700} SourceProcessId: 2984 SourceThreadId: 1292 SourceImage: C:\Program Files\Microsoft Monitoring Agent\Agent\MOMPerfSnapshotHelper.exe TargetProcessGUID: {D5540B43-8EB4-644F-9801-000000000700} TargetProcessId: 9972 TargetImage: C:\Windows\Sysmon64.exe GrantedAccess: 0x1400 CallTrace: C:\Windows\SYSTEM32\ntdll.dll+9d524|C:\Windows\System32\KERNELBASE.dll+3053e|C:\Windows\Microsoft.NET\Framework64\v4.0.30319\CorperfmonExt.dll+3b59|C:\Windows\Microsoft.NET\Framework64\v4.0.30319\CorperfmonExt.dll+414d|C:\Windows\Microsoft.NET\Framework64\v4.0.30319\CorperfmonExt.dll+d007|C:\Windows\Microsoft.NET\Framework64\v4.0.30319\CorperfmonExt.dll+cb01|C:\Windows\Microsoft.NET\Framework64\v4.0.30319\CorperfmonExt.dll+2f5e|C:\Windows\Microsoft.NET\Framework64\v4.0.30319\CorperfmonExt.dll+27fe|C:\Windows\Microsoft.NET\Framework64\v4.0.30319\CorperfmonExt.dll+166b|C:\Windows\system32\mscoree.dll+8cb5|C:\Windows\System32\ADVAPI32.dll+1a0bb|C:\Windows\System32\ADVAPI32.dll+1ace0|C:\Windows\System32\ADVAPI32.dll+af35|C:\Windows\System32\ADVAPI32.dll+956b|C:\Windows\System32\KERNELBASE.dll+9e136|C:\Windows\System32\KERNELBASE.dll+33458|C:\Program Files\Microsoft Monitoring Agent\Agent\MOMPerfSnapshotHelper.exe+5c17|C:\Windows\System32\RPCRT4.dll+7aec3|C:\Windows\System32\RPCRT4.dll+79c92|C:\Windows\System32\RPCRT4.dll+1e09a|C:\Windows\System32\combase.dll+b5f4c|C:\Windows\System32\RPCRT4.dll+5a19b|C:\Windows\System32\combase.dll+8bad3|C:\Windows\System32\combase.dll+8b85e SourceUser: NT AUTHORITY\SYSTEM TargetUser: NT AUTHORITY\SYSTEM ",,,10,NT AUTHORITY\SYSTEM,,00000000-0000-0000-0000-000000000001,AOI-39743c52-8e86-43b1-987e-cc5d848ecce7,Event,/subscriptions/9ecb8278-6c96-45d4-a456-c17f6976425f/resourcegroups/test_1/providers/microsoft.compute/virtualmachines/win10-2
39743c52-8e86-43b1-987e-cc5d848ecce7,OpsManager,2023-05-01T10:27:04.0054612Z,Microsoft-Windows-Sysmon,Microsoft-Windows-Sysmon/Operational,win10-2,4,Information,"<Param>Attack=None,Technique=None,Tactic=None,DS=Network Traffic: Network Connection Creation,Level=0,Desc=Non-Browsers Accessing HTTP</Param><Param>2023-05-01 10:27:01.943</Param><Param>{D5540B43-8E51-644F-1B01-000000000700}</Param><Param>5248</Param><Param>C:\WindowsAzure\GuestAgent_2.7.41491.1083_2023-05-01_100201\WindowsAzureGuestAgent.exe</Param><Param>NT AUTHORITY\SYSTEM</Param><Param>tcp</Param><Param>TRUE</Param><Param>FALSE</Param><Param>10.0.0.12</Param><Param>win10-2.n2lktqibtimupkzgx0j3ic54pc.hx.internal.cloudapp.net</Param><Param>50228</Param><Param>-</Param><Param>FALSE</Param><Param>169.254.169.254</Param><Param>-</Param><Param>80</Param><Param>http</Param>","<DataItem type=""System.XmlData"" time=""2023-05-01T10:27:04.0054612+00:00"" sourceHealthServiceId=""CF1209A0-2624-0566-5F2A-730DF513CC05""><EventData xmlns=""http://schemas.microsoft.com/win/2004/08/events/event""><Data Name=""RuleName"">Attack=None,Technique=None,Tactic=None,DS=Network Traffic: Network Connection Creation,Level=0,Desc=Non-Browsers Accessing HTTP</Data><Data Name=""UtcTime"">2023-05-01 10:27:01.943</Data><Data Name=""ProcessGuid"">{d5540b43-8e51-644f-1b01-000000000700}</Data><Data Name=""ProcessId"">5248</Data><Data Name=""Image"">C:\WindowsAzure\GuestAgent_2.7.41491.1083_2023-05-01_100201\WindowsAzureGuestAgent.exe</Data><Data Name=""User"">NT AUTHORITY\SYSTEM</Data><Data Name=""Protocol"">tcp</Data><Data Name=""Initiated"">true</Data><Data Name=""SourceIsIpv6"">false</Data><Data Name=""SourceIp"">10.0.0.12</Data><Data Name=""SourceHostname"">win10-2.n2lktqibtimupkzgx0j3ic54pc.hx.internal.cloudapp.net</Data><Data Name=""SourcePort"">50228</Data><Data Name=""SourcePortName"">-</Data><Data Name=""DestinationIsIpv6"">false</Data><Data Name=""DestinationIp"">169.254.169.254</Data><Data Name=""DestinationHostname"">-</Data><Data Name=""DestinationPort"">80</Data><Data Name=""DestinationPortName"">http</Data></EventData></DataItem>",3,"Network connection detected: RuleName: Attack=None,Technique=None,Tactic=None,DS=Network Traffic: Network Connection Creation,Level=0,Desc=Non-Browsers Accessing HTTP UtcTime: 2023-05-01 10:27:01.943 ProcessGuid: {D5540B43-8E51-644F-1B01-000000000700} ProcessId: 5248 Image: C:\WindowsAzure\GuestAgent_2.7.41491.1083_2023-05-01_100201\WindowsAzureGuestAgent.exe User: NT AUTHORITY\SYSTEM Protocol: tcp Initiated: TRUE SourceIsIpv6: FALSE SourceIp: 10.0.0.12 SourceHostname: win10-2.n2lktqibtimupkzgx0j3ic54pc.hx.internal.cloudapp.net SourcePort: 50228 SourcePortName: - DestinationIsIpv6: FALSE DestinationIp: 169.254.169.254 DestinationHostname: - DestinationPort: 80 DestinationPortName: http ",,,3,NT AUTHORITY\SYSTEM,,00000000-0000-0000-0000-000000000001,AOI-39743c52-8e86-43b1-987e-cc5d848ecce7,Event,/subscriptions/9ecb8278-6c96-45d4-a456-c17f6976425f/resourcegroups/test_1/providers/microsoft.compute/virtualmachines/win10-2
39743c52-8e86-43b1-987e-cc5d848ecce7,OpsManager,2023-05-01T10:27:36.5518809Z,Microsoft-Windows-Sysmon,Microsoft-Windows-Sysmon/Operational,win10-2,4,Information,"<Param>Attack=None,Technique=None,Tactic=None,DS=None,Information=Uncategorized Events</Param><Param>2023-05-01 10:27:34.539</Param><Param>{D5540B43-8EFE-644F-9D01-000000000700}</Param><Param>8900</Param><Param>174.203.90.47.in-addr.arpa.</Param><Param>9003</Param><Param>-</Param><Param>C:\Users\azureuser\Downloads\ProcessMonitor\Procmon64.exe</Param><Param>win10-2\azureuser</Param>","<DataItem type=""System.XmlData"" time=""2023-05-01T10:27:36.5518809+00:00"" sourceHealthServiceId=""CF1209A0-2624-0566-5F2A-730DF513CC05""><EventData xmlns=""http://schemas.microsoft.com/win/2004/08/events/event""><Data Name=""RuleName"">Attack=None,Technique=None,Tactic=None,DS=None,Information=Uncategorized Events</Data><Data Name=""UtcTime"">2023-05-01 10:27:34.539</Data><Data Name=""ProcessGuid"">{d5540b43-8efe-644f-9d01-000000000700}</Data><Data Name=""ProcessId"">8900</Data><Data Name=""QueryName"">174.203.90.47.in-addr.arpa.</Data><Data Name=""QueryStatus"">9003</Data><Data Name=""QueryResults"">-</Data><Data Name=""Image"">C:\Users\azureuser\Downloads\ProcessMonitor\Procmon64.exe</Data><Data Name=""User"">win10-2\azureuser</Data></EventData></DataItem>",22,"Dns query: RuleName: Attack=None,Technique=None,Tactic=None,DS=None,Information=Uncategorized Events UtcTime: 2023-05-01 10:27:34.539 ProcessGuid: {D5540B43-8EFE-644F-9D01-000000000700} ProcessId: 8900 QueryName: 174.203.90.47.in-addr.arpa. QueryStatus: 9003 QueryResults: - Image: C:\Users\azureuser\Downloads\ProcessMonitor\Procmon64.exe User: win10-2\azureuser ",,,22,NT AUTHORITY\SYSTEM,,00000000-0000-0000-0000-000000000001,AOI-39743c52-8e86-43b1-987e-cc5d848ecce7,Event,/subscriptions/9ecb8278-6c96-45d4-a456-c17f6976425f/resourcegroups/test_1/providers/microsoft.compute/virtualmachines/win10-2
39743c52-8e86-43b1-987e-cc5d848ecce7,OpsManager,2023-05-01T10:27:39.7081936Z,Microsoft-Windows-Sysmon,Microsoft-Windows-Sysmon/Operational,win10-2,4,Information,"<Param>Attack=None,Technique=None,Tactic=None,DS=Network Traffic: Network Connection Creation,Level=0,Desc=Non-Browsers Accessing HTTPS</Param><Param>2023-05-01 10:27:37.550</Param><Param>{D5540B43-93BE-644F-5E02-000000000700}</Param><Param>5044</Param><Param>C:\Program Files\Microsoft Monitoring Agent\Agent\HealthService.exe</Param><Param>NT AUTHORITY\SYSTEM</Param><Param>tcp</Param><Param>TRUE</Param><Param>FALSE</Param><Param>10.0.0.12</Param><Param>win10-2.n2lktqibtimupkzgx0j3ic54pc.hx.internal.cloudapp.net</Param><Param>50231</Param><Param>-</Param><Param>FALSE</Param><Param>20.205.86.1</Param><Param>-</Param><Param>443</Param><Param>https</Param>","<DataItem type=""System.XmlData"" time=""2023-05-01T10:27:39.7081936+00:00"" sourceHealthServiceId=""CF1209A0-2624-0566-5F2A-730DF513CC05""><EventData xmlns=""http://schemas.microsoft.com/win/2004/08/events/event""><Data Name=""RuleName"">Attack=None,Technique=None,Tactic=None,DS=Network Traffic: Network Connection Creation,Level=0,Desc=Non-Browsers Accessing HTTPS</Data><Data Name=""UtcTime"">2023-05-01 10:27:37.550</Data><Data Name=""ProcessGuid"">{d5540b43-93be-644f-5e02-000000000700}</Data><Data Name=""ProcessId"">5044</Data><Data Name=""Image"">C:\Program Files\Microsoft Monitoring Agent\Agent\HealthService.exe</Data><Data Name=""User"">NT AUTHORITY\SYSTEM</Data><Data Name=""Protocol"">tcp</Data><Data Name=""Initiated"">true</Data><Data Name=""SourceIsIpv6"">false</Data><Data Name=""SourceIp"">10.0.0.12</Data><Data Name=""SourceHostname"">win10-2.n2lktqibtimupkzgx0j3ic54pc.hx.internal.cloudapp.net</Data><Data Name=""SourcePort"">50231</Data><Data Name=""SourcePortName"">-</Data><Data Name=""DestinationIsIpv6"">false</Data><Data Name=""DestinationIp"">20.205.86.1</Data><Data Name=""DestinationHostname"">-</Data><Data Name=""DestinationPort"">443</Data><Data Name=""DestinationPortName"">https</Data></EventData></DataItem>",3,"Network connection detected: RuleName: Attack=None,Technique=None,Tactic=None,DS=Network Traffic: Network Connection Creation,Level=0,Desc=Non-Browsers Accessing HTTPS UtcTime: 2023-05-01 10:27:37.550 ProcessGuid: {D5540B43-93BE-644F-5E02-000000000700} ProcessId: 5044 Image: C:\Program Files\Microsoft Monitoring Agent\Agent\HealthService.exe User: NT AUTHORITY\SYSTEM Protocol: tcp Initiated: TRUE SourceIsIpv6: FALSE SourceIp: 10.0.0.12 SourceHostname: win10-2.n2lktqibtimupkzgx0j3ic54pc.hx.internal.cloudapp.net SourcePort: 50231 SourcePortName: - DestinationIsIpv6: FALSE DestinationIp: 20.205.86.1 DestinationHostname: - DestinationPort: 443 DestinationPortName: https ",,,3,NT AUTHORITY\SYSTEM,,00000000-0000-0000-0000-000000000001,AOI-39743c52-8e86-43b1-987e-cc5d848ecce7,Event,/subscriptions/9ecb8278-6c96-45d4-a456-c17f6976425f/resourcegroups/test_1/providers/microsoft.compute/virtualmachines/win10-2
39743c52-8e86-43b1-987e-cc5d848ecce7,OpsManager,2023-05-01T10:27:42.1989851Z,Microsoft-Windows-Sysmon,Microsoft-Windows-Sysmon/Operational,win10-2,4,Information,<Param>RG=FileCreate Include Group</Param><Param>2023-05-01 10:27:42.192</Param><Param>{D5540B43-8E51-644F-1B01-000000000700}</Param><Param>5248</Param><Param>C:\WindowsAzure\GuestAgent_2.7.41491.1083_2023-05-01_100201\WindowsAzureGuestAgent.exe</Param><Param>C:\WindowsAzure\Logs\AggregateStatus\aggregatestatus.json</Param><Param>2023-05-01 10:02:30.767</Param><Param>NT AUTHORITY\SYSTEM</Param>,"<DataItem type=""System.XmlData"" time=""2023-05-01T10:27:42.1989851+00:00"" sourceHealthServiceId=""CF1209A0-2624-0566-5F2A-730DF513CC05""><EventData xmlns=""http://schemas.microsoft.com/win/2004/08/events/event""><Data Name=""RuleName"">RG=FileCreate Include Group</Data><Data Name=""UtcTime"">2023-05-01 10:27:42.192</Data><Data Name=""ProcessGuid"">{d5540b43-8e51-644f-1b01-000000000700}</Data><Data Name=""ProcessId"">5248</Data><Data Name=""Image"">C:\WindowsAzure\GuestAgent_2.7.41491.1083_2023-05-01_100201\WindowsAzureGuestAgent.exe</Data><Data Name=""TargetFilename"">C:\WindowsAzure\Logs\AggregateStatus\aggregatestatus.json</Data><Data Name=""CreationUtcTime"">2023-05-01 10:02:30.767</Data><Data Name=""User"">NT AUTHORITY\SYSTEM</Data></EventData></DataItem>",11,File created: RuleName: RG=FileCreate Include Group UtcTime: 2023-05-01 10:27:42.192 ProcessGuid: {D5540B43-8E51-644F-1B01-000000000700} ProcessId: 5248 Image: C:\WindowsAzure\GuestAgent_2.7.41491.1083_2023-05-01_100201\WindowsAzureGuestAgent.exe TargetFilename: C:\WindowsAzure\Logs\AggregateStatus\aggregatestatus.json CreationUtcTime: 2023-05-01 10:02:30.767 User: NT AUTHORITY\SYSTEM ,,,11,NT AUTHORITY\SYSTEM,,00000000-0000-0000-0000-000000000001,AOI-39743c52-8e86-43b1-987e-cc5d848ecce7,Event,/subscriptions/9ecb8278-6c96-45d4-a456-c17f6976425f/resourcegroups/test_1/providers/microsoft.compute/virtualmachines/win10-2
39743c52-8e86-43b1-987e-cc5d848ecce7,OpsManager,2023-05-01T10:27:42.7780052Z,Microsoft-Windows-Sysmon,Microsoft-Windows-Sysmon/Operational,win10-2,4,Information,"<Param>Attack=None,Technique=None,Tactic=None,DS=Network Traffic: Network Connection Creation,Level=0,Desc=Non-Browsers Accessing HTTP</Param><Param>2023-05-01 10:27:41.646</Param><Param>{D5540B43-8E51-644F-1B01-000000000700}</Param><Param>5248</Param><Param>C:\WindowsAzure\GuestAgent_2.7.41491.1083_2023-05-01_100201\WindowsAzureGuestAgent.exe</Param><Param>NT AUTHORITY\SYSTEM</Param><Param>tcp</Param><Param>TRUE</Param><Param>FALSE</Param><Param>10.0.0.12</Param><Param>win10-2.n2lktqibtimupkzgx0j3ic54pc.hx.internal.cloudapp.net</Param><Param>50232</Param><Param>-</Param><Param>FALSE</Param><Param>168.63.129.16</Param><Param>-</Param><Param>80</Param><Param>http</Param>","<DataItem type=""System.XmlData"" time=""2023-05-01T10:27:42.7780052+00:00"" sourceHealthServiceId=""CF1209A0-2624-0566-5F2A-730DF513CC05""><EventData xmlns=""http://schemas.microsoft.com/win/2004/08/events/event""><Data Name=""RuleName"">Attack=None,Technique=None,Tactic=None,DS=Network Traffic: Network Connection Creation,Level=0,Desc=Non-Browsers Accessing HTTP</Data><Data Name=""UtcTime"">2023-05-01 10:27:41.646</Data><Data Name=""ProcessGuid"">{d5540b43-8e51-644f-1b01-000000000700}</Data><Data Name=""ProcessId"">5248</Data><Data Name=""Image"">C:\WindowsAzure\GuestAgent_2.7.41491.1083_2023-05-01_100201\WindowsAzureGuestAgent.exe</Data><Data Name=""User"">NT AUTHORITY\SYSTEM</Data><Data Name=""Protocol"">tcp</Data><Data Name=""Initiated"">true</Data><Data Name=""SourceIsIpv6"">false</Data><Data Name=""SourceIp"">10.0.0.12</Data><Data Name=""SourceHostname"">win10-2.n2lktqibtimupkzgx0j3ic54pc.hx.internal.cloudapp.net</Data><Data Name=""SourcePort"">50232</Data><Data Name=""SourcePortName"">-</Data><Data Name=""DestinationIsIpv6"">false</Data><Data Name=""DestinationIp"">168.63.129.16</Data><Data Name=""DestinationHostname"">-</Data><Data Name=""DestinationPort"">80</Data><Data Name=""DestinationPortName"">http</Data></EventData></DataItem>",3,"Network connection detected: RuleName: Attack=None,Technique=None,Tactic=None,DS=Network Traffic: Network Connection Creation,Level=0,Desc=Non-Browsers Accessing HTTP UtcTime: 2023-05-01 10:27:41.646 ProcessGuid: {D5540B43-8E51-644F-1B01-000000000700} ProcessId: 5248 Image: C:\WindowsAzure\GuestAgent_2.7.41491.1083_2023-05-01_100201\WindowsAzureGuestAgent.exe User: NT AUTHORITY\SYSTEM Protocol: tcp Initiated: TRUE SourceIsIpv6: FALSE SourceIp: 10.0.0.12 SourceHostname: win10-2.n2lktqibtimupkzgx0j3ic54pc.hx.internal.cloudapp.net SourcePort: 50232 SourcePortName: - DestinationIsIpv6: FALSE DestinationIp: 168.63.129.16 DestinationHostname: - DestinationPort: 80 DestinationPortName: http ",,,3,NT AUTHORITY\SYSTEM,,00000000-0000-0000-0000-000000000001,AOI-39743c52-8e86-43b1-987e-cc5d848ecce7,Event,/subscriptions/9ecb8278-6c96-45d4-a456-c17f6976425f/resourcegroups/test_1/providers/microsoft.compute/virtualmachines/win10-2
39743c52-8e86-43b1-987e-cc5d848ecce7,OpsManager,2023-05-01T10:27:57.217048Z,Microsoft-Windows-Sysmon,Microsoft-Windows-Sysmon/Operational,win10-2,4,Information,<Param>RG=FileCreate Include Group</Param><Param>2023-05-01 10:27:57.210</Param><Param>{D5540B43-8E51-644F-1B01-000000000700}</Param><Param>5248</Param><Param>C:\WindowsAzure\GuestAgent_2.7.41491.1083_2023-05-01_100201\WindowsAzureGuestAgent.exe</Param><Param>C:\WindowsAzure\Logs\AggregateStatus\aggregatestatus.json</Param><Param>2023-05-01 10:02:30.767</Param><Param>NT AUTHORITY\SYSTEM</Param>,"<DataItem type=""System.XmlData"" time=""2023-05-01T10:27:57.2170480+00:00"" sourceHealthServiceId=""CF1209A0-2624-0566-5F2A-730DF513CC05""><EventData xmlns=""http://schemas.microsoft.com/win/2004/08/events/event""><Data Name=""RuleName"">RG=FileCreate Include Group</Data><Data Name=""UtcTime"">2023-05-01 10:27:57.210</Data><Data Name=""ProcessGuid"">{d5540b43-8e51-644f-1b01-000000000700}</Data><Data Name=""ProcessId"">5248</Data><Data Name=""Image"">C:\WindowsAzure\GuestAgent_2.7.41491.1083_2023-05-01_100201\WindowsAzureGuestAgent.exe</Data><Data Name=""TargetFilename"">C:\WindowsAzure\Logs\AggregateStatus\aggregatestatus.json</Data><Data Name=""CreationUtcTime"">2023-05-01 10:02:30.767</Data><Data Name=""User"">NT AUTHORITY\SYSTEM</Data></EventData></DataItem>",11,File created: RuleName: RG=FileCreate Include Group UtcTime: 2023-05-01 10:27:57.210 ProcessGuid: {D5540B43-8E51-644F-1B01-000000000700} ProcessId: 5248 Image: C:\WindowsAzure\GuestAgent_2.7.41491.1083_2023-05-01_100201\WindowsAzureGuestAgent.exe TargetFilename: C:\WindowsAzure\Logs\AggregateStatus\aggregatestatus.json CreationUtcTime: 2023-05-01 10:02:30.767 User: NT AUTHORITY\SYSTEM ,,,11,NT AUTHORITY\SYSTEM,,00000000-0000-0000-0000-000000000001,AOI-39743c52-8e86-43b1-987e-cc5d848ecce7,Event,/subscriptions/9ecb8278-6c96-45d4-a456-c17f6976425f/resourcegroups/test_1/providers/microsoft.compute/virtualmachines/win10-2
39743c52-8e86-43b1-987e-cc5d848ecce7,OpsManager,2023-05-01T10:27:58.8460637Z,Microsoft-Windows-Sysmon,Microsoft-Windows-Sysmon/Operational,win10-2,4,Information,"<Param>Attack=None,Technique=None,Tactic=None,DS=Network Traffic: Network Connection Creation,Level=0,Desc=Non-Browsers Accessing HTTP</Param><Param>2023-05-01 10:27:56.652</Param><Param>{D5540B43-8E51-644F-1B01-000000000700}</Param><Param>5248</Param><Param>C:\WindowsAzure\GuestAgent_2.7.41491.1083_2023-05-01_100201\WindowsAzureGuestAgent.exe</Param><Param>NT AUTHORITY\SYSTEM</Param><Param>tcp</Param><Param>TRUE</Param><Param>FALSE</Param><Param>10.0.0.12</Param><Param>win10-2.n2lktqibtimupkzgx0j3ic54pc.hx.internal.cloudapp.net</Param><Param>50233</Param><Param>-</Param><Param>FALSE</Param><Param>168.63.129.16</Param><Param>-</Param><Param>80</Param><Param>http</Param>","<DataItem type=""System.XmlData"" time=""2023-05-01T10:27:58.8460637+00:00"" sourceHealthServiceId=""CF1209A0-2624-0566-5F2A-730DF513CC05""><EventData xmlns=""http://schemas.microsoft.com/win/2004/08/events/event""><Data Name=""RuleName"">Attack=None,Technique=None,Tactic=None,DS=Network Traffic: Network Connection Creation,Level=0,Desc=Non-Browsers Accessing HTTP</Data><Data Name=""UtcTime"">2023-05-01 10:27:56.652</Data><Data Name=""ProcessGuid"">{d5540b43-8e51-644f-1b01-000000000700}</Data><Data Name=""ProcessId"">5248</Data><Data Name=""Image"">C:\WindowsAzure\GuestAgent_2.7.41491.1083_2023-05-01_100201\WindowsAzureGuestAgent.exe</Data><Data Name=""User"">NT AUTHORITY\SYSTEM</Data><Data Name=""Protocol"">tcp</Data><Data Name=""Initiated"">true</Data><Data Name=""SourceIsIpv6"">false</Data><Data Name=""SourceIp"">10.0.0.12</Data><Data Name=""SourceHostname"">win10-2.n2lktqibtimupkzgx0j3ic54pc.hx.internal.cloudapp.net</Data><Data Name=""SourcePort"">50233</Data><Data Name=""SourcePortName"">-</Data><Data Name=""DestinationIsIpv6"">false</Data><Data Name=""DestinationIp"">168.63.129.16</Data><Data Name=""DestinationHostname"">-</Data><Data Name=""DestinationPort"">80</Data><Data Name=""DestinationPortName"">http</Data></EventData></DataItem>",3,"Network connection detected: RuleName: Attack=None,Technique=None,Tactic=None,DS=Network Traffic: Network Connection Creation,Level=0,Desc=Non-Browsers Accessing HTTP UtcTime: 2023-05-01 10:27:56.652 ProcessGuid: {D5540B43-8E51-644F-1B01-000000000700} ProcessId: 5248 Image: C:\WindowsAzure\GuestAgent_2.7.41491.1083_2023-05-01_100201\WindowsAzureGuestAgent.exe User: NT AUTHORITY\SYSTEM Protocol: tcp Initiated: TRUE SourceIsIpv6: FALSE SourceIp: 10.0.0.12 SourceHostname: win10-2.n2lktqibtimupkzgx0j3ic54pc.hx.internal.cloudapp.net SourcePort: 50233 SourcePortName: - DestinationIsIpv6: FALSE DestinationIp: 168.63.129.16 DestinationHostname: - DestinationPort: 80 DestinationPortName: http ",,,3,NT AUTHORITY\SYSTEM,,00000000-0000-0000-0000-000000000001,AOI-39743c52-8e86-43b1-987e-cc5d848ecce7,Event,/subscriptions/9ecb8278-6c96-45d4-a456-c17f6976425f/resourcegroups/test_1/providers/microsoft.compute/virtualmachines/win10-2
39743c52-8e86-43b1-987e-cc5d848ecce7,OpsManager,2023-05-01T10:28:08.8310146Z,Microsoft-Windows-Sysmon,Microsoft-Windows-Sysmon/Operational,win10-2,4,Information,<Param>RG=FileCreate Include Group</Param><Param>2023-05-01 10:28:08.823</Param><Param>{D5540B43-93C0-644F-6A02-000000000700}</Param><Param>7612</Param><Param>C:\Packages\Plugins\Microsoft.EnterpriseCloud.Monitoring.MicrosoftMonitoringAgent\1.0.18067.0\MMAExtensionHeartbeatService.exe</Param><Param>C:\Packages\Plugins\Microsoft.EnterpriseCloud.Monitoring.MicrosoftMonitoringAgent\1.0.18067.0\Status\HeartBeat.Json</Param><Param>2023-05-01 10:25:35.363</Param><Param>NT AUTHORITY\SYSTEM</Param>,"<DataItem type=""System.XmlData"" time=""2023-05-01T10:28:08.8310146+00:00"" sourceHealthServiceId=""CF1209A0-2624-0566-5F2A-730DF513CC05""><EventData xmlns=""http://schemas.microsoft.com/win/2004/08/events/event""><Data Name=""RuleName"">RG=FileCreate Include Group</Data><Data Name=""UtcTime"">2023-05-01 10:28:08.823</Data><Data Name=""ProcessGuid"">{d5540b43-93c0-644f-6a02-000000000700}</Data><Data Name=""ProcessId"">7612</Data><Data Name=""Image"">C:\Packages\Plugins\Microsoft.EnterpriseCloud.Monitoring.MicrosoftMonitoringAgent\1.0.18067.0\MMAExtensionHeartbeatService.exe</Data><Data Name=""TargetFilename"">C:\Packages\Plugins\Microsoft.EnterpriseCloud.Monitoring.MicrosoftMonitoringAgent\1.0.18067.0\Status\HeartBeat.Json</Data><Data Name=""CreationUtcTime"">2023-05-01 10:25:35.363</Data><Data Name=""User"">NT AUTHORITY\SYSTEM</Data></EventData></DataItem>",11,File created: RuleName: RG=FileCreate Include Group UtcTime: 2023-05-01 10:28:08.823 ProcessGuid: {D5540B43-93C0-644F-6A02-000000000700} ProcessId: 7612 Image: C:\Packages\Plugins\Microsoft.EnterpriseCloud.Monitoring.MicrosoftMonitoringAgent\1.0.18067.0\MMAExtensionHeartbeatService.exe TargetFilename: C:\Packages\Plugins\Microsoft.EnterpriseCloud.Monitoring.MicrosoftMonitoringAgent\1.0.18067.0\Status\HeartBeat.Json CreationUtcTime: 2023-05-01 10:25:35.363 User: NT AUTHORITY\SYSTEM ,,,11,NT AUTHORITY\SYSTEM,,00000000-0000-0000-0000-000000000001,AOI-39743c52-8e86-43b1-987e-cc5d848ecce7,Event,/subscriptions/9ecb8278-6c96-45d4-a456-c17f6976425f/resourcegroups/test_1/providers/microsoft.compute/virtualmachines/win10-2
39743c52-8e86-43b1-987e-cc5d848ecce7,OpsManager,2023-05-01T10:28:12.2314676Z,Microsoft-Windows-Sysmon,Microsoft-Windows-Sysmon/Operational,win10-2,4,Information,<Param>RG=FileCreate Include Group</Param><Param>2023-05-01 10:28:12.224</Param><Param>{D5540B43-8E51-644F-1B01-000000000700}</Param><Param>5248</Param><Param>C:\WindowsAzure\GuestAgent_2.7.41491.1083_2023-05-01_100201\WindowsAzureGuestAgent.exe</Param><Param>C:\WindowsAzure\Logs\AggregateStatus\aggregatestatus.json</Param><Param>2023-05-01 10:02:30.767</Param><Param>NT AUTHORITY\SYSTEM</Param>,"<DataItem type=""System.XmlData"" time=""2023-05-01T10:28:12.2314676+00:00"" sourceHealthServiceId=""CF1209A0-2624-0566-5F2A-730DF513CC05""><EventData xmlns=""http://schemas.microsoft.com/win/2004/08/events/event""><Data Name=""RuleName"">RG=FileCreate Include Group</Data><Data Name=""UtcTime"">2023-05-01 10:28:12.224</Data><Data Name=""ProcessGuid"">{d5540b43-8e51-644f-1b01-000000000700}</Data><Data Name=""ProcessId"">5248</Data><Data Name=""Image"">C:\WindowsAzure\GuestAgent_2.7.41491.1083_2023-05-01_100201\WindowsAzureGuestAgent.exe</Data><Data Name=""TargetFilename"">C:\WindowsAzure\Logs\AggregateStatus\aggregatestatus.json</Data><Data Name=""CreationUtcTime"">2023-05-01 10:02:30.767</Data><Data Name=""User"">NT AUTHORITY\SYSTEM</Data></EventData></DataItem>",11,File created: RuleName: RG=FileCreate Include Group UtcTime: 2023-05-01 10:28:12.224 ProcessGuid: {D5540B43-8E51-644F-1B01-000000000700} ProcessId: 5248 Image: C:\WindowsAzure\GuestAgent_2.7.41491.1083_2023-05-01_100201\WindowsAzureGuestAgent.exe TargetFilename: C:\WindowsAzure\Logs\AggregateStatus\aggregatestatus.json CreationUtcTime: 2023-05-01 10:02:30.767 User: NT AUTHORITY\SYSTEM ,,,11,NT AUTHORITY\SYSTEM,,00000000-0000-0000-0000-000000000001,AOI-39743c52-8e86-43b1-987e-cc5d848ecce7,Event,/subscriptions/9ecb8278-6c96-45d4-a456-c17f6976425f/resourcegroups/test_1/providers/microsoft.compute/virtualmachines/win10-2
39743c52-8e86-43b1-987e-cc5d848ecce7,OpsManager,2023-05-01T10:28:12.8964822Z,Microsoft-Windows-Sysmon,Microsoft-Windows-Sysmon/Operational,win10-2,4,Information,"<Param>Attack=None,Technique=None,Tactic=None,DS=Network Traffic: Network Connection Creation,Level=0,Desc=Non-Browsers Accessing HTTP</Param><Param>2023-05-01 10:28:11.655</Param><Param>{D5540B43-8E51-644F-1B01-000000000700}</Param><Param>5248</Param><Param>C:\WindowsAzure\GuestAgent_2.7.41491.1083_2023-05-01_100201\WindowsAzureGuestAgent.exe</Param><Param>NT AUTHORITY\SYSTEM</Param><Param>tcp</Param><Param>TRUE</Param><Param>FALSE</Param><Param>10.0.0.12</Param><Param>win10-2.n2lktqibtimupkzgx0j3ic54pc.hx.internal.cloudapp.net</Param><Param>50234</Param><Param>-</Param><Param>FALSE</Param><Param>168.63.129.16</Param><Param>-</Param><Param>80</Param><Param>http</Param>","<DataItem type=""System.XmlData"" time=""2023-05-01T10:28:12.8964822+00:00"" sourceHealthServiceId=""CF1209A0-2624-0566-5F2A-730DF513CC05""><EventData xmlns=""http://schemas.microsoft.com/win/2004/08/events/event""><Data Name=""RuleName"">Attack=None,Technique=None,Tactic=None,DS=Network Traffic: Network Connection Creation,Level=0,Desc=Non-Browsers Accessing HTTP</Data><Data Name=""UtcTime"">2023-05-01 10:28:11.655</Data><Data Name=""ProcessGuid"">{d5540b43-8e51-644f-1b01-000000000700}</Data><Data Name=""ProcessId"">5248</Data><Data Name=""Image"">C:\WindowsAzure\GuestAgent_2.7.41491.1083_2023-05-01_100201\WindowsAzureGuestAgent.exe</Data><Data Name=""User"">NT AUTHORITY\SYSTEM</Data><Data Name=""Protocol"">tcp</Data><Data Name=""Initiated"">true</Data><Data Name=""SourceIsIpv6"">false</Data><Data Name=""SourceIp"">10.0.0.12</Data><Data Name=""SourceHostname"">win10-2.n2lktqibtimupkzgx0j3ic54pc.hx.internal.cloudapp.net</Data><Data Name=""SourcePort"">50234</Data><Data Name=""SourcePortName"">-</Data><Data Name=""DestinationIsIpv6"">false</Data><Data Name=""DestinationIp"">168.63.129.16</Data><Data Name=""DestinationHostname"">-</Data><Data Name=""DestinationPort"">80</Data><Data Name=""DestinationPortName"">http</Data></EventData></DataItem>",3,"Network connection detected: RuleName: Attack=None,Technique=None,Tactic=None,DS=Network Traffic: Network Connection Creation,Level=0,Desc=Non-Browsers Accessing HTTP UtcTime: 2023-05-01 10:28:11.655 ProcessGuid: {D5540B43-8E51-644F-1B01-000000000700} ProcessId: 5248 Image: C:\WindowsAzure\GuestAgent_2.7.41491.1083_2023-05-01_100201\WindowsAzureGuestAgent.exe User: NT AUTHORITY\SYSTEM Protocol: tcp Initiated: TRUE SourceIsIpv6: FALSE SourceIp: 10.0.0.12 SourceHostname: win10-2.n2lktqibtimupkzgx0j3ic54pc.hx.internal.cloudapp.net SourcePort: 50234 SourcePortName: - DestinationIsIpv6: FALSE DestinationIp: 168.63.129.16 DestinationHostname: - DestinationPort: 80 DestinationPortName: http ",,,3,NT AUTHORITY\SYSTEM,,00000000-0000-0000-0000-000000000001,AOI-39743c52-8e86-43b1-987e-cc5d848ecce7,Event,/subscriptions/9ecb8278-6c96-45d4-a456-c17f6976425f/resourcegroups/test_1/providers/microsoft.compute/virtualmachines/win10-2
39743c52-8e86-43b1-987e-cc5d848ecce7,OpsManager,2023-05-01T10:28:27.2546672Z,Microsoft-Windows-Sysmon,Microsoft-Windows-Sysmon/Operational,win10-2,4,Information,<Param>RG=FileCreate Include Group</Param><Param>2023-05-01 10:28:27.248</Param><Param>{D5540B43-8E51-644F-1B01-000000000700}</Param><Param>5248</Param><Param>C:\WindowsAzure\GuestAgent_2.7.41491.1083_2023-05-01_100201\WindowsAzureGuestAgent.exe</Param><Param>C:\WindowsAzure\Logs\AggregateStatus\aggregatestatus.json</Param><Param>2023-05-01 10:02:30.767</Param><Param>NT AUTHORITY\SYSTEM</Param>,"<DataItem type=""System.XmlData"" time=""2023-05-01T10:28:27.2546672+00:00"" sourceHealthServiceId=""CF1209A0-2624-0566-5F2A-730DF513CC05""><EventData xmlns=""http://schemas.microsoft.com/win/2004/08/events/event""><Data Name=""RuleName"">RG=FileCreate Include Group</Data><Data Name=""UtcTime"">2023-05-01 10:28:27.248</Data><Data Name=""ProcessGuid"">{d5540b43-8e51-644f-1b01-000000000700}</Data><Data Name=""ProcessId"">5248</Data><Data Name=""Image"">C:\WindowsAzure\GuestAgent_2.7.41491.1083_2023-05-01_100201\WindowsAzureGuestAgent.exe</Data><Data Name=""TargetFilename"">C:\WindowsAzure\Logs\AggregateStatus\aggregatestatus.json</Data><Data Name=""CreationUtcTime"">2023-05-01 10:02:30.767</Data><Data Name=""User"">NT AUTHORITY\SYSTEM</Data></EventData></DataItem>",11,File created: RuleName: RG=FileCreate Include Group UtcTime: 2023-05-01 10:28:27.248 ProcessGuid: {D5540B43-8E51-644F-1B01-000000000700} ProcessId: 5248 Image: C:\WindowsAzure\GuestAgent_2.7.41491.1083_2023-05-01_100201\WindowsAzureGuestAgent.exe TargetFilename: C:\WindowsAzure\Logs\AggregateStatus\aggregatestatus.json CreationUtcTime: 2023-05-01 10:02:30.767 User: NT AUTHORITY\SYSTEM ,,,11,NT AUTHORITY\SYSTEM,,00000000-0000-0000-0000-000000000001,AOI-39743c52-8e86-43b1-987e-cc5d848ecce7,Event,/subscriptions/9ecb8278-6c96-45d4-a456-c17f6976425f/resourcegroups/test_1/providers/microsoft.compute/virtualmachines/win10-2
39743c52-8e86-43b1-987e-cc5d848ecce7,OpsManager,2023-05-01T10:28:28.1568496Z,Microsoft-Windows-Sysmon,Microsoft-Windows-Sysmon/Operational,win10-2,4,Information,"<Param>Attack=None,Technique=None,Tactic=None,DS=Network Traffic: Network Connection Creation,Level=0,Desc=Non-Browsers Accessing HTTP</Param><Param>2023-05-01 10:28:26.668</Param><Param>{D5540B43-8E51-644F-1B01-000000000700}</Param><Param>5248</Param><Param>C:\WindowsAzure\GuestAgent_2.7.41491.1083_2023-05-01_100201\WindowsAzureGuestAgent.exe</Param><Param>NT AUTHORITY\SYSTEM</Param><Param>tcp</Param><Param>TRUE</Param><Param>FALSE</Param><Param>10.0.0.12</Param><Param>win10-2.n2lktqibtimupkzgx0j3ic54pc.hx.internal.cloudapp.net</Param><Param>50236</Param><Param>-</Param><Param>FALSE</Param><Param>168.63.129.16</Param><Param>-</Param><Param>80</Param><Param>http</Param>","<DataItem type=""System.XmlData"" time=""2023-05-01T10:28:28.1568496+00:00"" sourceHealthServiceId=""CF1209A0-2624-0566-5F2A-730DF513CC05""><EventData xmlns=""http://schemas.microsoft.com/win/2004/08/events/event""><Data Name=""RuleName"">Attack=None,Technique=None,Tactic=None,DS=Network Traffic: Network Connection Creation,Level=0,Desc=Non-Browsers Accessing HTTP</Data><Data Name=""UtcTime"">2023-05-01 10:28:26.668</Data><Data Name=""ProcessGuid"">{d5540b43-8e51-644f-1b01-000000000700}</Data><Data Name=""ProcessId"">5248</Data><Data Name=""Image"">C:\WindowsAzure\GuestAgent_2.7.41491.1083_2023-05-01_100201\WindowsAzureGuestAgent.exe</Data><Data Name=""User"">NT AUTHORITY\SYSTEM</Data><Data Name=""Protocol"">tcp</Data><Data Name=""Initiated"">true</Data><Data Name=""SourceIsIpv6"">false</Data><Data Name=""SourceIp"">10.0.0.12</Data><Data Name=""SourceHostname"">win10-2.n2lktqibtimupkzgx0j3ic54pc.hx.internal.cloudapp.net</Data><Data Name=""SourcePort"">50236</Data><Data Name=""SourcePortName"">-</Data><Data Name=""DestinationIsIpv6"">false</Data><Data Name=""DestinationIp"">168.63.129.16</Data><Data Name=""DestinationHostname"">-</Data><Data Name=""DestinationPort"">80</Data><Data Name=""DestinationPortName"">http</Data></EventData></DataItem>",3,"Network connection detected: RuleName: Attack=None,Technique=None,Tactic=None,DS=Network Traffic: Network Connection Creation,Level=0,Desc=Non-Browsers Accessing HTTP UtcTime: 2023-05-01 10:28:26.668 ProcessGuid: {D5540B43-8E51-644F-1B01-000000000700} ProcessId: 5248 Image: C:\WindowsAzure\GuestAgent_2.7.41491.1083_2023-05-01_100201\WindowsAzureGuestAgent.exe User: NT AUTHORITY\SYSTEM Protocol: tcp Initiated: TRUE SourceIsIpv6: FALSE SourceIp: 10.0.0.12 SourceHostname: win10-2.n2lktqibtimupkzgx0j3ic54pc.hx.internal.cloudapp.net SourcePort: 50236 SourcePortName: - DestinationIsIpv6: FALSE DestinationIp: 168.63.129.16 DestinationHostname: - DestinationPort: 80 DestinationPortName: http ",,,3,NT AUTHORITY\SYSTEM,,00000000-0000-0000-0000-000000000001,AOI-39743c52-8e86-43b1-987e-cc5d848ecce7,Event,/subscriptions/9ecb8278-6c96-45d4-a456-c17f6976425f/resourcegroups/test_1/providers/microsoft.compute/virtualmachines/win10-2
