39743c52-8e86-43b1-987e-cc5d848ecce7,OpsManager,2023-05-01T10:32:12.9036843Z,Microsoft-Windows-Sysmon,Microsoft-Windows-Sysmon/Operational,win10-2,4,Information,"<Param>Attack=None,Technique=None,Tactic=None,DS=Network Traffic: Network Connection Creation,Level=0,Desc=Non-Browsers Accessing HTTP</Param><Param>2023-05-01 10:32:11.816</Param><Param>{D5540B43-8E51-644F-1B01-000000000700}</Param><Param>5248</Param><Param>C:\WindowsAzure\GuestAgent_2.7.41491.1083_2023-05-01_100201\WindowsAzureGuestAgent.exe</Param><Param>NT AUTHORITY\SYSTEM</Param><Param>tcp</Param><Param>TRUE</Param><Param>FALSE</Param><Param>10.0.0.12</Param><Param>win10-2.n2lktqibtimupkzgx0j3ic54pc.hx.internal.cloudapp.net</Param><Param>50256</Param><Param>-</Param><Param>FALSE</Param><Param>168.63.129.16</Param><Param>-</Param><Param>80</Param><Param>http</Param>","<DataItem type=""System.XmlData"" time=""2023-05-01T10:32:12.9036843+00:00"" sourceHealthServiceId=""CF1209A0-2624-0566-5F2A-730DF513CC05""><EventData xmlns=""http://schemas.microsoft.com/win/2004/08/events/event""><Data Name=""RuleName"">Attack=None,Technique=None,Tactic=None,DS=Network Traffic: Network Connection Creation,Level=0,Desc=Non-Browsers Accessing HTTP</Data><Data Name=""UtcTime"">2023-05-01 10:32:11.816</Data><Data Name=""ProcessGuid"">{d5540b43-8e51-644f-1b01-000000000700}</Data><Data Name=""ProcessId"">5248</Data><Data Name=""Image"">C:\WindowsAzure\GuestAgent_2.7.41491.1083_2023-05-01_100201\WindowsAzureGuestAgent.exe</Data><Data Name=""User"">NT AUTHORITY\SYSTEM</Data><Data Name=""Protocol"">tcp</Data><Data Name=""Initiated"">true</Data><Data Name=""SourceIsIpv6"">false</Data><Data Name=""SourceIp"">10.0.0.12</Data><Data Name=""SourceHostname"">win10-2.n2lktqibtimupkzgx0j3ic54pc.hx.internal.cloudapp.net</Data><Data Name=""SourcePort"">50256</Data><Data Name=""SourcePortName"">-</Data><Data Name=""DestinationIsIpv6"">false</Data><Data Name=""DestinationIp"">168.63.129.16</Data><Data Name=""DestinationHostname"">-</Data><Data Name=""DestinationPort"">80</Data><Data Name=""DestinationPortName"">http</Data></EventData></DataItem>",3,"Network connection detected: RuleName: Attack=None,Technique=None,Tactic=None,DS=Network Traffic: Network Connection Creation,Level=0,Desc=Non-Browsers Accessing HTTP UtcTime: 2023-05-01 10:32:11.816 ProcessGuid: {D5540B43-8E51-644F-1B01-000000000700} ProcessId: 5248 Image: C:\WindowsAzure\GuestAgent_2.7.41491.1083_2023-05-01_100201\WindowsAzureGuestAgent.exe User: NT AUTHORITY\SYSTEM Protocol: tcp Initiated: TRUE SourceIsIpv6: FALSE SourceIp: 10.0.0.12 SourceHostname: win10-2.n2lktqibtimupkzgx0j3ic54pc.hx.internal.cloudapp.net SourcePort: 50256 SourcePortName: - DestinationIsIpv6: FALSE DestinationIp: 168.63.129.16 DestinationHostname: - DestinationPort: 80 DestinationPortName: http ",,,3,NT AUTHORITY\SYSTEM,,00000000-0000-0000-0000-000000000001,AOI-39743c52-8e86-43b1-987e-cc5d848ecce7,Event,/subscriptions/9ecb8278-6c96-45d4-a456-c17f6976425f/resourcegroups/test_1/providers/microsoft.compute/virtualmachines/win10-2
39743c52-8e86-43b1-987e-cc5d848ecce7,OpsManager,2023-05-01T10:32:25.0116822Z,Microsoft-Windows-Sysmon,Microsoft-Windows-Sysmon/Operational,win10-2,4,Information,"<Param>Attack=T1059,Technique=Visual Basic,Tactic=Execution,DS=Process: Process Creation,UEBA=Suspicious WSCRIPT Command Line,Risk=50</Param><Param>2023-05-01 10:32:25.007</Param><Param>{D5540B43-9539-644F-8402-000000000700}</Param><Param>9752</Param><Param>C:\Windows\System32\cscript.exe</Param><Param>5.812.10240.16384</Param><Param>Microsoft ® Console Based Script Host</Param><Param>Microsoft ® Windows Script Host</Param><Param>Microsoft Corporation</Param><Param>cscript.exe</Param><Param>""C:\Windows\system32\cscript.exe"" /nologo ""MonitorKnowledgeDiscovery.vbs""</Param><Param>C:\Program Files\Microsoft Monitoring Agent\Agent\Health Service State\Monitoring Host Temporary Files 1\32\</Param><Param>NT AUTHORITY\SYSTEM</Param><Param>{D5540B43-8DB6-644F-E703-000000000000}</Param><Param>0x3e7</Param><Param>0</Param><Param>System</Param><Param>SHA1=CDFE517D07F18623778829AA98D6BBADD3F294CD,MD5=24590BF74BBBBFD7D7AC070F4E3C44FD,SHA256=AE37FD1B642E797B36B9FFCEC8A6E986732D011681061800C6B74426C28A9D03,IMPHASH=2B44D2206B9865383429E9C1524F1CAC</Param><Param>{D5540B43-93CA-644F-6B02-000000000700}</Param><Param>5364</Param><Param>C:\Program Files\Microsoft Monitoring Agent\Agent\MonitoringHost.exe</Param><Param>""C:\Program Files\Microsoft Monitoring Agent\Agent\MonitoringHost.exe"" -Embedding</Param><Param>NT AUTHORITY\SYSTEM</Param>","<DataItem type=""System.XmlData"" time=""2023-05-01T10:32:25.0116822+00:00"" sourceHealthServiceId=""CF1209A0-2624-0566-5F2A-730DF513CC05""><EventData xmlns=""http://schemas.microsoft.com/win/2004/08/events/event""><Data Name=""RuleName"">Attack=T1059,Technique=Visual Basic,Tactic=Execution,DS=Process: Process Creation,UEBA=Suspicious WSCRIPT Command Line,Risk=50</Data><Data Name=""UtcTime"">2023-05-01 10:32:25.007</Data><Data Name=""ProcessGuid"">{d5540b43-9539-644f-8402-000000000700}</Data><Data Name=""ProcessId"">9752</Data><Data Name=""Image"">C:\Windows\System32\cscript.exe</Data><Data Name=""FileVersion"">5.812.10240.16384</Data><Data Name=""Description"">Microsoft ® Console Based Script Host</Data><Data Name=""Product"">Microsoft ® Windows Script Host</Data><Data Name=""Company"">Microsoft Corporation</Data><Data Name=""OriginalFileName"">cscript.exe</Data><Data Name=""CommandLine"">""C:\Windows\system32\cscript.exe"" /nologo ""MonitorKnowledgeDiscovery.vbs""</Data><Data Name=""CurrentDirectory"">C:\Program Files\Microsoft Monitoring Agent\Agent\Health Service State\Monitoring Host Temporary Files 1\32\</Data><Data Name=""User"">NT AUTHORITY\SYSTEM</Data><Data Name=""LogonGuid"">{d5540b43-8db6-644f-e703-000000000000}</Data><Data Name=""LogonId"">0x3e7</Data><Data Name=""TerminalSessionId"">0</Data><Data Name=""IntegrityLevel"">System</Data><Data Name=""Hashes"">SHA1=CDFE517D07F18623778829AA98D6BBADD3F294CD,MD5=24590BF74BBBBFD7D7AC070F4E3C44FD,SHA256=AE37FD1B642E797B36B9FFCEC8A6E986732D011681061800C6B74426C28A9D03,IMPHASH=2B44D2206B9865383429E9C1524F1CAC</Data><Data Name=""ParentProcessGuid"">{d5540b43-93ca-644f-6b02-000000000700}</Data><Data Name=""ParentProcessId"">5364</Data><Data Name=""ParentImage"">C:\Program Files\Microsoft Monitoring Agent\Agent\MonitoringHost.exe</Data><Data Name=""ParentCommandLine"">""C:\Program Files\Microsoft Monitoring Agent\Agent\MonitoringHost.exe"" -Embedding</Data><Data Name=""ParentUser"">NT AUTHORITY\SYSTEM</Data></EventData></DataItem>",1,"Process Create: RuleName: Attack=T1059,Technique=Visual Basic,Tactic=Execution,DS=Process: Process Creation,UEBA=Suspicious WSCRIPT Command Line,Risk=50 UtcTime: 2023-05-01 10:32:25.007 ProcessGuid: {D5540B43-9539-644F-8402-000000000700} ProcessId: 9752 Image: C:\Windows\System32\cscript.exe FileVersion: 5.812.10240.16384 Description: Microsoft ® Console Based Script Host Product: Microsoft ® Windows Script Host Company: Microsoft Corporation OriginalFileName: cscript.exe CommandLine: ""C:\Windows\system32\cscript.exe"" /nologo ""MonitorKnowledgeDiscovery.vbs"" CurrentDirectory: C:\Program Files\Microsoft Monitoring Agent\Agent\Health Service State\Monitoring Host Temporary Files 1\32\ User: NT AUTHORITY\SYSTEM LogonGuid: {D5540B43-8DB6-644F-E703-000000000000} LogonId: 0x3e7 TerminalSessionId: 0 IntegrityLevel: System Hashes: SHA1=CDFE517D07F18623778829AA98D6BBADD3F294CD,MD5=24590BF74BBBBFD7D7AC070F4E3C44FD,SHA256=AE37FD1B642E797B36B9FFCEC8A6E986732D011681061800C6B74426C28A9D03,IMPHASH=2B44D2206B9865383429E9C1524F1CAC ParentProcessGuid: {D5540B43-93CA-644F-6B02-000000000700} ParentProcessId: 5364 ParentImage: C:\Program Files\Microsoft Monitoring Agent\Agent\MonitoringHost.exe ParentCommandLine: ""C:\Program Files\Microsoft Monitoring Agent\Agent\MonitoringHost.exe"" -Embedding ParentUser: NT AUTHORITY\SYSTEM ",,,1,NT AUTHORITY\SYSTEM,,00000000-0000-0000-0000-000000000001,AOI-39743c52-8e86-43b1-987e-cc5d848ecce7,Event,/subscriptions/9ecb8278-6c96-45d4-a456-c17f6976425f/resourcegroups/test_1/providers/microsoft.compute/virtualmachines/win10-2
39743c52-8e86-43b1-987e-cc5d848ecce7,OpsManager,2023-05-01T10:32:25.2897942Z,Microsoft-Windows-Sysmon,Microsoft-Windows-Sysmon/Operational,win10-2,4,Information,"<Param>Attack=None,Technique=None,Tactic=None,DS=Module: Module Load,Level=0,Desc=Powershell Not Loading AMSI.dll</Param><Param>2023-05-01 10:32:25.287</Param><Param>{D5540B43-9539-644F-8402-000000000700}</Param><Param>9752</Param><Param>C:\Windows\System32\cscript.exe</Param><Param>C:\Windows\System32\amsi.dll</Param><Param>10.0.19041.2075 (WinBuild.160101.0800)</Param><Param>Anti-Malware Scan Interface</Param><Param>Microsoft® Windows® Operating System</Param><Param>Microsoft Corporation</Param><Param>amsi.dll</Param><Param>SHA1=B6A0B7755F49B1678F16550A14E7D6DB3840097A,MD5=31A4B9E4D7F90542E09F4A6393567CD7,SHA256=F45D7BD641694B1351B1F003B95586F5456F3BCC508CF8AE323DE95115557C07,IMPHASH=C414C6B76EBCEEF67B5B752A7E51D4D2</Param><Param>true</Param><Param>Microsoft Windows</Param><Param>Valid</Param><Param>NT AUTHORITY\SYSTEM</Param>","<DataItem type=""System.XmlData"" time=""2023-05-01T10:32:25.2897942+00:00"" sourceHealthServiceId=""CF1209A0-2624-0566-5F2A-730DF513CC05""><EventData xmlns=""http://schemas.microsoft.com/win/2004/08/events/event""><Data Name=""RuleName"">Attack=None,Technique=None,Tactic=None,DS=Module: Module Load,Level=0,Desc=Powershell Not Loading AMSI.dll</Data><Data Name=""UtcTime"">2023-05-01 10:32:25.287</Data><Data Name=""ProcessGuid"">{d5540b43-9539-644f-8402-000000000700}</Data><Data Name=""ProcessId"">9752</Data><Data Name=""Image"">C:\Windows\System32\cscript.exe</Data><Data Name=""ImageLoaded"">C:\Windows\System32\amsi.dll</Data><Data Name=""FileVersion"">10.0.19041.2075 (WinBuild.160101.0800)</Data><Data Name=""Description"">Anti-Malware Scan Interface</Data><Data Name=""Product"">Microsoft® Windows® Operating System</Data><Data Name=""Company"">Microsoft Corporation</Data><Data Name=""OriginalFileName"">amsi.dll</Data><Data Name=""Hashes"">SHA1=B6A0B7755F49B1678F16550A14E7D6DB3840097A,MD5=31A4B9E4D7F90542E09F4A6393567CD7,SHA256=F45D7BD641694B1351B1F003B95586F5456F3BCC508CF8AE323DE95115557C07,IMPHASH=C414C6B76EBCEEF67B5B752A7E51D4D2</Data><Data Name=""Signed"">true</Data><Data Name=""Signature"">Microsoft Windows</Data><Data Name=""SignatureStatus"">Valid</Data><Data Name=""User"">NT AUTHORITY\SYSTEM</Data></EventData></DataItem>",7,"Image loaded: RuleName: Attack=None,Technique=None,Tactic=None,DS=Module: Module Load,Level=0,Desc=Powershell Not Loading AMSI.dll UtcTime: 2023-05-01 10:32:25.287 ProcessGuid: {D5540B43-9539-644F-8402-000000000700} ProcessId: 9752 Image: C:\Windows\System32\cscript.exe ImageLoaded: C:\Windows\System32\amsi.dll FileVersion: 10.0.19041.2075 (WinBuild.160101.0800) Description: Anti-Malware Scan Interface Product: Microsoft® Windows® Operating System Company: Microsoft Corporation OriginalFileName: amsi.dll Hashes: SHA1=B6A0B7755F49B1678F16550A14E7D6DB3840097A,MD5=31A4B9E4D7F90542E09F4A6393567CD7,SHA256=F45D7BD641694B1351B1F003B95586F5456F3BCC508CF8AE323DE95115557C07,IMPHASH=C414C6B76EBCEEF67B5B752A7E51D4D2 Signed: true Signature: Microsoft Windows SignatureStatus: Valid User: NT AUTHORITY\SYSTEM ",,,7,NT AUTHORITY\SYSTEM,,00000000-0000-0000-0000-000000000001,AOI-39743c52-8e86-43b1-987e-cc5d848ecce7,Event,/subscriptions/9ecb8278-6c96-45d4-a456-c17f6976425f/resourcegroups/test_1/providers/microsoft.compute/virtualmachines/win10-2
39743c52-8e86-43b1-987e-cc5d848ecce7,OpsManager,2023-05-01T10:32:25.3911713Z,Microsoft-Windows-Sysmon,Microsoft-Windows-Sysmon/Operational,win10-2,4,Information,"<Param>RG=Image Load Includes</Param><Param>2023-05-01 10:32:25.381</Param><Param>{D5540B43-9539-644F-8402-000000000700}</Param><Param>9752</Param><Param>C:\Windows\System32\cscript.exe</Param><Param>C:\Windows\System32\scrobj.dll</Param><Param>5.812.10240.16384</Param><Param>Windows ® Script Component Runtime</Param><Param>Microsoft ® Windows ® Script Component Runtime</Param><Param>Microsoft Corporation</Param><Param>scrobj.dll</Param><Param>SHA1=35CACF1ADA899882019C97BBF044E3B011EBA987,MD5=3BAC5E5C39B9787E3672ACBFABE438D1,SHA256=164EA0913EF910084147CAB550C12B8F12C710A3F1BADF4A26C6691517A031C4,IMPHASH=C928D4D30D6B6FC0A3B011AA381044CA</Param><Param>true</Param><Param>Microsoft Windows</Param><Param>Valid</Param><Param>NT AUTHORITY\SYSTEM</Param>","<DataItem type=""System.XmlData"" time=""2023-05-01T10:32:25.3911713+00:00"" sourceHealthServiceId=""CF1209A0-2624-0566-5F2A-730DF513CC05""><EventData xmlns=""http://schemas.microsoft.com/win/2004/08/events/event""><Data Name=""RuleName"">RG=Image Load Includes</Data><Data Name=""UtcTime"">2023-05-01 10:32:25.381</Data><Data Name=""ProcessGuid"">{d5540b43-9539-644f-8402-000000000700}</Data><Data Name=""ProcessId"">9752</Data><Data Name=""Image"">C:\Windows\System32\cscript.exe</Data><Data Name=""ImageLoaded"">C:\Windows\System32\scrobj.dll</Data><Data Name=""FileVersion"">5.812.10240.16384</Data><Data Name=""Description"">Windows ® Script Component Runtime</Data><Data Name=""Product"">Microsoft ® Windows ® Script Component Runtime</Data><Data Name=""Company"">Microsoft Corporation</Data><Data Name=""OriginalFileName"">scrobj.dll</Data><Data Name=""Hashes"">SHA1=35CACF1ADA899882019C97BBF044E3B011EBA987,MD5=3BAC5E5C39B9787E3672ACBFABE438D1,SHA256=164EA0913EF910084147CAB550C12B8F12C710A3F1BADF4A26C6691517A031C4,IMPHASH=C928D4D30D6B6FC0A3B011AA381044CA</Data><Data Name=""Signed"">true</Data><Data Name=""Signature"">Microsoft Windows</Data><Data Name=""SignatureStatus"">Valid</Data><Data Name=""User"">NT AUTHORITY\SYSTEM</Data></EventData></DataItem>",7,"Image loaded: RuleName: RG=Image Load Includes UtcTime: 2023-05-01 10:32:25.381 ProcessGuid: {D5540B43-9539-644F-8402-000000000700} ProcessId: 9752 Image: C:\Windows\System32\cscript.exe ImageLoaded: C:\Windows\System32\scrobj.dll FileVersion: 5.812.10240.16384 Description: Windows ® Script Component Runtime Product: Microsoft ® Windows ® Script Component Runtime Company: Microsoft Corporation OriginalFileName: scrobj.dll Hashes: SHA1=35CACF1ADA899882019C97BBF044E3B011EBA987,MD5=3BAC5E5C39B9787E3672ACBFABE438D1,SHA256=164EA0913EF910084147CAB550C12B8F12C710A3F1BADF4A26C6691517A031C4,IMPHASH=C928D4D30D6B6FC0A3B011AA381044CA Signed: true Signature: Microsoft Windows SignatureStatus: Valid User: NT AUTHORITY\SYSTEM ",,,7,NT AUTHORITY\SYSTEM,,00000000-0000-0000-0000-000000000001,AOI-39743c52-8e86-43b1-987e-cc5d848ecce7,Event,/subscriptions/9ecb8278-6c96-45d4-a456-c17f6976425f/resourcegroups/test_1/providers/microsoft.compute/virtualmachines/win10-2
39743c52-8e86-43b1-987e-cc5d848ecce7,OpsManager,2023-05-01T10:32:25.4970913Z,Microsoft-Windows-Sysmon,Microsoft-Windows-Sysmon/Operational,win10-2,4,Information,"<Param>Attack=None,Technique=None,Tactic=None,DS=Process: Process Termination,Level=0,Desc=Process Termination Events in Windows Directory</Param><Param>2023-05-01 10:32:25.490</Param><Param>{D5540B43-9539-644F-8402-000000000700}</Param><Param>9752</Param><Param>C:\Windows\System32\cscript.exe</Param><Param>NT AUTHORITY\SYSTEM</Param>","<DataItem type=""System.XmlData"" time=""2023-05-01T10:32:25.4970913+00:00"" sourceHealthServiceId=""CF1209A0-2624-0566-5F2A-730DF513CC05""><EventData xmlns=""http://schemas.microsoft.com/win/2004/08/events/event""><Data Name=""RuleName"">Attack=None,Technique=None,Tactic=None,DS=Process: Process Termination,Level=0,Desc=Process Termination Events in Windows Directory</Data><Data Name=""UtcTime"">2023-05-01 10:32:25.490</Data><Data Name=""ProcessGuid"">{d5540b43-9539-644f-8402-000000000700}</Data><Data Name=""ProcessId"">9752</Data><Data Name=""Image"">C:\Windows\System32\cscript.exe</Data><Data Name=""User"">NT AUTHORITY\SYSTEM</Data></EventData></DataItem>",5,"Process terminated: RuleName: Attack=None,Technique=None,Tactic=None,DS=Process: Process Termination,Level=0,Desc=Process Termination Events in Windows Directory UtcTime: 2023-05-01 10:32:25.490 ProcessGuid: {D5540B43-9539-644F-8402-000000000700} ProcessId: 9752 Image: C:\Windows\System32\cscript.exe User: NT AUTHORITY\SYSTEM ",,,5,NT AUTHORITY\SYSTEM,,00000000-0000-0000-0000-000000000001,AOI-39743c52-8e86-43b1-987e-cc5d848ecce7,Event,/subscriptions/9ecb8278-6c96-45d4-a456-c17f6976425f/resourcegroups/test_1/providers/microsoft.compute/virtualmachines/win10-2
39743c52-8e86-43b1-987e-cc5d848ecce7,OpsManager,2023-05-01T10:32:25.5015102Z,Microsoft-Windows-Sysmon,Microsoft-Windows-Sysmon/Operational,win10-2,4,Information,"<Param>Attack=None,Technique=None,Tactic=None,DS=Process: Process Termination,Level=0,Desc=Process Termination Events in Windows Directory</Param><Param>2023-05-01 10:32:25.490</Param><Param>{D5540B43-9539-644F-8502-000000000700}</Param><Param>6608</Param><Param>C:\Windows\System32\conhost.exe</Param><Param>NT AUTHORITY\SYSTEM</Param>","<DataItem type=""System.XmlData"" time=""2023-05-01T10:32:25.5015102+00:00"" sourceHealthServiceId=""CF1209A0-2624-0566-5F2A-730DF513CC05""><EventData xmlns=""http://schemas.microsoft.com/win/2004/08/events/event""><Data Name=""RuleName"">Attack=None,Technique=None,Tactic=None,DS=Process: Process Termination,Level=0,Desc=Process Termination Events in Windows Directory</Data><Data Name=""UtcTime"">2023-05-01 10:32:25.490</Data><Data Name=""ProcessGuid"">{d5540b43-9539-644f-8502-000000000700}</Data><Data Name=""ProcessId"">6608</Data><Data Name=""Image"">C:\Windows\System32\conhost.exe</Data><Data Name=""User"">NT AUTHORITY\SYSTEM</Data></EventData></DataItem>",5,"Process terminated: RuleName: Attack=None,Technique=None,Tactic=None,DS=Process: Process Termination,Level=0,Desc=Process Termination Events in Windows Directory UtcTime: 2023-05-01 10:32:25.490 ProcessGuid: {D5540B43-9539-644F-8502-000000000700} ProcessId: 6608 Image: C:\Windows\System32\conhost.exe User: NT AUTHORITY\SYSTEM ",,,5,NT AUTHORITY\SYSTEM,,00000000-0000-0000-0000-000000000001,AOI-39743c52-8e86-43b1-987e-cc5d848ecce7,Event,/subscriptions/9ecb8278-6c96-45d4-a456-c17f6976425f/resourcegroups/test_1/providers/microsoft.compute/virtualmachines/win10-2
39743c52-8e86-43b1-987e-cc5d848ecce7,OpsManager,2023-05-01T10:32:25.823131Z,Microsoft-Windows-Sysmon,Microsoft-Windows-Sysmon/Operational,win10-2,4,Information,"<Param>Attack=T1021.003,Technique=Distributed Component Object Model,Tactic=Lateral Movement,DS=Process: Process Creation,Level=0,Desc=DCOM Launch</Param><Param>2023-05-01 10:32:25.816</Param><Param>{D5540B43-9539-644F-8602-000000000700}</Param><Param>5648</Param><Param>C:\Windows\System32\RuntimeBroker.exe</Param><Param>10.0.19041.746 (WinBuild.160101.0800)</Param><Param>Runtime Broker</Param><Param>Microsoft® Windows® Operating System</Param><Param>Microsoft Corporation</Param><Param>RuntimeBroker.exe</Param><Param>C:\Windows\System32\RuntimeBroker.exe -Embedding</Param><Param>C:\Windows\system32\</Param><Param>win10-2\azureuser</Param><Param>{D5540B43-8DF1-644F-2DB9-060000000000}</Param><Param>0x6b92d</Param><Param>2</Param><Param>High</Param><Param>SHA1=AB8539EF6B2A93FF9589DEC4B34A0257B6296C92,MD5=BA4CFE6461AFA1004C52F19C8F2169DC,SHA256=E86870769EE6C797E09457BD99C58D9BF2303CF0193A24EF9B1222C2C3DAF628,IMPHASH=D4D98ACF3243E0C97C83C6548571A44E</Param><Param>{D5540B43-8DB6-644F-0D00-000000000700}</Param><Param>840</Param><Param>C:\Windows\System32\svchost.exe</Param><Param>C:\Windows\system32\svchost.exe -k DcomLaunch -p</Param><Param>NT AUTHORITY\SYSTEM</Param>","<DataItem type=""System.XmlData"" time=""2023-05-01T10:32:25.8231310+00:00"" sourceHealthServiceId=""CF1209A0-2624-0566-5F2A-730DF513CC05""><EventData xmlns=""http://schemas.microsoft.com/win/2004/08/events/event""><Data Name=""RuleName"">Attack=T1021.003,Technique=Distributed Component Object Model,Tactic=Lateral Movement,DS=Process: Process Creation,Level=0,Desc=DCOM Launch</Data><Data Name=""UtcTime"">2023-05-01 10:32:25.816</Data><Data Name=""ProcessGuid"">{d5540b43-9539-644f-8602-000000000700}</Data><Data Name=""ProcessId"">5648</Data><Data Name=""Image"">C:\Windows\System32\RuntimeBroker.exe</Data><Data Name=""FileVersion"">10.0.19041.746 (WinBuild.160101.0800)</Data><Data Name=""Description"">Runtime Broker</Data><Data Name=""Product"">Microsoft® Windows® Operating System</Data><Data Name=""Company"">Microsoft Corporation</Data><Data Name=""OriginalFileName"">RuntimeBroker.exe</Data><Data Name=""CommandLine"">C:\Windows\System32\RuntimeBroker.exe -Embedding</Data><Data Name=""CurrentDirectory"">C:\Windows\system32\</Data><Data Name=""User"">win10-2\azureuser</Data><Data Name=""LogonGuid"">{d5540b43-8df1-644f-2db9-060000000000}</Data><Data Name=""LogonId"">0x6b92d</Data><Data Name=""TerminalSessionId"">2</Data><Data Name=""IntegrityLevel"">High</Data><Data Name=""Hashes"">SHA1=AB8539EF6B2A93FF9589DEC4B34A0257B6296C92,MD5=BA4CFE6461AFA1004C52F19C8F2169DC,SHA256=E86870769EE6C797E09457BD99C58D9BF2303CF0193A24EF9B1222C2C3DAF628,IMPHASH=D4D98ACF3243E0C97C83C6548571A44E</Data><Data Name=""ParentProcessGuid"">{d5540b43-8db6-644f-0d00-000000000700}</Data><Data Name=""ParentProcessId"">840</Data><Data Name=""ParentImage"">C:\Windows\System32\svchost.exe</Data><Data Name=""ParentCommandLine"">C:\Windows\system32\svchost.exe -k DcomLaunch -p</Data><Data Name=""ParentUser"">NT AUTHORITY\SYSTEM</Data></EventData></DataItem>",1,"Process Create: RuleName: Attack=T1021.003,Technique=Distributed Component Object Model,Tactic=Lateral Movement,DS=Process: Process Creation,Level=0,Desc=DCOM Launch UtcTime: 2023-05-01 10:32:25.816 ProcessGuid: {D5540B43-9539-644F-8602-000000000700} ProcessId: 5648 Image: C:\Windows\System32\RuntimeBroker.exe FileVersion: 10.0.19041.746 (WinBuild.160101.0800) Description: Runtime Broker Product: Microsoft® Windows® Operating System Company: Microsoft Corporation OriginalFileName: RuntimeBroker.exe CommandLine: C:\Windows\System32\RuntimeBroker.exe -Embedding CurrentDirectory: C:\Windows\system32\ User: win10-2\azureuser LogonGuid: {D5540B43-8DF1-644F-2DB9-060000000000} LogonId: 0x6b92d TerminalSessionId: 2 IntegrityLevel: High Hashes: SHA1=AB8539EF6B2A93FF9589DEC4B34A0257B6296C92,MD5=BA4CFE6461AFA1004C52F19C8F2169DC,SHA256=E86870769EE6C797E09457BD99C58D9BF2303CF0193A24EF9B1222C2C3DAF628,IMPHASH=D4D98ACF3243E0C97C83C6548571A44E ParentProcessGuid: {D5540B43-8DB6-644F-0D00-000000000700} ParentProcessId: 840 ParentImage: C:\Windows\System32\svchost.exe ParentCommandLine: C:\Windows\system32\svchost.exe -k DcomLaunch -p ParentUser: NT AUTHORITY\SYSTEM ",,,1,NT AUTHORITY\SYSTEM,,00000000-0000-0000-0000-000000000001,AOI-39743c52-8e86-43b1-987e-cc5d848ecce7,Event,/subscriptions/9ecb8278-6c96-45d4-a456-c17f6976425f/resourcegroups/test_1/providers/microsoft.compute/virtualmachines/win10-2
39743c52-8e86-43b1-987e-cc5d848ecce7,OpsManager,2023-05-01T10:32:26.1161485Z,Microsoft-Windows-Sysmon,Microsoft-Windows-Sysmon/Operational,win10-2,4,Information,"<Param>Attack=None,Technique=None,Tactic=None,DS=Process: Process Termination,Level=0,Desc=Process Termination Events in Windows Directory</Param><Param>2023-05-01 10:32:26.115</Param><Param>{D5540B43-9538-644F-8302-000000000700}</Param><Param>1816</Param><Param>C:\Windows\System32\backgroundTaskHost.exe</Param><Param>win10-2\azureuser</Param>","<DataItem type=""System.XmlData"" time=""2023-05-01T10:32:26.1161485+00:00"" sourceHealthServiceId=""CF1209A0-2624-0566-5F2A-730DF513CC05""><EventData xmlns=""http://schemas.microsoft.com/win/2004/08/events/event""><Data Name=""RuleName"">Attack=None,Technique=None,Tactic=None,DS=Process: Process Termination,Level=0,Desc=Process Termination Events in Windows Directory</Data><Data Name=""UtcTime"">2023-05-01 10:32:26.115</Data><Data Name=""ProcessGuid"">{d5540b43-9538-644f-8302-000000000700}</Data><Data Name=""ProcessId"">1816</Data><Data Name=""Image"">C:\Windows\System32\backgroundTaskHost.exe</Data><Data Name=""User"">win10-2\azureuser</Data></EventData></DataItem>",5,"Process terminated: RuleName: Attack=None,Technique=None,Tactic=None,DS=Process: Process Termination,Level=0,Desc=Process Termination Events in Windows Directory UtcTime: 2023-05-01 10:32:26.115 ProcessGuid: {D5540B43-9538-644F-8302-000000000700} ProcessId: 1816 Image: C:\Windows\System32\backgroundTaskHost.exe User: win10-2\azureuser ",,,5,NT AUTHORITY\SYSTEM,,00000000-0000-0000-0000-000000000001,AOI-39743c52-8e86-43b1-987e-cc5d848ecce7,Event,/subscriptions/9ecb8278-6c96-45d4-a456-c17f6976425f/resourcegroups/test_1/providers/microsoft.compute/virtualmachines/win10-2
39743c52-8e86-43b1-987e-cc5d848ecce7,OpsManager,2023-05-01T10:32:26.1681703Z,Microsoft-Windows-Sysmon,Microsoft-Windows-Sysmon/Operational,win10-2,4,Information,"<Param>Attack=T1021.003,Technique=Distributed Component Object Model,Tactic=Lateral Movement,DS=Process: Process Creation,Level=0,Desc=DCOM Launch</Param><Param>2023-05-01 10:32:26.162</Param><Param>{D5540B43-953A-644F-8702-000000000700}</Param><Param>5692</Param><Param>C:\Windows\System32\RuntimeBroker.exe</Param><Param>10.0.19041.746 (WinBuild.160101.0800)</Param><Param>Runtime Broker</Param><Param>Microsoft® Windows® Operating System</Param><Param>Microsoft Corporation</Param><Param>RuntimeBroker.exe</Param><Param>C:\Windows\System32\RuntimeBroker.exe -Embedding</Param><Param>C:\Windows\system32\</Param><Param>win10-2\azureuser</Param><Param>{D5540B43-8DF1-644F-2DB9-060000000000}</Param><Param>0x6b92d</Param><Param>2</Param><Param>High</Param><Param>SHA1=AB8539EF6B2A93FF9589DEC4B34A0257B6296C92,MD5=BA4CFE6461AFA1004C52F19C8F2169DC,SHA256=E86870769EE6C797E09457BD99C58D9BF2303CF0193A24EF9B1222C2C3DAF628,IMPHASH=D4D98ACF3243E0C97C83C6548571A44E</Param><Param>{D5540B43-8DB6-644F-0D00-000000000700}</Param><Param>840</Param><Param>C:\Windows\System32\svchost.exe</Param><Param>C:\Windows\system32\svchost.exe -k DcomLaunch -p</Param><Param>NT AUTHORITY\SYSTEM</Param>","<DataItem type=""System.XmlData"" time=""2023-05-01T10:32:26.1681703+00:00"" sourceHealthServiceId=""CF1209A0-2624-0566-5F2A-730DF513CC05""><EventData xmlns=""http://schemas.microsoft.com/win/2004/08/events/event""><Data Name=""RuleName"">Attack=T1021.003,Technique=Distributed Component Object Model,Tactic=Lateral Movement,DS=Process: Process Creation,Level=0,Desc=DCOM Launch</Data><Data Name=""UtcTime"">2023-05-01 10:32:26.162</Data><Data Name=""ProcessGuid"">{d5540b43-953a-644f-8702-000000000700}</Data><Data Name=""ProcessId"">5692</Data><Data Name=""Image"">C:\Windows\System32\RuntimeBroker.exe</Data><Data Name=""FileVersion"">10.0.19041.746 (WinBuild.160101.0800)</Data><Data Name=""Description"">Runtime Broker</Data><Data Name=""Product"">Microsoft® Windows® Operating System</Data><Data Name=""Company"">Microsoft Corporation</Data><Data Name=""OriginalFileName"">RuntimeBroker.exe</Data><Data Name=""CommandLine"">C:\Windows\System32\RuntimeBroker.exe -Embedding</Data><Data Name=""CurrentDirectory"">C:\Windows\system32\</Data><Data Name=""User"">win10-2\azureuser</Data><Data Name=""LogonGuid"">{d5540b43-8df1-644f-2db9-060000000000}</Data><Data Name=""LogonId"">0x6b92d</Data><Data Name=""TerminalSessionId"">2</Data><Data Name=""IntegrityLevel"">High</Data><Data Name=""Hashes"">SHA1=AB8539EF6B2A93FF9589DEC4B34A0257B6296C92,MD5=BA4CFE6461AFA1004C52F19C8F2169DC,SHA256=E86870769EE6C797E09457BD99C58D9BF2303CF0193A24EF9B1222C2C3DAF628,IMPHASH=D4D98ACF3243E0C97C83C6548571A44E</Data><Data Name=""ParentProcessGuid"">{d5540b43-8db6-644f-0d00-000000000700}</Data><Data Name=""ParentProcessId"">840</Data><Data Name=""ParentImage"">C:\Windows\System32\svchost.exe</Data><Data Name=""ParentCommandLine"">C:\Windows\system32\svchost.exe -k DcomLaunch -p</Data><Data Name=""ParentUser"">NT AUTHORITY\SYSTEM</Data></EventData></DataItem>",1,"Process Create: RuleName: Attack=T1021.003,Technique=Distributed Component Object Model,Tactic=Lateral Movement,DS=Process: Process Creation,Level=0,Desc=DCOM Launch UtcTime: 2023-05-01 10:32:26.162 ProcessGuid: {D5540B43-953A-644F-8702-000000000700} ProcessId: 5692 Image: C:\Windows\System32\RuntimeBroker.exe FileVersion: 10.0.19041.746 (WinBuild.160101.0800) Description: Runtime Broker Product: Microsoft® Windows® Operating System Company: Microsoft Corporation OriginalFileName: RuntimeBroker.exe CommandLine: C:\Windows\System32\RuntimeBroker.exe -Embedding CurrentDirectory: C:\Windows\system32\ User: win10-2\azureuser LogonGuid: {D5540B43-8DF1-644F-2DB9-060000000000} LogonId: 0x6b92d TerminalSessionId: 2 IntegrityLevel: High Hashes: SHA1=AB8539EF6B2A93FF9589DEC4B34A0257B6296C92,MD5=BA4CFE6461AFA1004C52F19C8F2169DC,SHA256=E86870769EE6C797E09457BD99C58D9BF2303CF0193A24EF9B1222C2C3DAF628,IMPHASH=D4D98ACF3243E0C97C83C6548571A44E ParentProcessGuid: {D5540B43-8DB6-644F-0D00-000000000700} ParentProcessId: 840 ParentImage: C:\Windows\System32\svchost.exe ParentCommandLine: C:\Windows\system32\svchost.exe -k DcomLaunch -p ParentUser: NT AUTHORITY\SYSTEM ",,,1,NT AUTHORITY\SYSTEM,,00000000-0000-0000-0000-000000000001,AOI-39743c52-8e86-43b1-987e-cc5d848ecce7,Event,/subscriptions/9ecb8278-6c96-45d4-a456-c17f6976425f/resourcegroups/test_1/providers/microsoft.compute/virtualmachines/win10-2
39743c52-8e86-43b1-987e-cc5d848ecce7,OpsManager,2023-05-01T10:32:29.0534279Z,Microsoft-Windows-Sysmon,Microsoft-Windows-Sysmon/Operational,win10-2,4,Information,"<Param>Attack=None,Technique=None,Tactic=None,DS=Network Traffic: Network Connection Creation,Level=0,Desc=Non-Browsers Accessing HTTP</Param><Param>2023-05-01 10:32:26.843</Param><Param>{D5540B43-8E51-644F-1B01-000000000700}</Param><Param>5248</Param><Param>C:\WindowsAzure\GuestAgent_2.7.41491.1083_2023-05-01_100201\WindowsAzureGuestAgent.exe</Param><Param>NT AUTHORITY\SYSTEM</Param><Param>tcp</Param><Param>TRUE</Param><Param>FALSE</Param><Param>10.0.0.12</Param><Param>win10-2.n2lktqibtimupkzgx0j3ic54pc.hx.internal.cloudapp.net</Param><Param>50257</Param><Param>-</Param><Param>FALSE</Param><Param>168.63.129.16</Param><Param>-</Param><Param>80</Param><Param>http</Param>","<DataItem type=""System.XmlData"" time=""2023-05-01T10:32:29.0534279+00:00"" sourceHealthServiceId=""CF1209A0-2624-0566-5F2A-730DF513CC05""><EventData xmlns=""http://schemas.microsoft.com/win/2004/08/events/event""><Data Name=""RuleName"">Attack=None,Technique=None,Tactic=None,DS=Network Traffic: Network Connection Creation,Level=0,Desc=Non-Browsers Accessing HTTP</Data><Data Name=""UtcTime"">2023-05-01 10:32:26.843</Data><Data Name=""ProcessGuid"">{d5540b43-8e51-644f-1b01-000000000700}</Data><Data Name=""ProcessId"">5248</Data><Data Name=""Image"">C:\WindowsAzure\GuestAgent_2.7.41491.1083_2023-05-01_100201\WindowsAzureGuestAgent.exe</Data><Data Name=""User"">NT AUTHORITY\SYSTEM</Data><Data Name=""Protocol"">tcp</Data><Data Name=""Initiated"">true</Data><Data Name=""SourceIsIpv6"">false</Data><Data Name=""SourceIp"">10.0.0.12</Data><Data Name=""SourceHostname"">win10-2.n2lktqibtimupkzgx0j3ic54pc.hx.internal.cloudapp.net</Data><Data Name=""SourcePort"">50257</Data><Data Name=""SourcePortName"">-</Data><Data Name=""DestinationIsIpv6"">false</Data><Data Name=""DestinationIp"">168.63.129.16</Data><Data Name=""DestinationHostname"">-</Data><Data Name=""DestinationPort"">80</Data><Data Name=""DestinationPortName"">http</Data></EventData></DataItem>",3,"Network connection detected: RuleName: Attack=None,Technique=None,Tactic=None,DS=Network Traffic: Network Connection Creation,Level=0,Desc=Non-Browsers Accessing HTTP UtcTime: 2023-05-01 10:32:26.843 ProcessGuid: {D5540B43-8E51-644F-1B01-000000000700} ProcessId: 5248 Image: C:\WindowsAzure\GuestAgent_2.7.41491.1083_2023-05-01_100201\WindowsAzureGuestAgent.exe User: NT AUTHORITY\SYSTEM Protocol: tcp Initiated: TRUE SourceIsIpv6: FALSE SourceIp: 10.0.0.12 SourceHostname: win10-2.n2lktqibtimupkzgx0j3ic54pc.hx.internal.cloudapp.net SourcePort: 50257 SourcePortName: - DestinationIsIpv6: FALSE DestinationIp: 168.63.129.16 DestinationHostname: - DestinationPort: 80 DestinationPortName: http ",,,3,NT AUTHORITY\SYSTEM,,00000000-0000-0000-0000-000000000001,AOI-39743c52-8e86-43b1-987e-cc5d848ecce7,Event,/subscriptions/9ecb8278-6c96-45d4-a456-c17f6976425f/resourcegroups/test_1/providers/microsoft.compute/virtualmachines/win10-2
39743c52-8e86-43b1-987e-cc5d848ecce7,OpsManager,2023-05-01T10:32:27.1491077Z,Microsoft-Windows-Sysmon,Microsoft-Windows-Sysmon/Operational,win10-2,4,Information,"<Param>Attack=T1021.003,Technique=Distributed Component Object Model,Tactic=Lateral Movement,DS=Process: Process Creation,Level=0,Desc=DCOM Launch</Param><Param>2023-05-01 10:32:27.112</Param><Param>{D5540B43-953B-644F-8802-000000000700}</Param><Param>1900</Param><Param>C:\Windows\System32\MoUsoCoreWorker.exe</Param><Param>10.0.19041.2788 (WinBuild.160101.0800)</Param><Param>MoUSO Core Worker Process</Param><Param>Microsoft® Windows® Operating System</Param><Param>Microsoft Corporation</Param><Param>MoUSOCoreWorker.exe</Param><Param>C:\Windows\System32\mousocoreworker.exe -Embedding</Param><Param>C:\Windows\system32\</Param><Param>NT AUTHORITY\SYSTEM</Param><Param>{D5540B43-8DB6-644F-E703-000000000000}</Param><Param>0x3e7</Param><Param>0</Param><Param>System</Param><Param>SHA1=4C34A0719BFCD9C5D1E7C7409522CD1847FDEE9D,MD5=DE1AC0479ECCB2F06731EEE52C6D2609,SHA256=EB76B56B6F4FAC87353961645DFAE2F842C0C8CED6B86C2EB48DE0F144D2DC05,IMPHASH=72789ABFBC08A24E6F6A23DE50B7DE6A</Param><Param>{D5540B43-8DB6-644F-0D00-000000000700}</Param><Param>840</Param><Param>C:\Windows\System32\svchost.exe</Param><Param>C:\Windows\system32\svchost.exe -k DcomLaunch -p</Param><Param>NT AUTHORITY\SYSTEM</Param>","<DataItem type=""System.XmlData"" time=""2023-05-01T10:32:27.1491077+00:00"" sourceHealthServiceId=""CF1209A0-2624-0566-5F2A-730DF513CC05""><EventData xmlns=""http://schemas.microsoft.com/win/2004/08/events/event""><Data Name=""RuleName"">Attack=T1021.003,Technique=Distributed Component Object Model,Tactic=Lateral Movement,DS=Process: Process Creation,Level=0,Desc=DCOM Launch</Data><Data Name=""UtcTime"">2023-05-01 10:32:27.112</Data><Data Name=""ProcessGuid"">{d5540b43-953b-644f-8802-000000000700}</Data><Data Name=""ProcessId"">1900</Data><Data Name=""Image"">C:\Windows\System32\MoUsoCoreWorker.exe</Data><Data Name=""FileVersion"">10.0.19041.2788 (WinBuild.160101.0800)</Data><Data Name=""Description"">MoUSO Core Worker Process</Data><Data Name=""Product"">Microsoft® Windows® Operating System</Data><Data Name=""Company"">Microsoft Corporation</Data><Data Name=""OriginalFileName"">MoUSOCoreWorker.exe</Data><Data Name=""CommandLine"">C:\Windows\System32\mousocoreworker.exe -Embedding</Data><Data Name=""CurrentDirectory"">C:\Windows\system32\</Data><Data Name=""User"">NT AUTHORITY\SYSTEM</Data><Data Name=""LogonGuid"">{d5540b43-8db6-644f-e703-000000000000}</Data><Data Name=""LogonId"">0x3e7</Data><Data Name=""TerminalSessionId"">0</Data><Data Name=""IntegrityLevel"">System</Data><Data Name=""Hashes"">SHA1=4C34A0719BFCD9C5D1E7C7409522CD1847FDEE9D,MD5=DE1AC0479ECCB2F06731EEE52C6D2609,SHA256=EB76B56B6F4FAC87353961645DFAE2F842C0C8CED6B86C2EB48DE0F144D2DC05,IMPHASH=72789ABFBC08A24E6F6A23DE50B7DE6A</Data><Data Name=""ParentProcessGuid"">{d5540b43-8db6-644f-0d00-000000000700}</Data><Data Name=""ParentProcessId"">840</Data><Data Name=""ParentImage"">C:\Windows\System32\svchost.exe</Data><Data Name=""ParentCommandLine"">C:\Windows\system32\svchost.exe -k DcomLaunch -p</Data><Data Name=""ParentUser"">NT AUTHORITY\SYSTEM</Data></EventData></DataItem>",1,"Process Create: RuleName: Attack=T1021.003,Technique=Distributed Component Object Model,Tactic=Lateral Movement,DS=Process: Process Creation,Level=0,Desc=DCOM Launch UtcTime: 2023-05-01 10:32:27.112 ProcessGuid: {D5540B43-953B-644F-8802-000000000700} ProcessId: 1900 Image: C:\Windows\System32\MoUsoCoreWorker.exe FileVersion: 10.0.19041.2788 (WinBuild.160101.0800) Description: MoUSO Core Worker Process Product: Microsoft® Windows® Operating System Company: Microsoft Corporation OriginalFileName: MoUSOCoreWorker.exe CommandLine: C:\Windows\System32\mousocoreworker.exe -Embedding CurrentDirectory: C:\Windows\system32\ User: NT AUTHORITY\SYSTEM LogonGuid: {D5540B43-8DB6-644F-E703-000000000000} LogonId: 0x3e7 TerminalSessionId: 0 IntegrityLevel: System Hashes: SHA1=4C34A0719BFCD9C5D1E7C7409522CD1847FDEE9D,MD5=DE1AC0479ECCB2F06731EEE52C6D2609,SHA256=EB76B56B6F4FAC87353961645DFAE2F842C0C8CED6B86C2EB48DE0F144D2DC05,IMPHASH=72789ABFBC08A24E6F6A23DE50B7DE6A ParentProcessGuid: {D5540B43-8DB6-644F-0D00-000000000700} ParentProcessId: 840 ParentImage: C:\Windows\System32\svchost.exe ParentCommandLine: C:\Windows\system32\svchost.exe -k DcomLaunch -p ParentUser: NT AUTHORITY\SYSTEM ",,,1,NT AUTHORITY\SYSTEM,,00000000-0000-0000-0000-000000000001,AOI-39743c52-8e86-43b1-987e-cc5d848ecce7,Event,/subscriptions/9ecb8278-6c96-45d4-a456-c17f6976425f/resourcegroups/test_1/providers/microsoft.compute/virtualmachines/win10-2
39743c52-8e86-43b1-987e-cc5d848ecce7,OpsManager,2023-05-01T10:32:27.5198936Z,Microsoft-Windows-Sysmon,Microsoft-Windows-Sysmon/Operational,win10-2,4,Information,<Param>RG=FileCreate Include Group</Param><Param>2023-05-01 10:32:27.506</Param><Param>{D5540B43-8E51-644F-1B01-000000000700}</Param><Param>5248</Param><Param>C:\WindowsAzure\GuestAgent_2.7.41491.1083_2023-05-01_100201\WindowsAzureGuestAgent.exe</Param><Param>C:\WindowsAzure\Logs\AggregateStatus\aggregatestatus.json</Param><Param>2023-05-01 10:02:30.767</Param><Param>NT AUTHORITY\SYSTEM</Param>,"<DataItem type=""System.XmlData"" time=""2023-05-01T10:32:27.5198936+00:00"" sourceHealthServiceId=""CF1209A0-2624-0566-5F2A-730DF513CC05""><EventData xmlns=""http://schemas.microsoft.com/win/2004/08/events/event""><Data Name=""RuleName"">RG=FileCreate Include Group</Data><Data Name=""UtcTime"">2023-05-01 10:32:27.506</Data><Data Name=""ProcessGuid"">{d5540b43-8e51-644f-1b01-000000000700}</Data><Data Name=""ProcessId"">5248</Data><Data Name=""Image"">C:\WindowsAzure\GuestAgent_2.7.41491.1083_2023-05-01_100201\WindowsAzureGuestAgent.exe</Data><Data Name=""TargetFilename"">C:\WindowsAzure\Logs\AggregateStatus\aggregatestatus.json</Data><Data Name=""CreationUtcTime"">2023-05-01 10:02:30.767</Data><Data Name=""User"">NT AUTHORITY\SYSTEM</Data></EventData></DataItem>",11,File created: RuleName: RG=FileCreate Include Group UtcTime: 2023-05-01 10:32:27.506 ProcessGuid: {D5540B43-8E51-644F-1B01-000000000700} ProcessId: 5248 Image: C:\WindowsAzure\GuestAgent_2.7.41491.1083_2023-05-01_100201\WindowsAzureGuestAgent.exe TargetFilename: C:\WindowsAzure\Logs\AggregateStatus\aggregatestatus.json CreationUtcTime: 2023-05-01 10:02:30.767 User: NT AUTHORITY\SYSTEM ,,,11,NT AUTHORITY\SYSTEM,,00000000-0000-0000-0000-000000000001,AOI-39743c52-8e86-43b1-987e-cc5d848ecce7,Event,/subscriptions/9ecb8278-6c96-45d4-a456-c17f6976425f/resourcegroups/test_1/providers/microsoft.compute/virtualmachines/win10-2
39743c52-8e86-43b1-987e-cc5d848ecce7,OpsManager,2023-05-01T10:32:27.5918088Z,Microsoft-Windows-Sysmon,Microsoft-Windows-Sysmon/Operational,win10-2,4,Information,"<Param>Attack=None,Technique=None,Tactic=None,DS=Module: Module Load,Level=1,Desc=Monitor logoncli.dll dll loads for injection - potential qbot activity</Param><Param>2023-05-01 10:32:27.568</Param><Param>{D5540B43-953B-644F-8802-000000000700}</Param><Param>1900</Param><Param>C:\Windows\System32\MoUsoCoreWorker.exe</Param><Param>C:\Windows\System32\logoncli.dll</Param><Param>10.0.19041.2193 (WinBuild.160101.0800)</Param><Param>Net Logon Client DLL</Param><Param>Microsoft® Windows® Operating System</Param><Param>Microsoft Corporation</Param><Param>LOGONCLI.DLL</Param><Param>SHA1=D7522EA3290CD3DBB6CC13CC5CB455FF23F7E7B0,MD5=1388369BFDB27C8D16173B789150F64B,SHA256=C53D928A6FE5E280300DDA1A072CBB56644A65EDCD8F2A437ED028803362779D,IMPHASH=5D0DB85893A29647E8977F5AB3D29DFF</Param><Param>true</Param><Param>Microsoft Windows</Param><Param>Valid</Param><Param>NT AUTHORITY\SYSTEM</Param>","<DataItem type=""System.XmlData"" time=""2023-05-01T10:32:27.5918088+00:00"" sourceHealthServiceId=""CF1209A0-2624-0566-5F2A-730DF513CC05""><EventData xmlns=""http://schemas.microsoft.com/win/2004/08/events/event""><Data Name=""RuleName"">Attack=None,Technique=None,Tactic=None,DS=Module: Module Load,Level=1,Desc=Monitor logoncli.dll dll loads for injection - potential qbot activity</Data><Data Name=""UtcTime"">2023-05-01 10:32:27.568</Data><Data Name=""ProcessGuid"">{d5540b43-953b-644f-8802-000000000700}</Data><Data Name=""ProcessId"">1900</Data><Data Name=""Image"">C:\Windows\System32\MoUsoCoreWorker.exe</Data><Data Name=""ImageLoaded"">C:\Windows\System32\logoncli.dll</Data><Data Name=""FileVersion"">10.0.19041.2193 (WinBuild.160101.0800)</Data><Data Name=""Description"">Net Logon Client DLL</Data><Data Name=""Product"">Microsoft® Windows® Operating System</Data><Data Name=""Company"">Microsoft Corporation</Data><Data Name=""OriginalFileName"">LOGONCLI.DLL</Data><Data Name=""Hashes"">SHA1=D7522EA3290CD3DBB6CC13CC5CB455FF23F7E7B0,MD5=1388369BFDB27C8D16173B789150F64B,SHA256=C53D928A6FE5E280300DDA1A072CBB56644A65EDCD8F2A437ED028803362779D,IMPHASH=5D0DB85893A29647E8977F5AB3D29DFF</Data><Data Name=""Signed"">true</Data><Data Name=""Signature"">Microsoft Windows</Data><Data Name=""SignatureStatus"">Valid</Data><Data Name=""User"">NT AUTHORITY\SYSTEM</Data></EventData></DataItem>",7,"Image loaded: RuleName: Attack=None,Technique=None,Tactic=None,DS=Module: Module Load,Level=1,Desc=Monitor logoncli.dll dll loads for injection - potential qbot activity UtcTime: 2023-05-01 10:32:27.568 ProcessGuid: {D5540B43-953B-644F-8802-000000000700} ProcessId: 1900 Image: C:\Windows\System32\MoUsoCoreWorker.exe ImageLoaded: C:\Windows\System32\logoncli.dll FileVersion: 10.0.19041.2193 (WinBuild.160101.0800) Description: Net Logon Client DLL Product: Microsoft® Windows® Operating System Company: Microsoft Corporation OriginalFileName: LOGONCLI.DLL Hashes: SHA1=D7522EA3290CD3DBB6CC13CC5CB455FF23F7E7B0,MD5=1388369BFDB27C8D16173B789150F64B,SHA256=C53D928A6FE5E280300DDA1A072CBB56644A65EDCD8F2A437ED028803362779D,IMPHASH=5D0DB85893A29647E8977F5AB3D29DFF Signed: true Signature: Microsoft Windows SignatureStatus: Valid User: NT AUTHORITY\SYSTEM ",,,7,NT AUTHORITY\SYSTEM,,00000000-0000-0000-0000-000000000001,AOI-39743c52-8e86-43b1-987e-cc5d848ecce7,Event,/subscriptions/9ecb8278-6c96-45d4-a456-c17f6976425f/resourcegroups/test_1/providers/microsoft.compute/virtualmachines/win10-2
39743c52-8e86-43b1-987e-cc5d848ecce7,OpsManager,2023-05-01T10:32:37.189475Z,Microsoft-Windows-Sysmon,Microsoft-Windows-Sysmon/Operational,win10-2,4,Information,"<Param>Attack=T1204,Technique=User Execution,Tactic=Execution,DS=File: File Creation,Forensic=Windows Prefetch Exec History</Param><Param>2023-05-01 10:32:37.185</Param><Param>{D5540B43-8DBA-644F-2C00-000000000700}</Param><Param>1984</Param><Param>C:\Windows\system32\svchost.exe</Param><Param>C:\Windows\Prefetch\MOUSOCOREWORKER.EXE-2038C868.pf</Param><Param>2023-05-01 10:02:44.564</Param><Param>NT AUTHORITY\SYSTEM</Param>","<DataItem type=""System.XmlData"" time=""2023-05-01T10:32:37.1894750+00:00"" sourceHealthServiceId=""CF1209A0-2624-0566-5F2A-730DF513CC05""><EventData xmlns=""http://schemas.microsoft.com/win/2004/08/events/event""><Data Name=""RuleName"">Attack=T1204,Technique=User Execution,Tactic=Execution,DS=File: File Creation,Forensic=Windows Prefetch Exec History</Data><Data Name=""UtcTime"">2023-05-01 10:32:37.185</Data><Data Name=""ProcessGuid"">{d5540b43-8dba-644f-2c00-000000000700}</Data><Data Name=""ProcessId"">1984</Data><Data Name=""Image"">C:\Windows\system32\svchost.exe</Data><Data Name=""TargetFilename"">C:\Windows\Prefetch\MOUSOCOREWORKER.EXE-2038C868.pf</Data><Data Name=""CreationUtcTime"">2023-05-01 10:02:44.564</Data><Data Name=""User"">NT AUTHORITY\SYSTEM</Data></EventData></DataItem>",11,"File created: RuleName: Attack=T1204,Technique=User Execution,Tactic=Execution,DS=File: File Creation,Forensic=Windows Prefetch Exec History UtcTime: 2023-05-01 10:32:37.185 ProcessGuid: {D5540B43-8DBA-644F-2C00-000000000700} ProcessId: 1984 Image: C:\Windows\system32\svchost.exe TargetFilename: C:\Windows\Prefetch\MOUSOCOREWORKER.EXE-2038C868.pf CreationUtcTime: 2023-05-01 10:02:44.564 User: NT AUTHORITY\SYSTEM ",,,11,NT AUTHORITY\SYSTEM,,00000000-0000-0000-0000-000000000001,AOI-39743c52-8e86-43b1-987e-cc5d848ecce7,Event,/subscriptions/9ecb8278-6c96-45d4-a456-c17f6976425f/resourcegroups/test_1/providers/microsoft.compute/virtualmachines/win10-2
39743c52-8e86-43b1-987e-cc5d848ecce7,OpsManager,2023-05-01T10:32:37.8395366Z,Microsoft-Windows-Sysmon,Microsoft-Windows-Sysmon/Operational,win10-2,4,Information,"<Param>Attack=T1204,Technique=User Execution,Tactic=Execution,DS=File: File Creation,Forensic=Windows Prefetch Exec History</Param><Param>2023-05-01 10:32:37.836</Param><Param>{D5540B43-8DBA-644F-2C00-000000000700}</Param><Param>1984</Param><Param>C:\Windows\system32\svchost.exe</Param><Param>C:\Windows\Prefetch\SPPSVC.EXE-7B160CA5.pf</Param><Param>2023-05-01 10:06:40.423</Param><Param>NT AUTHORITY\SYSTEM</Param>","<DataItem type=""System.XmlData"" time=""2023-05-01T10:32:37.8395366+00:00"" sourceHealthServiceId=""CF1209A0-2624-0566-5F2A-730DF513CC05""><EventData xmlns=""http://schemas.microsoft.com/win/2004/08/events/event""><Data Name=""RuleName"">Attack=T1204,Technique=User Execution,Tactic=Execution,DS=File: File Creation,Forensic=Windows Prefetch Exec History</Data><Data Name=""UtcTime"">2023-05-01 10:32:37.836</Data><Data Name=""ProcessGuid"">{d5540b43-8dba-644f-2c00-000000000700}</Data><Data Name=""ProcessId"">1984</Data><Data Name=""Image"">C:\Windows\system32\svchost.exe</Data><Data Name=""TargetFilename"">C:\Windows\Prefetch\SPPSVC.EXE-7B160CA5.pf</Data><Data Name=""CreationUtcTime"">2023-05-01 10:06:40.423</Data><Data Name=""User"">NT AUTHORITY\SYSTEM</Data></EventData></DataItem>",11,"File created: RuleName: Attack=T1204,Technique=User Execution,Tactic=Execution,DS=File: File Creation,Forensic=Windows Prefetch Exec History UtcTime: 2023-05-01 10:32:37.836 ProcessGuid: {D5540B43-8DBA-644F-2C00-000000000700} ProcessId: 1984 Image: C:\Windows\system32\svchost.exe TargetFilename: C:\Windows\Prefetch\SPPSVC.EXE-7B160CA5.pf CreationUtcTime: 2023-05-01 10:06:40.423 User: NT AUTHORITY\SYSTEM ",,,11,NT AUTHORITY\SYSTEM,,00000000-0000-0000-0000-000000000001,AOI-39743c52-8e86-43b1-987e-cc5d848ecce7,Event,/subscriptions/9ecb8278-6c96-45d4-a456-c17f6976425f/resourcegroups/test_1/providers/microsoft.compute/virtualmachines/win10-2
39743c52-8e86-43b1-987e-cc5d848ecce7,OpsManager,2023-05-01T10:32:35.8994486Z,Microsoft-Windows-Sysmon,Microsoft-Windows-Sysmon/Operational,win10-2,4,Information,"<Param>Attack=T1204,Technique=User Execution,Tactic=Execution,DS=File: File Creation,Forensic=Windows Prefetch Exec History</Param><Param>2023-05-01 10:32:35.893</Param><Param>{D5540B43-8DBA-644F-2C00-000000000700}</Param><Param>1984</Param><Param>C:\Windows\system32\svchost.exe</Param><Param>C:\Windows\Prefetch\RUNTIMEBROKER.EXE-39C1DDA0.pf</Param><Param>2023-05-01 10:02:40.001</Param><Param>NT AUTHORITY\SYSTEM</Param>","<DataItem type=""System.XmlData"" time=""2023-05-01T10:32:35.8994486+00:00"" sourceHealthServiceId=""CF1209A0-2624-0566-5F2A-730DF513CC05""><EventData xmlns=""http://schemas.microsoft.com/win/2004/08/events/event""><Data Name=""RuleName"">Attack=T1204,Technique=User Execution,Tactic=Execution,DS=File: File Creation,Forensic=Windows Prefetch Exec History</Data><Data Name=""UtcTime"">2023-05-01 10:32:35.893</Data><Data Name=""ProcessGuid"">{d5540b43-8dba-644f-2c00-000000000700}</Data><Data Name=""ProcessId"">1984</Data><Data Name=""Image"">C:\Windows\system32\svchost.exe</Data><Data Name=""TargetFilename"">C:\Windows\Prefetch\RUNTIMEBROKER.EXE-39C1DDA0.pf</Data><Data Name=""CreationUtcTime"">2023-05-01 10:02:40.001</Data><Data Name=""User"">NT AUTHORITY\SYSTEM</Data></EventData></DataItem>",11,"File created: RuleName: Attack=T1204,Technique=User Execution,Tactic=Execution,DS=File: File Creation,Forensic=Windows Prefetch Exec History UtcTime: 2023-05-01 10:32:35.893 ProcessGuid: {D5540B43-8DBA-644F-2C00-000000000700} ProcessId: 1984 Image: C:\Windows\system32\svchost.exe TargetFilename: C:\Windows\Prefetch\RUNTIMEBROKER.EXE-39C1DDA0.pf CreationUtcTime: 2023-05-01 10:02:40.001 User: NT AUTHORITY\SYSTEM ",,,11,NT AUTHORITY\SYSTEM,,00000000-0000-0000-0000-000000000001,AOI-39743c52-8e86-43b1-987e-cc5d848ecce7,Event,/subscriptions/9ecb8278-6c96-45d4-a456-c17f6976425f/resourcegroups/test_1/providers/microsoft.compute/virtualmachines/win10-2
