39743c52-8e86-43b1-987e-cc5d848ecce7,OpsManager,2023-05-01T10:30:28.0855824Z,Microsoft-Windows-Sysmon,Microsoft-Windows-Sysmon/Operational,win10-2,4,Information,"<Param>Attack=None,Technique=None,Tactic=None,DS=Network Traffic: Network Connection Creation,Level=0,Desc=Non-Browsers Accessing HTTP</Param><Param>2023-05-01 10:30:26.743</Param><Param>{D5540B43-8E51-644F-1B01-000000000700}</Param><Param>5248</Param><Param>C:\WindowsAzure\GuestAgent_2.7.41491.1083_2023-05-01_100201\WindowsAzureGuestAgent.exe</Param><Param>NT AUTHORITY\SYSTEM</Param><Param>tcp</Param><Param>TRUE</Param><Param>FALSE</Param><Param>10.0.0.12</Param><Param>win10-2.n2lktqibtimupkzgx0j3ic54pc.hx.internal.cloudapp.net</Param><Param>50246</Param><Param>-</Param><Param>FALSE</Param><Param>168.63.129.16</Param><Param>-</Param><Param>80</Param><Param>http</Param>","<DataItem type=""System.XmlData"" time=""2023-05-01T10:30:28.0855824+00:00"" sourceHealthServiceId=""CF1209A0-2624-0566-5F2A-730DF513CC05""><EventData xmlns=""http://schemas.microsoft.com/win/2004/08/events/event""><Data Name=""RuleName"">Attack=None,Technique=None,Tactic=None,DS=Network Traffic: Network Connection Creation,Level=0,Desc=Non-Browsers Accessing HTTP</Data><Data Name=""UtcTime"">2023-05-01 10:30:26.743</Data><Data Name=""ProcessGuid"">{d5540b43-8e51-644f-1b01-000000000700}</Data><Data Name=""ProcessId"">5248</Data><Data Name=""Image"">C:\WindowsAzure\GuestAgent_2.7.41491.1083_2023-05-01_100201\WindowsAzureGuestAgent.exe</Data><Data Name=""User"">NT AUTHORITY\SYSTEM</Data><Data Name=""Protocol"">tcp</Data><Data Name=""Initiated"">true</Data><Data Name=""SourceIsIpv6"">false</Data><Data Name=""SourceIp"">10.0.0.12</Data><Data Name=""SourceHostname"">win10-2.n2lktqibtimupkzgx0j3ic54pc.hx.internal.cloudapp.net</Data><Data Name=""SourcePort"">50246</Data><Data Name=""SourcePortName"">-</Data><Data Name=""DestinationIsIpv6"">false</Data><Data Name=""DestinationIp"">168.63.129.16</Data><Data Name=""DestinationHostname"">-</Data><Data Name=""DestinationPort"">80</Data><Data Name=""DestinationPortName"">http</Data></EventData></DataItem>",3,"Network connection detected: RuleName: Attack=None,Technique=None,Tactic=None,DS=Network Traffic: Network Connection Creation,Level=0,Desc=Non-Browsers Accessing HTTP UtcTime: 2023-05-01 10:30:26.743 ProcessGuid: {D5540B43-8E51-644F-1B01-000000000700} ProcessId: 5248 Image: C:\WindowsAzure\GuestAgent_2.7.41491.1083_2023-05-01_100201\WindowsAzureGuestAgent.exe User: NT AUTHORITY\SYSTEM Protocol: tcp Initiated: TRUE SourceIsIpv6: FALSE SourceIp: 10.0.0.12 SourceHostname: win10-2.n2lktqibtimupkzgx0j3ic54pc.hx.internal.cloudapp.net SourcePort: 50246 SourcePortName: - DestinationIsIpv6: FALSE DestinationIp: 168.63.129.16 DestinationHostname: - DestinationPort: 80 DestinationPortName: http ",,,3,NT AUTHORITY\SYSTEM,,00000000-0000-0000-0000-000000000001,AOI-39743c52-8e86-43b1-987e-cc5d848ecce7,Event,/subscriptions/9ecb8278-6c96-45d4-a456-c17f6976425f/resourcegroups/test_1/providers/microsoft.compute/virtualmachines/win10-2
39743c52-8e86-43b1-987e-cc5d848ecce7,OpsManager,2023-05-01T10:31:12.4366905Z,Microsoft-Windows-Sysmon,Microsoft-Windows-Sysmon/Operational,win10-2,4,Information,<Param>RG=FileCreate Include Group</Param><Param>2023-05-01 10:31:12.429</Param><Param>{D5540B43-8E51-644F-1B01-000000000700}</Param><Param>5248</Param><Param>C:\WindowsAzure\GuestAgent_2.7.41491.1083_2023-05-01_100201\WindowsAzureGuestAgent.exe</Param><Param>C:\WindowsAzure\Logs\AggregateStatus\aggregatestatus.json</Param><Param>2023-05-01 10:02:30.767</Param><Param>NT AUTHORITY\SYSTEM</Param>,"<DataItem type=""System.XmlData"" time=""2023-05-01T10:31:12.4366905+00:00"" sourceHealthServiceId=""CF1209A0-2624-0566-5F2A-730DF513CC05""><EventData xmlns=""http://schemas.microsoft.com/win/2004/08/events/event""><Data Name=""RuleName"">RG=FileCreate Include Group</Data><Data Name=""UtcTime"">2023-05-01 10:31:12.429</Data><Data Name=""ProcessGuid"">{d5540b43-8e51-644f-1b01-000000000700}</Data><Data Name=""ProcessId"">5248</Data><Data Name=""Image"">C:\WindowsAzure\GuestAgent_2.7.41491.1083_2023-05-01_100201\WindowsAzureGuestAgent.exe</Data><Data Name=""TargetFilename"">C:\WindowsAzure\Logs\AggregateStatus\aggregatestatus.json</Data><Data Name=""CreationUtcTime"">2023-05-01 10:02:30.767</Data><Data Name=""User"">NT AUTHORITY\SYSTEM</Data></EventData></DataItem>",11,File created: RuleName: RG=FileCreate Include Group UtcTime: 2023-05-01 10:31:12.429 ProcessGuid: {D5540B43-8E51-644F-1B01-000000000700} ProcessId: 5248 Image: C:\WindowsAzure\GuestAgent_2.7.41491.1083_2023-05-01_100201\WindowsAzureGuestAgent.exe TargetFilename: C:\WindowsAzure\Logs\AggregateStatus\aggregatestatus.json CreationUtcTime: 2023-05-01 10:02:30.767 User: NT AUTHORITY\SYSTEM ,,,11,NT AUTHORITY\SYSTEM,,00000000-0000-0000-0000-000000000001,AOI-39743c52-8e86-43b1-987e-cc5d848ecce7,Event,/subscriptions/9ecb8278-6c96-45d4-a456-c17f6976425f/resourcegroups/test_1/providers/microsoft.compute/virtualmachines/win10-2
39743c52-8e86-43b1-987e-cc5d848ecce7,OpsManager,2023-05-01T10:31:30.0805881Z,Microsoft-Windows-Sysmon,Microsoft-Windows-Sysmon/Operational,win10-2,4,Information,"<Param>Attack=None,Technique=None,Tactic=None,DS=Network Traffic: Network Connection Creation,Level=0,Desc=Outbound Windows SVCHost Network Connection</Param><Param>2023-05-01 10:31:29.031</Param><Param>{D5540B43-8DBB-644F-3F00-000000000700}</Param><Param>2900</Param><Param>C:\Windows\System32\svchost.exe</Param><Param>NT AUTHORITY\SYSTEM</Param><Param>tcp</Param><Param>TRUE</Param><Param>FALSE</Param><Param>10.0.0.12</Param><Param>win10-2.n2lktqibtimupkzgx0j3ic54pc.hx.internal.cloudapp.net</Param><Param>50253</Param><Param>-</Param><Param>FALSE</Param><Param>13.69.239.73</Param><Param>-</Param><Param>443</Param><Param>https</Param>","<DataItem type=""System.XmlData"" time=""2023-05-01T10:31:30.0805881+00:00"" sourceHealthServiceId=""CF1209A0-2624-0566-5F2A-730DF513CC05""><EventData xmlns=""http://schemas.microsoft.com/win/2004/08/events/event""><Data Name=""RuleName"">Attack=None,Technique=None,Tactic=None,DS=Network Traffic: Network Connection Creation,Level=0,Desc=Outbound Windows SVCHost Network Connection</Data><Data Name=""UtcTime"">2023-05-01 10:31:29.031</Data><Data Name=""ProcessGuid"">{d5540b43-8dbb-644f-3f00-000000000700}</Data><Data Name=""ProcessId"">2900</Data><Data Name=""Image"">C:\Windows\System32\svchost.exe</Data><Data Name=""User"">NT AUTHORITY\SYSTEM</Data><Data Name=""Protocol"">tcp</Data><Data Name=""Initiated"">true</Data><Data Name=""SourceIsIpv6"">false</Data><Data Name=""SourceIp"">10.0.0.12</Data><Data Name=""SourceHostname"">win10-2.n2lktqibtimupkzgx0j3ic54pc.hx.internal.cloudapp.net</Data><Data Name=""SourcePort"">50253</Data><Data Name=""SourcePortName"">-</Data><Data Name=""DestinationIsIpv6"">false</Data><Data Name=""DestinationIp"">13.69.239.73</Data><Data Name=""DestinationHostname"">-</Data><Data Name=""DestinationPort"">443</Data><Data Name=""DestinationPortName"">https</Data></EventData></DataItem>",3,"Network connection detected: RuleName: Attack=None,Technique=None,Tactic=None,DS=Network Traffic: Network Connection Creation,Level=0,Desc=Outbound Windows SVCHost Network Connection UtcTime: 2023-05-01 10:31:29.031 ProcessGuid: {D5540B43-8DBB-644F-3F00-000000000700} ProcessId: 2900 Image: C:\Windows\System32\svchost.exe User: NT AUTHORITY\SYSTEM Protocol: tcp Initiated: TRUE SourceIsIpv6: FALSE SourceIp: 10.0.0.12 SourceHostname: win10-2.n2lktqibtimupkzgx0j3ic54pc.hx.internal.cloudapp.net SourcePort: 50253 SourcePortName: - DestinationIsIpv6: FALSE DestinationIp: 13.69.239.73 DestinationHostname: - DestinationPort: 443 DestinationPortName: https ",,,3,NT AUTHORITY\SYSTEM,,00000000-0000-0000-0000-000000000001,AOI-39743c52-8e86-43b1-987e-cc5d848ecce7,Event,/subscriptions/9ecb8278-6c96-45d4-a456-c17f6976425f/resourcegroups/test_1/providers/microsoft.compute/virtualmachines/win10-2
39743c52-8e86-43b1-987e-cc5d848ecce7,OpsManager,2023-05-01T10:31:30.8590791Z,Microsoft-Windows-Sysmon,Microsoft-Windows-Sysmon/Operational,win10-2,4,Information,"<Param>Attack=None,Technique=None,Tactic=None,DS=None,Information=Uncategorized Events</Param><Param>2023-05-01 10:31:30.070</Param><Param>{D5540B43-8EFE-644F-9D01-000000000700}</Param><Param>8900</Param><Param>73.239.69.13.in-addr.arpa.</Param><Param>9003</Param><Param>-</Param><Param>C:\Users\azureuser\Downloads\ProcessMonitor\Procmon64.exe</Param><Param>win10-2\azureuser</Param>","<DataItem type=""System.XmlData"" time=""2023-05-01T10:31:30.8590791+00:00"" sourceHealthServiceId=""CF1209A0-2624-0566-5F2A-730DF513CC05""><EventData xmlns=""http://schemas.microsoft.com/win/2004/08/events/event""><Data Name=""RuleName"">Attack=None,Technique=None,Tactic=None,DS=None,Information=Uncategorized Events</Data><Data Name=""UtcTime"">2023-05-01 10:31:30.070</Data><Data Name=""ProcessGuid"">{d5540b43-8efe-644f-9d01-000000000700}</Data><Data Name=""ProcessId"">8900</Data><Data Name=""QueryName"">73.239.69.13.in-addr.arpa.</Data><Data Name=""QueryStatus"">9003</Data><Data Name=""QueryResults"">-</Data><Data Name=""Image"">C:\Users\azureuser\Downloads\ProcessMonitor\Procmon64.exe</Data><Data Name=""User"">win10-2\azureuser</Data></EventData></DataItem>",22,"Dns query: RuleName: Attack=None,Technique=None,Tactic=None,DS=None,Information=Uncategorized Events UtcTime: 2023-05-01 10:31:30.070 ProcessGuid: {D5540B43-8EFE-644F-9D01-000000000700} ProcessId: 8900 QueryName: 73.239.69.13.in-addr.arpa. QueryStatus: 9003 QueryResults: - Image: C:\Users\azureuser\Downloads\ProcessMonitor\Procmon64.exe User: win10-2\azureuser ",,,22,NT AUTHORITY\SYSTEM,,00000000-0000-0000-0000-000000000001,AOI-39743c52-8e86-43b1-987e-cc5d848ecce7,Event,/subscriptions/9ecb8278-6c96-45d4-a456-c17f6976425f/resourcegroups/test_1/providers/microsoft.compute/virtualmachines/win10-2
39743c52-8e86-43b1-987e-cc5d848ecce7,OpsManager,2023-05-01T10:32:23.8211847Z,Microsoft-Windows-Sysmon,Microsoft-Windows-Sysmon/Operational,win10-2,4,Information,"<Param>Attack=T1021.003,Technique=Distributed Component Object Model,Tactic=Lateral Movement,DS=Process: Process Creation,Level=0,Desc=DCOM Launch</Param><Param>2023-05-01 10:32:23.813</Param><Param>{D5540B43-9537-644F-8202-000000000700}</Param><Param>7028</Param><Param>C:\Windows\System32\backgroundTaskHost.exe</Param><Param>10.0.19041.546 (WinBuild.160101.0800)</Param><Param>Background Task Host</Param><Param>Microsoft® Windows® Operating System</Param><Param>Microsoft Corporation</Param><Param>backgroundTaskHost.exe</Param><Param>""C:\Windows\system32\backgroundTaskHost.exe"" -ServerName:App.AppXmtcan0h2tfbfy7k9kn8hbxb6dmzz1zh0.mca</Param><Param>C:\Windows\SystemApps\Microsoft.Windows.ContentDeliveryManager_cw5n1h2txyewy\</Param><Param>win10-2\azureuser</Param><Param>{D5540B43-8DF1-644F-2DB9-060000000000}</Param><Param>0x6b92d</Param><Param>2</Param><Param>AppContainer</Param><Param>SHA1=C6E63C7AAE9C4E07E15C1717872C0C73F3D4FB09,MD5=DA7063B17DBB8BBB3015351016868006,SHA256=20330D3CA71D58F4AEB432676CB6A3D5B97005954E45132FB083E90782EFDD50,IMPHASH=D2ACF1CBC4A6DB14A34C687B9362D66B</Param><Param>{D5540B43-8DB6-644F-0D00-000000000700}</Param><Param>840</Param><Param>C:\Windows\System32\svchost.exe</Param><Param>C:\Windows\system32\svchost.exe -k DcomLaunch -p</Param><Param>NT AUTHORITY\SYSTEM</Param>","<DataItem type=""System.XmlData"" time=""2023-05-01T10:32:23.8211847+00:00"" sourceHealthServiceId=""CF1209A0-2624-0566-5F2A-730DF513CC05""><EventData xmlns=""http://schemas.microsoft.com/win/2004/08/events/event""><Data Name=""RuleName"">Attack=T1021.003,Technique=Distributed Component Object Model,Tactic=Lateral Movement,DS=Process: Process Creation,Level=0,Desc=DCOM Launch</Data><Data Name=""UtcTime"">2023-05-01 10:32:23.813</Data><Data Name=""ProcessGuid"">{d5540b43-9537-644f-8202-000000000700}</Data><Data Name=""ProcessId"">7028</Data><Data Name=""Image"">C:\Windows\System32\backgroundTaskHost.exe</Data><Data Name=""FileVersion"">10.0.19041.546 (WinBuild.160101.0800)</Data><Data Name=""Description"">Background Task Host</Data><Data Name=""Product"">Microsoft® Windows® Operating System</Data><Data Name=""Company"">Microsoft Corporation</Data><Data Name=""OriginalFileName"">backgroundTaskHost.exe</Data><Data Name=""CommandLine"">""C:\Windows\system32\backgroundTaskHost.exe"" -ServerName:App.AppXmtcan0h2tfbfy7k9kn8hbxb6dmzz1zh0.mca</Data><Data Name=""CurrentDirectory"">C:\Windows\SystemApps\Microsoft.Windows.ContentDeliveryManager_cw5n1h2txyewy\</Data><Data Name=""User"">win10-2\azureuser</Data><Data Name=""LogonGuid"">{d5540b43-8df1-644f-2db9-060000000000}</Data><Data Name=""LogonId"">0x6b92d</Data><Data Name=""TerminalSessionId"">2</Data><Data Name=""IntegrityLevel"">AppContainer</Data><Data Name=""Hashes"">SHA1=C6E63C7AAE9C4E07E15C1717872C0C73F3D4FB09,MD5=DA7063B17DBB8BBB3015351016868006,SHA256=20330D3CA71D58F4AEB432676CB6A3D5B97005954E45132FB083E90782EFDD50,IMPHASH=D2ACF1CBC4A6DB14A34C687B9362D66B</Data><Data Name=""ParentProcessGuid"">{d5540b43-8db6-644f-0d00-000000000700}</Data><Data Name=""ParentProcessId"">840</Data><Data Name=""ParentImage"">C:\Windows\System32\svchost.exe</Data><Data Name=""ParentCommandLine"">C:\Windows\system32\svchost.exe -k DcomLaunch -p</Data><Data Name=""ParentUser"">NT AUTHORITY\SYSTEM</Data></EventData></DataItem>",1,"Process Create: RuleName: Attack=T1021.003,Technique=Distributed Component Object Model,Tactic=Lateral Movement,DS=Process: Process Creation,Level=0,Desc=DCOM Launch UtcTime: 2023-05-01 10:32:23.813 ProcessGuid: {D5540B43-9537-644F-8202-000000000700} ProcessId: 7028 Image: C:\Windows\System32\backgroundTaskHost.exe FileVersion: 10.0.19041.546 (WinBuild.160101.0800) Description: Background Task Host Product: Microsoft® Windows® Operating System Company: Microsoft Corporation OriginalFileName: backgroundTaskHost.exe CommandLine: ""C:\Windows\system32\backgroundTaskHost.exe"" -ServerName:App.AppXmtcan0h2tfbfy7k9kn8hbxb6dmzz1zh0.mca CurrentDirectory: C:\Windows\SystemApps\Microsoft.Windows.ContentDeliveryManager_cw5n1h2txyewy\ User: win10-2\azureuser LogonGuid: {D5540B43-8DF1-644F-2DB9-060000000000} LogonId: 0x6b92d TerminalSessionId: 2 IntegrityLevel: AppContainer Hashes: SHA1=C6E63C7AAE9C4E07E15C1717872C0C73F3D4FB09,MD5=DA7063B17DBB8BBB3015351016868006,SHA256=20330D3CA71D58F4AEB432676CB6A3D5B97005954E45132FB083E90782EFDD50,IMPHASH=D2ACF1CBC4A6DB14A34C687B9362D66B ParentProcessGuid: {D5540B43-8DB6-644F-0D00-000000000700} ParentProcessId: 840 ParentImage: C:\Windows\System32\svchost.exe ParentCommandLine: C:\Windows\system32\svchost.exe -k DcomLaunch -p ParentUser: NT AUTHORITY\SYSTEM ",,,1,NT AUTHORITY\SYSTEM,,00000000-0000-0000-0000-000000000001,AOI-39743c52-8e86-43b1-987e-cc5d848ecce7,Event,/subscriptions/9ecb8278-6c96-45d4-a456-c17f6976425f/resourcegroups/test_1/providers/microsoft.compute/virtualmachines/win10-2
39743c52-8e86-43b1-987e-cc5d848ecce7,OpsManager,2023-05-01T10:32:24.7358774Z,Microsoft-Windows-Sysmon,Microsoft-Windows-Sysmon/Operational,win10-2,4,Information,"<Param>Attack=T1021.003,Technique=Distributed Component Object Model,Tactic=Lateral Movement,DS=Process: Process Creation,Level=0,Desc=DCOM Launch</Param><Param>2023-05-01 10:32:24.729</Param><Param>{D5540B43-9538-644F-8302-000000000700}</Param><Param>1816</Param><Param>C:\Windows\System32\backgroundTaskHost.exe</Param><Param>10.0.19041.546 (WinBuild.160101.0800)</Param><Param>Background Task Host</Param><Param>Microsoft® Windows® Operating System</Param><Param>Microsoft Corporation</Param><Param>backgroundTaskHost.exe</Param><Param>""C:\Windows\system32\BackgroundTaskHost.exe"" -ServerName:BackgroundTaskHost.WebAccountProvider</Param><Param>C:\Windows\SystemApps\Microsoft.AAD.BrokerPlugin_cw5n1h2txyewy\</Param><Param>win10-2\azureuser</Param><Param>{D5540B43-8DF1-644F-2DB9-060000000000}</Param><Param>0x6b92d</Param><Param>2</Param><Param>AppContainer</Param><Param>SHA1=C6E63C7AAE9C4E07E15C1717872C0C73F3D4FB09,MD5=DA7063B17DBB8BBB3015351016868006,SHA256=20330D3CA71D58F4AEB432676CB6A3D5B97005954E45132FB083E90782EFDD50,IMPHASH=D2ACF1CBC4A6DB14A34C687B9362D66B</Param><Param>{D5540B43-8DB6-644F-0D00-000000000700}</Param><Param>840</Param><Param>C:\Windows\System32\svchost.exe</Param><Param>C:\Windows\system32\svchost.exe -k DcomLaunch -p</Param><Param>NT AUTHORITY\SYSTEM</Param>","<DataItem type=""System.XmlData"" time=""2023-05-01T10:32:24.7358774+00:00"" sourceHealthServiceId=""CF1209A0-2624-0566-5F2A-730DF513CC05""><EventData xmlns=""http://schemas.microsoft.com/win/2004/08/events/event""><Data Name=""RuleName"">Attack=T1021.003,Technique=Distributed Component Object Model,Tactic=Lateral Movement,DS=Process: Process Creation,Level=0,Desc=DCOM Launch</Data><Data Name=""UtcTime"">2023-05-01 10:32:24.729</Data><Data Name=""ProcessGuid"">{d5540b43-9538-644f-8302-000000000700}</Data><Data Name=""ProcessId"">1816</Data><Data Name=""Image"">C:\Windows\System32\backgroundTaskHost.exe</Data><Data Name=""FileVersion"">10.0.19041.546 (WinBuild.160101.0800)</Data><Data Name=""Description"">Background Task Host</Data><Data Name=""Product"">Microsoft® Windows® Operating System</Data><Data Name=""Company"">Microsoft Corporation</Data><Data Name=""OriginalFileName"">backgroundTaskHost.exe</Data><Data Name=""CommandLine"">""C:\Windows\system32\BackgroundTaskHost.exe"" -ServerName:BackgroundTaskHost.WebAccountProvider</Data><Data Name=""CurrentDirectory"">C:\Windows\SystemApps\Microsoft.AAD.BrokerPlugin_cw5n1h2txyewy\</Data><Data Name=""User"">win10-2\azureuser</Data><Data Name=""LogonGuid"">{d5540b43-8df1-644f-2db9-060000000000}</Data><Data Name=""LogonId"">0x6b92d</Data><Data Name=""TerminalSessionId"">2</Data><Data Name=""IntegrityLevel"">AppContainer</Data><Data Name=""Hashes"">SHA1=C6E63C7AAE9C4E07E15C1717872C0C73F3D4FB09,MD5=DA7063B17DBB8BBB3015351016868006,SHA256=20330D3CA71D58F4AEB432676CB6A3D5B97005954E45132FB083E90782EFDD50,IMPHASH=D2ACF1CBC4A6DB14A34C687B9362D66B</Data><Data Name=""ParentProcessGuid"">{d5540b43-8db6-644f-0d00-000000000700}</Data><Data Name=""ParentProcessId"">840</Data><Data Name=""ParentImage"">C:\Windows\System32\svchost.exe</Data><Data Name=""ParentCommandLine"">C:\Windows\system32\svchost.exe -k DcomLaunch -p</Data><Data Name=""ParentUser"">NT AUTHORITY\SYSTEM</Data></EventData></DataItem>",1,"Process Create: RuleName: Attack=T1021.003,Technique=Distributed Component Object Model,Tactic=Lateral Movement,DS=Process: Process Creation,Level=0,Desc=DCOM Launch UtcTime: 2023-05-01 10:32:24.729 ProcessGuid: {D5540B43-9538-644F-8302-000000000700} ProcessId: 1816 Image: C:\Windows\System32\backgroundTaskHost.exe FileVersion: 10.0.19041.546 (WinBuild.160101.0800) Description: Background Task Host Product: Microsoft® Windows® Operating System Company: Microsoft Corporation OriginalFileName: backgroundTaskHost.exe CommandLine: ""C:\Windows\system32\BackgroundTaskHost.exe"" -ServerName:BackgroundTaskHost.WebAccountProvider CurrentDirectory: C:\Windows\SystemApps\Microsoft.AAD.BrokerPlugin_cw5n1h2txyewy\ User: win10-2\azureuser LogonGuid: {D5540B43-8DF1-644F-2DB9-060000000000} LogonId: 0x6b92d TerminalSessionId: 2 IntegrityLevel: AppContainer Hashes: SHA1=C6E63C7AAE9C4E07E15C1717872C0C73F3D4FB09,MD5=DA7063B17DBB8BBB3015351016868006,SHA256=20330D3CA71D58F4AEB432676CB6A3D5B97005954E45132FB083E90782EFDD50,IMPHASH=D2ACF1CBC4A6DB14A34C687B9362D66B ParentProcessGuid: {D5540B43-8DB6-644F-0D00-000000000700} ParentProcessId: 840 ParentImage: C:\Windows\System32\svchost.exe ParentCommandLine: C:\Windows\system32\svchost.exe -k DcomLaunch -p ParentUser: NT AUTHORITY\SYSTEM ",,,1,NT AUTHORITY\SYSTEM,,00000000-0000-0000-0000-000000000001,AOI-39743c52-8e86-43b1-987e-cc5d848ecce7,Event,/subscriptions/9ecb8278-6c96-45d4-a456-c17f6976425f/resourcegroups/test_1/providers/microsoft.compute/virtualmachines/win10-2
39743c52-8e86-43b1-987e-cc5d848ecce7,OpsManager,2023-05-01T10:32:30.2293519Z,Microsoft-Windows-Sysmon,Microsoft-Windows-Sysmon/Operational,win10-2,4,Information,"<Param>Attack=None,Technique=None,Tactic=None,DS=Process: Process Termination,Level=0,Desc=Process Termination Events in Windows Directory</Param><Param>2023-05-01 10:32:30.224</Param><Param>{D5540B43-9537-644F-8202-000000000700}</Param><Param>7028</Param><Param>C:\Windows\System32\backgroundTaskHost.exe</Param><Param>win10-2\azureuser</Param>","<DataItem type=""System.XmlData"" time=""2023-05-01T10:32:30.2293519+00:00"" sourceHealthServiceId=""CF1209A0-2624-0566-5F2A-730DF513CC05""><EventData xmlns=""http://schemas.microsoft.com/win/2004/08/events/event""><Data Name=""RuleName"">Attack=None,Technique=None,Tactic=None,DS=Process: Process Termination,Level=0,Desc=Process Termination Events in Windows Directory</Data><Data Name=""UtcTime"">2023-05-01 10:32:30.224</Data><Data Name=""ProcessGuid"">{d5540b43-9537-644f-8202-000000000700}</Data><Data Name=""ProcessId"">7028</Data><Data Name=""Image"">C:\Windows\System32\backgroundTaskHost.exe</Data><Data Name=""User"">win10-2\azureuser</Data></EventData></DataItem>",5,"Process terminated: RuleName: Attack=None,Technique=None,Tactic=None,DS=Process: Process Termination,Level=0,Desc=Process Termination Events in Windows Directory UtcTime: 2023-05-01 10:32:30.224 ProcessGuid: {D5540B43-9537-644F-8202-000000000700} ProcessId: 7028 Image: C:\Windows\System32\backgroundTaskHost.exe User: win10-2\azureuser ",,,5,NT AUTHORITY\SYSTEM,,00000000-0000-0000-0000-000000000001,AOI-39743c52-8e86-43b1-987e-cc5d848ecce7,Event,/subscriptions/9ecb8278-6c96-45d4-a456-c17f6976425f/resourcegroups/test_1/providers/microsoft.compute/virtualmachines/win10-2
39743c52-8e86-43b1-987e-cc5d848ecce7,OpsManager,2023-05-01T10:32:31.1005426Z,Microsoft-Windows-Sysmon,Microsoft-Windows-Sysmon/Operational,win10-2,4,Information,"<Param>Attack=None,Technique=None,Tactic=None,DS=Network Traffic: Network Connection Creation,Level=0,Desc=Non-Browsers Accessing HTTPS</Param><Param>2023-05-01 10:32:28.996</Param><Param>{D5540B43-9537-644F-8202-000000000700}</Param><Param>7028</Param><Param>C:\Windows\System32\backgroundTaskHost.exe</Param><Param>win10-2\azureuser</Param><Param>tcp</Param><Param>TRUE</Param><Param>FALSE</Param><Param>10.0.0.12</Param><Param>win10-2.n2lktqibtimupkzgx0j3ic54pc.hx.internal.cloudapp.net</Param><Param>50258</Param><Param>-</Param><Param>FALSE</Param><Param>20.24.125.47</Param><Param>-</Param><Param>443</Param><Param>https</Param>","<DataItem type=""System.XmlData"" time=""2023-05-01T10:32:31.1005426+00:00"" sourceHealthServiceId=""CF1209A0-2624-0566-5F2A-730DF513CC05""><EventData xmlns=""http://schemas.microsoft.com/win/2004/08/events/event""><Data Name=""RuleName"">Attack=None,Technique=None,Tactic=None,DS=Network Traffic: Network Connection Creation,Level=0,Desc=Non-Browsers Accessing HTTPS</Data><Data Name=""UtcTime"">2023-05-01 10:32:28.996</Data><Data Name=""ProcessGuid"">{d5540b43-9537-644f-8202-000000000700}</Data><Data Name=""ProcessId"">7028</Data><Data Name=""Image"">C:\Windows\System32\backgroundTaskHost.exe</Data><Data Name=""User"">win10-2\azureuser</Data><Data Name=""Protocol"">tcp</Data><Data Name=""Initiated"">true</Data><Data Name=""SourceIsIpv6"">false</Data><Data Name=""SourceIp"">10.0.0.12</Data><Data Name=""SourceHostname"">win10-2.n2lktqibtimupkzgx0j3ic54pc.hx.internal.cloudapp.net</Data><Data Name=""SourcePort"">50258</Data><Data Name=""SourcePortName"">-</Data><Data Name=""DestinationIsIpv6"">false</Data><Data Name=""DestinationIp"">20.24.125.47</Data><Data Name=""DestinationHostname"">-</Data><Data Name=""DestinationPort"">443</Data><Data Name=""DestinationPortName"">https</Data></EventData></DataItem>",3,"Network connection detected: RuleName: Attack=None,Technique=None,Tactic=None,DS=Network Traffic: Network Connection Creation,Level=0,Desc=Non-Browsers Accessing HTTPS UtcTime: 2023-05-01 10:32:28.996 ProcessGuid: {D5540B43-9537-644F-8202-000000000700} ProcessId: 7028 Image: C:\Windows\System32\backgroundTaskHost.exe User: win10-2\azureuser Protocol: tcp Initiated: TRUE SourceIsIpv6: FALSE SourceIp: 10.0.0.12 SourceHostname: win10-2.n2lktqibtimupkzgx0j3ic54pc.hx.internal.cloudapp.net SourcePort: 50258 SourcePortName: - DestinationIsIpv6: FALSE DestinationIp: 20.24.125.47 DestinationHostname: - DestinationPort: 443 DestinationPortName: https ",,,3,NT AUTHORITY\SYSTEM,,00000000-0000-0000-0000-000000000001,AOI-39743c52-8e86-43b1-987e-cc5d848ecce7,Event,/subscriptions/9ecb8278-6c96-45d4-a456-c17f6976425f/resourcegroups/test_1/providers/microsoft.compute/virtualmachines/win10-2
39743c52-8e86-43b1-987e-cc5d848ecce7,OpsManager,2023-05-01T10:32:31.10065Z,Microsoft-Windows-Sysmon,Microsoft-Windows-Sysmon/Operational,win10-2,4,Information,"<Param>Attack=None,Technique=None,Tactic=None,DS=Network Traffic: Network Connection Creation,Level=0,Desc=Non-Browsers Accessing HTTPS</Param><Param>2023-05-01 10:32:28.997</Param><Param>{D5540B43-9537-644F-8202-000000000700}</Param><Param>7028</Param><Param>C:\Windows\System32\backgroundTaskHost.exe</Param><Param>win10-2\azureuser</Param><Param>tcp</Param><Param>TRUE</Param><Param>FALSE</Param><Param>10.0.0.12</Param><Param>win10-2.n2lktqibtimupkzgx0j3ic54pc.hx.internal.cloudapp.net</Param><Param>50259</Param><Param>-</Param><Param>FALSE</Param><Param>20.24.125.47</Param><Param>-</Param><Param>443</Param><Param>https</Param>","<DataItem type=""System.XmlData"" time=""2023-05-01T10:32:31.1006500+00:00"" sourceHealthServiceId=""CF1209A0-2624-0566-5F2A-730DF513CC05""><EventData xmlns=""http://schemas.microsoft.com/win/2004/08/events/event""><Data Name=""RuleName"">Attack=None,Technique=None,Tactic=None,DS=Network Traffic: Network Connection Creation,Level=0,Desc=Non-Browsers Accessing HTTPS</Data><Data Name=""UtcTime"">2023-05-01 10:32:28.997</Data><Data Name=""ProcessGuid"">{d5540b43-9537-644f-8202-000000000700}</Data><Data Name=""ProcessId"">7028</Data><Data Name=""Image"">C:\Windows\System32\backgroundTaskHost.exe</Data><Data Name=""User"">win10-2\azureuser</Data><Data Name=""Protocol"">tcp</Data><Data Name=""Initiated"">true</Data><Data Name=""SourceIsIpv6"">false</Data><Data Name=""SourceIp"">10.0.0.12</Data><Data Name=""SourceHostname"">win10-2.n2lktqibtimupkzgx0j3ic54pc.hx.internal.cloudapp.net</Data><Data Name=""SourcePort"">50259</Data><Data Name=""SourcePortName"">-</Data><Data Name=""DestinationIsIpv6"">false</Data><Data Name=""DestinationIp"">20.24.125.47</Data><Data Name=""DestinationHostname"">-</Data><Data Name=""DestinationPort"">443</Data><Data Name=""DestinationPortName"">https</Data></EventData></DataItem>",3,"Network connection detected: RuleName: Attack=None,Technique=None,Tactic=None,DS=Network Traffic: Network Connection Creation,Level=0,Desc=Non-Browsers Accessing HTTPS UtcTime: 2023-05-01 10:32:28.997 ProcessGuid: {D5540B43-9537-644F-8202-000000000700} ProcessId: 7028 Image: C:\Windows\System32\backgroundTaskHost.exe User: win10-2\azureuser Protocol: tcp Initiated: TRUE SourceIsIpv6: FALSE SourceIp: 10.0.0.12 SourceHostname: win10-2.n2lktqibtimupkzgx0j3ic54pc.hx.internal.cloudapp.net SourcePort: 50259 SourcePortName: - DestinationIsIpv6: FALSE DestinationIp: 20.24.125.47 DestinationHostname: - DestinationPort: 443 DestinationPortName: https ",,,3,NT AUTHORITY\SYSTEM,,00000000-0000-0000-0000-000000000001,AOI-39743c52-8e86-43b1-987e-cc5d848ecce7,Event,/subscriptions/9ecb8278-6c96-45d4-a456-c17f6976425f/resourcegroups/test_1/providers/microsoft.compute/virtualmachines/win10-2
39743c52-8e86-43b1-987e-cc5d848ecce7,OpsManager,2023-05-01T10:33:21.9807716Z,Microsoft-Windows-Sysmon,Microsoft-Windows-Sysmon/Operational,win10-2,4,Information,"<Param>Attack=None,Technique=None,Tactic=None,DS=Network Traffic: Network Connection Creation,Level=0,Desc=Non-Browsers Accessing HTTP</Param><Param>2023-05-01 10:33:19.765</Param><Param>{D5540B43-8E4F-644F-0D01-000000000700}</Param><Param>8576</Param><Param>C:\WindowsAzure\GuestAgent_2.7.41491.1083_2023-05-01_100201\WaAppAgent.exe</Param><Param>NT AUTHORITY\SYSTEM</Param><Param>tcp</Param><Param>TRUE</Param><Param>FALSE</Param><Param>10.0.0.12</Param><Param>win10-2.n2lktqibtimupkzgx0j3ic54pc.hx.internal.cloudapp.net</Param><Param>50271</Param><Param>-</Param><Param>FALSE</Param><Param>168.63.129.16</Param><Param>-</Param><Param>80</Param><Param>http</Param>","<DataItem type=""System.XmlData"" time=""2023-05-01T10:33:21.9807716+00:00"" sourceHealthServiceId=""CF1209A0-2624-0566-5F2A-730DF513CC05""><EventData xmlns=""http://schemas.microsoft.com/win/2004/08/events/event""><Data Name=""RuleName"">Attack=None,Technique=None,Tactic=None,DS=Network Traffic: Network Connection Creation,Level=0,Desc=Non-Browsers Accessing HTTP</Data><Data Name=""UtcTime"">2023-05-01 10:33:19.765</Data><Data Name=""ProcessGuid"">{d5540b43-8e4f-644f-0d01-000000000700}</Data><Data Name=""ProcessId"">8576</Data><Data Name=""Image"">C:\WindowsAzure\GuestAgent_2.7.41491.1083_2023-05-01_100201\WaAppAgent.exe</Data><Data Name=""User"">NT AUTHORITY\SYSTEM</Data><Data Name=""Protocol"">tcp</Data><Data Name=""Initiated"">true</Data><Data Name=""SourceIsIpv6"">false</Data><Data Name=""SourceIp"">10.0.0.12</Data><Data Name=""SourceHostname"">win10-2.n2lktqibtimupkzgx0j3ic54pc.hx.internal.cloudapp.net</Data><Data Name=""SourcePort"">50271</Data><Data Name=""SourcePortName"">-</Data><Data Name=""DestinationIsIpv6"">false</Data><Data Name=""DestinationIp"">168.63.129.16</Data><Data Name=""DestinationHostname"">-</Data><Data Name=""DestinationPort"">80</Data><Data Name=""DestinationPortName"">http</Data></EventData></DataItem>",3,"Network connection detected: RuleName: Attack=None,Technique=None,Tactic=None,DS=Network Traffic: Network Connection Creation,Level=0,Desc=Non-Browsers Accessing HTTP UtcTime: 2023-05-01 10:33:19.765 ProcessGuid: {D5540B43-8E4F-644F-0D01-000000000700} ProcessId: 8576 Image: C:\WindowsAzure\GuestAgent_2.7.41491.1083_2023-05-01_100201\WaAppAgent.exe User: NT AUTHORITY\SYSTEM Protocol: tcp Initiated: TRUE SourceIsIpv6: FALSE SourceIp: 10.0.0.12 SourceHostname: win10-2.n2lktqibtimupkzgx0j3ic54pc.hx.internal.cloudapp.net SourcePort: 50271 SourcePortName: - DestinationIsIpv6: FALSE DestinationIp: 168.63.129.16 DestinationHostname: - DestinationPort: 80 DestinationPortName: http ",,,3,NT AUTHORITY\SYSTEM,,00000000-0000-0000-0000-000000000001,AOI-39743c52-8e86-43b1-987e-cc5d848ecce7,Event,/subscriptions/9ecb8278-6c96-45d4-a456-c17f6976425f/resourcegroups/test_1/providers/microsoft.compute/virtualmachines/win10-2
39743c52-8e86-43b1-987e-cc5d848ecce7,OpsManager,2023-05-01T10:34:59.205859Z,Microsoft-Windows-Sysmon,Microsoft-Windows-Sysmon/Operational,win10-2,4,Information,"<Param>Attack=None,Technique=None,Tactic=None,DS=Network Traffic: Network Connection Creation,Level=0,Desc=Non-Browsers Accessing HTTP</Param><Param>2023-05-01 10:34:56.999</Param><Param>{D5540B43-8E51-644F-1B01-000000000700}</Param><Param>5248</Param><Param>C:\WindowsAzure\GuestAgent_2.7.41491.1083_2023-05-01_100201\WindowsAzureGuestAgent.exe</Param><Param>NT AUTHORITY\SYSTEM</Param><Param>tcp</Param><Param>TRUE</Param><Param>FALSE</Param><Param>10.0.0.12</Param><Param>win10-2.n2lktqibtimupkzgx0j3ic54pc.hx.internal.cloudapp.net</Param><Param>50284</Param><Param>-</Param><Param>FALSE</Param><Param>168.63.129.16</Param><Param>-</Param><Param>80</Param><Param>http</Param>","<DataItem type=""System.XmlData"" time=""2023-05-01T10:34:59.2058590+00:00"" sourceHealthServiceId=""CF1209A0-2624-0566-5F2A-730DF513CC05""><EventData xmlns=""http://schemas.microsoft.com/win/2004/08/events/event""><Data Name=""RuleName"">Attack=None,Technique=None,Tactic=None,DS=Network Traffic: Network Connection Creation,Level=0,Desc=Non-Browsers Accessing HTTP</Data><Data Name=""UtcTime"">2023-05-01 10:34:56.999</Data><Data Name=""ProcessGuid"">{d5540b43-8e51-644f-1b01-000000000700}</Data><Data Name=""ProcessId"">5248</Data><Data Name=""Image"">C:\WindowsAzure\GuestAgent_2.7.41491.1083_2023-05-01_100201\WindowsAzureGuestAgent.exe</Data><Data Name=""User"">NT AUTHORITY\SYSTEM</Data><Data Name=""Protocol"">tcp</Data><Data Name=""Initiated"">true</Data><Data Name=""SourceIsIpv6"">false</Data><Data Name=""SourceIp"">10.0.0.12</Data><Data Name=""SourceHostname"">win10-2.n2lktqibtimupkzgx0j3ic54pc.hx.internal.cloudapp.net</Data><Data Name=""SourcePort"">50284</Data><Data Name=""SourcePortName"">-</Data><Data Name=""DestinationIsIpv6"">false</Data><Data Name=""DestinationIp"">168.63.129.16</Data><Data Name=""DestinationHostname"">-</Data><Data Name=""DestinationPort"">80</Data><Data Name=""DestinationPortName"">http</Data></EventData></DataItem>",3,"Network connection detected: RuleName: Attack=None,Technique=None,Tactic=None,DS=Network Traffic: Network Connection Creation,Level=0,Desc=Non-Browsers Accessing HTTP UtcTime: 2023-05-01 10:34:56.999 ProcessGuid: {D5540B43-8E51-644F-1B01-000000000700} ProcessId: 5248 Image: C:\WindowsAzure\GuestAgent_2.7.41491.1083_2023-05-01_100201\WindowsAzureGuestAgent.exe User: NT AUTHORITY\SYSTEM Protocol: tcp Initiated: TRUE SourceIsIpv6: FALSE SourceIp: 10.0.0.12 SourceHostname: win10-2.n2lktqibtimupkzgx0j3ic54pc.hx.internal.cloudapp.net SourcePort: 50284 SourcePortName: - DestinationIsIpv6: FALSE DestinationIp: 168.63.129.16 DestinationHostname: - DestinationPort: 80 DestinationPortName: http ",,,3,NT AUTHORITY\SYSTEM,,00000000-0000-0000-0000-000000000001,AOI-39743c52-8e86-43b1-987e-cc5d848ecce7,Event,/subscriptions/9ecb8278-6c96-45d4-a456-c17f6976425f/resourcegroups/test_1/providers/microsoft.compute/virtualmachines/win10-2
39743c52-8e86-43b1-987e-cc5d848ecce7,OpsManager,2023-05-01T10:35:25.0154444Z,Microsoft-Windows-Sysmon,Microsoft-Windows-Sysmon/Operational,win10-2,4,Information,"<Param>Attack=T1059,Technique=Visual Basic,Tactic=Execution,DS=Process: Process Creation,UEBA=Suspicious WSCRIPT Command Line,Risk=50</Param><Param>2023-05-01 10:35:25.012</Param><Param>{D5540B43-95ED-644F-9F02-000000000700}</Param><Param>5728</Param><Param>C:\Windows\System32\cscript.exe</Param><Param>5.812.10240.16384</Param><Param>Microsoft ® Console Based Script Host</Param><Param>Microsoft ® Windows Script Host</Param><Param>Microsoft Corporation</Param><Param>cscript.exe</Param><Param>""C:\Windows\system32\cscript.exe"" /nologo ""MonitorKnowledgeDiscovery.vbs""</Param><Param>C:\Program Files\Microsoft Monitoring Agent\Agent\Health Service State\Monitoring Host Temporary Files 1\32\</Param><Param>NT AUTHORITY\SYSTEM</Param><Param>{D5540B43-8DB6-644F-E703-000000000000}</Param><Param>0x3e7</Param><Param>0</Param><Param>System</Param><Param>SHA1=CDFE517D07F18623778829AA98D6BBADD3F294CD,MD5=24590BF74BBBBFD7D7AC070F4E3C44FD,SHA256=AE37FD1B642E797B36B9FFCEC8A6E986732D011681061800C6B74426C28A9D03,IMPHASH=2B44D2206B9865383429E9C1524F1CAC</Param><Param>{D5540B43-93CA-644F-6B02-000000000700}</Param><Param>5364</Param><Param>C:\Program Files\Microsoft Monitoring Agent\Agent\MonitoringHost.exe</Param><Param>""C:\Program Files\Microsoft Monitoring Agent\Agent\MonitoringHost.exe"" -Embedding</Param><Param>NT AUTHORITY\SYSTEM</Param>","<DataItem type=""System.XmlData"" time=""2023-05-01T10:35:25.0154444+00:00"" sourceHealthServiceId=""CF1209A0-2624-0566-5F2A-730DF513CC05""><EventData xmlns=""http://schemas.microsoft.com/win/2004/08/events/event""><Data Name=""RuleName"">Attack=T1059,Technique=Visual Basic,Tactic=Execution,DS=Process: Process Creation,UEBA=Suspicious WSCRIPT Command Line,Risk=50</Data><Data Name=""UtcTime"">2023-05-01 10:35:25.012</Data><Data Name=""ProcessGuid"">{d5540b43-95ed-644f-9f02-000000000700}</Data><Data Name=""ProcessId"">5728</Data><Data Name=""Image"">C:\Windows\System32\cscript.exe</Data><Data Name=""FileVersion"">5.812.10240.16384</Data><Data Name=""Description"">Microsoft ® Console Based Script Host</Data><Data Name=""Product"">Microsoft ® Windows Script Host</Data><Data Name=""Company"">Microsoft Corporation</Data><Data Name=""OriginalFileName"">cscript.exe</Data><Data Name=""CommandLine"">""C:\Windows\system32\cscript.exe"" /nologo ""MonitorKnowledgeDiscovery.vbs""</Data><Data Name=""CurrentDirectory"">C:\Program Files\Microsoft Monitoring Agent\Agent\Health Service State\Monitoring Host Temporary Files 1\32\</Data><Data Name=""User"">NT AUTHORITY\SYSTEM</Data><Data Name=""LogonGuid"">{d5540b43-8db6-644f-e703-000000000000}</Data><Data Name=""LogonId"">0x3e7</Data><Data Name=""TerminalSessionId"">0</Data><Data Name=""IntegrityLevel"">System</Data><Data Name=""Hashes"">SHA1=CDFE517D07F18623778829AA98D6BBADD3F294CD,MD5=24590BF74BBBBFD7D7AC070F4E3C44FD,SHA256=AE37FD1B642E797B36B9FFCEC8A6E986732D011681061800C6B74426C28A9D03,IMPHASH=2B44D2206B9865383429E9C1524F1CAC</Data><Data Name=""ParentProcessGuid"">{d5540b43-93ca-644f-6b02-000000000700}</Data><Data Name=""ParentProcessId"">5364</Data><Data Name=""ParentImage"">C:\Program Files\Microsoft Monitoring Agent\Agent\MonitoringHost.exe</Data><Data Name=""ParentCommandLine"">""C:\Program Files\Microsoft Monitoring Agent\Agent\MonitoringHost.exe"" -Embedding</Data><Data Name=""ParentUser"">NT AUTHORITY\SYSTEM</Data></EventData></DataItem>",1,"Process Create: RuleName: Attack=T1059,Technique=Visual Basic,Tactic=Execution,DS=Process: Process Creation,UEBA=Suspicious WSCRIPT Command Line,Risk=50 UtcTime: 2023-05-01 10:35:25.012 ProcessGuid: {D5540B43-95ED-644F-9F02-000000000700} ProcessId: 5728 Image: C:\Windows\System32\cscript.exe FileVersion: 5.812.10240.16384 Description: Microsoft ® Console Based Script Host Product: Microsoft ® Windows Script Host Company: Microsoft Corporation OriginalFileName: cscript.exe CommandLine: ""C:\Windows\system32\cscript.exe"" /nologo ""MonitorKnowledgeDiscovery.vbs"" CurrentDirectory: C:\Program Files\Microsoft Monitoring Agent\Agent\Health Service State\Monitoring Host Temporary Files 1\32\ User: NT AUTHORITY\SYSTEM LogonGuid: {D5540B43-8DB6-644F-E703-000000000000} LogonId: 0x3e7 TerminalSessionId: 0 IntegrityLevel: System Hashes: SHA1=CDFE517D07F18623778829AA98D6BBADD3F294CD,MD5=24590BF74BBBBFD7D7AC070F4E3C44FD,SHA256=AE37FD1B642E797B36B9FFCEC8A6E986732D011681061800C6B74426C28A9D03,IMPHASH=2B44D2206B9865383429E9C1524F1CAC ParentProcessGuid: {D5540B43-93CA-644F-6B02-000000000700} ParentProcessId: 5364 ParentImage: C:\Program Files\Microsoft Monitoring Agent\Agent\MonitoringHost.exe ParentCommandLine: ""C:\Program Files\Microsoft Monitoring Agent\Agent\MonitoringHost.exe"" -Embedding ParentUser: NT AUTHORITY\SYSTEM ",,,1,NT AUTHORITY\SYSTEM,,00000000-0000-0000-0000-000000000001,AOI-39743c52-8e86-43b1-987e-cc5d848ecce7,Event,/subscriptions/9ecb8278-6c96-45d4-a456-c17f6976425f/resourcegroups/test_1/providers/microsoft.compute/virtualmachines/win10-2
39743c52-8e86-43b1-987e-cc5d848ecce7,OpsManager,2023-05-01T10:35:25.1496584Z,Microsoft-Windows-Sysmon,Microsoft-Windows-Sysmon/Operational,win10-2,4,Information,"<Param>Attack=None,Technique=None,Tactic=None,DS=Module: Module Load,Level=0,Desc=Powershell Not Loading AMSI.dll</Param><Param>2023-05-01 10:35:25.134</Param><Param>{D5540B43-95ED-644F-9F02-000000000700}</Param><Param>5728</Param><Param>C:\Windows\System32\cscript.exe</Param><Param>C:\Windows\System32\amsi.dll</Param><Param>10.0.19041.2075 (WinBuild.160101.0800)</Param><Param>Anti-Malware Scan Interface</Param><Param>Microsoft® Windows® Operating System</Param><Param>Microsoft Corporation</Param><Param>amsi.dll</Param><Param>SHA1=B6A0B7755F49B1678F16550A14E7D6DB3840097A,MD5=31A4B9E4D7F90542E09F4A6393567CD7,SHA256=F45D7BD641694B1351B1F003B95586F5456F3BCC508CF8AE323DE95115557C07,IMPHASH=C414C6B76EBCEEF67B5B752A7E51D4D2</Param><Param>true</Param><Param>Microsoft Windows</Param><Param>Valid</Param><Param>NT AUTHORITY\SYSTEM</Param>","<DataItem type=""System.XmlData"" time=""2023-05-01T10:35:25.1496584+00:00"" sourceHealthServiceId=""CF1209A0-2624-0566-5F2A-730DF513CC05""><EventData xmlns=""http://schemas.microsoft.com/win/2004/08/events/event""><Data Name=""RuleName"">Attack=None,Technique=None,Tactic=None,DS=Module: Module Load,Level=0,Desc=Powershell Not Loading AMSI.dll</Data><Data Name=""UtcTime"">2023-05-01 10:35:25.134</Data><Data Name=""ProcessGuid"">{d5540b43-95ed-644f-9f02-000000000700}</Data><Data Name=""ProcessId"">5728</Data><Data Name=""Image"">C:\Windows\System32\cscript.exe</Data><Data Name=""ImageLoaded"">C:\Windows\System32\amsi.dll</Data><Data Name=""FileVersion"">10.0.19041.2075 (WinBuild.160101.0800)</Data><Data Name=""Description"">Anti-Malware Scan Interface</Data><Data Name=""Product"">Microsoft® Windows® Operating System</Data><Data Name=""Company"">Microsoft Corporation</Data><Data Name=""OriginalFileName"">amsi.dll</Data><Data Name=""Hashes"">SHA1=B6A0B7755F49B1678F16550A14E7D6DB3840097A,MD5=31A4B9E4D7F90542E09F4A6393567CD7,SHA256=F45D7BD641694B1351B1F003B95586F5456F3BCC508CF8AE323DE95115557C07,IMPHASH=C414C6B76EBCEEF67B5B752A7E51D4D2</Data><Data Name=""Signed"">true</Data><Data Name=""Signature"">Microsoft Windows</Data><Data Name=""SignatureStatus"">Valid</Data><Data Name=""User"">NT AUTHORITY\SYSTEM</Data></EventData></DataItem>",7,"Image loaded: RuleName: Attack=None,Technique=None,Tactic=None,DS=Module: Module Load,Level=0,Desc=Powershell Not Loading AMSI.dll UtcTime: 2023-05-01 10:35:25.134 ProcessGuid: {D5540B43-95ED-644F-9F02-000000000700} ProcessId: 5728 Image: C:\Windows\System32\cscript.exe ImageLoaded: C:\Windows\System32\amsi.dll FileVersion: 10.0.19041.2075 (WinBuild.160101.0800) Description: Anti-Malware Scan Interface Product: Microsoft® Windows® Operating System Company: Microsoft Corporation OriginalFileName: amsi.dll Hashes: SHA1=B6A0B7755F49B1678F16550A14E7D6DB3840097A,MD5=31A4B9E4D7F90542E09F4A6393567CD7,SHA256=F45D7BD641694B1351B1F003B95586F5456F3BCC508CF8AE323DE95115557C07,IMPHASH=C414C6B76EBCEEF67B5B752A7E51D4D2 Signed: true Signature: Microsoft Windows SignatureStatus: Valid User: NT AUTHORITY\SYSTEM ",,,7,NT AUTHORITY\SYSTEM,,00000000-0000-0000-0000-000000000001,AOI-39743c52-8e86-43b1-987e-cc5d848ecce7,Event,/subscriptions/9ecb8278-6c96-45d4-a456-c17f6976425f/resourcegroups/test_1/providers/microsoft.compute/virtualmachines/win10-2
39743c52-8e86-43b1-987e-cc5d848ecce7,OpsManager,2023-05-01T10:35:25.200716Z,Microsoft-Windows-Sysmon,Microsoft-Windows-Sysmon/Operational,win10-2,4,Information,"<Param>RG=Image Load Includes</Param><Param>2023-05-01 10:35:25.197</Param><Param>{D5540B43-95ED-644F-9F02-000000000700}</Param><Param>5728</Param><Param>C:\Windows\System32\cscript.exe</Param><Param>C:\Windows\System32\scrobj.dll</Param><Param>5.812.10240.16384</Param><Param>Windows ® Script Component Runtime</Param><Param>Microsoft ® Windows ® Script Component Runtime</Param><Param>Microsoft Corporation</Param><Param>scrobj.dll</Param><Param>SHA1=35CACF1ADA899882019C97BBF044E3B011EBA987,MD5=3BAC5E5C39B9787E3672ACBFABE438D1,SHA256=164EA0913EF910084147CAB550C12B8F12C710A3F1BADF4A26C6691517A031C4,IMPHASH=C928D4D30D6B6FC0A3B011AA381044CA</Param><Param>true</Param><Param>Microsoft Windows</Param><Param>Valid</Param><Param>NT AUTHORITY\SYSTEM</Param>","<DataItem type=""System.XmlData"" time=""2023-05-01T10:35:25.2007160+00:00"" sourceHealthServiceId=""CF1209A0-2624-0566-5F2A-730DF513CC05""><EventData xmlns=""http://schemas.microsoft.com/win/2004/08/events/event""><Data Name=""RuleName"">RG=Image Load Includes</Data><Data Name=""UtcTime"">2023-05-01 10:35:25.197</Data><Data Name=""ProcessGuid"">{d5540b43-95ed-644f-9f02-000000000700}</Data><Data Name=""ProcessId"">5728</Data><Data Name=""Image"">C:\Windows\System32\cscript.exe</Data><Data Name=""ImageLoaded"">C:\Windows\System32\scrobj.dll</Data><Data Name=""FileVersion"">5.812.10240.16384</Data><Data Name=""Description"">Windows ® Script Component Runtime</Data><Data Name=""Product"">Microsoft ® Windows ® Script Component Runtime</Data><Data Name=""Company"">Microsoft Corporation</Data><Data Name=""OriginalFileName"">scrobj.dll</Data><Data Name=""Hashes"">SHA1=35CACF1ADA899882019C97BBF044E3B011EBA987,MD5=3BAC5E5C39B9787E3672ACBFABE438D1,SHA256=164EA0913EF910084147CAB550C12B8F12C710A3F1BADF4A26C6691517A031C4,IMPHASH=C928D4D30D6B6FC0A3B011AA381044CA</Data><Data Name=""Signed"">true</Data><Data Name=""Signature"">Microsoft Windows</Data><Data Name=""SignatureStatus"">Valid</Data><Data Name=""User"">NT AUTHORITY\SYSTEM</Data></EventData></DataItem>",7,"Image loaded: RuleName: RG=Image Load Includes UtcTime: 2023-05-01 10:35:25.197 ProcessGuid: {D5540B43-95ED-644F-9F02-000000000700} ProcessId: 5728 Image: C:\Windows\System32\cscript.exe ImageLoaded: C:\Windows\System32\scrobj.dll FileVersion: 5.812.10240.16384 Description: Windows ® Script Component Runtime Product: Microsoft ® Windows ® Script Component Runtime Company: Microsoft Corporation OriginalFileName: scrobj.dll Hashes: SHA1=35CACF1ADA899882019C97BBF044E3B011EBA987,MD5=3BAC5E5C39B9787E3672ACBFABE438D1,SHA256=164EA0913EF910084147CAB550C12B8F12C710A3F1BADF4A26C6691517A031C4,IMPHASH=C928D4D30D6B6FC0A3B011AA381044CA Signed: true Signature: Microsoft Windows SignatureStatus: Valid User: NT AUTHORITY\SYSTEM ",,,7,NT AUTHORITY\SYSTEM,,00000000-0000-0000-0000-000000000001,AOI-39743c52-8e86-43b1-987e-cc5d848ecce7,Event,/subscriptions/9ecb8278-6c96-45d4-a456-c17f6976425f/resourcegroups/test_1/providers/microsoft.compute/virtualmachines/win10-2
39743c52-8e86-43b1-987e-cc5d848ecce7,OpsManager,2023-05-01T10:35:25.267441Z,Microsoft-Windows-Sysmon,Microsoft-Windows-Sysmon/Operational,win10-2,4,Information,"<Param>Attack=None,Technique=None,Tactic=None,DS=Process: Process Termination,Level=0,Desc=Process Termination Events in Windows Directory</Param><Param>2023-05-01 10:35:25.259</Param><Param>{D5540B43-95ED-644F-9F02-000000000700}</Param><Param>5728</Param><Param>C:\Windows\System32\cscript.exe</Param><Param>NT AUTHORITY\SYSTEM</Param>","<DataItem type=""System.XmlData"" time=""2023-05-01T10:35:25.2674410+00:00"" sourceHealthServiceId=""CF1209A0-2624-0566-5F2A-730DF513CC05""><EventData xmlns=""http://schemas.microsoft.com/win/2004/08/events/event""><Data Name=""RuleName"">Attack=None,Technique=None,Tactic=None,DS=Process: Process Termination,Level=0,Desc=Process Termination Events in Windows Directory</Data><Data Name=""UtcTime"">2023-05-01 10:35:25.259</Data><Data Name=""ProcessGuid"">{d5540b43-95ed-644f-9f02-000000000700}</Data><Data Name=""ProcessId"">5728</Data><Data Name=""Image"">C:\Windows\System32\cscript.exe</Data><Data Name=""User"">NT AUTHORITY\SYSTEM</Data></EventData></DataItem>",5,"Process terminated: RuleName: Attack=None,Technique=None,Tactic=None,DS=Process: Process Termination,Level=0,Desc=Process Termination Events in Windows Directory UtcTime: 2023-05-01 10:35:25.259 ProcessGuid: {D5540B43-95ED-644F-9F02-000000000700} ProcessId: 5728 Image: C:\Windows\System32\cscript.exe User: NT AUTHORITY\SYSTEM ",,,5,NT AUTHORITY\SYSTEM,,00000000-0000-0000-0000-000000000001,AOI-39743c52-8e86-43b1-987e-cc5d848ecce7,Event,/subscriptions/9ecb8278-6c96-45d4-a456-c17f6976425f/resourcegroups/test_1/providers/microsoft.compute/virtualmachines/win10-2
39743c52-8e86-43b1-987e-cc5d848ecce7,OpsManager,2023-05-01T10:35:25.2691813Z,Microsoft-Windows-Sysmon,Microsoft-Windows-Sysmon/Operational,win10-2,4,Information,"<Param>Attack=None,Technique=None,Tactic=None,DS=Process: Process Termination,Level=0,Desc=Process Termination Events in Windows Directory</Param><Param>2023-05-01 10:35:25.259</Param><Param>{D5540B43-95ED-644F-A002-000000000700}</Param><Param>9360</Param><Param>C:\Windows\System32\conhost.exe</Param><Param>NT AUTHORITY\SYSTEM</Param>","<DataItem type=""System.XmlData"" time=""2023-05-01T10:35:25.2691813+00:00"" sourceHealthServiceId=""CF1209A0-2624-0566-5F2A-730DF513CC05""><EventData xmlns=""http://schemas.microsoft.com/win/2004/08/events/event""><Data Name=""RuleName"">Attack=None,Technique=None,Tactic=None,DS=Process: Process Termination,Level=0,Desc=Process Termination Events in Windows Directory</Data><Data Name=""UtcTime"">2023-05-01 10:35:25.259</Data><Data Name=""ProcessGuid"">{d5540b43-95ed-644f-a002-000000000700}</Data><Data Name=""ProcessId"">9360</Data><Data Name=""Image"">C:\Windows\System32\conhost.exe</Data><Data Name=""User"">NT AUTHORITY\SYSTEM</Data></EventData></DataItem>",5,"Process terminated: RuleName: Attack=None,Technique=None,Tactic=None,DS=Process: Process Termination,Level=0,Desc=Process Termination Events in Windows Directory UtcTime: 2023-05-01 10:35:25.259 ProcessGuid: {D5540B43-95ED-644F-A002-000000000700} ProcessId: 9360 Image: C:\Windows\System32\conhost.exe User: NT AUTHORITY\SYSTEM ",,,5,NT AUTHORITY\SYSTEM,,00000000-0000-0000-0000-000000000001,AOI-39743c52-8e86-43b1-987e-cc5d848ecce7,Event,/subscriptions/9ecb8278-6c96-45d4-a456-c17f6976425f/resourcegroups/test_1/providers/microsoft.compute/virtualmachines/win10-2
